IQ-TREE multicore version 2.1.2 COVID-edition for Linux 64-bit built Oct 22 2020
Developed by Bui Quang Minh, James Barbetti, Nguyen Lam Tung,
Olga Chernomor, Heiko Schmidt, Dominik Schrempf, Michael Woodhams.

Host:    meganeura (AVX2, FMA3, 31 GB RAM)
Command: iqtree2 -nt 4 -redo -s ../data/fruit_flies_10000.cf -m HKY+F+P+N19+G2 -pre fruit_flies_10000.cf.HKY+F+P+N19+G2
Seed:    124443 (Using SPRNG - Scalable Parallel Random Number Generator)
Time:    Thu Feb 11 19:06:22 2021
Kernel:  AVX+FMA - 4 threads (16 CPU cores detected)

Reading alignment file ../data/fruit_flies_10000.cf ... Counts format (PoMo) detected

----------------------------------------------------------------------
Number of populations:     9
Number of sites:           10000
---
Normal sites:              10000
Sites with unknown states: 0
Total sites read:          10000
Fails:                     0
---
Compound states:           1346
----------------------------------------------------------------------

The average number of samples is 18.998
Alignment has 9 sequences with 10000 columns, 7463 distinct patterns
0 parsimony-informative, 594 singleton sites, 9406 constant sites
NOTE: The composition test for PoMo only tests the proportion of fixed states!
     Gap/Ambiguity  Composition  p-value
   1  NTH    0.00%    passed     99.97%
   2  EG     0.00%    passed     99.95%
   3  FR     0.00%    passed     99.82%
   4  GA     0.00%    passed     99.90%
   5  GU     0.00%    passed     99.62%
   6  EF     0.00%    passed     99.87%
   7  KN     0.00%    passed     99.81%
   8  SB     0.00%    passed     99.74%
   9  SP     0.00%    passed     98.77%
****  TOTAL    0.00%  0 sequences failed composition chi2 test (p-value<5%; df=3)
NOTE: minimal branch length is increased to 0.000361000000 because PoMo infers number of mutations and frequency shifts
NOTE: maximal branch length is increased to 3610.0 because PoMo infers number of mutations and frequency shifts
Creating fast initial parsimony tree by random order stepwise addition...
0.002 seconds, parsimony score: 29 (based on 594 sites)

NOTE: 120 MB RAM (0 GB) is required!
Estimate model parameters (epsilon = 0.100)
1. Initial log-likelihood: -28059.802
Gamma shape alpha: 29.437
2. Current log-likelihood: -22896.170
Gamma shape alpha: 29.008
3. Current log-likelihood: -22866.781
Gamma shape alpha: 10.099
4. Current log-likelihood: -22863.749
Gamma shape alpha: 3.820
5. Current log-likelihood: -22861.097
Gamma shape alpha: 3.472
6. Current log-likelihood: -22860.944
Gamma shape alpha: 3.519
Optimal log-likelihood: -22860.909
PoMo with N=19 and HKY (Hasegawa, Kishino and Yano, 1985) mutation model; Sampling method: Weighted binomial; 112 states in total;Gamma with 2 categories

--
Model parameters.
Mutation    rates:  A-C: 0.00197  A-G: 0.00445  A-T: 0.00254  C-G: 0.00199  C-T: 0.00567  G-T: 0.00254
Exchangeabilities:  A-C: 0.00905  A-G: 0.02018  A-T: 0.00905  C-G: 0.00905  C-T: 0.02018  G-T: 0.00905
Base frequencies:  A: 0.281  C: 0.218  G: 0.220  T: 0.281
Estimated heterozygosity: 0.0092
A slight overestimation is expected and an effect of weighted binomial sampling; see manual.
--
Empirical quantities.
Base frequencies:  A: 0.281  C: 0.218  G: 0.220  T: 0.281
Watterson's estimator of heterozygosity: 0.0064
--

Model of rate heterogeneity: Gamma with 2 categories
Gamma shape alpha: 3.5186

 Category  Relative_rate  Proportion
  1         0.5913         0.5000
  2         1.4087         0.5000
Relative rates are computed as MEAN of the portion of the Gamma distribution falling in the category.

Parameters optimization took 6 rounds (57.9483 sec)
Computing ML distances based on estimated model parameters...
Computing ML distances took 0.056531 sec (of wall-clock time) 0.225909 sec(of CPU time)
Computing RapidNJ tree took 0.000114 sec (of wall-clock time) 0.000127 sec (of CPU time)
Log-likelihood of RapidNJ tree: -22927.816
--------------------------------------------------------------------
|             INITIALIZING CANDIDATE TREE SET                      |
--------------------------------------------------------------------
Generating 98 parsimony trees... 0.026 second
Computing log-likelihood of 96 initial trees ... 43.084 seconds
Current best score: -22860.909

Do NNI search on 20 best initial trees
Estimate model parameters (epsilon = 0.100)
Gamma shape alpha: 3.519
BETTER TREE FOUND at iteration 1: -22860.798
Estimate model parameters (epsilon = 0.100)
Gamma shape alpha: 3.519
Gamma shape alpha: 3.519
BETTER TREE FOUND at iteration 2: -22807.868
Estimate model parameters (epsilon = 0.100)
Gamma shape alpha: 3.787
Gamma shape alpha: 3.911
BETTER TREE FOUND at iteration 3: -22796.058
Estimate model parameters (epsilon = 0.100)
Gamma shape alpha: 3.901
BETTER TREE FOUND at iteration 6: -22792.200
Iteration 10 / LogL: -22792.636 / Time: 0h:3m:35s
Iteration 20 / LogL: -22823.575 / Time: 0h:4m:56s
Finish initializing candidate tree set (10)
Current best tree score: -22792.200 / CPU time: 236.777
Number of iterations: 20
--------------------------------------------------------------------
|               OPTIMIZING CANDIDATE TREE SET                      |
--------------------------------------------------------------------
Iteration 30 / LogL: -22796.753 / Time: 0h:5m:54s (0h:15m:28s left)
WARNING: NNI search needs unusual large number of steps (9) to converge!
Iteration 40 / LogL: -22796.195 / Time: 0h:7m:22s (0h:12m:28s left)
PoMo with N=19 and HKY (Hasegawa, Kishino and Yano, 1985) mutation model; Sampling method: Weighted binomial; 112 states in total;Gamma with 2 categories

--
Model parameters.
Mutation    rates:  A-C: 0.00201  A-G: 0.00449  A-T: 0.00259  C-G: 0.00203  C-T: 0.00573  G-T: 0.00259
Exchangeabilities:  A-C: 0.00922  A-G: 0.02040  A-T: 0.00922  C-G: 0.00922  C-T: 0.02040  G-T: 0.00922
Base frequencies:  A: 0.281  C: 0.218  G: 0.220  T: 0.281
Estimated heterozygosity: 0.0093
A slight overestimation is expected and an effect of weighted binomial sampling; see manual.
--
Empirical quantities.
Base frequencies:  A: 0.281  C: 0.218  G: 0.220  T: 0.281
Watterson's estimator of heterozygosity: 0.0064
--

Model of rate heterogeneity: Gamma with 2 categories
Gamma shape alpha: 3.9007

 Category  Relative_rate  Proportion
  1         0.6103         0.5000
  2         1.3897         0.5000
Relative rates are computed as MEAN of the portion of the Gamma distribution falling in the category.

WARNING: Numerical underflow for lh-derivative
Iteration 50 / LogL: -22796.0663 / Time: 0h:9m:2s (0h:10m:20s left)
Iteration 60 / LogL: -22797.3006 / Time: 0h:10m:12s (0h:7m:57s left)
Iteration 70 / LogL: -22796.0667 / Time: 0h:11m:1s (0h:5m:44s left)
Iteration 80 / LogL: -22796.1527 / Time: 0h:11m:45s (0h:3m:52s left)
PoMo with N=19 and HKY (Hasegawa, Kishino and Yano, 1985) mutation model; Sampling method: Weighted binomial; 112 states in total;Gamma with 2 categories

--
Model parameters.
Mutation    rates:  A-C: 0.00201  A-G: 0.00449  A-T: 0.00259  C-G: 0.00203  C-T: 0.00573  G-T: 0.00259
Exchangeabilities:  A-C: 0.00922  A-G: 0.02040  A-T: 0.00922  C-G: 0.00922  C-T: 0.02040  G-T: 0.00922
Base frequencies:  A: 0.281  C: 0.218  G: 0.220  T: 0.281
Estimated heterozygosity: 0.0093
A slight overestimation is expected and an effect of weighted binomial sampling; see manual.
--
Empirical quantities.
Base frequencies:  A: 0.281  C: 0.218  G: 0.220  T: 0.281
Watterson's estimator of heterozygosity: 0.0064
--

Model of rate heterogeneity: Gamma with 2 categories
Gamma shape alpha: 3.9007

 Category  Relative_rate  Proportion
  1         0.6103         0.5000
  2         1.3897         0.5000
Relative rates are computed as MEAN of the portion of the Gamma distribution falling in the category.

WARNING: Numerical underflow for lh-derivative
Iteration 90 / LogL: -22805.5759 / Time: 0h:12m:38s (0h:2m:16s left)
Iteration 100 / LogL: -22796.1037 / Time: 0h:13m:31s (0h:0m:49s left)
TREE SEARCH COMPLETED AFTER 107 ITERATIONS / Time: 0h:14m:4s

--------------------------------------------------------------------
|                    FINALIZING TREE SEARCH                        |
--------------------------------------------------------------------
Performs final model parameters optimization
Estimate model parameters (epsilon = 0.0100)
1. Initial log-likelihood: -22792.2001
Gamma shape alpha: 3.9007
Optimal log-likelihood: -22792.2001
PoMo with N=19 and HKY (Hasegawa, Kishino and Yano, 1985) mutation model; Sampling method: Weighted binomial; 112 states in total;Gamma with 2 categories

--
Model parameters.
Mutation    rates:  A-C: 0.00201  A-G: 0.00449  A-T: 0.00259  C-G: 0.00203  C-T: 0.00573  G-T: 0.00259
Exchangeabilities:  A-C: 0.00922  A-G: 0.02040  A-T: 0.00922  C-G: 0.00922  C-T: 0.02040  G-T: 0.00922
Base frequencies:  A: 0.281  C: 0.218  G: 0.220  T: 0.281
Estimated heterozygosity: 0.0093
A slight overestimation is expected and an effect of weighted binomial sampling; see manual.
--
Empirical quantities.
Base frequencies:  A: 0.281  C: 0.218  G: 0.220  T: 0.281
Watterson's estimator of heterozygosity: 0.0064
--

Model of rate heterogeneity: Gamma with 2 categories
Gamma shape alpha: 3.9007

 Category  Relative_rate  Proportion
  1         0.6103         0.5000
  2         1.3897         0.5000
Relative rates are computed as MEAN of the portion of the Gamma distribution falling in the category.

Parameters optimization took 1 rounds (5.2093 sec)
BEST SCORE FOUND : -22792.2001
Total tree length: 1.3968

Total number of iterations: 107
CPU time used for tree search: 3107.2940 sec (0h:51m:47s)
Wall-clock time used for tree search: 784.7156 sec (0h:13m:4s)
Total CPU time used: 3364.6467 sec (0h:56m:4s)
Total wall-clock time used: 849.9595 sec (0h:14m:9s)

Analysis results written to: 
  IQ-TREE report:                fruit_flies_10000.cf.HKY+F+P+N19+G2.iqtree
  Maximum-likelihood tree:       fruit_flies_10000.cf.HKY+F+P+N19+G2.treefile
  Likelihood distances:          fruit_flies_10000.cf.HKY+F+P+N19+G2.mldist
  Screen log file:               fruit_flies_10000.cf.HKY+F+P+N19+G2.log

Date and Time: Thu Feb 11 19:20:32 2021
