IQ-TREE multicore version 2.1.2 COVID-edition for Linux 64-bit built Oct 22 2020
Developed by Bui Quang Minh, James Barbetti, Nguyen Lam Tung,
Olga Chernomor, Heiko Schmidt, Dominik Schrempf, Michael Woodhams.

Host:    meganeura (AVX2, FMA3, 31 GB RAM)
Command: iqtree2 -nt 4 -redo -s ../data/fruit_flies_10000.cf -m HKY+F+P+N03 -B 1000 -pre fruit_flies_10000.cf.HKY+F+P+N03.ufboot
Seed:    145897 (Using SPRNG - Scalable Parallel Random Number Generator)
Time:    Thu Feb 11 16:14:26 2021
Kernel:  AVX+FMA - 4 threads (16 CPU cores detected)

Reading alignment file ../data/fruit_flies_10000.cf ... Counts format (PoMo) detected

----------------------------------------------------------------------
Number of populations:     9
Number of sites:           10000
---
Normal sites:              10000
Sites with unknown states: 0
Total sites read:          10000
Fails:                     0
---
Compound states:           1346
----------------------------------------------------------------------

The average number of samples is 18.998
Alignment has 9 sequences with 10000 columns, 7463 distinct patterns
0 parsimony-informative, 302 singleton sites, 9698 constant sites
NOTE: The composition test for PoMo only tests the proportion of fixed states!
     Gap/Ambiguity  Composition  p-value
   1  NTH    0.00%    passed     99.98%
   2  EG     0.00%    passed     99.93%
   3  FR     0.00%    passed     99.94%
   4  GA     0.00%    passed     99.98%
   5  GU     0.00%    passed     99.73%
   6  EF     0.00%    passed     99.87%
   7  KN     0.00%    passed     99.91%
   8  SB     0.00%    passed     99.92%
   9  SP     0.00%    passed     99.51%
****  TOTAL    0.00%  0 sequences failed composition chi2 test (p-value<5%; df=3)
NOTE: minimal branch length is increased to 0.000009000000 because PoMo infers number of mutations and frequency shifts
NOTE: maximal branch length is increased to 90.0 because PoMo infers number of mutations and frequency shifts
Creating fast initial parsimony tree by random order stepwise addition...
0.001 seconds, parsimony score: 29 (based on 302 sites)
Generating 1000 samples for ultrafast bootstrap (seed: 145897)...

NOTE: 37 MB RAM (0 GB) is required!
Estimate model parameters (epsilon = 0.100)
1. Initial log-likelihood: -31060.912
2. Current log-likelihood: -28341.107
3. Current log-likelihood: -28267.304
4. Current log-likelihood: -28258.658
5. Current log-likelihood: -28257.821
Optimal log-likelihood: -28257.736
PoMo with N=3 and HKY (Hasegawa, Kishino and Yano, 1985) mutation model; Sampling method: Weighted binomial; 16 states in total;

--
Model parameters.
Mutation    rates:  A-C: 0.00389  A-G: 0.00875  A-T: 0.00502  C-G: 0.00394  C-T: 0.01115  G-T: 0.00502
Exchangeabilities:  A-C: 0.01789  A-G: 0.03971  A-T: 0.01789  C-G: 0.01789  C-T: 0.03971  G-T: 0.01789
Base frequencies:  A: 0.281  C: 0.218  G: 0.220  T: 0.281
Estimated heterozygosity: 0.0182
A slight overestimation is expected and an effect of weighted binomial sampling; see manual.
--
Empirical quantities.
Base frequencies:  A: 0.281  C: 0.218  G: 0.220  T: 0.281
Watterson's estimator of heterozygosity: 0.0064
--

Parameters optimization took 5 rounds (1.0107 sec)
Computing ML distances based on estimated model parameters...
Computing ML distances took 0.003402 sec (of wall-clock time) 0.012330 sec(of CPU time)
Computing RapidNJ tree took 0.001750 sec (of wall-clock time) 0.006895 sec (of CPU time)
Log-likelihood of RapidNJ tree: -28195.253
--------------------------------------------------------------------
|             INITIALIZING CANDIDATE TREE SET                      |
--------------------------------------------------------------------
Generating 98 parsimony trees... 0.036 second
Computing log-likelihood of 96 initial trees ... 1.670 seconds
Current best score: -28195.253

Do NNI search on 20 best initial trees
Estimate model parameters (epsilon = 0.100)
BETTER TREE FOUND at iteration 1: -28195.065
Iteration 10 / LogL: -28195.286 / Time: 0h:0m:5s
Iteration 20 / LogL: -28195.082 / Time: 0h:0m:8s
Finish initializing candidate tree set (2)
Current best tree score: -28195.065 / CPU time: 6.923
Number of iterations: 20
--------------------------------------------------------------------
|               OPTIMIZING CANDIDATE TREE SET                      |
--------------------------------------------------------------------
Iteration 30 / LogL: -28197.678 / Time: 0h:0m:10s (0h:0m:24s left)
Iteration 40 / LogL: -28197.683 / Time: 0h:0m:11s (0h:0m:18s left)
Iteration 50 / LogL: -28195.207 / Time: 0h:0m:13s (0h:0m:14s left)
Log-likelihood cutoff on original alignment: -28243.270
Iteration 60 / LogL: -28197.689 / Time: 0h:0m:15s (0h:0m:10s left)
UPDATE BEST LOG-LIKELIHOOD: -28195.065
Iteration 70 / LogL: -28195.070 / Time: 0h:0m:17s (0h:0m:7s left)
Iteration 80 / LogL: -28197.685 / Time: 0h:0m:19s (0h:0m:5s left)
Iteration 90 / LogL: -28197.688 / Time: 0h:0m:22s (0h:0m:2s left)
Iteration 100 / LogL: -28195.068 / Time: 0h:0m:24s (0h:0m:0s left)
Log-likelihood cutoff on original alignment: -28243.564
NOTE: Bootstrap correlation coefficient of split occurrence frequencies: 1.000
TREE SEARCH COMPLETED AFTER 102 ITERATIONS / Time: 0h:0m:24s

--------------------------------------------------------------------
|                    FINALIZING TREE SEARCH                        |
--------------------------------------------------------------------
Performs final model parameters optimization
Estimate model parameters (epsilon = 0.010)
1. Initial log-likelihood: -28195.065
Optimal log-likelihood: -28195.064
PoMo with N=3 and HKY (Hasegawa, Kishino and Yano, 1985) mutation model; Sampling method: Weighted binomial; 16 states in total;

--
Model parameters.
Mutation    rates:  A-C: 0.00397  A-G: 0.00904  A-T: 0.00512  C-G: 0.00402  C-T: 0.01153  G-T: 0.00512
Exchangeabilities:  A-C: 0.01825  A-G: 0.04105  A-T: 0.01825  C-G: 0.01825  C-T: 0.04105  G-T: 0.01825
Base frequencies:  A: 0.281  C: 0.218  G: 0.220  T: 0.281
Estimated heterozygosity: 0.0187
A slight overestimation is expected and an effect of weighted binomial sampling; see manual.
--
Empirical quantities.
Base frequencies:  A: 0.281  C: 0.218  G: 0.220  T: 0.281
Watterson's estimator of heterozygosity: 0.0064
--

Parameters optimization took 1 rounds (0.1162 sec)
BEST SCORE FOUND : -28195.0641
Creating bootstrap support values...
Split supports printed to NEXUS file fruit_flies_10000.cf.HKY+F+P+N03.ufboot.splits.nex
Total tree length: 0.1405

Total number of iterations: 102
CPU time used for tree search: 93.2900 sec (0h:1m:33s)
Wall-clock time used for tree search: 23.5155 sec (0h:0m:23s)
Total CPU time used: 98.9303 sec (0h:1m:38s)
Total wall-clock time used: 24.9555 sec (0h:0m:24s)

Computing bootstrap consensus tree...
Reading input file fruit_flies_10000.cf.HKY+F+P+N03.ufboot.splits.nex...
9 taxa and 44 splits.
Consensus tree written to fruit_flies_10000.cf.HKY+F+P+N03.ufboot.contree
Reading input trees file fruit_flies_10000.cf.HKY+F+P+N03.ufboot.contree
Log-likelihood of consensus tree: -28195.0642

Analysis results written to: 
  IQ-TREE report:                fruit_flies_10000.cf.HKY+F+P+N03.ufboot.iqtree
  Maximum-likelihood tree:       fruit_flies_10000.cf.HKY+F+P+N03.ufboot.treefile
  Likelihood distances:          fruit_flies_10000.cf.HKY+F+P+N03.ufboot.mldist

Ultrafast bootstrap approximation results written to:
  Split support values:          fruit_flies_10000.cf.HKY+F+P+N03.ufboot.splits.nex
  Consensus tree:                fruit_flies_10000.cf.HKY+F+P+N03.ufboot.contree
  Screen log file:               fruit_flies_10000.cf.HKY+F+P+N03.ufboot.log

Date and Time: Thu Feb 11 16:14:51 2021
