IQ-TREE multicore version 2.1.2 COVID-edition for Linux 64-bit built Oct 22 2020
Developed by Bui Quang Minh, James Barbetti, Nguyen Lam Tung,
Olga Chernomor, Heiko Schmidt, Dominik Schrempf, Michael Woodhams.

Host:    meganeura (AVX2, FMA3, 31 GB RAM)
Command: iqtree2 -nt 4 -redo -s ../data/fruit_flies_1000.cf -m HKY+F+P+N19 -B 1000 -pre fruit_flies_1000.cf.HKY+F+P+N19.ufboot
Seed:    940029 (Using SPRNG - Scalable Parallel Random Number Generator)
Time:    Thu Feb 11 16:12:02 2021
Kernel:  AVX+FMA - 4 threads (16 CPU cores detected)

Reading alignment file ../data/fruit_flies_1000.cf ... Counts format (PoMo) detected

----------------------------------------------------------------------
Number of populations:     9
Number of sites:           1000
---
Normal sites:              1000
Sites with unknown states: 0
Total sites read:          1000
Fails:                     0
---
Compound states:           446
----------------------------------------------------------------------

The average number of samples is 18.989
Alignment has 9 sequences with 1000 columns, 949 distinct patterns
0 parsimony-informative, 56 singleton sites, 944 constant sites
NOTE: The composition test for PoMo only tests the proportion of fixed states!
     Gap/Ambiguity  Composition  p-value
   1  NTH    0.00%    passed     99.95%
   2  EG     0.00%    passed     99.76%
   3  FR     0.00%    passed     99.99%
   4  GA     0.00%    passed     99.97%
   5  GU     0.00%    passed     99.95%
   6  EF     0.00%    passed    100.00%
   7  KN     0.00%    passed     99.94%
   8  SB     0.00%    passed     99.66%
   9  SP     0.00%    passed     99.82%
****  TOTAL    0.00%  0 sequences failed composition chi2 test (p-value<5%; df=3)
NOTE: minimal branch length is increased to 0.000361000000 because PoMo infers number of mutations and frequency shifts
NOTE: maximal branch length is increased to 3610.0 because PoMo infers number of mutations and frequency shifts
Creating fast initial parsimony tree by random order stepwise addition...
0.000 seconds, parsimony score: 2 (based on 56 sites)
Generating 1000 samples for ultrafast bootstrap (seed: 940029)...

NOTE: 13 MB RAM (0 GB) is required!
Estimate model parameters (epsilon = 0.100)
1. Initial log-likelihood: -2894.665
2. Current log-likelihood: -2212.641
3. Current log-likelihood: -2211.928
Optimal log-likelihood: -2211.841
PoMo with N=19 and HKY (Hasegawa, Kishino and Yano, 1985) mutation model; Sampling method: Weighted binomial; 112 states in total;

--
Model parameters.
Mutation    rates:  A-C: 0.00197  A-G: 0.00328  A-T: 0.00296  C-G: 0.00205  C-T: 0.00474  G-T: 0.00296
Exchangeabilities:  A-C: 0.00978  A-G: 0.01569  A-T: 0.00978  C-G: 0.00978  C-T: 0.01569  G-T: 0.00978
Base frequencies:  A: 0.287  C: 0.202  G: 0.209  T: 0.302
Estimated heterozygosity: 0.0084
A slight overestimation is expected and an effect of weighted binomial sampling; see manual.
--
Empirical quantities.
Base frequencies:  A: 0.287  C: 0.202  G: 0.209  T: 0.302
Watterson's estimator of heterozygosity: 0.0065
--

Parameters optimization took 3 rounds (3.5431 sec)
Computing ML distances based on estimated model parameters...
Computing ML distances took 0.125722 sec (of wall-clock time) 0.498513 sec(of CPU time)
Computing RapidNJ tree took 0.001463 sec (of wall-clock time) 0.005774 sec (of CPU time)
Log-likelihood of RapidNJ tree: -2197.697
--------------------------------------------------------------------
|             INITIALIZING CANDIDATE TREE SET                      |
--------------------------------------------------------------------
Generating 98 parsimony trees... 0.012 second
Computing log-likelihood of 98 initial trees ... 8.105 seconds
Current best score: -2197.697

Do NNI search on 20 best initial trees
Estimate model parameters (epsilon = 0.100)
BETTER TREE FOUND at iteration 1: -2194.908
Iteration 10 / LogL: -2194.928 / Time: 0h:0m:33s
WARNING: NNI search needs unusual large number of steps (9) to converge!
WARNING: NNI search needs unusual large number of steps (9) to converge!
Iteration 20 / LogL: -2194.951 / Time: 0h:0m:56s
Finish initializing candidate tree set (2)
Current best tree score: -2194.908 / CPU time: 51.686
Number of iterations: 20
--------------------------------------------------------------------
|               OPTIMIZING CANDIDATE TREE SET                      |
--------------------------------------------------------------------
Iteration 30 / LogL: -2194.995 / Time: 0h:1m:5s (0h:2m:40s left)
Iteration 40 / LogL: -2194.994 / Time: 0h:1m:18s (0h:2m:2s left)
UPDATE BEST LOG-LIKELIHOOD: -2194.907
Iteration 50 / LogL: -2194.917 / Time: 0h:1m:27s (0h:1m:31s left)
Log-likelihood cutoff on original alignment: -2210.359
Iteration 60 / LogL: -2194.916 / Time: 0h:1m:38s (0h:1m:8s left)
UPDATE BEST LOG-LIKELIHOOD: -2194.907
Iteration 70 / LogL: -2194.938 / Time: 0h:1m:48s (0h:0m:48s left)
Iteration 80 / LogL: -2195.000 / Time: 0h:1m:58s (0h:0m:31s left)
Iteration 90 / LogL: -2194.950 / Time: 0h:2m:8s (0h:0m:15s left)
Iteration 100 / LogL: -2194.911 / Time: 0h:2m:19s (0h:0m:1s left)
Log-likelihood cutoff on original alignment: -2210.906
NOTE: Bootstrap correlation coefficient of split occurrence frequencies: 0.995
TREE SEARCH COMPLETED AFTER 102 ITERATIONS / Time: 0h:2m:21s

--------------------------------------------------------------------
|                    FINALIZING TREE SEARCH                        |
--------------------------------------------------------------------
Performs final model parameters optimization
Estimate model parameters (epsilon = 0.010)
1. Initial log-likelihood: -2194.907
Optimal log-likelihood: -2194.901
PoMo with N=19 and HKY (Hasegawa, Kishino and Yano, 1985) mutation model; Sampling method: Weighted binomial; 112 states in total;

--
Model parameters.
Mutation    rates:  A-C: 0.00206  A-G: 0.00344  A-T: 0.00309  C-G: 0.00214  C-T: 0.00497  G-T: 0.00309
Exchangeabilities:  A-C: 0.01022  A-G: 0.01644  A-T: 0.01022  C-G: 0.01022  C-T: 0.01644  G-T: 0.01022
Base frequencies:  A: 0.287  C: 0.202  G: 0.209  T: 0.302
Estimated heterozygosity: 0.0088
A slight overestimation is expected and an effect of weighted binomial sampling; see manual.
--
Empirical quantities.
Base frequencies:  A: 0.287  C: 0.202  G: 0.209  T: 0.302
Watterson's estimator of heterozygosity: 0.0065
--

Parameters optimization took 1 rounds (1.2715 sec)
BEST SCORE FOUND : -2194.9010
Creating bootstrap support values...
Split supports printed to NEXUS file fruit_flies_1000.cf.HKY+F+P+N19.ufboot.splits.nex
Total tree length: 0.9859

Total number of iterations: 102
CPU time used for tree search: 540.5975 sec (0h:9m:0s)
Wall-clock time used for tree search: 136.9919 sec (0h:2m:16s)
Total CPU time used: 562.8157 sec (0h:9m:22s)
Total wall-clock time used: 142.6101 sec (0h:2m:22s)

Computing bootstrap consensus tree...
Reading input file fruit_flies_1000.cf.HKY+F+P+N19.ufboot.splits.nex...
9 taxa and 120 splits.
Consensus tree written to fruit_flies_1000.cf.HKY+F+P+N19.ufboot.contree
Reading input trees file fruit_flies_1000.cf.HKY+F+P+N19.ufboot.contree
Log-likelihood of consensus tree: -2194.9011

Analysis results written to: 
  IQ-TREE report:                fruit_flies_1000.cf.HKY+F+P+N19.ufboot.iqtree
  Maximum-likelihood tree:       fruit_flies_1000.cf.HKY+F+P+N19.ufboot.treefile
  Likelihood distances:          fruit_flies_1000.cf.HKY+F+P+N19.ufboot.mldist

Ultrafast bootstrap approximation results written to:
  Split support values:          fruit_flies_1000.cf.HKY+F+P+N19.ufboot.splits.nex
  Consensus tree:                fruit_flies_1000.cf.HKY+F+P+N19.ufboot.contree
  Screen log file:               fruit_flies_1000.cf.HKY+F+P+N19.ufboot.log

Date and Time: Thu Feb 11 16:14:26 2021
