IQ-TREE multicore version 2.1.2 COVID-edition for Linux 64-bit built Oct 22 2020
Developed by Bui Quang Minh, James Barbetti, Nguyen Lam Tung,
Olga Chernomor, Heiko Schmidt, Dominik Schrempf, Michael Woodhams.

Host:    meganeura (AVX2, FMA3, 31 GB RAM)
Command: iqtree2 -nt 4 -redo -s ../data/fruit_flies_1000.cf -m HKY+F+P+N19+G2 -pre fruit_flies_1000.cf.HKY+F+P+N19+G2
Seed:    581380 (Using SPRNG - Scalable Parallel Random Number Generator)
Time:    Thu Feb 11 15:17:58 2021
Kernel:  AVX+FMA - 4 threads (16 CPU cores detected)

Reading alignment file ../data/fruit_flies_1000.cf ... Counts format (PoMo) detected

----------------------------------------------------------------------
Number of populations:     9
Number of sites:           1000
---
Normal sites:              1000
Sites with unknown states: 0
Total sites read:          1000
Fails:                     0
---
Compound states:           446
----------------------------------------------------------------------

The average number of samples is 18.989
Alignment has 9 sequences with 1000 columns, 949 distinct patterns
0 parsimony-informative, 56 singleton sites, 944 constant sites
NOTE: The composition test for PoMo only tests the proportion of fixed states!
     Gap/Ambiguity  Composition  p-value
   1  NTH    0.00%    passed     99.95%
   2  EG     0.00%    passed     99.76%
   3  FR     0.00%    passed     99.99%
   4  GA     0.00%    passed     99.97%
   5  GU     0.00%    passed     99.95%
   6  EF     0.00%    passed    100.00%
   7  KN     0.00%    passed     99.94%
   8  SB     0.00%    passed     99.66%
   9  SP     0.00%    passed     99.82%
****  TOTAL    0.00%  0 sequences failed composition chi2 test (p-value<5%; df=3)
NOTE: minimal branch length is increased to 0.000361000000 because PoMo infers number of mutations and frequency shifts
NOTE: maximal branch length is increased to 3610.0 because PoMo infers number of mutations and frequency shifts
Creating fast initial parsimony tree by random order stepwise addition...
0.001 seconds, parsimony score: 2 (based on 56 sites)

NOTE: 18 MB RAM (0 GB) is required!
Estimate model parameters (epsilon = 0.100)
1. Initial log-likelihood: -2769.403
Gamma shape alpha: 0.050
2. Current log-likelihood: -2202.893
Gamma shape alpha: 0.050
3. Current log-likelihood: -2141.743
Gamma shape alpha: 0.050
4. Current log-likelihood: -2134.456
Gamma shape alpha: 0.050
Optimal log-likelihood: -2134.449
PoMo with N=19 and HKY (Hasegawa, Kishino and Yano, 1985) mutation model; Sampling method: Weighted binomial; 112 states in total;Gamma with 2 categories

--
Model parameters.
Mutation    rates:  A-C: 0.00024  A-G: 0.00282  A-T: 0.00036  C-G: 0.00025  C-T: 0.00407  G-T: 0.00036
Exchangeabilities:  A-C: 0.00120  A-G: 0.01348  A-T: 0.00120  C-G: 0.00120  C-T: 0.01348  G-T: 0.00120
Base frequencies:  A: 0.287  C: 0.202  G: 0.209  T: 0.302
Estimated heterozygosity: 0.0038
A slight overestimation is expected and an effect of weighted binomial sampling; see manual.
--
Empirical quantities.
Base frequencies:  A: 0.287  C: 0.202  G: 0.209  T: 0.302
Watterson's estimator of heterozygosity: 0.0065
--

Model of rate heterogeneity: Gamma with 2 categories
Gamma shape alpha: 0.0500

 Category  Relative_rate  Proportion
  1         0.0000         0.5000
  2         2.0000         0.5000
Relative rates are computed as MEAN of the portion of the Gamma distribution falling in the category.

Parameters optimization took 4 rounds (19.8914 sec)
Computing ML distances based on estimated model parameters...
Computing ML distances took 0.304585 sec (of wall-clock time) 1.197528 sec(of CPU time)
WARNING: Some pairwise ML distances are too long (saturated)
Computing RapidNJ tree took 0.000549 sec (of wall-clock time) 0.002208 sec (of CPU time)
Log-likelihood of RapidNJ tree: -2134.287
--------------------------------------------------------------------
|             INITIALIZING CANDIDATE TREE SET                      |
--------------------------------------------------------------------
Generating 98 parsimony trees... 0.012 second
Computing log-likelihood of 98 initial trees ... 17.974 seconds
Current best score: -2134.287

Do NNI search on 20 best initial trees
Estimate model parameters (epsilon = 0.100)
Gamma shape alpha: 0.050
BETTER TREE FOUND at iteration 1: -2125.935
Iteration 10 / LogL: -2125.936 / Time: 0h:1m:30s
WARNING: NNI search needs unusual large number of steps (9) to converge!
WARNING: NNI search needs unusual large number of steps (9) to converge!
UPDATE BEST LOG-LIKELIHOOD: -2125.934
Iteration 20 / LogL: -2126.015 / Time: 0h:2m:27s
Finish initializing candidate tree set (2)
Current best tree score: -2125.934 / CPU time: 126.570
Number of iterations: 20
--------------------------------------------------------------------
|               OPTIMIZING CANDIDATE TREE SET                      |
--------------------------------------------------------------------
UPDATE BEST LOG-LIKELIHOOD: -2125.934
Iteration 30 / LogL: -2125.935 / Time: 0h:2m:47s (0h:6m:49s left)
Iteration 40 / LogL: -2126.013 / Time: 0h:3m:8s (0h:4m:55s left)
UPDATE BEST LOG-LIKELIHOOD: -2125.934
Iteration 50 / LogL: -2125.934 / Time: 0h:3m:36s (0h:3m:44s left)
UPDATE BEST LOG-LIKELIHOOD: -2125.934
UPDATE BEST LOG-LIKELIHOOD: -2125.933
Iteration 60 / LogL: -2125.933 / Time: 0h:3m:58s (0h:2m:46s left)
UPDATE BEST LOG-LIKELIHOOD: -2125.933
Iteration 70 / LogL: -2125.933 / Time: 0h:4m:30s (0h:2m:1s left)
Iteration 80 / LogL: -2125.938 / Time: 0h:4m:57s (0h:1m:19s left)
Iteration 90 / LogL: -2125.936 / Time: 0h:5m:22s (0h:0m:39s left)
Iteration 100 / LogL: -2125.933 / Time: 0h:5m:49s (0h:0m:3s left)
TREE SEARCH COMPLETED AFTER 102 ITERATIONS / Time: 0h:5m:54s

--------------------------------------------------------------------
|                    FINALIZING TREE SEARCH                        |
--------------------------------------------------------------------
Performs final model parameters optimization
Estimate model parameters (epsilon = 0.010)
1. Initial log-likelihood: -2125.933
Gamma shape alpha: 0.050
Optimal log-likelihood: -2125.928
PoMo with N=19 and HKY (Hasegawa, Kishino and Yano, 1985) mutation model; Sampling method: Weighted binomial; 112 states in total;Gamma with 2 categories

--
Model parameters.
Mutation    rates:  A-C: 0.00024  A-G: 0.00283  A-T: 0.00036  C-G: 0.00025  C-T: 0.00409  G-T: 0.00036
Exchangeabilities:  A-C: 0.00121  A-G: 0.01352  A-T: 0.00121  C-G: 0.00121  C-T: 0.01352  G-T: 0.00121
Base frequencies:  A: 0.287  C: 0.202  G: 0.209  T: 0.302
Estimated heterozygosity: 0.0038
A slight overestimation is expected and an effect of weighted binomial sampling; see manual.
--
Empirical quantities.
Base frequencies:  A: 0.287  C: 0.202  G: 0.209  T: 0.302
Watterson's estimator of heterozygosity: 0.0065
--

Model of rate heterogeneity: Gamma with 2 categories
Gamma shape alpha: 0.0500

 Category  Relative_rate  Proportion
  1         0.0000         0.5000
  2         2.0000         0.5000
Relative rates are computed as MEAN of the portion of the Gamma distribution falling in the category.

Parameters optimization took 1 rounds (6.6481 sec)
BEST SCORE FOUND : -2125.9278
Total tree length: 0.9925

Total number of iterations: 102
CPU time used for tree search: 1315.1552 sec (0h:21m:55s)
Wall-clock time used for tree search: 333.7975 sec (0h:5m:33s)
Total CPU time used: 1424.9275 sec (0h:23m:44s)
Total wall-clock time used: 361.6130 sec (0h:6m:1s)

Analysis results written to: 
  IQ-TREE report:                fruit_flies_1000.cf.HKY+F+P+N19+G2.iqtree
  Maximum-likelihood tree:       fruit_flies_1000.cf.HKY+F+P+N19+G2.treefile
  Likelihood distances:          fruit_flies_1000.cf.HKY+F+P+N19+G2.mldist
  Screen log file:               fruit_flies_1000.cf.HKY+F+P+N19+G2.log

Date and Time: Thu Feb 11 15:24:00 2021
