IQ-TREE multicore version 2.1.2 COVID-edition for Linux 64-bit built Oct 22 2020
Developed by Bui Quang Minh, James Barbetti, Nguyen Lam Tung,
Olga Chernomor, Heiko Schmidt, Dominik Schrempf, Michael Woodhams.

Host:    meganeura (AVX2, FMA3, 31 GB RAM)
Command: iqtree2 -nt 12 -redo -s ../data/fruit_flies_10000.cf -m HKY+F+P+N19 -pre fruit_flies_10000.cf.HKY+F+P+N19 -safe -t fruit_flies_10000.cf.HKY+F+P+N15.treefile
Seed:    766764 (Using SPRNG - Scalable Parallel Random Number Generator)
Time:    Thu Feb 11 19:34:14 2021
Kernel:  Safe AVX+FMA - 12 threads (16 CPU cores detected)

Reading alignment file ../data/fruit_flies_10000.cf ... Counts format (PoMo) detected

----------------------------------------------------------------------
Number of populations:     9
Number of sites:           10000
---
Normal sites:              10000
Sites with unknown states: 0
Total sites read:          10000
Fails:                     0
---
Compound states:           1346
----------------------------------------------------------------------

The average number of samples is 18.998
Alignment has 9 sequences with 10000 columns, 7463 distinct patterns
0 parsimony-informative, 594 singleton sites, 9406 constant sites
NOTE: The composition test for PoMo only tests the proportion of fixed states!
     Gap/Ambiguity  Composition  p-value
   1  NTH    0.00%    passed     99.97%
   2  EG     0.00%    passed     99.95%
   3  FR     0.00%    passed     99.82%
   4  GA     0.00%    passed     99.90%
   5  GU     0.00%    passed     99.62%
   6  EF     0.00%    passed     99.87%
   7  KN     0.00%    passed     99.81%
   8  SB     0.00%    passed     99.74%
   9  SP     0.00%    passed     98.77%
****  TOTAL    0.00%  0 sequences failed composition chi2 test (p-value<5%; df=3)
NOTE: minimal branch length is increased to 0.000361000000 because PoMo infers number of mutations and frequency shifts
NOTE: maximal branch length is increased to 3610.0 because PoMo infers number of mutations and frequency shifts
Reading input tree file fruit_flies_10000.cf.HKY+F+P+N15.treefile ...

NOTE: 59 MB RAM (0 GB) is required!
Estimate model parameters (epsilon = 0.100)
1. Initial log-likelihood: -22893.923
2. Current log-likelihood: -22867.266
3. Current log-likelihood: -22851.335
4. Current log-likelihood: -22851.060
Optimal log-likelihood: -22851.059
PoMo with N=19 and HKY (Hasegawa, Kishino and Yano, 1985) mutation model; Sampling method: Weighted binomial; 112 states in total;

--
Model parameters.
Mutation    rates:  A-C: 0.00279  A-G: 0.00282  A-T: 0.00360  C-G: 0.00282  C-T: 0.00360  G-T: 0.00360
Exchangeabilities:  A-C: 0.01281  A-G: 0.01281  A-T: 0.01281  C-G: 0.01281  C-T: 0.01281  G-T: 0.01281
Base frequencies:  A: 0.281  C: 0.218  G: 0.220  T: 0.281
Estimated heterozygosity: 0.0093
A slight overestimation is expected and an effect of weighted binomial sampling; see manual.
--
Empirical quantities.
Base frequencies:  A: 0.281  C: 0.218  G: 0.220  T: 0.281
Watterson's estimator of heterozygosity: 0.0064
--

Parameters optimization took 4 rounds (10.6270 sec)

Do NNI search on 1 best initial trees
Finish initializing candidate tree set (1)
Current best tree score: -22851.0592 / CPU time: 0.7712
Number of iterations: 1
--------------------------------------------------------------------
|               OPTIMIZING CANDIDATE TREE SET                      |
--------------------------------------------------------------------
Iteration 10 / LogL: -22856.3222 / Time: 0h:0m:32s
PoMo with N=19 and HKY (Hasegawa, Kishino and Yano, 1985) mutation model; Sampling method: Weighted binomial; 112 states in total;

--
Model parameters.
Mutation    rates:  A-C: 0.00279  A-G: 0.00282  A-T: 0.00360  C-G: 0.00282  C-T: 0.00360  G-T: 0.00360
Exchangeabilities:  A-C: 0.01281  A-G: 0.01281  A-T: 0.01281  C-G: 0.01281  C-T: 0.01281  G-T: 0.01281
Base frequencies:  A: 0.281  C: 0.218  G: 0.220  T: 0.281
Estimated heterozygosity: 0.0093
A slight overestimation is expected and an effect of weighted binomial sampling; see manual.
--
Empirical quantities.
Base frequencies:  A: 0.281  C: 0.218  G: 0.220  T: 0.281
Watterson's estimator of heterozygosity: 0.0064
--

WARNING: Numerical underflow for lh-derivative
UPDATE BEST LOG-LIKELIHOOD: -22851.0591
Iteration 20 / LogL: -22868.0311 / Time: 0h:0m:58s
Iteration 30 / LogL: -22855.1417 / Time: 0h:1m:20s (0h:3m:14s left)
PoMo with N=19 and HKY (Hasegawa, Kishino and Yano, 1985) mutation model; Sampling method: Weighted binomial; 112 states in total;

--
Model parameters.
Mutation    rates:  A-C: 0.00279  A-G: 0.00282  A-T: 0.00360  C-G: 0.00282  C-T: 0.00360  G-T: 0.00360
Exchangeabilities:  A-C: 0.01281  A-G: 0.01281  A-T: 0.01281  C-G: 0.01281  C-T: 0.01281  G-T: 0.01281
Base frequencies:  A: 0.281  C: 0.218  G: 0.220  T: 0.281
Estimated heterozygosity: 0.0093
A slight overestimation is expected and an effect of weighted binomial sampling; see manual.
--
Empirical quantities.
Base frequencies:  A: 0.281  C: 0.218  G: 0.220  T: 0.281
Watterson's estimator of heterozygosity: 0.0064
--

WARNING: Numerical underflow for lh-derivative
Iteration 40 / LogL: -22870.4133 / Time: 0h:1m:44s (0h:2m:40s left)
Iteration 50 / LogL: -22855.5597 / Time: 0h:2m:5s (0h:2m:7s left)
PoMo with N=19 and HKY (Hasegawa, Kishino and Yano, 1985) mutation model; Sampling method: Weighted binomial; 112 states in total;

--
Model parameters.
Mutation    rates:  A-C: 0.00279  A-G: 0.00282  A-T: 0.00360  C-G: 0.00282  C-T: 0.00360  G-T: 0.00360
Exchangeabilities:  A-C: 0.01281  A-G: 0.01281  A-T: 0.01281  C-G: 0.01281  C-T: 0.01281  G-T: 0.01281
Base frequencies:  A: 0.281  C: 0.218  G: 0.220  T: 0.281
Estimated heterozygosity: 0.0093
A slight overestimation is expected and an effect of weighted binomial sampling; see manual.
--
Empirical quantities.
Base frequencies:  A: 0.281  C: 0.218  G: 0.220  T: 0.281
Watterson's estimator of heterozygosity: 0.0064
--

WARNING: Numerical underflow for lh-derivative
Iteration 60 / LogL: -22856.1833 / Time: 0h:2m:27s (0h:1m:40s left)
Iteration 70 / LogL: -22864.3469 / Time: 0h:2m:53s (0h:1m:15s left)
Iteration 80 / LogL: -22864.9323 / Time: 0h:3m:18s (0h:0m:50s left)
Iteration 90 / LogL: -22856.3224 / Time: 0h:3m:42s (0h:0m:24s left)
PoMo with N=19 and HKY (Hasegawa, Kishino and Yano, 1985) mutation model; Sampling method: Weighted binomial; 112 states in total;

--
Model parameters.
Mutation    rates:  A-C: 0.00279  A-G: 0.00282  A-T: 0.00360  C-G: 0.00282  C-T: 0.00360  G-T: 0.00360
Exchangeabilities:  A-C: 0.01281  A-G: 0.01281  A-T: 0.01281  C-G: 0.01281  C-T: 0.01281  G-T: 0.01281
Base frequencies:  A: 0.281  C: 0.218  G: 0.220  T: 0.281
Estimated heterozygosity: 0.0093
A slight overestimation is expected and an effect of weighted binomial sampling; see manual.
--
Empirical quantities.
Base frequencies:  A: 0.281  C: 0.218  G: 0.220  T: 0.281
Watterson's estimator of heterozygosity: 0.0064
--

WARNING: Numerical underflow for lh-derivative
Iteration 100 / LogL: -22868.0328 / Time: 0h:4m:5s (0h:0m:0s left)
TREE SEARCH COMPLETED AFTER 101 ITERATIONS / Time: 0h:4m:9s

--------------------------------------------------------------------
|                    FINALIZING TREE SEARCH                        |
--------------------------------------------------------------------
Performs final model parameters optimization
Estimate model parameters (epsilon = 0.0100)
1. Initial log-likelihood: -22851.0592
2. Current log-likelihood: -22842.2158
3. Current log-likelihood: -22838.0199
4. Current log-likelihood: -22837.3407
Optimal log-likelihood: -22837.3408
PoMo with N=19 and HKY (Hasegawa, Kishino and Yano, 1985) mutation model; Sampling method: Weighted binomial; 112 states in total;

--
Model parameters.
Mutation    rates:  A-C: 0.00255  A-G: 0.00291  A-T: 0.00329  C-G: 0.00258  C-T: 0.00371  G-T: 0.00329
Exchangeabilities:  A-C: 0.01171  A-G: 0.01321  A-T: 0.01171  C-G: 0.01171  C-T: 0.01321  G-T: 0.01171
Base frequencies:  A: 0.281  C: 0.218  G: 0.220  T: 0.281
Estimated heterozygosity: 0.0088
A slight overestimation is expected and an effect of weighted binomial sampling; see manual.
--
Empirical quantities.
Base frequencies:  A: 0.281  C: 0.218  G: 0.220  T: 0.281
Watterson's estimator of heterozygosity: 0.0064
--

Parameters optimization took 4 rounds (12.9482 sec)
BEST SCORE FOUND : -22837.3408
Total tree length: 1.3421

Total number of iterations: 101
CPU time used for tree search: 2821.4298 sec (0h:47m:1s)
Wall-clock time used for tree search: 239.0847 sec (0h:3m:59s)
Total CPU time used: 3099.0876 sec (0h:51m:39s)
Total wall-clock time used: 262.6765 sec (0h:4m:22s)

Analysis results written to: 
  IQ-TREE report:                fruit_flies_10000.cf.HKY+F+P+N19.iqtree
  Maximum-likelihood tree:       fruit_flies_10000.cf.HKY+F+P+N19.treefile
  Screen log file:               fruit_flies_10000.cf.HKY+F+P+N19.log

Date and Time: Thu Feb 11 19:38:37 2021
