IQ-TREE multicore version 2.1.2 COVID-edition for Linux 64-bit built Oct 22 2020
Developed by Bui Quang Minh, James Barbetti, Nguyen Lam Tung,
Olga Chernomor, Heiko Schmidt, Dominik Schrempf, Michael Woodhams.

Host:    meganeura (AVX2, FMA3, 31 GB RAM)
Command: iqtree2 -nt 4 -redo -s ../data/fruit_flies_1000.cf -m HKY+F+P+N07+G2 -pre fruit_flies_1000.cf.HKY+F+P+N07+G2
Seed:    296261 (Using SPRNG - Scalable Parallel Random Number Generator)
Time:    Thu Feb 11 15:15:20 2021
Kernel:  AVX+FMA - 4 threads (16 CPU cores detected)

Reading alignment file ../data/fruit_flies_1000.cf ... Counts format (PoMo) detected

----------------------------------------------------------------------
Number of populations:     9
Number of sites:           1000
---
Normal sites:              1000
Sites with unknown states: 0
Total sites read:          1000
Fails:                     0
---
Compound states:           446
----------------------------------------------------------------------

The average number of samples is 18.989
Alignment has 9 sequences with 1000 columns, 949 distinct patterns
0 parsimony-informative, 43 singleton sites, 957 constant sites
NOTE: The composition test for PoMo only tests the proportion of fixed states!
     Gap/Ambiguity  Composition  p-value
   1  NTH    0.00%    passed     99.96%
   2  EG     0.00%    passed     99.83%
   3  FR     0.00%    passed     99.98%
   4  GA     0.00%    passed     99.95%
   5  GU     0.00%    passed     99.89%
   6  EF     0.00%    passed     99.84%
   7  KN     0.00%    passed     99.81%
   8  SB     0.00%    passed     99.87%
   9  SP     0.00%    passed    100.00%
****  TOTAL    0.00%  0 sequences failed composition chi2 test (p-value<5%; df=3)
NOTE: minimal branch length is increased to 0.000049000000 because PoMo infers number of mutations and frequency shifts
NOTE: maximal branch length is increased to 490.0 because PoMo infers number of mutations and frequency shifts
Creating fast initial parsimony tree by random order stepwise addition...
0.000 seconds, parsimony score: 2 (based on 43 sites)

NOTE: 5 MB RAM (0 GB) is required!
Estimate model parameters (epsilon = 0.100)
1. Initial log-likelihood: -2697.607
Gamma shape alpha: 5.124
2. Current log-likelihood: -2296.538
Gamma shape alpha: 5.127
3. Current log-likelihood: -2295.498
Gamma shape alpha: 5.124
Optimal log-likelihood: -2295.423
PoMo with N=7 and HKY (Hasegawa, Kishino and Yano, 1985) mutation model; Sampling method: Weighted binomial; 40 states in total;Gamma with 2 categories

--
Model parameters.
Mutation    rates:  A-C: 0.00285  A-G: 0.00466  A-T: 0.00426  C-G: 0.00295  C-T: 0.00674  G-T: 0.00426
Exchangeabilities:  A-C: 0.01412  A-G: 0.02231  A-T: 0.01412  C-G: 0.01412  C-T: 0.02231  G-T: 0.01412
Base frequencies:  A: 0.287  C: 0.202  G: 0.209  T: 0.302
Estimated heterozygosity: 0.0121
A slight overestimation is expected and an effect of weighted binomial sampling; see manual.
--
Empirical quantities.
Base frequencies:  A: 0.287  C: 0.202  G: 0.209  T: 0.302
Watterson's estimator of heterozygosity: 0.0065
--

Model of rate heterogeneity: Gamma with 2 categories
Gamma shape alpha: 5.1236

 Category  Relative_rate  Proportion
  1         0.6570         0.5000
  2         1.3430         0.5000
Relative rates are computed as MEAN of the portion of the Gamma distribution falling in the category.

Parameters optimization took 3 rounds (1.0900 sec)
Computing ML distances based on estimated model parameters...
Computing ML distances took 0.005137 sec (of wall-clock time) 0.018697 sec(of CPU time)
Computing RapidNJ tree took 0.000131 sec (of wall-clock time) 0.000307 sec (of CPU time)
Log-likelihood of RapidNJ tree: -2276.096
--------------------------------------------------------------------
|             INITIALIZING CANDIDATE TREE SET                      |
--------------------------------------------------------------------
Generating 98 parsimony trees... 0.010 second
Computing log-likelihood of 98 initial trees ... 2.256 seconds
Current best score: -2276.096

Do NNI search on 20 best initial trees
Estimate model parameters (epsilon = 0.100)
Gamma shape alpha: 15.659
Gamma shape alpha: 15.670
BETTER TREE FOUND at iteration 1: -2270.273
UPDATE BEST LOG-LIKELIHOOD: -2270.272
Iteration 10 / LogL: -2270.274 / Time: 0h:0m:9s
WARNING: NNI search needs unusual large number of steps (9) to converge!
Iteration 20 / LogL: -2270.274 / Time: 0h:0m:15s
Finish initializing candidate tree set (2)
Current best tree score: -2270.272 / CPU time: 14.624
Number of iterations: 20
--------------------------------------------------------------------
|               OPTIMIZING CANDIDATE TREE SET                      |
--------------------------------------------------------------------
UPDATE BEST LOG-LIKELIHOOD: -2270.272
UPDATE BEST LOG-LIKELIHOOD: -2270.272
Iteration 30 / LogL: -2270.285 / Time: 0h:0m:18s (0h:0m:44s left)
Iteration 40 / LogL: -2270.272 / Time: 0h:0m:20s (0h:0m:31s left)
Iteration 50 / LogL: -2270.315 / Time: 0h:0m:22s (0h:0m:23s left)
UPDATE BEST LOG-LIKELIHOOD: -2270.272
Iteration 60 / LogL: -2270.273 / Time: 0h:0m:25s (0h:0m:17s left)
UPDATE BEST LOG-LIKELIHOOD: -2270.272
Iteration 70 / LogL: -2270.272 / Time: 0h:0m:27s (0h:0m:12s left)
Iteration 80 / LogL: -2270.307 / Time: 0h:0m:30s (0h:0m:8s left)
Iteration 90 / LogL: -2270.280 / Time: 0h:0m:32s (0h:0m:4s left)
Iteration 100 / LogL: -2270.272 / Time: 0h:0m:35s (0h:0m:0s left)
TREE SEARCH COMPLETED AFTER 102 ITERATIONS / Time: 0h:0m:35s

--------------------------------------------------------------------
|                    FINALIZING TREE SEARCH                        |
--------------------------------------------------------------------
Performs final model parameters optimization
Estimate model parameters (epsilon = 0.010)
1. Initial log-likelihood: -2270.272
Gamma shape alpha: 15.682
Optimal log-likelihood: -2270.272
PoMo with N=7 and HKY (Hasegawa, Kishino and Yano, 1985) mutation model; Sampling method: Weighted binomial; 40 states in total;Gamma with 2 categories

--
Model parameters.
Mutation    rates:  A-C: 0.00298  A-G: 0.00498  A-T: 0.00446  C-G: 0.00308  C-T: 0.00720  G-T: 0.00446
Exchangeabilities:  A-C: 0.01475  A-G: 0.02383  A-T: 0.01475  C-G: 0.01475  C-T: 0.02383  G-T: 0.01475
Base frequencies:  A: 0.287  C: 0.202  G: 0.209  T: 0.302
Estimated heterozygosity: 0.0127
A slight overestimation is expected and an effect of weighted binomial sampling; see manual.
--
Empirical quantities.
Base frequencies:  A: 0.287  C: 0.202  G: 0.209  T: 0.302
Watterson's estimator of heterozygosity: 0.0065
--

Model of rate heterogeneity: Gamma with 2 categories
Gamma shape alpha: 15.6819

 Category  Relative_rate  Proportion
  1         0.8003         0.5000
  2         1.1997         0.5000
Relative rates are computed as MEAN of the portion of the Gamma distribution falling in the category.

Parameters optimization took 1 rounds (0.2196 sec)
BEST SCORE FOUND : -2270.2721
Total tree length: 0.2357

Total number of iterations: 102
CPU time used for tree search: 136.2353 sec (0h:2m:16s)
Wall-clock time used for tree search: 34.3641 sec (0h:0m:34s)
Total CPU time used: 142.0279 sec (0h:2m:22s)
Total wall-clock time used: 35.8129 sec (0h:0m:35s)

Analysis results written to: 
  IQ-TREE report:                fruit_flies_1000.cf.HKY+F+P+N07+G2.iqtree
  Maximum-likelihood tree:       fruit_flies_1000.cf.HKY+F+P+N07+G2.treefile
  Likelihood distances:          fruit_flies_1000.cf.HKY+F+P+N07+G2.mldist
  Screen log file:               fruit_flies_1000.cf.HKY+F+P+N07+G2.log

Date and Time: Thu Feb 11 15:15:56 2021
