IQ-TREE multicore version 2.1.2 COVID-edition for Linux 64-bit built Oct 22 2020
Developed by Bui Quang Minh, James Barbetti, Nguyen Lam Tung,
Olga Chernomor, Heiko Schmidt, Dominik Schrempf, Michael Woodhams.

Host:    meganeura (AVX2, FMA3, 31 GB RAM)
Command: iqtree2 -nt 4 -redo -s ../data/fruit_flies_1000.cf -m HKY+F+P+N09+G4 -pre fruit_flies_1000.cf.HKY+F+P+N09+G4
Seed:    188745 (Using SPRNG - Scalable Parallel Random Number Generator)
Time:    Thu Feb 11 15:15:56 2021
Kernel:  AVX+FMA - 4 threads (16 CPU cores detected)

Reading alignment file ../data/fruit_flies_1000.cf ... Counts format (PoMo) detected

----------------------------------------------------------------------
Number of populations:     9
Number of sites:           1000
---
Normal sites:              1000
Sites with unknown states: 0
Total sites read:          1000
Fails:                     0
---
Compound states:           446
----------------------------------------------------------------------

The average number of samples is 18.989
Alignment has 9 sequences with 1000 columns, 949 distinct patterns
0 parsimony-informative, 48 singleton sites, 952 constant sites
NOTE: The composition test for PoMo only tests the proportion of fixed states!
     Gap/Ambiguity  Composition  p-value
   1  NTH    0.00%    passed     99.91%
   2  EG     0.00%    passed     99.78%
   3  FR     0.00%    passed     99.98%
   4  GA     0.00%    passed     99.98%
   5  GU     0.00%    passed     99.93%
   6  EF     0.00%    passed     99.82%
   7  KN     0.00%    passed     99.84%
   8  SB     0.00%    passed     99.81%
   9  SP     0.00%    passed    100.00%
****  TOTAL    0.00%  0 sequences failed composition chi2 test (p-value<5%; df=3)
NOTE: minimal branch length is increased to 0.000081000000 because PoMo infers number of mutations and frequency shifts
NOTE: maximal branch length is increased to 810.0 because PoMo infers number of mutations and frequency shifts
Creating fast initial parsimony tree by random order stepwise addition...
0.002 seconds, parsimony score: 2 (based on 48 sites)

NOTE: 15 MB RAM (0 GB) is required!
Estimate model parameters (epsilon = 0.100)
1. Initial log-likelihood: -2656.061
Gamma shape alpha: 5.457
2. Current log-likelihood: -2250.485
Gamma shape alpha: 11.084
3. Current log-likelihood: -2248.132
Gamma shape alpha: 11.098
Optimal log-likelihood: -2248.119
PoMo with N=9 and HKY (Hasegawa, Kishino and Yano, 1985) mutation model; Sampling method: Weighted binomial; 52 states in total;Gamma with 4 categories

--
Model parameters.
Mutation    rates:  A-C: 0.00262  A-G: 0.00444  A-T: 0.00392  C-G: 0.00271  C-T: 0.00641  G-T: 0.00392
Exchangeabilities:  A-C: 0.01297  A-G: 0.02123  A-T: 0.01297  C-G: 0.01297  C-T: 0.02123  G-T: 0.01297
Base frequencies:  A: 0.287  C: 0.202  G: 0.209  T: 0.302
Estimated heterozygosity: 0.0113
A slight overestimation is expected and an effect of weighted binomial sampling; see manual.
--
Empirical quantities.
Base frequencies:  A: 0.287  C: 0.202  G: 0.209  T: 0.302
Watterson's estimator of heterozygosity: 0.0065
--

Model of rate heterogeneity: Gamma with 4 categories
Gamma shape alpha: 11.0979

 Category  Relative_rate  Proportion
  1         0.6484         0.2500
  2         0.8786         0.2500
  3         1.0702         0.2500
  4         1.4028         0.2500
Relative rates are computed as MEAN of the portion of the Gamma distribution falling in the category.

Parameters optimization took 3 rounds (4.0259 sec)
Computing ML distances based on estimated model parameters...
Computing ML distances took 0.012103 sec (of wall-clock time) 0.048397 sec(of CPU time)
Computing RapidNJ tree took 0.001138 sec (of wall-clock time) 0.004506 sec (of CPU time)
Log-likelihood of RapidNJ tree: -2239.499
--------------------------------------------------------------------
|             INITIALIZING CANDIDATE TREE SET                      |
--------------------------------------------------------------------
Generating 98 parsimony trees... 0.010 second
Computing log-likelihood of 98 initial trees ... 6.779 seconds
Current best score: -2239.499

Do NNI search on 20 best initial trees
Estimate model parameters (epsilon = 0.100)
Gamma shape alpha: 15.734
BETTER TREE FOUND at iteration 1: -2235.397
Estimate model parameters (epsilon = 0.100)
Gamma shape alpha: 15.745
BETTER TREE FOUND at iteration 2: -2235.363
WARNING: NNI search needs unusual large number of steps (9) to converge!
Iteration 10 / LogL: -2235.364 / Time: 0h:0m:30s
WARNING: NNI search needs unusual large number of steps (9) to converge!
Iteration 20 / LogL: -2235.367 / Time: 0h:0m:51s
Finish initializing candidate tree set (2)
Current best tree score: -2235.363 / CPU time: 47.140
Number of iterations: 20
--------------------------------------------------------------------
|               OPTIMIZING CANDIDATE TREE SET                      |
--------------------------------------------------------------------
Iteration 30 / LogL: -2235.367 / Time: 0h:0m:59s (0h:2m:27s left)
Iteration 40 / LogL: -2235.414 / Time: 0h:1m:6s (0h:1m:45s left)
Iteration 50 / LogL: -2235.533 / Time: 0h:1m:14s (0h:1m:18s left)
Iteration 60 / LogL: -2235.366 / Time: 0h:1m:22s (0h:0m:58s left)
Iteration 70 / LogL: -2235.363 / Time: 0h:1m:33s (0h:0m:43s left)
Iteration 80 / LogL: -2235.363 / Time: 0h:1m:41s (0h:0m:28s left)
Iteration 90 / LogL: -2235.368 / Time: 0h:1m:50s (0h:0m:14s left)
Iteration 100 / LogL: -2235.367 / Time: 0h:1m:58s (0h:0m:2s left)
TREE SEARCH COMPLETED AFTER 103 ITERATIONS / Time: 0h:2m:1s

--------------------------------------------------------------------
|                    FINALIZING TREE SEARCH                        |
--------------------------------------------------------------------
Performs final model parameters optimization
Estimate model parameters (epsilon = 0.010)
1. Initial log-likelihood: -2235.363
Gamma shape alpha: 15.756
Optimal log-likelihood: -2235.363
PoMo with N=9 and HKY (Hasegawa, Kishino and Yano, 1985) mutation model; Sampling method: Weighted binomial; 52 states in total;Gamma with 4 categories

--
Model parameters.
Mutation    rates:  A-C: 0.00269  A-G: 0.00450  A-T: 0.00403  C-G: 0.00279  C-T: 0.00651  G-T: 0.00403
Exchangeabilities:  A-C: 0.01335  A-G: 0.02154  A-T: 0.01335  C-G: 0.01335  C-T: 0.02154  G-T: 0.01335
Base frequencies:  A: 0.287  C: 0.202  G: 0.209  T: 0.302
Estimated heterozygosity: 0.0115
A slight overestimation is expected and an effect of weighted binomial sampling; see manual.
--
Empirical quantities.
Base frequencies:  A: 0.287  C: 0.202  G: 0.209  T: 0.302
Watterson's estimator of heterozygosity: 0.0065
--

Model of rate heterogeneity: Gamma with 4 categories
Gamma shape alpha: 15.7563

 Category  Relative_rate  Proportion
  1         0.7004         0.2500
  2         0.9011         0.2500
  3         1.0627         0.2500
  4         1.3357         0.2500
Relative rates are computed as MEAN of the portion of the Gamma distribution falling in the category.

Parameters optimization took 1 rounds (0.6530 sec)
BEST SCORE FOUND : -2235.3631
Total tree length: 0.3273

Total number of iterations: 103
CPU time used for tree search: 464.3244 sec (0h:7m:44s)
Wall-clock time used for tree search: 117.2511 sec (0h:1m:57s)
Total CPU time used: 484.5700 sec (0h:8m:4s)
Total wall-clock time used: 122.3647 sec (0h:2m:2s)

Analysis results written to: 
  IQ-TREE report:                fruit_flies_1000.cf.HKY+F+P+N09+G4.iqtree
  Maximum-likelihood tree:       fruit_flies_1000.cf.HKY+F+P+N09+G4.treefile
  Likelihood distances:          fruit_flies_1000.cf.HKY+F+P+N09+G4.mldist
  Screen log file:               fruit_flies_1000.cf.HKY+F+P+N09+G4.log

Date and Time: Thu Feb 11 15:17:58 2021
