IQ-TREE multicore version 2.1.2 COVID-edition for Linux 64-bit built Oct 22 2020
Developed by Bui Quang Minh, James Barbetti, Nguyen Lam Tung,
Olga Chernomor, Heiko Schmidt, Dominik Schrempf, Michael Woodhams.

Host:    meganeura (AVX2, FMA3, 31 GB RAM)
Command: iqtree2 -nt 4 -redo -s ../data/fruit_flies_1000.cf -m HKY+F+P+N03+G2 -pre fruit_flies_1000.cf.HKY+F+P+N03+G2
Seed:    365920 (Using SPRNG - Scalable Parallel Random Number Generator)
Time:    Thu Feb 11 15:15:06 2021
Kernel:  AVX+FMA - 4 threads (16 CPU cores detected)

Reading alignment file ../data/fruit_flies_1000.cf ... Counts format (PoMo) detected

----------------------------------------------------------------------
Number of populations:     9
Number of sites:           1000
---
Normal sites:              1000
Sites with unknown states: 0
Total sites read:          1000
Fails:                     0
---
Compound states:           446
----------------------------------------------------------------------

The average number of samples is 18.989
Alignment has 9 sequences with 1000 columns, 949 distinct patterns
0 parsimony-informative, 32 singleton sites, 968 constant sites
NOTE: The composition test for PoMo only tests the proportion of fixed states!
     Gap/Ambiguity  Composition  p-value
   1  NTH    0.00%    passed    100.00%
   2  EG     0.00%    passed     99.99%
   3  FR     0.00%    passed    100.00%
   4  GA     0.00%    passed     99.99%
   5  GU     0.00%    passed     99.99%
   6  EF     0.00%    passed     99.94%
   7  KN     0.00%    passed     99.61%
   8  SB     0.00%    passed     99.96%
   9  SP     0.00%    passed     99.65%
****  TOTAL    0.00%  0 sequences failed composition chi2 test (p-value<5%; df=3)
NOTE: minimal branch length is increased to 0.000009000000 because PoMo infers number of mutations and frequency shifts
NOTE: maximal branch length is increased to 90.0 because PoMo infers number of mutations and frequency shifts
Creating fast initial parsimony tree by random order stepwise addition...
0.000 seconds, parsimony score: 2 (based on 32 sites)

NOTE: 2 MB RAM (0 GB) is required!
Estimate model parameters (epsilon = 0.100)
1. Initial log-likelihood: -2887.589
Gamma shape alpha: 5.297
2. Current log-likelihood: -2676.958
Gamma shape alpha: 5.326
3. Current log-likelihood: -2673.550
Gamma shape alpha: 5.347
4. Current log-likelihood: -2673.208
Gamma shape alpha: 5.365
Optimal log-likelihood: -2673.158
PoMo with N=3 and HKY (Hasegawa, Kishino and Yano, 1985) mutation model; Sampling method: Weighted binomial; 16 states in total;Gamma with 2 categories

--
Model parameters.
Mutation    rates:  A-C: 0.00422  A-G: 0.00686  A-T: 0.00632  C-G: 0.00437  C-T: 0.00991  G-T: 0.00632
Exchangeabilities:  A-C: 0.02090  A-G: 0.03281  A-T: 0.02090  C-G: 0.02090  C-T: 0.03281  G-T: 0.02090
Base frequencies:  A: 0.287  C: 0.202  G: 0.209  T: 0.302
Estimated heterozygosity: 0.0179
A slight overestimation is expected and an effect of weighted binomial sampling; see manual.
--
Empirical quantities.
Base frequencies:  A: 0.287  C: 0.202  G: 0.209  T: 0.302
Watterson's estimator of heterozygosity: 0.0065
--

Model of rate heterogeneity: Gamma with 2 categories
Gamma shape alpha: 5.3650

 Category  Relative_rate  Proportion
  1         0.6644         0.5000
  2         1.3356         0.5000
Relative rates are computed as MEAN of the portion of the Gamma distribution falling in the category.

Parameters optimization took 4 rounds (0.3080 sec)
Computing ML distances based on estimated model parameters...
Computing ML distances took 0.000978 sec (of wall-clock time) 0.002901 sec(of CPU time)
Computing RapidNJ tree took 0.000117 sec (of wall-clock time) 0.000131 sec (of CPU time)
Log-likelihood of RapidNJ tree: -2661.296
--------------------------------------------------------------------
|             INITIALIZING CANDIDATE TREE SET                      |
--------------------------------------------------------------------
Generating 98 parsimony trees... 0.009 second
Computing log-likelihood of 98 initial trees ... 0.529 seconds
Current best score: -2654.044

Do NNI search on 20 best initial trees
Estimate model parameters (epsilon = 0.100)
Gamma shape alpha: 13.334
Gamma shape alpha: 13.349
BETTER TREE FOUND at iteration 1: -2644.055
WARNING: NNI search needs unusual large number of steps (9) to converge!
Iteration 10 / LogL: -2644.055 / Time: 0h:0m:2s
Iteration 20 / LogL: -2644.113 / Time: 0h:0m:3s
Finish initializing candidate tree set (2)
Current best tree score: -2644.055 / CPU time: 2.883
Number of iterations: 20
--------------------------------------------------------------------
|               OPTIMIZING CANDIDATE TREE SET                      |
--------------------------------------------------------------------
Iteration 30 / LogL: -2644.055 / Time: 0h:0m:3s (0h:0m:9s left)
UPDATE BEST LOG-LIKELIHOOD: -2644.055
Iteration 40 / LogL: -2644.060 / Time: 0h:0m:4s (0h:0m:6s left)
Iteration 50 / LogL: -2644.062 / Time: 0h:0m:4s (0h:0m:4s left)
Iteration 60 / LogL: -2644.055 / Time: 0h:0m:5s (0h:0m:3s left)
Iteration 70 / LogL: -2644.055 / Time: 0h:0m:5s (0h:0m:2s left)
Iteration 80 / LogL: -2644.066 / Time: 0h:0m:6s (0h:0m:1s left)
Iteration 90 / LogL: -2646.847 / Time: 0h:0m:6s (0h:0m:0s left)
Iteration 100 / LogL: -2644.068 / Time: 0h:0m:7s (0h:0m:0s left)
TREE SEARCH COMPLETED AFTER 102 ITERATIONS / Time: 0h:0m:7s

--------------------------------------------------------------------
|                    FINALIZING TREE SEARCH                        |
--------------------------------------------------------------------
Performs final model parameters optimization
Estimate model parameters (epsilon = 0.010)
1. Initial log-likelihood: -2644.055
Gamma shape alpha: 13.364
Optimal log-likelihood: -2644.054
PoMo with N=3 and HKY (Hasegawa, Kishino and Yano, 1985) mutation model; Sampling method: Weighted binomial; 16 states in total;Gamma with 2 categories

--
Model parameters.
Mutation    rates:  A-C: 0.00431  A-G: 0.00733  A-T: 0.00646  C-G: 0.00447  C-T: 0.01058  G-T: 0.00646
Exchangeabilities:  A-C: 0.02138  A-G: 0.03503  A-T: 0.02138  C-G: 0.02138  C-T: 0.03503  G-T: 0.02138
Base frequencies:  A: 0.287  C: 0.202  G: 0.209  T: 0.302
Estimated heterozygosity: 0.0186
A slight overestimation is expected and an effect of weighted binomial sampling; see manual.
--
Empirical quantities.
Base frequencies:  A: 0.287  C: 0.202  G: 0.209  T: 0.302
Watterson's estimator of heterozygosity: 0.0065
--

Model of rate heterogeneity: Gamma with 2 categories
Gamma shape alpha: 13.3641

 Category  Relative_rate  Proportion
  1         0.7840         0.5000
  2         1.2160         0.5000
Relative rates are computed as MEAN of the portion of the Gamma distribution falling in the category.

Parameters optimization took 1 rounds (0.0492 sec)
BEST SCORE FOUND : -2644.0541
Total tree length: 0.1047

Total number of iterations: 102
CPU time used for tree search: 27.6591 sec (0h:0m:27s)
Wall-clock time used for tree search: 7.0110 sec (0h:0m:7s)
Total CPU time used: 29.2095 sec (0h:0m:29s)
Total wall-clock time used: 7.4205 sec (0h:0m:7s)

Analysis results written to: 
  IQ-TREE report:                fruit_flies_1000.cf.HKY+F+P+N03+G2.iqtree
  Maximum-likelihood tree:       fruit_flies_1000.cf.HKY+F+P+N03+G2.treefile
  Likelihood distances:          fruit_flies_1000.cf.HKY+F+P+N03+G2.mldist
  Screen log file:               fruit_flies_1000.cf.HKY+F+P+N03+G2.log

Date and Time: Thu Feb 11 15:15:13 2021
