IQ-TREE multicore version 2.1.2 COVID-edition for Linux 64-bit built Oct 22 2020
Developed by Bui Quang Minh, James Barbetti, Nguyen Lam Tung,
Olga Chernomor, Heiko Schmidt, Dominik Schrempf, Michael Woodhams.

Host:    meganeura (AVX2, FMA3, 31 GB RAM)
Command: iqtree2 -nt 4 -redo -s ../data/fruit_flies_1000.cf -m HKY+F+P+N07+G4 -pre fruit_flies_1000.cf.HKY+F+P+N07+G4
Seed:    757587 (Using SPRNG - Scalable Parallel Random Number Generator)
Time:    Thu Feb 11 15:15:29 2021
Kernel:  AVX+FMA - 4 threads (16 CPU cores detected)

Reading alignment file ../data/fruit_flies_1000.cf ... Counts format (PoMo) detected

----------------------------------------------------------------------
Number of populations:     9
Number of sites:           1000
---
Normal sites:              1000
Sites with unknown states: 0
Total sites read:          1000
Fails:                     0
---
Compound states:           446
----------------------------------------------------------------------

The average number of samples is 18.989
Alignment has 9 sequences with 1000 columns, 949 distinct patterns
0 parsimony-informative, 43 singleton sites, 957 constant sites
NOTE: The composition test for PoMo only tests the proportion of fixed states!
     Gap/Ambiguity  Composition  p-value
   1  NTH    0.00%    passed     99.96%
   2  EG     0.00%    passed     99.83%
   3  FR     0.00%    passed     99.98%
   4  GA     0.00%    passed     99.95%
   5  GU     0.00%    passed     99.89%
   6  EF     0.00%    passed     99.84%
   7  KN     0.00%    passed     99.81%
   8  SB     0.00%    passed     99.87%
   9  SP     0.00%    passed    100.00%
****  TOTAL    0.00%  0 sequences failed composition chi2 test (p-value<5%; df=3)
NOTE: minimal branch length is increased to 0.000049000000 because PoMo infers number of mutations and frequency shifts
NOTE: maximal branch length is increased to 490.0 because PoMo infers number of mutations and frequency shifts
Creating fast initial parsimony tree by random order stepwise addition...
0.000 seconds, parsimony score: 2 (based on 43 sites)

NOTE: 11 MB RAM (0 GB) is required!
Estimate model parameters (epsilon = 0.100)
1. Initial log-likelihood: -2623.299
Gamma shape alpha: 7.343
2. Current log-likelihood: -2289.556
Gamma shape alpha: 9.750
3. Current log-likelihood: -2288.630
Gamma shape alpha: 9.764
Optimal log-likelihood: -2288.583
PoMo with N=7 and HKY (Hasegawa, Kishino and Yano, 1985) mutation model; Sampling method: Weighted binomial; 40 states in total;Gamma with 4 categories

--
Model parameters.
Mutation    rates:  A-C: 0.00281  A-G: 0.00481  A-T: 0.00421  C-G: 0.00291  C-T: 0.00694  G-T: 0.00421
Exchangeabilities:  A-C: 0.01394  A-G: 0.02298  A-T: 0.01394  C-G: 0.01394  C-T: 0.02298  G-T: 0.01394
Base frequencies:  A: 0.287  C: 0.202  G: 0.209  T: 0.302
Estimated heterozygosity: 0.0122
A slight overestimation is expected and an effect of weighted binomial sampling; see manual.
--
Empirical quantities.
Base frequencies:  A: 0.287  C: 0.202  G: 0.209  T: 0.302
Watterson's estimator of heterozygosity: 0.0065
--

Model of rate heterogeneity: Gamma with 4 categories
Gamma shape alpha: 9.7645

 Category  Relative_rate  Proportion
  1         0.6275         0.2500
  2         0.8690         0.2500
  3         1.0728         0.2500
  4         1.4306         0.2500
Relative rates are computed as MEAN of the portion of the Gamma distribution falling in the category.

Parameters optimization took 3 rounds (2.2968 sec)
Computing ML distances based on estimated model parameters...
Computing ML distances took 0.004790 sec (of wall-clock time) 0.019127 sec(of CPU time)
Computing RapidNJ tree took 0.000557 sec (of wall-clock time) 0.002080 sec (of CPU time)
Log-likelihood of RapidNJ tree: -2276.839
--------------------------------------------------------------------
|             INITIALIZING CANDIDATE TREE SET                      |
--------------------------------------------------------------------
Generating 98 parsimony trees... 0.010 second
Computing log-likelihood of 98 initial trees ... 4.552 seconds
Current best score: -2276.839

Do NNI search on 20 best initial trees
Estimate model parameters (epsilon = 0.100)
Gamma shape alpha: 17.630
Gamma shape alpha: 17.643
BETTER TREE FOUND at iteration 1: -2270.309
UPDATE BEST LOG-LIKELIHOOD: -2270.309
Iteration 10 / LogL: -2270.319 / Time: 0h:0m:19s
Iteration 20 / LogL: -2270.348 / Time: 0h:0m:32s
Finish initializing candidate tree set (2)
Current best tree score: -2270.309 / CPU time: 29.531
Number of iterations: 20
--------------------------------------------------------------------
|               OPTIMIZING CANDIDATE TREE SET                      |
--------------------------------------------------------------------
UPDATE BEST LOG-LIKELIHOOD: -2270.309
UPDATE BEST LOG-LIKELIHOOD: -2270.309
Iteration 30 / LogL: -2270.310 / Time: 0h:0m:37s (0h:1m:32s left)
Iteration 40 / LogL: -2270.319 / Time: 0h:0m:43s (0h:1m:7s left)
UPDATE BEST LOG-LIKELIHOOD: -2270.309
Iteration 50 / LogL: -2270.343 / Time: 0h:0m:47s (0h:0m:49s left)
UPDATE BEST LOG-LIKELIHOOD: -2270.309
Iteration 60 / LogL: -2270.344 / Time: 0h:0m:53s (0h:0m:37s left)
Iteration 70 / LogL: -2270.309 / Time: 0h:0m:59s (0h:0m:26s left)
Iteration 80 / LogL: -2270.318 / Time: 0h:1m:4s (0h:0m:17s left)
Iteration 90 / LogL: -2270.343 / Time: 0h:1m:9s (0h:0m:8s left)
Iteration 100 / LogL: -2270.319 / Time: 0h:1m:14s (0h:0m:0s left)
TREE SEARCH COMPLETED AFTER 102 ITERATIONS / Time: 0h:1m:15s

--------------------------------------------------------------------
|                    FINALIZING TREE SEARCH                        |
--------------------------------------------------------------------
Performs final model parameters optimization
Estimate model parameters (epsilon = 0.010)
1. Initial log-likelihood: -2270.309
Gamma shape alpha: 17.656
Optimal log-likelihood: -2270.308
PoMo with N=7 and HKY (Hasegawa, Kishino and Yano, 1985) mutation model; Sampling method: Weighted binomial; 40 states in total;Gamma with 4 categories

--
Model parameters.
Mutation    rates:  A-C: 0.00298  A-G: 0.00498  A-T: 0.00446  C-G: 0.00309  C-T: 0.00720  G-T: 0.00446
Exchangeabilities:  A-C: 0.01476  A-G: 0.02383  A-T: 0.01476  C-G: 0.01476  C-T: 0.02383  G-T: 0.01476
Base frequencies:  A: 0.287  C: 0.202  G: 0.209  T: 0.302
Estimated heterozygosity: 0.0127
A slight overestimation is expected and an effect of weighted binomial sampling; see manual.
--
Empirical quantities.
Base frequencies:  A: 0.287  C: 0.202  G: 0.209  T: 0.302
Watterson's estimator of heterozygosity: 0.0065
--

Model of rate heterogeneity: Gamma with 4 categories
Gamma shape alpha: 17.6556

 Category  Relative_rate  Proportion
  1         0.7158         0.2500
  2         0.9074         0.2500
  3         1.0603         0.2500
  4         1.3165         0.2500
Relative rates are computed as MEAN of the portion of the Gamma distribution falling in the category.

Parameters optimization took 1 rounds (0.4549 sec)
BEST SCORE FOUND : -2270.3083
Total tree length: 0.2360

Total number of iterations: 102
CPU time used for tree search: 286.9494 sec (0h:4m:46s)
Wall-clock time used for tree search: 72.6397 sec (0h:1m:12s)
Total CPU time used: 298.9727 sec (0h:4m:58s)
Total wall-clock time used: 75.6637 sec (0h:1m:15s)

Analysis results written to: 
  IQ-TREE report:                fruit_flies_1000.cf.HKY+F+P+N07+G4.iqtree
  Maximum-likelihood tree:       fruit_flies_1000.cf.HKY+F+P+N07+G4.treefile
  Likelihood distances:          fruit_flies_1000.cf.HKY+F+P+N07+G4.mldist
  Screen log file:               fruit_flies_1000.cf.HKY+F+P+N07+G4.log

Date and Time: Thu Feb 11 15:16:45 2021
