IQ-TREE multicore version 2.1.2 COVID-edition for Linux 64-bit built Oct 22 2020
Developed by Bui Quang Minh, James Barbetti, Nguyen Lam Tung,
Olga Chernomor, Heiko Schmidt, Dominik Schrempf, Michael Woodhams.

Host:    meganeura (AVX2, FMA3, 31 GB RAM)
Command: iqtree2 -nt 4 -redo -s ../data/fruit_flies_1000.cf -m HKY+F+P+N07+G2 -B 1000 -pre fruit_flies_1000.cf.HKY+F+P+N07+G2.ufboot
Seed:    111687 (Using SPRNG - Scalable Parallel Random Number Generator)
Time:    Thu Feb 11 16:10:28 2021
Kernel:  AVX+FMA - 4 threads (16 CPU cores detected)

Reading alignment file ../data/fruit_flies_1000.cf ... Counts format (PoMo) detected

----------------------------------------------------------------------
Number of populations:     9
Number of sites:           1000
---
Normal sites:              1000
Sites with unknown states: 0
Total sites read:          1000
Fails:                     0
---
Compound states:           446
----------------------------------------------------------------------

The average number of samples is 18.989
Alignment has 9 sequences with 1000 columns, 949 distinct patterns
0 parsimony-informative, 43 singleton sites, 957 constant sites
NOTE: The composition test for PoMo only tests the proportion of fixed states!
     Gap/Ambiguity  Composition  p-value
   1  NTH    0.00%    passed     99.96%
   2  EG     0.00%    passed     99.83%
   3  FR     0.00%    passed     99.98%
   4  GA     0.00%    passed     99.95%
   5  GU     0.00%    passed     99.89%
   6  EF     0.00%    passed     99.84%
   7  KN     0.00%    passed     99.81%
   8  SB     0.00%    passed     99.87%
   9  SP     0.00%    passed    100.00%
****  TOTAL    0.00%  0 sequences failed composition chi2 test (p-value<5%; df=3)
NOTE: minimal branch length is increased to 0.000049000000 because PoMo infers number of mutations and frequency shifts
NOTE: maximal branch length is increased to 490.0 because PoMo infers number of mutations and frequency shifts
Creating fast initial parsimony tree by random order stepwise addition...
0.000 seconds, parsimony score: 2 (based on 43 sites)
Generating 1000 samples for ultrafast bootstrap (seed: 111687)...

NOTE: 9 MB RAM (0 GB) is required!
Estimate model parameters (epsilon = 0.100)
1. Initial log-likelihood: -2684.767
Gamma shape alpha: 4.818
2. Current log-likelihood: -2298.664
Gamma shape alpha: 4.814
3. Current log-likelihood: -2297.544
Gamma shape alpha: 4.803
Optimal log-likelihood: -2297.459
PoMo with N=7 and HKY (Hasegawa, Kishino and Yano, 1985) mutation model; Sampling method: Weighted binomial; 40 states in total;Gamma with 2 categories

--
Model parameters.
Mutation    rates:  A-C: 0.00281  A-G: 0.00465  A-T: 0.00421  C-G: 0.00292  C-T: 0.00672  G-T: 0.00421
Exchangeabilities:  A-C: 0.01394  A-G: 0.02223  A-T: 0.01394  C-G: 0.01394  C-T: 0.02223  G-T: 0.01394
Base frequencies:  A: 0.287  C: 0.202  G: 0.209  T: 0.302
Estimated heterozygosity: 0.0120
A slight overestimation is expected and an effect of weighted binomial sampling; see manual.
--
Empirical quantities.
Base frequencies:  A: 0.287  C: 0.202  G: 0.209  T: 0.302
Watterson's estimator of heterozygosity: 0.0065
--

Model of rate heterogeneity: Gamma with 2 categories
Gamma shape alpha: 4.8033

 Category  Relative_rate  Proportion
  1         0.6464         0.5000
  2         1.3536         0.5000
Relative rates are computed as MEAN of the portion of the Gamma distribution falling in the category.

Parameters optimization took 3 rounds (1.2012 sec)
Computing ML distances based on estimated model parameters...
Computing ML distances took 0.005474 sec (of wall-clock time) 0.021846 sec(of CPU time)
Computing RapidNJ tree took 0.000468 sec (of wall-clock time) 0.001747 sec (of CPU time)
Log-likelihood of RapidNJ tree: -2276.141
--------------------------------------------------------------------
|             INITIALIZING CANDIDATE TREE SET                      |
--------------------------------------------------------------------
Generating 98 parsimony trees... 0.012 second
Computing log-likelihood of 98 initial trees ... 2.507 seconds
Current best score: -2276.141

Do NNI search on 20 best initial trees
Estimate model parameters (epsilon = 0.100)
Gamma shape alpha: 14.714
Gamma shape alpha: 14.727
BETTER TREE FOUND at iteration 1: -2270.284
Iteration 10 / LogL: -2270.286 / Time: 0h:0m:10s
UPDATE BEST LOG-LIKELIHOOD: -2270.284
Iteration 20 / LogL: -2270.296 / Time: 0h:0m:15s
Finish initializing candidate tree set (2)
Current best tree score: -2270.284 / CPU time: 13.933
Number of iterations: 20
--------------------------------------------------------------------
|               OPTIMIZING CANDIDATE TREE SET                      |
--------------------------------------------------------------------
Iteration 30 / LogL: -2270.319 / Time: 0h:0m:17s (0h:0m:42s left)
Iteration 40 / LogL: -2270.287 / Time: 0h:0m:19s (0h:0m:30s left)
UPDATE BEST LOG-LIKELIHOOD: -2270.284
Iteration 50 / LogL: -2270.318 / Time: 0h:0m:22s (0h:0m:22s left)
Log-likelihood cutoff on original alignment: -2295.323
UPDATE BEST LOG-LIKELIHOOD: -2270.284
Iteration 60 / LogL: -2270.284 / Time: 0h:0m:24s (0h:0m:16s left)
Iteration 70 / LogL: -2270.295 / Time: 0h:0m:26s (0h:0m:12s left)
Iteration 80 / LogL: -2270.318 / Time: 0h:0m:29s (0h:0m:7s left)
Iteration 90 / LogL: -2270.331 / Time: 0h:0m:32s (0h:0m:3s left)
Iteration 100 / LogL: -2270.295 / Time: 0h:0m:35s (0h:0m:0s left)
Log-likelihood cutoff on original alignment: -2295.323
NOTE: Bootstrap correlation coefficient of split occurrence frequencies: 0.996
TREE SEARCH COMPLETED AFTER 102 ITERATIONS / Time: 0h:0m:35s

--------------------------------------------------------------------
|                    FINALIZING TREE SEARCH                        |
--------------------------------------------------------------------
Performs final model parameters optimization
Estimate model parameters (epsilon = 0.010)
1. Initial log-likelihood: -2270.284
Gamma shape alpha: 14.740
Optimal log-likelihood: -2270.284
PoMo with N=7 and HKY (Hasegawa, Kishino and Yano, 1985) mutation model; Sampling method: Weighted binomial; 40 states in total;Gamma with 2 categories

--
Model parameters.
Mutation    rates:  A-C: 0.00298  A-G: 0.00498  A-T: 0.00446  C-G: 0.00308  C-T: 0.00720  G-T: 0.00446
Exchangeabilities:  A-C: 0.01475  A-G: 0.02383  A-T: 0.01475  C-G: 0.01475  C-T: 0.02383  G-T: 0.01475
Base frequencies:  A: 0.287  C: 0.202  G: 0.209  T: 0.302
Estimated heterozygosity: 0.0127
A slight overestimation is expected and an effect of weighted binomial sampling; see manual.
--
Empirical quantities.
Base frequencies:  A: 0.287  C: 0.202  G: 0.209  T: 0.302
Watterson's estimator of heterozygosity: 0.0065
--

Model of rate heterogeneity: Gamma with 2 categories
Gamma shape alpha: 14.7402

 Category  Relative_rate  Proportion
  1         0.7941         0.5000
  2         1.2059         0.5000
Relative rates are computed as MEAN of the portion of the Gamma distribution falling in the category.

Parameters optimization took 1 rounds (0.2368 sec)
BEST SCORE FOUND : -2270.2837
Creating bootstrap support values...
Split supports printed to NEXUS file fruit_flies_1000.cf.HKY+F+P+N07+G2.ufboot.splits.nex
Total tree length: 0.2357

Total number of iterations: 102
CPU time used for tree search: 136.9109 sec (0h:2m:16s)
Wall-clock time used for tree search: 34.5537 sec (0h:0m:34s)
Total CPU time used: 143.3578 sec (0h:2m:23s)
Total wall-clock time used: 36.1893 sec (0h:0m:36s)

Computing bootstrap consensus tree...
Reading input file fruit_flies_1000.cf.HKY+F+P+N07+G2.ufboot.splits.nex...
9 taxa and 119 splits.
Consensus tree written to fruit_flies_1000.cf.HKY+F+P+N07+G2.ufboot.contree
Reading input trees file fruit_flies_1000.cf.HKY+F+P+N07+G2.ufboot.contree
Log-likelihood of consensus tree: -2270.2837

Analysis results written to: 
  IQ-TREE report:                fruit_flies_1000.cf.HKY+F+P+N07+G2.ufboot.iqtree
  Maximum-likelihood tree:       fruit_flies_1000.cf.HKY+F+P+N07+G2.ufboot.treefile
  Likelihood distances:          fruit_flies_1000.cf.HKY+F+P+N07+G2.ufboot.mldist

Ultrafast bootstrap approximation results written to:
  Split support values:          fruit_flies_1000.cf.HKY+F+P+N07+G2.ufboot.splits.nex
  Consensus tree:                fruit_flies_1000.cf.HKY+F+P+N07+G2.ufboot.contree
  Screen log file:               fruit_flies_1000.cf.HKY+F+P+N07+G2.ufboot.log

Date and Time: Thu Feb 11 16:11:04 2021
