IQ-TREE multicore version 2.1.2 COVID-edition for Linux 64-bit built Oct 22 2020
Developed by Bui Quang Minh, James Barbetti, Nguyen Lam Tung,
Olga Chernomor, Heiko Schmidt, Dominik Schrempf, Michael Woodhams.

Host:    meganeura (AVX2, FMA3, 31 GB RAM)
Command: iqtree2 -nt 4 -redo -s ../data/fruit_flies_10000.consensus.fasta -m HKY+F+G4 -B 1000 -pre fruit_flies_10000.consensus.fasta.HKY+F+G4
Seed:    354903 (Using SPRNG - Scalable Parallel Random Number Generator)
Time:    Fri Feb 12 12:55:44 2021
Kernel:  AVX+FMA - 4 threads (16 CPU cores detected)

Reading alignment file ../data/fruit_flies_10000.consensus.fasta ... Fasta format detected
Alignment most likely contains DNA/RNA sequences
Alignment has 9 sequences with 10000 columns, 78 distinct patterns
48 parsimony-informative, 34 singleton sites, 9918 constant sites
     Gap/Ambiguity  Composition  p-value
   1  NTH    0.00%    passed    100.00%
   2  EG     0.00%    passed     99.98%
   3  FR     0.00%    passed    100.00%
   4  GA     0.00%    passed     99.96%
   5  GU     0.00%    passed     99.97%
   6  EF     0.00%    passed     99.91%
   7  KN     0.00%    passed     99.97%
   8  SB     0.00%    passed    100.00%
   9  SP     0.00%    passed    100.00%
****  TOTAL    0.00%  0 sequences failed composition chi2 test (p-value<5%; df=3)

Create initial parsimony tree by phylogenetic likelihood library (PLL)... 0.000 seconds
Generating 1000 samples for ultrafast bootstrap (seed: 354903)...

NOTE: 0 MB RAM (0 GB) is required!
WARNING: Number of threads seems too high for short alignments. Use -T AUTO to determine best number of threads.
Estimate model parameters (epsilon = 0.100)
1. Initial log-likelihood: -14902.217
2. Current log-likelihood: -14854.968
Optimal log-likelihood: -14854.940
Rate parameters:  A-C: 1.00000  A-G: 2.24995  A-T: 1.00000  C-G: 1.00000  C-T: 2.24995  G-T: 1.00000
Base frequencies:  A: 0.282  C: 0.216  G: 0.220  T: 0.282
Gamma shape alpha: 0.020
Parameters optimization took 2 rounds (0.004 sec)
Computing ML distances based on estimated model parameters...
Computing ML distances took 0.000607 sec (of wall-clock time) 0.001839 sec(of CPU time)
WARNING: Some pairwise ML distances are too long (saturated)
Computing RapidNJ tree took 0.000145 sec (of wall-clock time) 0.000145 sec (of CPU time)
Log-likelihood of RapidNJ tree: -14992.358
--------------------------------------------------------------------
|             INITIALIZING CANDIDATE TREE SET                      |
--------------------------------------------------------------------
Generating 98 parsimony trees... 0.041 second
Computing log-likelihood of 86 initial trees ... 0.097 seconds
Current best score: -14854.843

Do NNI search on 20 best initial trees
Estimate model parameters (epsilon = 0.100)
BETTER TREE FOUND at iteration 1: -14854.781
Iteration 10 / LogL: -14855.034 / Time: 0h:0m:0s
Iteration 20 / LogL: -14855.033 / Time: 0h:0m:0s
Finish initializing candidate tree set (6)
Current best tree score: -14854.781 / CPU time: 0.253
Number of iterations: 20
--------------------------------------------------------------------
|               OPTIMIZING CANDIDATE TREE SET                      |
--------------------------------------------------------------------
Iteration 30 / LogL: -14854.787 / Time: 0h:0m:0s (0h:0m:0s left)
Iteration 40 / LogL: -14854.781 / Time: 0h:0m:0s (0h:0m:0s left)
Iteration 50 / LogL: -14858.875 / Time: 0h:0m:0s (0h:0m:0s left)
Log-likelihood cutoff on original alignment: -14904.496
Iteration 60 / LogL: -14854.785 / Time: 0h:0m:0s (0h:0m:0s left)
Iteration 70 / LogL: -14858.858 / Time: 0h:0m:0s (0h:0m:0s left)
Iteration 80 / LogL: -14855.035 / Time: 0h:0m:0s (0h:0m:0s left)
Iteration 90 / LogL: -14858.857 / Time: 0h:0m:0s (0h:0m:0s left)
Iteration 100 / LogL: -14854.782 / Time: 0h:0m:0s (0h:0m:0s left)
Log-likelihood cutoff on original alignment: -14905.435
NOTE: Bootstrap correlation coefficient of split occurrence frequencies: 1.000
TREE SEARCH COMPLETED AFTER 102 ITERATIONS / Time: 0h:0m:0s

--------------------------------------------------------------------
|                    FINALIZING TREE SEARCH                        |
--------------------------------------------------------------------
Performs final model parameters optimization
Estimate model parameters (epsilon = 0.010)
1. Initial log-likelihood: -14854.781
Optimal log-likelihood: -14854.777
Rate parameters:  A-C: 1.00000  A-G: 2.38579  A-T: 1.00000  C-G: 1.00000  C-T: 2.38579  G-T: 1.00000
Base frequencies:  A: 0.282  C: 0.216  G: 0.220  T: 0.282
Gamma shape alpha: 0.020
Parameters optimization took 1 rounds (0.001 sec)
BEST SCORE FOUND : -14854.777
Creating bootstrap support values...
Split supports printed to NEXUS file fruit_flies_10000.consensus.fasta.HKY+F+G4.splits.nex
Total tree length: 0.013

Total number of iterations: 102
CPU time used for tree search: 3.519 sec (0h:0m:3s)
Wall-clock time used for tree search: 0.919 sec (0h:0m:0s)
Total CPU time used: 3.685 sec (0h:0m:3s)
Total wall-clock time used: 0.962 sec (0h:0m:0s)

Computing bootstrap consensus tree...
Reading input file fruit_flies_10000.consensus.fasta.HKY+F+G4.splits.nex...
9 taxa and 61 splits.
Consensus tree written to fruit_flies_10000.consensus.fasta.HKY+F+G4.contree
Reading input trees file fruit_flies_10000.consensus.fasta.HKY+F+G4.contree
Log-likelihood of consensus tree: -14861.317

Analysis results written to: 
  IQ-TREE report:                fruit_flies_10000.consensus.fasta.HKY+F+G4.iqtree
  Maximum-likelihood tree:       fruit_flies_10000.consensus.fasta.HKY+F+G4.treefile
  Likelihood distances:          fruit_flies_10000.consensus.fasta.HKY+F+G4.mldist

Ultrafast bootstrap approximation results written to:
  Split support values:          fruit_flies_10000.consensus.fasta.HKY+F+G4.splits.nex
  Consensus tree:                fruit_flies_10000.consensus.fasta.HKY+F+G4.contree
  Screen log file:               fruit_flies_10000.consensus.fasta.HKY+F+G4.log

Date and Time: Fri Feb 12 12:55:45 2021
