IQ-TREE multicore version 2.1.2 COVID-edition for Linux 64-bit built Oct 22 2020
Developed by Bui Quang Minh, James Barbetti, Nguyen Lam Tung,
Olga Chernomor, Heiko Schmidt, Dominik Schrempf, Michael Woodhams.

Host:    meganeura (AVX2, FMA3, 31 GB RAM)
Command: iqtree2 -nt 4 -redo -s ../data/fruit_flies_10000.cf -m HKY+F+P+N15 -B 1000 -pre fruit_flies_10000.cf.HKY+F+P+N15.ufboot -safe
Seed:    544984 (Using SPRNG - Scalable Parallel Random Number Generator)
Time:    Thu Feb 11 17:22:08 2021
Kernel:  Safe AVX+FMA - 4 threads (16 CPU cores detected)

Reading alignment file ../data/fruit_flies_10000.cf ... Counts format (PoMo) detected

----------------------------------------------------------------------
Number of populations:     9
Number of sites:           10000
---
Normal sites:              10000
Sites with unknown states: 0
Total sites read:          10000
Fails:                     0
---
Compound states:           1346
----------------------------------------------------------------------

The average number of samples is 18.998
Alignment has 9 sequences with 10000 columns, 7463 distinct patterns
0 parsimony-informative, 569 singleton sites, 9431 constant sites
NOTE: The composition test for PoMo only tests the proportion of fixed states!
     Gap/Ambiguity  Composition  p-value
   1  NTH    0.00%    passed     99.99%
   2  EG     0.00%    passed     99.96%
   3  FR     0.00%    passed     99.92%
   4  GA     0.00%    passed     99.85%
   5  GU     0.00%    passed     99.58%
   6  EF     0.00%    passed     99.97%
   7  KN     0.00%    passed     99.89%
   8  SB     0.00%    passed     99.84%
   9  SP     0.00%    passed     98.64%
****  TOTAL    0.00%  0 sequences failed composition chi2 test (p-value<5%; df=3)
NOTE: minimal branch length is increased to 0.000225000000 because PoMo infers number of mutations and frequency shifts
NOTE: maximal branch length is increased to 2250.0 because PoMo infers number of mutations and frequency shifts
Creating fast initial parsimony tree by random order stepwise addition...
0.001 seconds, parsimony score: 29 (based on 569 sites)
Generating 1000 samples for ultrafast bootstrap (seed: 544984)...

NOTE: 75 MB RAM (0 GB) is required!
Estimate model parameters (epsilon = 0.100)
1. Initial log-likelihood: -29182.390
2. Current log-likelihood: -23042.855
3. Current log-likelihood: -23019.192
Optimal log-likelihood: -23019.187
PoMo with N=15 and HKY (Hasegawa, Kishino and Yano, 1985) mutation model; Sampling method: Weighted binomial; 88 states in total;

--
Model parameters.
Mutation    rates:  A-C: 0.00234  A-G: 0.00271  A-T: 0.00301  C-G: 0.00236  C-T: 0.00346  G-T: 0.00301
Exchangeabilities:  A-C: 0.01073  A-G: 0.01230  A-T: 0.01073  C-G: 0.01073  C-T: 0.01230  G-T: 0.01073
Base frequencies:  A: 0.281  C: 0.218  G: 0.220  T: 0.281
Estimated heterozygosity: 0.0082
A slight overestimation is expected and an effect of weighted binomial sampling; see manual.
--
Empirical quantities.
Base frequencies:  A: 0.281  C: 0.218  G: 0.220  T: 0.281
Watterson's estimator of heterozygosity: 0.0064
--

Parameters optimization took 3 rounds (5.5521 sec)
Computing ML distances based on estimated model parameters...
Computing ML distances took 0.028772 sec (of wall-clock time) 0.111201 sec(of CPU time)
Computing RapidNJ tree took 0.000107 sec (of wall-clock time) 0.000140 sec (of CPU time)
Log-likelihood of RapidNJ tree: -22939.313
--------------------------------------------------------------------
|             INITIALIZING CANDIDATE TREE SET                      |
--------------------------------------------------------------------
Generating 98 parsimony trees... 0.024 second
Computing log-likelihood of 98 initial trees ... 13.355 seconds
Current best score: -22939.313

Do NNI search on 20 best initial trees
Estimate model parameters (epsilon = 0.100)
BETTER TREE FOUND at iteration 1: -22903.944
PoMo with N=15 and HKY (Hasegawa, Kishino and Yano, 1985) mutation model; Sampling method: Weighted binomial; 88 states in total;

--
Model parameters.
Mutation    rates:  A-C: 0.00242  A-G: 0.00383  A-T: 0.00312  C-G: 0.00245  C-T: 0.00489  G-T: 0.00312
Exchangeabilities:  A-C: 0.01113  A-G: 0.01740  A-T: 0.01113  C-G: 0.01113  C-T: 0.01740  G-T: 0.01113
Base frequencies:  A: 0.281  C: 0.218  G: 0.220  T: 0.281
Estimated heterozygosity: 0.0095
A slight overestimation is expected and an effect of weighted binomial sampling; see manual.
--
Empirical quantities.
Base frequencies:  A: 0.281  C: 0.218  G: 0.220  T: 0.281
Watterson's estimator of heterozygosity: 0.0064
--

WARNING: Numerical underflow for lh-derivative
Iteration 10 / LogL: -22903.9686 / Time: 0h:0m:50s
Iteration 20 / LogL: -22924.0676 / Time: 0h:1m:19s
Finish initializing candidate tree set (7)
Current best tree score: -22903.9438 / CPU time: 72.7331
Number of iterations: 20
--------------------------------------------------------------------
|               OPTIMIZING CANDIDATE TREE SET                      |
--------------------------------------------------------------------
UPDATE BEST LOG-LIKELIHOOD: -22903.9432
Iteration 30 / LogL: -22904.0525 / Time: 0h:1m:36s (0h:3m:56s left)
Iteration 40 / LogL: -22908.0961 / Time: 0h:1m:52s (0h:2m:55s left)
PoMo with N=15 and HKY (Hasegawa, Kishino and Yano, 1985) mutation model; Sampling method: Weighted binomial; 88 states in total;

--
Model parameters.
Mutation    rates:  A-C: 0.00242  A-G: 0.00383  A-T: 0.00312  C-G: 0.00245  C-T: 0.00489  G-T: 0.00312
Exchangeabilities:  A-C: 0.01113  A-G: 0.01740  A-T: 0.01113  C-G: 0.01113  C-T: 0.01740  G-T: 0.01113
Base frequencies:  A: 0.281  C: 0.218  G: 0.220  T: 0.281
Estimated heterozygosity: 0.0095
A slight overestimation is expected and an effect of weighted binomial sampling; see manual.
--
Empirical quantities.
Base frequencies:  A: 0.281  C: 0.218  G: 0.220  T: 0.281
Watterson's estimator of heterozygosity: 0.0064
--

WARNING: Numerical underflow for lh-derivative
Iteration 50 / LogL: -22909.2783 / Time: 0h:2m:7s (0h:2m:12s left)
Log-likelihood cutoff on original alignment: -22938.8668
Iteration 60 / LogL: -22904.6442 / Time: 0h:2m:23s (0h:1m:39s left)
Iteration 70 / LogL: -22904.1129 / Time: 0h:2m:39s (0h:1m:11s left)
Iteration 80 / LogL: -22909.2562 / Time: 0h:2m:56s (0h:0m:46s left)
Iteration 90 / LogL: -22908.0985 / Time: 0h:3m:12s (0h:0m:23s left)
Iteration 100 / LogL: -22917.2128 / Time: 0h:3m:37s (0h:0m:2s left)
Log-likelihood cutoff on original alignment: -22938.8668
NOTE: Bootstrap correlation coefficient of split occurrence frequencies: 0.9999
TREE SEARCH COMPLETED AFTER 102 ITERATIONS / Time: 0h:3m:40s

--------------------------------------------------------------------
|                    FINALIZING TREE SEARCH                        |
--------------------------------------------------------------------
Performs final model parameters optimization
Estimate model parameters (epsilon = 0.0100)
1. Initial log-likelihood: -22903.9432
Optimal log-likelihood: -22903.9425
PoMo with N=15 and HKY (Hasegawa, Kishino and Yano, 1985) mutation model; Sampling method: Weighted binomial; 88 states in total;

--
Model parameters.
Mutation    rates:  A-C: 0.00242  A-G: 0.00383  A-T: 0.00312  C-G: 0.00245  C-T: 0.00489  G-T: 0.00312
Exchangeabilities:  A-C: 0.01113  A-G: 0.01740  A-T: 0.01113  C-G: 0.01113  C-T: 0.01740  G-T: 0.01113
Base frequencies:  A: 0.281  C: 0.218  G: 0.220  T: 0.281
Estimated heterozygosity: 0.0095
A slight overestimation is expected and an effect of weighted binomial sampling; see manual.
--
Empirical quantities.
Base frequencies:  A: 0.281  C: 0.218  G: 0.220  T: 0.281
Watterson's estimator of heterozygosity: 0.0064
--

Parameters optimization took 1 rounds (2.0634 sec)
BEST SCORE FOUND : -22903.9425
Creating bootstrap support values...
Split supports printed to NEXUS file fruit_flies_10000.cf.HKY+F+P+N15.ufboot.splits.nex
Total tree length: 0.9254

Total number of iterations: 102
CPU time used for tree search: 846.2993 sec (0h:14m:6s)
Wall-clock time used for tree search: 213.6167 sec (0h:3m:33s)
Total CPU time used: 879.8486 sec (0h:14m:39s)
Total wall-clock time used: 222.0844 sec (0h:3m:42s)

Computing bootstrap consensus tree...
Reading input file fruit_flies_10000.cf.HKY+F+P+N15.ufboot.splits.nex...
9 taxa and 40 splits.
Consensus tree written to fruit_flies_10000.cf.HKY+F+P+N15.ufboot.contree
Reading input trees file fruit_flies_10000.cf.HKY+F+P+N15.ufboot.contree
Log-likelihood of consensus tree: -22903.9430

Analysis results written to: 
  IQ-TREE report:                fruit_flies_10000.cf.HKY+F+P+N15.ufboot.iqtree
  Maximum-likelihood tree:       fruit_flies_10000.cf.HKY+F+P+N15.ufboot.treefile
  Likelihood distances:          fruit_flies_10000.cf.HKY+F+P+N15.ufboot.mldist

Ultrafast bootstrap approximation results written to:
  Split support values:          fruit_flies_10000.cf.HKY+F+P+N15.ufboot.splits.nex
  Consensus tree:                fruit_flies_10000.cf.HKY+F+P+N15.ufboot.contree
  Screen log file:               fruit_flies_10000.cf.HKY+F+P+N15.ufboot.log

Date and Time: Thu Feb 11 17:25:51 2021
