IQ-TREE multicore version 2.1.2 COVID-edition for Linux 64-bit built Oct 22 2020
Developed by Bui Quang Minh, James Barbetti, Nguyen Lam Tung,
Olga Chernomor, Heiko Schmidt, Dominik Schrempf, Michael Woodhams.

Host:    meganeura (AVX2, FMA3, 31 GB RAM)
Command: iqtree2 -nt 4 -redo -s ../data/fruit_flies_10000.cf -m HKY+F+P+N15 -pre fruit_flies_10000.cf.HKY+F+P+N15
Seed:    16604 (Using SPRNG - Scalable Parallel Random Number Generator)
Time:    Thu Feb 11 15:30:38 2021
Kernel:  AVX+FMA - 4 threads (16 CPU cores detected)

Reading alignment file ../data/fruit_flies_10000.cf ... Counts format (PoMo) detected

----------------------------------------------------------------------
Number of populations:     9
Number of sites:           10000
---
Normal sites:              10000
Sites with unknown states: 0
Total sites read:          10000
Fails:                     0
---
Compound states:           1346
----------------------------------------------------------------------

The average number of samples is 18.998
Alignment has 9 sequences with 10000 columns, 7463 distinct patterns
0 parsimony-informative, 569 singleton sites, 9431 constant sites
NOTE: The composition test for PoMo only tests the proportion of fixed states!
     Gap/Ambiguity  Composition  p-value
   1  NTH    0.00%    passed     99.99%
   2  EG     0.00%    passed     99.96%
   3  FR     0.00%    passed     99.92%
   4  GA     0.00%    passed     99.85%
   5  GU     0.00%    passed     99.58%
   6  EF     0.00%    passed     99.97%
   7  KN     0.00%    passed     99.89%
   8  SB     0.00%    passed     99.84%
   9  SP     0.00%    passed     98.64%
****  TOTAL    0.00%  0 sequences failed composition chi2 test (p-value<5%; df=3)
NOTE: minimal branch length is increased to 0.000225000000 because PoMo infers number of mutations and frequency shifts
NOTE: maximal branch length is increased to 2250.0 because PoMo infers number of mutations and frequency shifts
Creating fast initial parsimony tree by random order stepwise addition...
0.002 seconds, parsimony score: 30 (based on 569 sites)

NOTE: 46 MB RAM (0 GB) is required!
Estimate model parameters (epsilon = 0.100)
1. Initial log-likelihood: -29173.258
2. Current log-likelihood: -23226.664
3. Current log-likelihood: -23226.441
4. Current log-likelihood: -23220.126
Optimal log-likelihood: -23220.126
PoMo with N=15 and HKY (Hasegawa, Kishino and Yano, 1985) mutation model; Sampling method: Weighted binomial; 88 states in total;

--
Model parameters.
Mutation    rates:  A-C: 0.00233  A-G: 0.00242  A-T: 0.00300  C-G: 0.00235  C-T: 0.00309  G-T: 0.00300
Exchangeabilities:  A-C: 0.01069  A-G: 0.01099  A-T: 0.01069  C-G: 0.01069  C-T: 0.01099  G-T: 0.01069
Base frequencies:  A: 0.281  C: 0.218  G: 0.220  T: 0.281
Estimated heterozygosity: 0.0078
A slight overestimation is expected and an effect of weighted binomial sampling; see manual.
--
Empirical quantities.
Base frequencies:  A: 0.281  C: 0.218  G: 0.220  T: 0.281
Watterson's estimator of heterozygosity: 0.0064
--

Parameters optimization took 4 rounds (16.8514 sec)
Computing ML distances based on estimated model parameters...
Computing ML distances took 0.071348 sec (of wall-clock time) 0.284438 sec(of CPU time)
Computing RapidNJ tree took 0.000131 sec (of wall-clock time) 0.000319 sec (of CPU time)
Log-likelihood of RapidNJ tree: -22956.506
--------------------------------------------------------------------
|             INITIALIZING CANDIDATE TREE SET                      |
--------------------------------------------------------------------
Generating 98 parsimony trees... 0.039 second
Computing log-likelihood of 97 initial trees ... 31.657 seconds
Current best score: -22956.506

Do NNI search on 20 best initial trees
Estimate model parameters (epsilon = 0.100)
BETTER TREE FOUND at iteration 1: -22895.526
Iteration 10 / LogL: -22895.551 / Time: 0h:2m:17s
Iteration 20 / LogL: -22908.681 / Time: 0h:3m:21s
Finish initializing candidate tree set (4)
Current best tree score: -22895.526 / CPU time: 183.037
Number of iterations: 20
--------------------------------------------------------------------
|               OPTIMIZING CANDIDATE TREE SET                      |
--------------------------------------------------------------------
Iteration 30 / LogL: -22895.578 / Time: 0h:4m:0s (0h:9m:49s left)
Iteration 40 / LogL: -22900.783 / Time: 0h:4m:28s (0h:6m:59s left)
WARNING: NNI search needs unusual large number of steps (9) to converge!
WARNING: NNI search needs unusual large number of steps (9) to converge!
Iteration 50 / LogL: -22895.545 / Time: 0h:5m:30s (0h:5m:44s left)
Iteration 60 / LogL: -22900.693 / Time: 0h:6m:6s (0h:4m:14s left)
Iteration 70 / LogL: -22896.793 / Time: 0h:6m:50s (0h:3m:4s left)
UPDATE BEST LOG-LIKELIHOOD: -22895.526
Iteration 80 / LogL: -22899.535 / Time: 0h:7m:34s (0h:2m:0s left)
Iteration 90 / LogL: -22923.756 / Time: 0h:8m:21s (0h:1m:1s left)
Iteration 100 / LogL: -22895.818 / Time: 0h:8m:56s (0h:0m:5s left)
TREE SEARCH COMPLETED AFTER 102 ITERATIONS / Time: 0h:9m:0s

--------------------------------------------------------------------
|                    FINALIZING TREE SEARCH                        |
--------------------------------------------------------------------
Performs final model parameters optimization
Estimate model parameters (epsilon = 0.010)
1. Initial log-likelihood: -22895.526
Optimal log-likelihood: -22895.526
PoMo with N=15 and HKY (Hasegawa, Kishino and Yano, 1985) mutation model; Sampling method: Weighted binomial; 88 states in total;

--
Model parameters.
Mutation    rates:  A-C: 0.00228  A-G: 0.00438  A-T: 0.00294  C-G: 0.00231  C-T: 0.00558  G-T: 0.00294
Exchangeabilities:  A-C: 0.01048  A-G: 0.01988  A-T: 0.01048  C-G: 0.01048  C-T: 0.01988  G-T: 0.01048
Base frequencies:  A: 0.281  C: 0.218  G: 0.220  T: 0.281
Estimated heterozygosity: 0.0098
A slight overestimation is expected and an effect of weighted binomial sampling; see manual.
--
Empirical quantities.
Base frequencies:  A: 0.281  C: 0.218  G: 0.220  T: 0.281
Watterson's estimator of heterozygosity: 0.0064
--

Parameters optimization took 1 rounds (2.5925 sec)
BEST SCORE FOUND : -22895.5258
Total tree length: 0.9402

Total number of iterations: 102
CPU time used for tree search: 2069.1345 sec (0h:34m:29s)
Wall-clock time used for tree search: 522.1680 sec (0h:8m:42s)
Total CPU time used: 2153.5962 sec (0h:35m:53s)
Total wall-clock time used: 543.4501 sec (0h:9m:3s)

Analysis results written to: 
  IQ-TREE report:                fruit_flies_10000.cf.HKY+F+P+N15.iqtree
  Maximum-likelihood tree:       fruit_flies_10000.cf.HKY+F+P+N15.treefile
  Likelihood distances:          fruit_flies_10000.cf.HKY+F+P+N15.mldist
  Screen log file:               fruit_flies_10000.cf.HKY+F+P+N15.log

Date and Time: Thu Feb 11 15:39:41 2021
