IQ-TREE multicore version 2.1.2 COVID-edition for Linux 64-bit built Oct 22 2020
Developed by Bui Quang Minh, James Barbetti, Nguyen Lam Tung,
Olga Chernomor, Heiko Schmidt, Dominik Schrempf, Michael Woodhams.

Host:    meganeura (AVX2, FMA3, 31 GB RAM)
Command: iqtree2 -nt 4 -redo -s ../data/fruit_flies_10000.cf -m HKY+F+P+N03+G4 -pre fruit_flies_10000.cf.HKY+F+P+N03+G4
Seed:    292585 (Using SPRNG - Scalable Parallel Random Number Generator)
Time:    Thu Feb 11 15:21:15 2021
Kernel:  AVX+FMA - 4 threads (16 CPU cores detected)

Reading alignment file ../data/fruit_flies_10000.cf ... Counts format (PoMo) detected

----------------------------------------------------------------------
Number of populations:     9
Number of sites:           10000
---
Normal sites:              10000
Sites with unknown states: 0
Total sites read:          10000
Fails:                     0
---
Compound states:           1346
----------------------------------------------------------------------

The average number of samples is 18.998
Alignment has 9 sequences with 10000 columns, 7463 distinct patterns
0 parsimony-informative, 302 singleton sites, 9698 constant sites
NOTE: The composition test for PoMo only tests the proportion of fixed states!
     Gap/Ambiguity  Composition  p-value
   1  NTH    0.00%    passed     99.98%
   2  EG     0.00%    passed     99.93%
   3  FR     0.00%    passed     99.94%
   4  GA     0.00%    passed     99.98%
   5  GU     0.00%    passed     99.73%
   6  EF     0.00%    passed     99.87%
   7  KN     0.00%    passed     99.91%
   8  SB     0.00%    passed     99.92%
   9  SP     0.00%    passed     99.51%
****  TOTAL    0.00%  0 sequences failed composition chi2 test (p-value<5%; df=3)
NOTE: minimal branch length is increased to 0.000009000000 because PoMo infers number of mutations and frequency shifts
NOTE: maximal branch length is increased to 90.0 because PoMo infers number of mutations and frequency shifts
Creating fast initial parsimony tree by random order stepwise addition...
0.001 seconds, parsimony score: 29 (based on 302 sites)

NOTE: 34 MB RAM (0 GB) is required!
Estimate model parameters (epsilon = 0.100)
1. Initial log-likelihood: -29682.436
Gamma shape alpha: 78.311
2. Current log-likelihood: -28261.200
Gamma shape alpha: 78.314
3. Current log-likelihood: -28239.309
Gamma shape alpha: 78.316
4. Current log-likelihood: -28236.975
Gamma shape alpha: 78.318
5. Current log-likelihood: -28236.778
Gamma shape alpha: 78.320
Optimal log-likelihood: -28236.760
PoMo with N=3 and HKY (Hasegawa, Kishino and Yano, 1985) mutation model; Sampling method: Weighted binomial; 16 states in total;Gamma with 4 categories

--
Model parameters.
Mutation    rates:  A-C: 0.00397  A-G: 0.00888  A-T: 0.00512  C-G: 0.00401  C-T: 0.01132  G-T: 0.00512
Exchangeabilities:  A-C: 0.01821  A-G: 0.04031  A-T: 0.01821  C-G: 0.01821  C-T: 0.04031  G-T: 0.01821
Base frequencies:  A: 0.281  C: 0.218  G: 0.220  T: 0.281
Estimated heterozygosity: 0.0185
A slight overestimation is expected and an effect of weighted binomial sampling; see manual.
--
Empirical quantities.
Base frequencies:  A: 0.281  C: 0.218  G: 0.220  T: 0.281
Watterson's estimator of heterozygosity: 0.0064
--

Model of rate heterogeneity: Gamma with 4 categories
Gamma shape alpha: 78.3201

 Category  Relative_rate  Proportion
  1         0.8602         0.2500
  2         0.9598         0.2500
  3         1.0330         0.2500
  4         1.1470         0.2500
Relative rates are computed as MEAN of the portion of the Gamma distribution falling in the category.

Parameters optimization took 5 rounds (3.6691 sec)
Computing ML distances based on estimated model parameters...
Computing ML distances took 0.003349 sec (of wall-clock time) 0.012041 sec(of CPU time)
Computing RapidNJ tree took 0.000072 sec (of wall-clock time) 0.000131 sec (of CPU time)
Log-likelihood of RapidNJ tree: -28198.362
--------------------------------------------------------------------
|             INITIALIZING CANDIDATE TREE SET                      |
--------------------------------------------------------------------
Generating 98 parsimony trees... 0.019 second
Computing log-likelihood of 96 initial trees ... 6.313 seconds
Current best score: -28198.362

Do NNI search on 20 best initial trees
Estimate model parameters (epsilon = 0.100)
Gamma shape alpha: 78.323
BETTER TREE FOUND at iteration 1: -28195.249
Iteration 10 / LogL: -28195.266 / Time: 0h:0m:18s
Iteration 20 / LogL: -28197.908 / Time: 0h:0m:28s
Finish initializing candidate tree set (2)
Current best tree score: -28195.249 / CPU time: 24.214
Number of iterations: 20
--------------------------------------------------------------------
|               OPTIMIZING CANDIDATE TREE SET                      |
--------------------------------------------------------------------
Iteration 30 / LogL: -28197.886 / Time: 0h:0m:35s (0h:1m:25s left)
Iteration 40 / LogL: -28195.271 / Time: 0h:0m:42s (0h:1m:6s left)
Iteration 50 / LogL: -28195.262 / Time: 0h:0m:49s (0h:0m:51s left)
Iteration 60 / LogL: -28231.752 / Time: 0h:0m:56s (0h:0m:39s left)
Iteration 70 / LogL: -28197.895 / Time: 0h:1m:2s (0h:0m:28s left)
Iteration 80 / LogL: -28195.267 / Time: 0h:1m:10s (0h:0m:18s left)
UPDATE BEST LOG-LIKELIHOOD: -28195.249
Iteration 90 / LogL: -28197.883 / Time: 0h:1m:17s (0h:0m:9s left)
Iteration 100 / LogL: -28195.251 / Time: 0h:1m:24s (0h:0m:0s left)
TREE SEARCH COMPLETED AFTER 102 ITERATIONS / Time: 0h:1m:26s

--------------------------------------------------------------------
|                    FINALIZING TREE SEARCH                        |
--------------------------------------------------------------------
Performs final model parameters optimization
Estimate model parameters (epsilon = 0.010)
1. Initial log-likelihood: -28195.249
Gamma shape alpha: 78.325
Optimal log-likelihood: -28195.247
PoMo with N=3 and HKY (Hasegawa, Kishino and Yano, 1985) mutation model; Sampling method: Weighted binomial; 16 states in total;Gamma with 4 categories

--
Model parameters.
Mutation    rates:  A-C: 0.00397  A-G: 0.00903  A-T: 0.00512  C-G: 0.00401  C-T: 0.01151  G-T: 0.00512
Exchangeabilities:  A-C: 0.01822  A-G: 0.04099  A-T: 0.01822  C-G: 0.01822  C-T: 0.04099  G-T: 0.01822
Base frequencies:  A: 0.281  C: 0.218  G: 0.220  T: 0.281
Estimated heterozygosity: 0.0187
A slight overestimation is expected and an effect of weighted binomial sampling; see manual.
--
Empirical quantities.
Base frequencies:  A: 0.281  C: 0.218  G: 0.220  T: 0.281
Watterson's estimator of heterozygosity: 0.0064
--

Model of rate heterogeneity: Gamma with 4 categories
Gamma shape alpha: 78.3253

 Category  Relative_rate  Proportion
  1         0.8603         0.2500
  2         0.9598         0.2500
  3         1.0330         0.2500
  4         1.1470         0.2500
Relative rates are computed as MEAN of the portion of the Gamma distribution falling in the category.

Parameters optimization took 1 rounds (0.7920 sec)
BEST SCORE FOUND : -28195.2472
Total tree length: 0.1407

Total number of iterations: 102
CPU time used for tree search: 325.7291 sec (0h:5m:25s)
Wall-clock time used for tree search: 82.2258 sec (0h:1m:22s)
Total CPU time used: 344.4933 sec (0h:5m:44s)
Total wall-clock time used: 86.9475 sec (0h:1m:26s)

Analysis results written to: 
  IQ-TREE report:                fruit_flies_10000.cf.HKY+F+P+N03+G4.iqtree
  Maximum-likelihood tree:       fruit_flies_10000.cf.HKY+F+P+N03+G4.treefile
  Likelihood distances:          fruit_flies_10000.cf.HKY+F+P+N03+G4.mldist
  Screen log file:               fruit_flies_10000.cf.HKY+F+P+N03+G4.log

Date and Time: Thu Feb 11 15:22:42 2021
