IQ-TREE multicore version 2.1.2 COVID-edition for Linux 64-bit built Oct 22 2020
Developed by Bui Quang Minh, James Barbetti, Nguyen Lam Tung,
Olga Chernomor, Heiko Schmidt, Dominik Schrempf, Michael Woodhams.

Host:    meganeura (AVX2, FMA3, 31 GB RAM)
Command: iqtree2 -nt 4 -redo -s ../data/fruit_flies_10000.cf -m HKY+F+P+N07+G4 -pre fruit_flies_10000.cf.HKY+F+P+N07+G4
Seed:    700152 (Using SPRNG - Scalable Parallel Random Number Generator)
Time:    Thu Feb 11 15:25:46 2021
Kernel:  AVX+FMA - 4 threads (16 CPU cores detected)

Reading alignment file ../data/fruit_flies_10000.cf ... Counts format (PoMo) detected

----------------------------------------------------------------------
Number of populations:     9
Number of sites:           10000
---
Normal sites:              10000
Sites with unknown states: 0
Total sites read:          10000
Fails:                     0
---
Compound states:           1346
----------------------------------------------------------------------

The average number of samples is 18.998
Alignment has 9 sequences with 10000 columns, 7463 distinct patterns
0 parsimony-informative, 444 singleton sites, 9556 constant sites
NOTE: The composition test for PoMo only tests the proportion of fixed states!
     Gap/Ambiguity  Composition  p-value
   1  NTH    0.00%    passed    100.00%
   2  EG     0.00%    passed     99.95%
   3  FR     0.00%    passed     99.55%
   4  GA     0.00%    passed     99.42%
   5  GU     0.00%    passed     99.64%
   6  EF     0.00%    passed     99.90%
   7  KN     0.00%    passed     99.99%
   8  SB     0.00%    passed     99.94%
   9  SP     0.00%    passed     99.49%
****  TOTAL    0.00%  0 sequences failed composition chi2 test (p-value<5%; df=3)
NOTE: minimal branch length is increased to 0.000049000000 because PoMo infers number of mutations and frequency shifts
NOTE: maximal branch length is increased to 490.0 because PoMo infers number of mutations and frequency shifts
Creating fast initial parsimony tree by random order stepwise addition...
0.001 seconds, parsimony score: 29 (based on 444 sites)

NOTE: 84 MB RAM (0 GB) is required!
Estimate model parameters (epsilon = 0.100)
1. Initial log-likelihood: -27062.845
Gamma shape alpha: 51.515
2. Current log-likelihood: -23839.051
Gamma shape alpha: 51.518
3. Current log-likelihood: -23819.468
Gamma shape alpha: 51.523
4. Current log-likelihood: -23819.194
Gamma shape alpha: 51.526
Optimal log-likelihood: -23819.165
PoMo with N=7 and HKY (Hasegawa, Kishino and Yano, 1985) mutation model; Sampling method: Weighted binomial; 40 states in total;Gamma with 4 categories

--
Model parameters.
Mutation    rates:  A-C: 0.00278  A-G: 0.00629  A-T: 0.00359  C-G: 0.00281  C-T: 0.00802  G-T: 0.00359
Exchangeabilities:  A-C: 0.01277  A-G: 0.02855  A-T: 0.01277  C-G: 0.01277  C-T: 0.02855  G-T: 0.01277
Base frequencies:  A: 0.281  C: 0.218  G: 0.220  T: 0.281
Estimated heterozygosity: 0.0130
A slight overestimation is expected and an effect of weighted binomial sampling; see manual.
--
Empirical quantities.
Base frequencies:  A: 0.281  C: 0.218  G: 0.220  T: 0.281
Watterson's estimator of heterozygosity: 0.0064
--

Model of rate heterogeneity: Gamma with 4 categories
Gamma shape alpha: 51.5264

 Category  Relative_rate  Proportion
  1         0.8289         0.2500
  2         0.9494         0.2500
  3         1.0395         0.2500
  4         1.1822         0.2500
Relative rates are computed as MEAN of the portion of the Gamma distribution falling in the category.

Parameters optimization took 4 rounds (15.4850 sec)
Computing ML distances based on estimated model parameters...
Computing ML distances took 0.009246 sec (of wall-clock time) 0.036948 sec(of CPU time)
Computing RapidNJ tree took 0.001510 sec (of wall-clock time) 0.005990 sec (of CPU time)
Log-likelihood of RapidNJ tree: -23782.289
--------------------------------------------------------------------
|             INITIALIZING CANDIDATE TREE SET                      |
--------------------------------------------------------------------
Generating 98 parsimony trees... 0.025 second
Computing log-likelihood of 94 initial trees ... 29.282 seconds
Current best score: -23782.289

Do NNI search on 20 best initial trees
Estimate model parameters (epsilon = 0.100)
Gamma shape alpha: 51.533
BETTER TREE FOUND at iteration 1: -23778.586
PoMo with N=7 and HKY (Hasegawa, Kishino and Yano, 1985) mutation model; Sampling method: Weighted binomial; 40 states in total;Gamma with 4 categories

--
Model parameters.
Mutation    rates:  A-C: 0.00281  A-G: 0.00632  A-T: 0.00363  C-G: 0.00285  C-T: 0.00805  G-T: 0.00363
Exchangeabilities:  A-C: 0.01293  A-G: 0.02868  A-T: 0.01293  C-G: 0.01293  C-T: 0.02868  G-T: 0.01293
Base frequencies:  A: 0.281  C: 0.218  G: 0.220  T: 0.281
Estimated heterozygosity: 0.0131
A slight overestimation is expected and an effect of weighted binomial sampling; see manual.
--
Empirical quantities.
Base frequencies:  A: 0.281  C: 0.218  G: 0.220  T: 0.281
Watterson's estimator of heterozygosity: 0.0064
--

Model of rate heterogeneity: Gamma with 4 categories
Gamma shape alpha: 51.5330

 Category  Relative_rate  Proportion
  1         0.8289         0.2500
  2         0.9494         0.2500
  3         1.0395         0.2500
  4         1.1822         0.2500
Relative rates are computed as MEAN of the portion of the Gamma distribution falling in the category.

WARNING: Numerical underflow for lh-derivative
PoMo with N=7 and HKY (Hasegawa, Kishino and Yano, 1985) mutation model; Sampling method: Weighted binomial; 40 states in total;Gamma with 4 categories

--
Model parameters.
Mutation    rates:  A-C: 0.00281  A-G: 0.00632  A-T: 0.00363  C-G: 0.00285  C-T: 0.00805  G-T: 0.00363
Exchangeabilities:  A-C: 0.01293  A-G: 0.02868  A-T: 0.01293  C-G: 0.01293  C-T: 0.02868  G-T: 0.01293
Base frequencies:  A: 0.281  C: 0.218  G: 0.220  T: 0.281
Estimated heterozygosity: 0.0131
A slight overestimation is expected and an effect of weighted binomial sampling; see manual.
--
Empirical quantities.
Base frequencies:  A: 0.281  C: 0.218  G: 0.220  T: 0.281
Watterson's estimator of heterozygosity: 0.0064
--

Model of rate heterogeneity: Gamma with 4 categories
Gamma shape alpha: 51.5330

 Category  Relative_rate  Proportion
  1         0.8289         0.2500
  2         0.9494         0.2500
  3         1.0395         0.2500
  4         1.1822         0.2500
Relative rates are computed as MEAN of the portion of the Gamma distribution falling in the category.

WARNING: Numerical underflow for lh-derivative
Iteration 10 / LogL: -23784.7371 / Time: 0h:1m:34s
PoMo with N=7 and HKY (Hasegawa, Kishino and Yano, 1985) mutation model; Sampling method: Weighted binomial; 40 states in total;Gamma with 4 categories

--
Model parameters.
Mutation    rates:  A-C: 0.00281  A-G: 0.00632  A-T: 0.00363  C-G: 0.00285  C-T: 0.00805  G-T: 0.00363
Exchangeabilities:  A-C: 0.01293  A-G: 0.02868  A-T: 0.01293  C-G: 0.01293  C-T: 0.02868  G-T: 0.01293
Base frequencies:  A: 0.281  C: 0.218  G: 0.220  T: 0.281
Estimated heterozygosity: 0.0131
A slight overestimation is expected and an effect of weighted binomial sampling; see manual.
--
Empirical quantities.
Base frequencies:  A: 0.281  C: 0.218  G: 0.220  T: 0.281
Watterson's estimator of heterozygosity: 0.0064
--

Model of rate heterogeneity: Gamma with 4 categories
Gamma shape alpha: 51.5330

 Category  Relative_rate  Proportion
  1         0.8289         0.2500
  2         0.9494         0.2500
  3         1.0395         0.2500
  4         1.1822         0.2500
Relative rates are computed as MEAN of the portion of the Gamma distribution falling in the category.

WARNING: Numerical underflow for lh-derivative
PoMo with N=7 and HKY (Hasegawa, Kishino and Yano, 1985) mutation model; Sampling method: Weighted binomial; 40 states in total;Gamma with 4 categories

--
Model parameters.
Mutation    rates:  A-C: 0.00281  A-G: 0.00632  A-T: 0.00363  C-G: 0.00285  C-T: 0.00805  G-T: 0.00363
Exchangeabilities:  A-C: 0.01293  A-G: 0.02868  A-T: 0.01293  C-G: 0.01293  C-T: 0.02868  G-T: 0.01293
Base frequencies:  A: 0.281  C: 0.218  G: 0.220  T: 0.281
Estimated heterozygosity: 0.0131
A slight overestimation is expected and an effect of weighted binomial sampling; see manual.
--
Empirical quantities.
Base frequencies:  A: 0.281  C: 0.218  G: 0.220  T: 0.281
Watterson's estimator of heterozygosity: 0.0064
--

Model of rate heterogeneity: Gamma with 4 categories
Gamma shape alpha: 51.5330

 Category  Relative_rate  Proportion
  1         0.8289         0.2500
  2         0.9494         0.2500
  3         1.0395         0.2500
  4         1.1822         0.2500
Relative rates are computed as MEAN of the portion of the Gamma distribution falling in the category.

WARNING: Numerical underflow for lh-derivative
Iteration 20 / LogL: -23785.1090 / Time: 0h:2m:27s
Finish initializing candidate tree set (7)
Current best tree score: -23778.5862 / CPU time: 130.1741
Number of iterations: 20
--------------------------------------------------------------------
|               OPTIMIZING CANDIDATE TREE SET                      |
--------------------------------------------------------------------
Iteration 30 / LogL: -23778.6071 / Time: 0h:3m:18s (0h:8m:6s left)
Iteration 40 / LogL: -23822.7696 / Time: 0h:3m:56s (0h:6m:10s left)
Iteration 50 / LogL: -23784.7269 / Time: 0h:4m:30s (0h:4m:41s left)
Iteration 60 / LogL: -23778.6176 / Time: 0h:5m:7s (0h:3m:33s left)
UPDATE BEST LOG-LIKELIHOOD: -23778.5861
Iteration 70 / LogL: -23778.6267 / Time: 0h:5m:37s (0h:2m:31s left)
Iteration 80 / LogL: -23789.7773 / Time: 0h:6m:8s (0h:1m:38s left)
Iteration 90 / LogL: -23790.2744 / Time: 0h:6m:41s (0h:0m:49s left)
Iteration 100 / LogL: -23784.7459 / Time: 0h:7m:11s (0h:0m:4s left)
TREE SEARCH COMPLETED AFTER 102 ITERATIONS / Time: 0h:7m:15s

--------------------------------------------------------------------
|                    FINALIZING TREE SEARCH                        |
--------------------------------------------------------------------
Performs final model parameters optimization
Estimate model parameters (epsilon = 0.0100)
1. Initial log-likelihood: -23778.5861
Gamma shape alpha: 51.5405
Optimal log-likelihood: -23778.5828
PoMo with N=7 and HKY (Hasegawa, Kishino and Yano, 1985) mutation model; Sampling method: Weighted binomial; 40 states in total;Gamma with 4 categories

--
Model parameters.
Mutation    rates:  A-C: 0.00282  A-G: 0.00634  A-T: 0.00364  C-G: 0.00286  C-T: 0.00808  G-T: 0.00364
Exchangeabilities:  A-C: 0.01296  A-G: 0.02876  A-T: 0.01296  C-G: 0.01296  C-T: 0.02876  G-T: 0.01296
Base frequencies:  A: 0.281  C: 0.218  G: 0.220  T: 0.281
Estimated heterozygosity: 0.0131
A slight overestimation is expected and an effect of weighted binomial sampling; see manual.
--
Empirical quantities.
Base frequencies:  A: 0.281  C: 0.218  G: 0.220  T: 0.281
Watterson's estimator of heterozygosity: 0.0064
--

Model of rate heterogeneity: Gamma with 4 categories
Gamma shape alpha: 51.5405

 Category  Relative_rate  Proportion
  1         0.8289         0.2500
  2         0.9494         0.2500
  3         1.0395         0.2500
  4         1.1822         0.2500
Relative rates are computed as MEAN of the portion of the Gamma distribution falling in the category.

Parameters optimization took 1 rounds (2.9434 sec)
BEST SCORE FOUND : -23778.5828
Total tree length: 0.3267

Total number of iterations: 102
CPU time used for tree search: 1663.5123 sec (0h:27m:43s)
Wall-clock time used for tree search: 418.9615 sec (0h:6m:58s)
Total CPU time used: 1742.0341 sec (0h:29m:2s)
Total wall-clock time used: 438.7414 sec (0h:7m:18s)

Analysis results written to: 
  IQ-TREE report:                fruit_flies_10000.cf.HKY+F+P+N07+G4.iqtree
  Maximum-likelihood tree:       fruit_flies_10000.cf.HKY+F+P+N07+G4.treefile
  Likelihood distances:          fruit_flies_10000.cf.HKY+F+P+N07+G4.mldist
  Screen log file:               fruit_flies_10000.cf.HKY+F+P+N07+G4.log

Date and Time: Thu Feb 11 15:33:05 2021
