IQ-TREE multicore version 2.1.2 COVID-edition for Linux 64-bit built Oct 22 2020
Developed by Bui Quang Minh, James Barbetti, Nguyen Lam Tung,
Olga Chernomor, Heiko Schmidt, Dominik Schrempf, Michael Woodhams.

Host:    meganeura (AVX2, FMA3, 31 GB RAM)
Command: iqtree2 -nt 4 -redo -s ../data/fruit_flies_1000.cf -m HKY+F+P+N07+G4 -B 1000 -pre fruit_flies_1000.cf.HKY+F+P+N07+G4.ufboot
Seed:    800445 (Using SPRNG - Scalable Parallel Random Number Generator)
Time:    Thu Feb 11 16:10:35 2021
Kernel:  AVX+FMA - 4 threads (16 CPU cores detected)

Reading alignment file ../data/fruit_flies_1000.cf ... Counts format (PoMo) detected

----------------------------------------------------------------------
Number of populations:     9
Number of sites:           1000
---
Normal sites:              1000
Sites with unknown states: 0
Total sites read:          1000
Fails:                     0
---
Compound states:           446
----------------------------------------------------------------------

The average number of samples is 18.989
Alignment has 9 sequences with 1000 columns, 949 distinct patterns
0 parsimony-informative, 43 singleton sites, 957 constant sites
NOTE: The composition test for PoMo only tests the proportion of fixed states!
     Gap/Ambiguity  Composition  p-value
   1  NTH    0.00%    passed     99.96%
   2  EG     0.00%    passed     99.83%
   3  FR     0.00%    passed     99.98%
   4  GA     0.00%    passed     99.95%
   5  GU     0.00%    passed     99.89%
   6  EF     0.00%    passed     99.84%
   7  KN     0.00%    passed     99.81%
   8  SB     0.00%    passed     99.87%
   9  SP     0.00%    passed    100.00%
****  TOTAL    0.00%  0 sequences failed composition chi2 test (p-value<5%; df=3)
NOTE: minimal branch length is increased to 0.000049000000 because PoMo infers number of mutations and frequency shifts
NOTE: maximal branch length is increased to 490.0 because PoMo infers number of mutations and frequency shifts
Creating fast initial parsimony tree by random order stepwise addition...
0.000 seconds, parsimony score: 2 (based on 43 sites)
Generating 1000 samples for ultrafast bootstrap (seed: 800445)...

NOTE: 15 MB RAM (0 GB) is required!
Estimate model parameters (epsilon = 0.100)
1. Initial log-likelihood: -2636.692
Gamma shape alpha: 5.998
2. Current log-likelihood: -2290.090
Gamma shape alpha: 9.655
3. Current log-likelihood: -2288.702
Gamma shape alpha: 9.674
Optimal log-likelihood: -2288.679
PoMo with N=7 and HKY (Hasegawa, Kishino and Yano, 1985) mutation model; Sampling method: Weighted binomial; 40 states in total;Gamma with 4 categories

--
Model parameters.
Mutation    rates:  A-C: 0.00286  A-G: 0.00477  A-T: 0.00429  C-G: 0.00297  C-T: 0.00688  G-T: 0.00429
Exchangeabilities:  A-C: 0.01419  A-G: 0.02279  A-T: 0.01419  C-G: 0.01419  C-T: 0.02279  G-T: 0.01419
Base frequencies:  A: 0.287  C: 0.202  G: 0.209  T: 0.302
Estimated heterozygosity: 0.0122
A slight overestimation is expected and an effect of weighted binomial sampling; see manual.
--
Empirical quantities.
Base frequencies:  A: 0.287  C: 0.202  G: 0.209  T: 0.302
Watterson's estimator of heterozygosity: 0.0065
--

Model of rate heterogeneity: Gamma with 4 categories
Gamma shape alpha: 9.6737

 Category  Relative_rate  Proportion
  1         0.6260         0.2500
  2         0.8683         0.2500
  3         1.0730         0.2500
  4         1.4327         0.2500
Relative rates are computed as MEAN of the portion of the Gamma distribution falling in the category.

Parameters optimization took 3 rounds (2.5300 sec)
Computing ML distances based on estimated model parameters...
Computing ML distances took 0.005953 sec (of wall-clock time) 0.023817 sec(of CPU time)
Computing RapidNJ tree took 0.000855 sec (of wall-clock time) 0.003326 sec (of CPU time)
Log-likelihood of RapidNJ tree: -2278.025
--------------------------------------------------------------------
|             INITIALIZING CANDIDATE TREE SET                      |
--------------------------------------------------------------------
Generating 98 parsimony trees... 0.013 second
Computing log-likelihood of 98 initial trees ... 4.459 seconds
Current best score: -2278.025

Do NNI search on 20 best initial trees
Estimate model parameters (epsilon = 0.100)
Gamma shape alpha: 23.028
Gamma shape alpha: 23.035
BETTER TREE FOUND at iteration 1: -2270.258
UPDATE BEST LOG-LIKELIHOOD: -2270.258
Iteration 10 / LogL: -2270.258 / Time: 0h:0m:18s
WARNING: NNI search needs unusual large number of steps (9) to converge!
WARNING: NNI search needs unusual large number of steps (9) to converge!
Iteration 20 / LogL: -2270.259 / Time: 0h:0m:29s
Finish initializing candidate tree set (2)
Current best tree score: -2270.258 / CPU time: 26.742
Number of iterations: 20
--------------------------------------------------------------------
|               OPTIMIZING CANDIDATE TREE SET                      |
--------------------------------------------------------------------
UPDATE BEST LOG-LIKELIHOOD: -2270.257
Iteration 30 / LogL: -2270.291 / Time: 0h:0m:34s (0h:1m:23s left)
UPDATE BEST LOG-LIKELIHOOD: -2270.257
Iteration 40 / LogL: -2270.257 / Time: 0h:0m:38s (0h:1m:0s left)
Iteration 50 / LogL: -2270.261 / Time: 0h:0m:44s (0h:0m:46s left)
Log-likelihood cutoff on original alignment: -2293.759
Iteration 60 / LogL: -2270.258 / Time: 0h:0m:49s (0h:0m:34s left)
Iteration 70 / LogL: -2270.291 / Time: 0h:0m:54s (0h:0m:24s left)
Iteration 80 / LogL: -2270.260 / Time: 0h:1m:0s (0h:0m:16s left)
Iteration 90 / LogL: -2270.258 / Time: 0h:1m:6s (0h:0m:8s left)
Iteration 100 / LogL: -2270.259 / Time: 0h:1m:10s (0h:0m:0s left)
Log-likelihood cutoff on original alignment: -2293.759
NOTE: Bootstrap correlation coefficient of split occurrence frequencies: 0.999
TREE SEARCH COMPLETED AFTER 102 ITERATIONS / Time: 0h:1m:11s

--------------------------------------------------------------------
|                    FINALIZING TREE SEARCH                        |
--------------------------------------------------------------------
Performs final model parameters optimization
Estimate model parameters (epsilon = 0.010)
1. Initial log-likelihood: -2270.257
Gamma shape alpha: 23.042
Optimal log-likelihood: -2270.257
PoMo with N=7 and HKY (Hasegawa, Kishino and Yano, 1985) mutation model; Sampling method: Weighted binomial; 40 states in total;Gamma with 4 categories

--
Model parameters.
Mutation    rates:  A-C: 0.00298  A-G: 0.00498  A-T: 0.00446  C-G: 0.00309  C-T: 0.00720  G-T: 0.00446
Exchangeabilities:  A-C: 0.01475  A-G: 0.02383  A-T: 0.01475  C-G: 0.01475  C-T: 0.02383  G-T: 0.01475
Base frequencies:  A: 0.287  C: 0.202  G: 0.209  T: 0.302
Estimated heterozygosity: 0.0127
A slight overestimation is expected and an effect of weighted binomial sampling; see manual.
--
Empirical quantities.
Base frequencies:  A: 0.287  C: 0.202  G: 0.209  T: 0.302
Watterson's estimator of heterozygosity: 0.0065
--

Model of rate heterogeneity: Gamma with 4 categories
Gamma shape alpha: 23.0421

 Category  Relative_rate  Proportion
  1         0.7490         0.2500
  2         0.9206         0.2500
  3         1.0547         0.2500
  4         1.2757         0.2500
Relative rates are computed as MEAN of the portion of the Gamma distribution falling in the category.

Parameters optimization took 1 rounds (0.4110 sec)
BEST SCORE FOUND : -2270.2573
Creating bootstrap support values...
Split supports printed to NEXUS file fruit_flies_1000.cf.HKY+F+P+N07+G4.ufboot.splits.nex
Total tree length: 0.2357

Total number of iterations: 102
CPU time used for tree search: 272.5653 sec (0h:4m:32s)
Wall-clock time used for tree search: 69.0162 sec (0h:1m:9s)
Total CPU time used: 285.2310 sec (0h:4m:45s)
Total wall-clock time used: 72.2137 sec (0h:1m:12s)

Computing bootstrap consensus tree...
Reading input file fruit_flies_1000.cf.HKY+F+P+N07+G4.ufboot.splits.nex...
9 taxa and 129 splits.
Consensus tree written to fruit_flies_1000.cf.HKY+F+P+N07+G4.ufboot.contree
Reading input trees file fruit_flies_1000.cf.HKY+F+P+N07+G4.ufboot.contree
Log-likelihood of consensus tree: -2270.2913

Analysis results written to: 
  IQ-TREE report:                fruit_flies_1000.cf.HKY+F+P+N07+G4.ufboot.iqtree
  Maximum-likelihood tree:       fruit_flies_1000.cf.HKY+F+P+N07+G4.ufboot.treefile
  Likelihood distances:          fruit_flies_1000.cf.HKY+F+P+N07+G4.ufboot.mldist

Ultrafast bootstrap approximation results written to:
  Split support values:          fruit_flies_1000.cf.HKY+F+P+N07+G4.ufboot.splits.nex
  Consensus tree:                fruit_flies_1000.cf.HKY+F+P+N07+G4.ufboot.contree
  Screen log file:               fruit_flies_1000.cf.HKY+F+P+N07+G4.ufboot.log

Date and Time: Thu Feb 11 16:11:48 2021
