IQ-TREE multicore version 2.1.2 COVID-edition for Linux 64-bit built Oct 22 2020
Developed by Bui Quang Minh, James Barbetti, Nguyen Lam Tung,
Olga Chernomor, Heiko Schmidt, Dominik Schrempf, Michael Woodhams.

Host:    meganeura (AVX2, FMA3, 31 GB RAM)
Command: iqtree2 -nt 4 -redo -s ../data/fruit_flies_10000.cf -m HKY+F+P+N07 -pre fruit_flies_10000.cf.HKY+F+P+N07
Seed:    223815 (Using SPRNG - Scalable Parallel Random Number Generator)
Time:    Thu Feb 11 15:24:00 2021
Kernel:  AVX+FMA - 4 threads (16 CPU cores detected)

Reading alignment file ../data/fruit_flies_10000.cf ... Counts format (PoMo) detected

----------------------------------------------------------------------
Number of populations:     9
Number of sites:           10000
---
Normal sites:              10000
Sites with unknown states: 0
Total sites read:          10000
Fails:                     0
---
Compound states:           1346
----------------------------------------------------------------------

The average number of samples is 18.998
Alignment has 9 sequences with 10000 columns, 7463 distinct patterns
0 parsimony-informative, 444 singleton sites, 9556 constant sites
NOTE: The composition test for PoMo only tests the proportion of fixed states!
     Gap/Ambiguity  Composition  p-value
   1  NTH    0.00%    passed    100.00%
   2  EG     0.00%    passed     99.95%
   3  FR     0.00%    passed     99.55%
   4  GA     0.00%    passed     99.42%
   5  GU     0.00%    passed     99.64%
   6  EF     0.00%    passed     99.90%
   7  KN     0.00%    passed     99.99%
   8  SB     0.00%    passed     99.94%
   9  SP     0.00%    passed     99.49%
****  TOTAL    0.00%  0 sequences failed composition chi2 test (p-value<5%; df=3)
NOTE: minimal branch length is increased to 0.000049000000 because PoMo infers number of mutations and frequency shifts
NOTE: maximal branch length is increased to 490.0 because PoMo infers number of mutations and frequency shifts
Creating fast initial parsimony tree by random order stepwise addition...
0.002 seconds, parsimony score: 29 (based on 444 sites)

NOTE: 21 MB RAM (0 GB) is required!
Estimate model parameters (epsilon = 0.100)
1. Initial log-likelihood: -29136.422
2. Current log-likelihood: -23904.553
3. Current log-likelihood: -23860.623
4. Current log-likelihood: -23857.547
5. Current log-likelihood: -23857.183
Optimal log-likelihood: -23857.142
PoMo with N=7 and HKY (Hasegawa, Kishino and Yano, 1985) mutation model; Sampling method: Weighted binomial; 40 states in total;

--
Model parameters.
Mutation    rates:  A-C: 0.00276  A-G: 0.00622  A-T: 0.00357  C-G: 0.00280  C-T: 0.00792  G-T: 0.00357
Exchangeabilities:  A-C: 0.01269  A-G: 0.02822  A-T: 0.01269  C-G: 0.01269  C-T: 0.02822  G-T: 0.01269
Base frequencies:  A: 0.281  C: 0.218  G: 0.220  T: 0.281
Estimated heterozygosity: 0.0129
A slight overestimation is expected and an effect of weighted binomial sampling; see manual.
--
Empirical quantities.
Base frequencies:  A: 0.281  C: 0.218  G: 0.220  T: 0.281
Watterson's estimator of heterozygosity: 0.0064
--

Parameters optimization took 5 rounds (5.3591 sec)
Computing ML distances based on estimated model parameters...
Computing ML distances took 0.008553 sec (of wall-clock time) 0.034221 sec(of CPU time)
Computing RapidNJ tree took 0.000129 sec (of wall-clock time) 0.000287 sec (of CPU time)
Log-likelihood of RapidNJ tree: -23782.131
--------------------------------------------------------------------
|             INITIALIZING CANDIDATE TREE SET                      |
--------------------------------------------------------------------
Generating 98 parsimony trees... 0.029 second
Computing log-likelihood of 96 initial trees ... 7.466 seconds
Current best score: -23782.131

Do NNI search on 20 best initial trees
Estimate model parameters (epsilon = 0.100)
BETTER TREE FOUND at iteration 1: -23778.314
Iteration 10 / LogL: -23778.814 / Time: 0h:0m:24s
Iteration 20 / LogL: -23810.833 / Time: 0h:0m:35s
Finish initializing candidate tree set (6)
Current best tree score: -23778.314 / CPU time: 30.069
Number of iterations: 20
--------------------------------------------------------------------
|               OPTIMIZING CANDIDATE TREE SET                      |
--------------------------------------------------------------------
Iteration 30 / LogL: -23778.556 / Time: 0h:0m:45s (0h:1m:51s left)
Iteration 40 / LogL: -23823.475 / Time: 0h:0m:52s (0h:1m:21s left)
Iteration 50 / LogL: -23784.640 / Time: 0h:1m:1s (0h:1m:4s left)
Iteration 60 / LogL: -23810.829 / Time: 0h:1m:10s (0h:0m:48s left)
UPDATE BEST LOG-LIKELIHOOD: -23778.313
Iteration 70 / LogL: -23783.626 / Time: 0h:1m:19s (0h:0m:35s left)
Iteration 80 / LogL: -23822.737 / Time: 0h:1m:29s (0h:0m:23s left)
Iteration 90 / LogL: -23888.783 / Time: 0h:1m:36s (0h:0m:11s left)
Iteration 100 / LogL: -23778.364 / Time: 0h:1m:44s (0h:0m:1s left)
TREE SEARCH COMPLETED AFTER 102 ITERATIONS / Time: 0h:1m:45s

--------------------------------------------------------------------
|                    FINALIZING TREE SEARCH                        |
--------------------------------------------------------------------
Performs final model parameters optimization
Estimate model parameters (epsilon = 0.010)
1. Initial log-likelihood: -23778.313
Optimal log-likelihood: -23778.304
PoMo with N=7 and HKY (Hasegawa, Kishino and Yano, 1985) mutation model; Sampling method: Weighted binomial; 40 states in total;

--
Model parameters.
Mutation    rates:  A-C: 0.00282  A-G: 0.00633  A-T: 0.00364  C-G: 0.00285  C-T: 0.00807  G-T: 0.00364
Exchangeabilities:  A-C: 0.01295  A-G: 0.02872  A-T: 0.01295  C-G: 0.01295  C-T: 0.02872  G-T: 0.01295
Base frequencies:  A: 0.281  C: 0.218  G: 0.220  T: 0.281
Estimated heterozygosity: 0.0131
A slight overestimation is expected and an effect of weighted binomial sampling; see manual.
--
Empirical quantities.
Base frequencies:  A: 0.281  C: 0.218  G: 0.220  T: 0.281
Watterson's estimator of heterozygosity: 0.0064
--

Parameters optimization took 1 rounds (0.5032 sec)
BEST SCORE FOUND : -23778.3036
Total tree length: 0.3259

Total number of iterations: 102
CPU time used for tree search: 397.4094 sec (0h:6m:37s)
Wall-clock time used for tree search: 100.1537 sec (0h:1m:40s)
Total CPU time used: 422.1259 sec (0h:7m:2s)
Total wall-clock time used: 106.3681 sec (0h:1m:46s)

Analysis results written to: 
  IQ-TREE report:                fruit_flies_10000.cf.HKY+F+P+N07.iqtree
  Maximum-likelihood tree:       fruit_flies_10000.cf.HKY+F+P+N07.treefile
  Likelihood distances:          fruit_flies_10000.cf.HKY+F+P+N07.mldist
  Screen log file:               fruit_flies_10000.cf.HKY+F+P+N07.log

Date and Time: Thu Feb 11 15:25:46 2021
