IQ-TREE multicore version 2.1.2 COVID-edition for Linux 64-bit built Oct 22 2020
Developed by Bui Quang Minh, James Barbetti, Nguyen Lam Tung,
Olga Chernomor, Heiko Schmidt, Dominik Schrempf, Michael Woodhams.

Host:    meganeura (AVX2, FMA3, 31 GB RAM)
Command: iqtree2 -nt 4 -redo -s ../data/fruit_flies_1000.cf -m HKY+F+P+N15 -B 1000 -pre fruit_flies_1000.cf.HKY+F+P+N15.ufboot
Seed:    326174 (Using SPRNG - Scalable Parallel Random Number Generator)
Time:    Thu Feb 11 17:41:01 2021
Kernel:  AVX+FMA - 4 threads (16 CPU cores detected)

Reading alignment file ../data/fruit_flies_1000.cf ... Counts format (PoMo) detected

----------------------------------------------------------------------
Number of populations:     9
Number of sites:           1000
---
Normal sites:              1000
Sites with unknown states: 0
Total sites read:          1000
Fails:                     0
---
Compound states:           446
----------------------------------------------------------------------

The average number of samples is 18.989
Alignment has 9 sequences with 1000 columns, 949 distinct patterns
0 parsimony-informative, 53 singleton sites, 947 constant sites
NOTE: The composition test for PoMo only tests the proportion of fixed states!
     Gap/Ambiguity  Composition  p-value
   1  NTH    0.00%    passed     99.93%
   2  EG     0.00%    passed     99.73%
   3  FR     0.00%    passed    100.00%
   4  GA     0.00%    passed     99.97%
   5  GU     0.00%    passed     99.95%
   6  EF     0.00%    passed     99.89%
   7  KN     0.00%    passed     99.90%
   8  SB     0.00%    passed     99.74%
   9  SP     0.00%    passed     99.81%
****  TOTAL    0.00%  0 sequences failed composition chi2 test (p-value<5%; df=3)
NOTE: minimal branch length is increased to 0.000225000000 because PoMo infers number of mutations and frequency shifts
NOTE: maximal branch length is increased to 2250.0 because PoMo infers number of mutations and frequency shifts
Creating fast initial parsimony tree by random order stepwise addition...
0.001 seconds, parsimony score: 2 (based on 53 sites)
Generating 1000 samples for ultrafast bootstrap (seed: 326174)...

NOTE: 10 MB RAM (0 GB) is required!
Estimate model parameters (epsilon = 0.100)
1. Initial log-likelihood: -2875.407
2. Current log-likelihood: -2220.418
3. Current log-likelihood: -2219.621
4. Current log-likelihood: -2219.509
Optimal log-likelihood: -2219.493
PoMo with N=15 and HKY (Hasegawa, Kishino and Yano, 1985) mutation model; Sampling method: Weighted binomial; 88 states in total;

--
Model parameters.
Mutation    rates:  A-C: 0.00214  A-G: 0.00355  A-T: 0.00320  C-G: 0.00222  C-T: 0.00512  G-T: 0.00320
Exchangeabilities:  A-C: 0.01060  A-G: 0.01696  A-T: 0.01060  C-G: 0.01060  C-T: 0.01696  G-T: 0.01060
Base frequencies:  A: 0.287  C: 0.202  G: 0.209  T: 0.302
Estimated heterozygosity: 0.0091
A slight overestimation is expected and an effect of weighted binomial sampling; see manual.
--
Empirical quantities.
Base frequencies:  A: 0.287  C: 0.202  G: 0.209  T: 0.302
Watterson's estimator of heterozygosity: 0.0065
--

Parameters optimization took 4 rounds (1.7437 sec)
Computing ML distances based on estimated model parameters...
Computing ML distances took 0.026260 sec (of wall-clock time) 0.106228 sec(of CPU time)
Computing RapidNJ tree took 0.000106 sec (of wall-clock time) 0.000103 sec (of CPU time)
Log-likelihood of RapidNJ tree: -2205.149
--------------------------------------------------------------------
|             INITIALIZING CANDIDATE TREE SET                      |
--------------------------------------------------------------------
Generating 98 parsimony trees... 0.008 second
Computing log-likelihood of 98 initial trees ... 4.140 seconds
Current best score: -2205.149

Do NNI search on 20 best initial trees
Estimate model parameters (epsilon = 0.100)
BETTER TREE FOUND at iteration 1: -2201.507
Iteration 10 / LogL: -2201.532 / Time: 0h:0m:15s
Iteration 20 / LogL: -2201.534 / Time: 0h:0m:24s
Finish initializing candidate tree set (4)
Current best tree score: -2201.507 / CPU time: 22.867
Number of iterations: 20
--------------------------------------------------------------------
|               OPTIMIZING CANDIDATE TREE SET                      |
--------------------------------------------------------------------
UPDATE BEST LOG-LIKELIHOOD: -2201.507
UPDATE BEST LOG-LIKELIHOOD: -2201.506
UPDATE BEST LOG-LIKELIHOOD: -2201.506
Iteration 30 / LogL: -2201.517 / Time: 0h:0m:31s (0h:1m:17s left)
Iteration 40 / LogL: -2201.507 / Time: 0h:0m:38s (0h:1m:0s left)
Iteration 50 / LogL: -2201.523 / Time: 0h:0m:43s (0h:0m:45s left)
Log-likelihood cutoff on original alignment: -2218.371
Iteration 60 / LogL: -2201.817 / Time: 0h:0m:48s (0h:0m:33s left)
Iteration 70 / LogL: -2201.521 / Time: 0h:0m:50s (0h:0m:22s left)
Iteration 80 / LogL: -2201.524 / Time: 0h:0m:54s (0h:0m:14s left)
Iteration 90 / LogL: -2201.506 / Time: 0h:1m:0s (0h:0m:7s left)
Iteration 100 / LogL: -2201.507 / Time: 0h:1m:4s (0h:0m:0s left)
Log-likelihood cutoff on original alignment: -2219.875
NOTE: Bootstrap correlation coefficient of split occurrence frequencies: 0.995
UPDATE BEST LOG-LIKELIHOOD: -2201.506
TREE SEARCH COMPLETED AFTER 102 ITERATIONS / Time: 0h:1m:4s

--------------------------------------------------------------------
|                    FINALIZING TREE SEARCH                        |
--------------------------------------------------------------------
Performs final model parameters optimization
Estimate model parameters (epsilon = 0.010)
1. Initial log-likelihood: -2201.506
Optimal log-likelihood: -2201.501
PoMo with N=15 and HKY (Hasegawa, Kishino and Yano, 1985) mutation model; Sampling method: Weighted binomial; 88 states in total;

--
Model parameters.
Mutation    rates:  A-C: 0.00222  A-G: 0.00370  A-T: 0.00332  C-G: 0.00230  C-T: 0.00535  G-T: 0.00332
Exchangeabilities:  A-C: 0.01098  A-G: 0.01772  A-T: 0.01098  C-G: 0.01098  C-T: 0.01772  G-T: 0.01098
Base frequencies:  A: 0.287  C: 0.202  G: 0.209  T: 0.302
Estimated heterozygosity: 0.0095
A slight overestimation is expected and an effect of weighted binomial sampling; see manual.
--
Empirical quantities.
Base frequencies:  A: 0.287  C: 0.202  G: 0.209  T: 0.302
Watterson's estimator of heterozygosity: 0.0065
--

Parameters optimization took 1 rounds (0.3250 sec)
BEST SCORE FOUND : -2201.5014
Creating bootstrap support values...
Split supports printed to NEXUS file fruit_flies_1000.cf.HKY+F+P+N15.ufboot.splits.nex
Total tree length: 0.6828

Total number of iterations: 102
CPU time used for tree search: 246.6239 sec (0h:4m:6s)
Wall-clock time used for tree search: 62.8961 sec (0h:1m:2s)
Total CPU time used: 255.7586 sec (0h:4m:15s)
Total wall-clock time used: 65.2018 sec (0h:1m:5s)

Computing bootstrap consensus tree...
Reading input file fruit_flies_1000.cf.HKY+F+P+N15.ufboot.splits.nex...
9 taxa and 120 splits.
Consensus tree written to fruit_flies_1000.cf.HKY+F+P+N15.ufboot.contree
Reading input trees file fruit_flies_1000.cf.HKY+F+P+N15.ufboot.contree
Log-likelihood of consensus tree: -2201.5053

Analysis results written to: 
  IQ-TREE report:                fruit_flies_1000.cf.HKY+F+P+N15.ufboot.iqtree
  Maximum-likelihood tree:       fruit_flies_1000.cf.HKY+F+P+N15.ufboot.treefile
  Likelihood distances:          fruit_flies_1000.cf.HKY+F+P+N15.ufboot.mldist

Ultrafast bootstrap approximation results written to:
  Split support values:          fruit_flies_1000.cf.HKY+F+P+N15.ufboot.splits.nex
  Consensus tree:                fruit_flies_1000.cf.HKY+F+P+N15.ufboot.contree
  Screen log file:               fruit_flies_1000.cf.HKY+F+P+N15.ufboot.log

Date and Time: Thu Feb 11 17:42:06 2021
