IQ-TREE multicore version 2.1.2 COVID-edition for Linux 64-bit built Oct 22 2020
Developed by Bui Quang Minh, James Barbetti, Nguyen Lam Tung,
Olga Chernomor, Heiko Schmidt, Dominik Schrempf, Michael Woodhams.

Host:    meganeura (AVX2, FMA3, 31 GB RAM)
Command: iqtree2 -nt 4 -redo -s ../data/fruit_flies_10000.cf -m HKY+F+P+N03+G4 -B 1000 -pre fruit_flies_10000.cf.HKY+F+P+N03+G4.ufboot
Seed:    259301 (Using SPRNG - Scalable Parallel Random Number Generator)
Time:    Thu Feb 11 16:15:37 2021
Kernel:  AVX+FMA - 4 threads (16 CPU cores detected)

Reading alignment file ../data/fruit_flies_10000.cf ... Counts format (PoMo) detected

----------------------------------------------------------------------
Number of populations:     9
Number of sites:           10000
---
Normal sites:              10000
Sites with unknown states: 0
Total sites read:          10000
Fails:                     0
---
Compound states:           1346
----------------------------------------------------------------------

The average number of samples is 18.998
Alignment has 9 sequences with 10000 columns, 7463 distinct patterns
0 parsimony-informative, 302 singleton sites, 9698 constant sites
NOTE: The composition test for PoMo only tests the proportion of fixed states!
     Gap/Ambiguity  Composition  p-value
   1  NTH    0.00%    passed     99.98%
   2  EG     0.00%    passed     99.93%
   3  FR     0.00%    passed     99.94%
   4  GA     0.00%    passed     99.98%
   5  GU     0.00%    passed     99.73%
   6  EF     0.00%    passed     99.87%
   7  KN     0.00%    passed     99.91%
   8  SB     0.00%    passed     99.92%
   9  SP     0.00%    passed     99.51%
****  TOTAL    0.00%  0 sequences failed composition chi2 test (p-value<5%; df=3)
NOTE: minimal branch length is increased to 0.000009000000 because PoMo infers number of mutations and frequency shifts
NOTE: maximal branch length is increased to 90.0 because PoMo infers number of mutations and frequency shifts
Creating fast initial parsimony tree by random order stepwise addition...
0.001 seconds, parsimony score: 29 (based on 302 sites)
Generating 1000 samples for ultrafast bootstrap (seed: 259301)...

NOTE: 62 MB RAM (0 GB) is required!
Estimate model parameters (epsilon = 0.100)
1. Initial log-likelihood: -29676.308
Gamma shape alpha: 78.813
2. Current log-likelihood: -28283.339
Gamma shape alpha: 78.815
3. Current log-likelihood: -28263.566
Gamma shape alpha: 78.817
4. Current log-likelihood: -28261.352
Gamma shape alpha: 78.818
5. Current log-likelihood: -28261.152
Gamma shape alpha: 78.819
Optimal log-likelihood: -28261.134
PoMo with N=3 and HKY (Hasegawa, Kishino and Yano, 1985) mutation model; Sampling method: Weighted binomial; 16 states in total;Gamma with 4 categories

--
Model parameters.
Mutation    rates:  A-C: 0.00391  A-G: 0.00877  A-T: 0.00504  C-G: 0.00396  C-T: 0.01118  G-T: 0.00504
Exchangeabilities:  A-C: 0.01796  A-G: 0.03981  A-T: 0.01796  C-G: 0.01796  C-T: 0.03981  G-T: 0.01796
Base frequencies:  A: 0.281  C: 0.218  G: 0.220  T: 0.281
Estimated heterozygosity: 0.0183
A slight overestimation is expected and an effect of weighted binomial sampling; see manual.
--
Empirical quantities.
Base frequencies:  A: 0.281  C: 0.218  G: 0.220  T: 0.281
Watterson's estimator of heterozygosity: 0.0064
--

Model of rate heterogeneity: Gamma with 4 categories
Gamma shape alpha: 78.8194

 Category  Relative_rate  Proportion
  1         0.8607         0.2500
  2         0.9599         0.2500
  3         1.0329         0.2500
  4         1.1466         0.2500
Relative rates are computed as MEAN of the portion of the Gamma distribution falling in the category.

Parameters optimization took 5 rounds (3.7436 sec)
Computing ML distances based on estimated model parameters...
Computing ML distances took 0.002836 sec (of wall-clock time) 0.010356 sec(of CPU time)
Computing RapidNJ tree took 0.001736 sec (of wall-clock time) 0.006898 sec (of CPU time)
Log-likelihood of RapidNJ tree: -28226.861
--------------------------------------------------------------------
|             INITIALIZING CANDIDATE TREE SET                      |
--------------------------------------------------------------------
Generating 98 parsimony trees... 0.021 second
Computing log-likelihood of 97 initial trees ... 6.264 seconds
Current best score: -28226.861

Do NNI search on 20 best initial trees
Estimate model parameters (epsilon = 0.100)
Gamma shape alpha: 78.822
Gamma shape alpha: 78.825
BETTER TREE FOUND at iteration 1: -28195.246
Iteration 10 / LogL: -28195.762 / Time: 0h:0m:19s
Iteration 20 / LogL: -28195.282 / Time: 0h:0m:27s
Finish initializing candidate tree set (3)
Current best tree score: -28195.246 / CPU time: 23.581
Number of iterations: 20
--------------------------------------------------------------------
|               OPTIMIZING CANDIDATE TREE SET                      |
--------------------------------------------------------------------
Iteration 30 / LogL: -28197.935 / Time: 0h:0m:36s (0h:1m:28s left)
Iteration 40 / LogL: -28197.903 / Time: 0h:0m:42s (0h:1m:7s left)
Iteration 50 / LogL: -28195.251 / Time: 0h:0m:51s (0h:0m:53s left)
Log-likelihood cutoff on original alignment: -28238.239
Iteration 60 / LogL: -28197.991 / Time: 0h:0m:59s (0h:0m:41s left)
Iteration 70 / LogL: -28227.693 / Time: 0h:1m:6s (0h:0m:30s left)
UPDATE BEST LOG-LIKELIHOOD: -28195.246
Iteration 80 / LogL: -28195.270 / Time: 0h:1m:15s (0h:0m:20s left)
Iteration 90 / LogL: -28195.260 / Time: 0h:1m:23s (0h:0m:10s left)
Iteration 100 / LogL: -28196.038 / Time: 0h:1m:28s (0h:0m:0s left)
Log-likelihood cutoff on original alignment: -28238.239
NOTE: Bootstrap correlation coefficient of split occurrence frequencies: 1.000
TREE SEARCH COMPLETED AFTER 102 ITERATIONS / Time: 0h:1m:30s

--------------------------------------------------------------------
|                    FINALIZING TREE SEARCH                        |
--------------------------------------------------------------------
Performs final model parameters optimization
Estimate model parameters (epsilon = 0.010)
1. Initial log-likelihood: -28195.246
Gamma shape alpha: 78.827
Optimal log-likelihood: -28195.246
PoMo with N=3 and HKY (Hasegawa, Kishino and Yano, 1985) mutation model; Sampling method: Weighted binomial; 16 states in total;Gamma with 4 categories

--
Model parameters.
Mutation    rates:  A-C: 0.00397  A-G: 0.00904  A-T: 0.00512  C-G: 0.00401  C-T: 0.01152  G-T: 0.00512
Exchangeabilities:  A-C: 0.01822  A-G: 0.04103  A-T: 0.01822  C-G: 0.01822  C-T: 0.04103  G-T: 0.01822
Base frequencies:  A: 0.281  C: 0.218  G: 0.220  T: 0.281
Estimated heterozygosity: 0.0187
A slight overestimation is expected and an effect of weighted binomial sampling; see manual.
--
Empirical quantities.
Base frequencies:  A: 0.281  C: 0.218  G: 0.220  T: 0.281
Watterson's estimator of heterozygosity: 0.0064
--

Model of rate heterogeneity: Gamma with 4 categories
Gamma shape alpha: 78.8271

 Category  Relative_rate  Proportion
  1         0.8607         0.2500
  2         0.9599         0.2500
  3         1.0329         0.2500
  4         1.1466         0.2500
Relative rates are computed as MEAN of the portion of the Gamma distribution falling in the category.

Parameters optimization took 1 rounds (0.5192 sec)
BEST SCORE FOUND : -28195.2460
Creating bootstrap support values...
Split supports printed to NEXUS file fruit_flies_10000.cf.HKY+F+P+N03+G4.ufboot.splits.nex
Total tree length: 0.1407

Total number of iterations: 102
CPU time used for tree search: 343.7057 sec (0h:5m:43s)
Wall-clock time used for tree search: 86.6877 sec (0h:1m:26s)
Total CPU time used: 362.5032 sec (0h:6m:2s)
Total wall-clock time used: 91.4441 sec (0h:1m:31s)

Computing bootstrap consensus tree...
Reading input file fruit_flies_10000.cf.HKY+F+P+N03+G4.ufboot.splits.nex...
9 taxa and 44 splits.
Consensus tree written to fruit_flies_10000.cf.HKY+F+P+N03+G4.ufboot.contree
Reading input trees file fruit_flies_10000.cf.HKY+F+P+N03+G4.ufboot.contree
Log-likelihood of consensus tree: -28195.2460

Analysis results written to: 
  IQ-TREE report:                fruit_flies_10000.cf.HKY+F+P+N03+G4.ufboot.iqtree
  Maximum-likelihood tree:       fruit_flies_10000.cf.HKY+F+P+N03+G4.ufboot.treefile
  Likelihood distances:          fruit_flies_10000.cf.HKY+F+P+N03+G4.ufboot.mldist

Ultrafast bootstrap approximation results written to:
  Split support values:          fruit_flies_10000.cf.HKY+F+P+N03+G4.ufboot.splits.nex
  Consensus tree:                fruit_flies_10000.cf.HKY+F+P+N03+G4.ufboot.contree
  Screen log file:               fruit_flies_10000.cf.HKY+F+P+N03+G4.ufboot.log

Date and Time: Thu Feb 11 16:17:09 2021
