IQ-TREE multicore version 2.1.2 COVID-edition for Linux 64-bit built Oct 22 2020
Developed by Bui Quang Minh, James Barbetti, Nguyen Lam Tung,
Olga Chernomor, Heiko Schmidt, Dominik Schrempf, Michael Woodhams.

Host:    meganeura (AVX2, FMA3, 31 GB RAM)
Command: iqtree2 -nt 4 -redo -s ../data/fruit_flies_10000.cf -m HKY+F+P+N19+G2 -B 1000 -pre fruit_flies_10000.cf.HKY+F+P+N19+G2.ufboot -safe
Seed:    203992 (Using SPRNG - Scalable Parallel Random Number Generator)
Time:    Thu Feb 11 18:25:43 2021
Kernel:  Safe AVX+FMA - 4 threads (16 CPU cores detected)

Reading alignment file ../data/fruit_flies_10000.cf ... Counts format (PoMo) detected

----------------------------------------------------------------------
Number of populations:     9
Number of sites:           10000
---
Normal sites:              10000
Sites with unknown states: 0
Total sites read:          10000
Fails:                     0
---
Compound states:           1346
----------------------------------------------------------------------

The average number of samples is 18.998
Alignment has 9 sequences with 10000 columns, 7463 distinct patterns
0 parsimony-informative, 594 singleton sites, 9406 constant sites
NOTE: The composition test for PoMo only tests the proportion of fixed states!
     Gap/Ambiguity  Composition  p-value
   1  NTH    0.00%    passed     99.97%
   2  EG     0.00%    passed     99.95%
   3  FR     0.00%    passed     99.82%
   4  GA     0.00%    passed     99.90%
   5  GU     0.00%    passed     99.62%
   6  EF     0.00%    passed     99.87%
   7  KN     0.00%    passed     99.81%
   8  SB     0.00%    passed     99.74%
   9  SP     0.00%    passed     98.77%
****  TOTAL    0.00%  0 sequences failed composition chi2 test (p-value<5%; df=3)
NOTE: minimal branch length is increased to 0.000361000000 because PoMo infers number of mutations and frequency shifts
NOTE: maximal branch length is increased to 3610.0 because PoMo infers number of mutations and frequency shifts
Creating fast initial parsimony tree by random order stepwise addition...
0.001 seconds, parsimony score: 29 (based on 594 sites)
Generating 1000 samples for ultrafast bootstrap (seed: 203992)...

NOTE: 149 MB RAM (0 GB) is required!
Estimate model parameters (epsilon = 0.100)
1. Initial log-likelihood: -28083.992
Gamma shape alpha: 4.735
2. Current log-likelihood: -22904.242
Gamma shape alpha: 4.320
3. Current log-likelihood: -22866.628
Gamma shape alpha: 4.016
Optimal log-likelihood: -22866.571
PoMo with N=19 and HKY (Hasegawa, Kishino and Yano, 1985) mutation model; Sampling method: Weighted binomial; 112 states in total;Gamma with 2 categories

--
Model parameters.
Mutation    rates:  A-C: 0.00197  A-G: 0.00443  A-T: 0.00255  C-G: 0.00200  C-T: 0.00565  G-T: 0.00255
Exchangeabilities:  A-C: 0.00907  A-G: 0.02010  A-T: 0.00907  C-G: 0.00907  C-T: 0.02010  G-T: 0.00907
Base frequencies:  A: 0.281  C: 0.218  G: 0.220  T: 0.281
Estimated heterozygosity: 0.0092
A slight overestimation is expected and an effect of weighted binomial sampling; see manual.
--
Empirical quantities.
Base frequencies:  A: 0.281  C: 0.218  G: 0.220  T: 0.281
Watterson's estimator of heterozygosity: 0.0064
--

Model of rate heterogeneity: Gamma with 2 categories
Gamma shape alpha: 4.0162

 Category  Relative_rate  Proportion
  1         0.6155         0.5000
  2         1.3845         0.5000
Relative rates are computed as MEAN of the portion of the Gamma distribution falling in the category.

Parameters optimization took 3 rounds (27.9933 sec)
Computing ML distances based on estimated model parameters...
Computing ML distances took 0.057620 sec (of wall-clock time) 0.225364 sec(of CPU time)
Computing RapidNJ tree took 0.000110 sec (of wall-clock time) 0.000108 sec (of CPU time)
Log-likelihood of RapidNJ tree: -22797.817
--------------------------------------------------------------------
|             INITIALIZING CANDIDATE TREE SET                      |
--------------------------------------------------------------------
Generating 98 parsimony trees... 0.025 second
Computing log-likelihood of 98 initial trees ... 43.759 seconds
Current best score: -22797.817

Do NNI search on 20 best initial trees
Estimate model parameters (epsilon = 0.100)
Gamma shape alpha: 3.837
BETTER TREE FOUND at iteration 1: -22796.745
Estimate model parameters (epsilon = 0.100)
Gamma shape alpha: 3.837
Gamma shape alpha: 3.884
BETTER TREE FOUND at iteration 4: -22792.200
Iteration 10 / LogL: -22792.321 / Time: 0h:2m:40s
PoMo with N=19 and HKY (Hasegawa, Kishino and Yano, 1985) mutation model; Sampling method: Weighted binomial; 112 states in total;Gamma with 2 categories

--
Model parameters.
Mutation    rates:  A-C: 0.00201  A-G: 0.00450  A-T: 0.00259  C-G: 0.00203  C-T: 0.00573  G-T: 0.00259
Exchangeabilities:  A-C: 0.00921  A-G: 0.02040  A-T: 0.00921  C-G: 0.00921  C-T: 0.02040  G-T: 0.00921
Base frequencies:  A: 0.281  C: 0.218  G: 0.220  T: 0.281
Estimated heterozygosity: 0.0093
A slight overestimation is expected and an effect of weighted binomial sampling; see manual.
--
Empirical quantities.
Base frequencies:  A: 0.281  C: 0.218  G: 0.220  T: 0.281
Watterson's estimator of heterozygosity: 0.0064
--

Model of rate heterogeneity: Gamma with 2 categories
Gamma shape alpha: 3.8835

 Category  Relative_rate  Proportion
  1         0.6095         0.5000
  2         1.3905         0.5000
Relative rates are computed as MEAN of the portion of the Gamma distribution falling in the category.

WARNING: Numerical underflow for lh-derivative
PoMo with N=19 and HKY (Hasegawa, Kishino and Yano, 1985) mutation model; Sampling method: Weighted binomial; 112 states in total;Gamma with 2 categories

--
Model parameters.
Mutation    rates:  A-C: 0.00201  A-G: 0.00450  A-T: 0.00259  C-G: 0.00203  C-T: 0.00573  G-T: 0.00259
Exchangeabilities:  A-C: 0.00921  A-G: 0.02040  A-T: 0.00921  C-G: 0.00921  C-T: 0.02040  G-T: 0.00921
Base frequencies:  A: 0.281  C: 0.218  G: 0.220  T: 0.281
Estimated heterozygosity: 0.0093
A slight overestimation is expected and an effect of weighted binomial sampling; see manual.
--
Empirical quantities.
Base frequencies:  A: 0.281  C: 0.218  G: 0.220  T: 0.281
Watterson's estimator of heterozygosity: 0.0064
--

Model of rate heterogeneity: Gamma with 2 categories
Gamma shape alpha: 3.8835

 Category  Relative_rate  Proportion
  1         0.6095         0.5000
  2         1.3905         0.5000
Relative rates are computed as MEAN of the portion of the Gamma distribution falling in the category.

WARNING: Numerical underflow for lh-derivative
Iteration 20 / LogL: -22812.0605 / Time: 0h:4m:1s
Finish initializing candidate tree set (12)
Current best tree score: -22792.2003 / CPU time: 210.1959
Number of iterations: 20
--------------------------------------------------------------------
|               OPTIMIZING CANDIDATE TREE SET                      |
--------------------------------------------------------------------
Iteration 30 / LogL: -22796.7671 / Time: 0h:4m:55s (0h:12m:33s left)
UPDATE BEST LOG-LIKELIHOOD: -22792.2003
Iteration 40 / LogL: -22796.0630 / Time: 0h:5m:51s (0h:9m:36s left)
Iteration 50 / LogL: -22843.1217 / Time: 0h:7m:30s (0h:8m:16s left)
Log-likelihood cutoff on original alignment: -22820.3916
Iteration 60 / LogL: -22796.9081 / Time: 0h:9m:12s (0h:6m:51s left)
PoMo with N=19 and HKY (Hasegawa, Kishino and Yano, 1985) mutation model; Sampling method: Weighted binomial; 112 states in total;Gamma with 2 categories

--
Model parameters.
Mutation    rates:  A-C: 0.00201  A-G: 0.00450  A-T: 0.00259  C-G: 0.00203  C-T: 0.00573  G-T: 0.00259
Exchangeabilities:  A-C: 0.00921  A-G: 0.02040  A-T: 0.00921  C-G: 0.00921  C-T: 0.02040  G-T: 0.00921
Base frequencies:  A: 0.281  C: 0.218  G: 0.220  T: 0.281
Estimated heterozygosity: 0.0093
A slight overestimation is expected and an effect of weighted binomial sampling; see manual.
--
Empirical quantities.
Base frequencies:  A: 0.281  C: 0.218  G: 0.220  T: 0.281
Watterson's estimator of heterozygosity: 0.0064
--

Model of rate heterogeneity: Gamma with 2 categories
Gamma shape alpha: 3.8835

 Category  Relative_rate  Proportion
  1         0.6095         0.5000
  2         1.3905         0.5000
Relative rates are computed as MEAN of the portion of the Gamma distribution falling in the category.

WARNING: Numerical underflow for lh-derivative
Iteration 70 / LogL: -22797.0326 / Time: 0h:10m:45s (0h:5m:17s left)
Iteration 80 / LogL: -22792.4789 / Time: 0h:12m:32s (0h:3m:48s left)
Iteration 90 / LogL: -22796.8023 / Time: 0h:13m:52s (0h:2m:10s left)
Iteration 100 / LogL: -22866.4649 / Time: 0h:15m:1s (0h:0m:36s left)
Log-likelihood cutoff on original alignment: -22820.8944
NOTE: Bootstrap correlation coefficient of split occurrence frequencies: 0.9999
TREE SEARCH COMPLETED AFTER 105 ITERATIONS / Time: 0h:15m:50s

--------------------------------------------------------------------
|                    FINALIZING TREE SEARCH                        |
--------------------------------------------------------------------
Performs final model parameters optimization
Estimate model parameters (epsilon = 0.0100)
1. Initial log-likelihood: -22792.2003
Gamma shape alpha: 3.9025
Optimal log-likelihood: -22792.2002
PoMo with N=19 and HKY (Hasegawa, Kishino and Yano, 1985) mutation model; Sampling method: Weighted binomial; 112 states in total;Gamma with 2 categories

--
Model parameters.
Mutation    rates:  A-C: 0.00201  A-G: 0.00450  A-T: 0.00259  C-G: 0.00203  C-T: 0.00573  G-T: 0.00259
Exchangeabilities:  A-C: 0.00922  A-G: 0.02041  A-T: 0.00922  C-G: 0.00922  C-T: 0.02041  G-T: 0.00922
Base frequencies:  A: 0.281  C: 0.218  G: 0.220  T: 0.281
Estimated heterozygosity: 0.0093
A slight overestimation is expected and an effect of weighted binomial sampling; see manual.
--
Empirical quantities.
Base frequencies:  A: 0.281  C: 0.218  G: 0.220  T: 0.281
Watterson's estimator of heterozygosity: 0.0064
--

Model of rate heterogeneity: Gamma with 2 categories
Gamma shape alpha: 3.9025

 Category  Relative_rate  Proportion
  1         0.6103         0.5000
  2         1.3897         0.5000
Relative rates are computed as MEAN of the portion of the Gamma distribution falling in the category.

Parameters optimization took 1 rounds (10.8015 sec)
BEST SCORE FOUND : -22792.2002
Creating bootstrap support values...
Split supports printed to NEXUS file fruit_flies_10000.cf.HKY+F+P+N19+G2.ufboot.splits.nex
Total tree length: 1.3966

Total number of iterations: 105
CPU time used for tree search: 3637.4483 sec (1h:0m:37s)
Wall-clock time used for tree search: 919.0814 sec (0h:15m:19s)
Total CPU time used: 3802.4075 sec (1h:3m:22s)
Total wall-clock time used: 960.8751 sec (0h:16m:0s)

Computing bootstrap consensus tree...
Reading input file fruit_flies_10000.cf.HKY+F+P+N19+G2.ufboot.splits.nex...
9 taxa and 36 splits.
Consensus tree written to fruit_flies_10000.cf.HKY+F+P+N19+G2.ufboot.contree
Reading input trees file fruit_flies_10000.cf.HKY+F+P+N19+G2.ufboot.contree
Log-likelihood of consensus tree: -22792.1999

Analysis results written to: 
  IQ-TREE report:                fruit_flies_10000.cf.HKY+F+P+N19+G2.ufboot.iqtree
  Maximum-likelihood tree:       fruit_flies_10000.cf.HKY+F+P+N19+G2.ufboot.treefile
  Likelihood distances:          fruit_flies_10000.cf.HKY+F+P+N19+G2.ufboot.mldist

Ultrafast bootstrap approximation results written to:
  Split support values:          fruit_flies_10000.cf.HKY+F+P+N19+G2.ufboot.splits.nex
  Consensus tree:                fruit_flies_10000.cf.HKY+F+P+N19+G2.ufboot.contree
  Screen log file:               fruit_flies_10000.cf.HKY+F+P+N19+G2.ufboot.log

Date and Time: Thu Feb 11 18:41:46 2021
