IQ-TREE multicore version 2.1.2 COVID-edition for Linux 64-bit built Oct 22 2020
Developed by Bui Quang Minh, James Barbetti, Nguyen Lam Tung,
Olga Chernomor, Heiko Schmidt, Dominik Schrempf, Michael Woodhams.

Host:    meganeura (AVX2, FMA3, 31 GB RAM)
Command: iqtree2 -nt 4 -redo -s ../data/fruit_flies_10000.cf -m HKY+F+P+N07+G2 -pre fruit_flies_10000.cf.HKY+F+P+N07+G2
Seed:    640200 (Using SPRNG - Scalable Parallel Random Number Generator)
Time:    Thu Feb 11 15:24:59 2021
Kernel:  AVX+FMA - 4 threads (16 CPU cores detected)

Reading alignment file ../data/fruit_flies_10000.cf ... Counts format (PoMo) detected

----------------------------------------------------------------------
Number of populations:     9
Number of sites:           10000
---
Normal sites:              10000
Sites with unknown states: 0
Total sites read:          10000
Fails:                     0
---
Compound states:           1346
----------------------------------------------------------------------

The average number of samples is 18.998
Alignment has 9 sequences with 10000 columns, 7463 distinct patterns
0 parsimony-informative, 444 singleton sites, 9556 constant sites
NOTE: The composition test for PoMo only tests the proportion of fixed states!
     Gap/Ambiguity  Composition  p-value
   1  NTH    0.00%    passed    100.00%
   2  EG     0.00%    passed     99.95%
   3  FR     0.00%    passed     99.55%
   4  GA     0.00%    passed     99.42%
   5  GU     0.00%    passed     99.64%
   6  EF     0.00%    passed     99.90%
   7  KN     0.00%    passed     99.99%
   8  SB     0.00%    passed     99.94%
   9  SP     0.00%    passed     99.49%
****  TOTAL    0.00%  0 sequences failed composition chi2 test (p-value<5%; df=3)
NOTE: minimal branch length is increased to 0.000049000000 because PoMo infers number of mutations and frequency shifts
NOTE: maximal branch length is increased to 490.0 because PoMo infers number of mutations and frequency shifts
Creating fast initial parsimony tree by random order stepwise addition...
0.001 seconds, parsimony score: 30 (based on 444 sites)

NOTE: 42 MB RAM (0 GB) is required!
Estimate model parameters (epsilon = 0.100)
1. Initial log-likelihood: -27705.824
Gamma shape alpha: 54.193
2. Current log-likelihood: -23926.159
Gamma shape alpha: 54.191
3. Current log-likelihood: -23911.661
Gamma shape alpha: 54.190
4. Current log-likelihood: -23910.863
Gamma shape alpha: 54.188
Optimal log-likelihood: -23910.764
PoMo with N=7 and HKY (Hasegawa, Kishino and Yano, 1985) mutation model; Sampling method: Weighted binomial; 40 states in total;Gamma with 2 categories

--
Model parameters.
Mutation    rates:  A-C: 0.00269  A-G: 0.00611  A-T: 0.00347  C-G: 0.00272  C-T: 0.00779  G-T: 0.00347
Exchangeabilities:  A-C: 0.01236  A-G: 0.02772  A-T: 0.01236  C-G: 0.01236  C-T: 0.02772  G-T: 0.01236
Base frequencies:  A: 0.281  C: 0.218  G: 0.220  T: 0.281
Estimated heterozygosity: 0.0126
A slight overestimation is expected and an effect of weighted binomial sampling; see manual.
--
Empirical quantities.
Base frequencies:  A: 0.281  C: 0.218  G: 0.220  T: 0.281
Watterson's estimator of heterozygosity: 0.0064
--

Model of rate heterogeneity: Gamma with 2 categories
Gamma shape alpha: 54.1880

 Category  Relative_rate  Proportion
  1         0.8919         0.5000
  2         1.1081         0.5000
Relative rates are computed as MEAN of the portion of the Gamma distribution falling in the category.

Parameters optimization took 4 rounds (8.2823 sec)
Computing ML distances based on estimated model parameters...
Computing ML distances took 0.009028 sec (of wall-clock time) 0.036124 sec(of CPU time)
Computing RapidNJ tree took 0.001728 sec (of wall-clock time) 0.006836 sec (of CPU time)
Log-likelihood of RapidNJ tree: -23792.854
--------------------------------------------------------------------
|             INITIALIZING CANDIDATE TREE SET                      |
--------------------------------------------------------------------
Generating 98 parsimony trees... 0.025 second
Computing log-likelihood of 97 initial trees ... 15.181 seconds
Current best score: -23792.854

Do NNI search on 20 best initial trees
Estimate model parameters (epsilon = 0.100)
Gamma shape alpha: 54.194
Gamma shape alpha: 54.197
Gamma shape alpha: 54.202
BETTER TREE FOUND at iteration 1: -23778.495
PoMo with N=7 and HKY (Hasegawa, Kishino and Yano, 1985) mutation model; Sampling method: Weighted binomial; 40 states in total;Gamma with 2 categories

--
Model parameters.
Mutation    rates:  A-C: 0.00282  A-G: 0.00634  A-T: 0.00364  C-G: 0.00286  C-T: 0.00808  G-T: 0.00364
Exchangeabilities:  A-C: 0.01297  A-G: 0.02877  A-T: 0.01297  C-G: 0.01297  C-T: 0.02877  G-T: 0.01297
Base frequencies:  A: 0.281  C: 0.218  G: 0.220  T: 0.281
Estimated heterozygosity: 0.0131
A slight overestimation is expected and an effect of weighted binomial sampling; see manual.
--
Empirical quantities.
Base frequencies:  A: 0.281  C: 0.218  G: 0.220  T: 0.281
Watterson's estimator of heterozygosity: 0.0064
--

Model of rate heterogeneity: Gamma with 2 categories
Gamma shape alpha: 54.2018

 Category  Relative_rate  Proportion
  1         0.8919         0.5000
  2         1.1081         0.5000
Relative rates are computed as MEAN of the portion of the Gamma distribution falling in the category.

WARNING: Numerical underflow for lh-derivative
Iteration 10 / LogL: -23778.5537 / Time: 0h:0m:52s
PoMo with N=7 and HKY (Hasegawa, Kishino and Yano, 1985) mutation model; Sampling method: Weighted binomial; 40 states in total;Gamma with 2 categories

--
Model parameters.
Mutation    rates:  A-C: 0.00282  A-G: 0.00634  A-T: 0.00364  C-G: 0.00286  C-T: 0.00808  G-T: 0.00364
Exchangeabilities:  A-C: 0.01297  A-G: 0.02877  A-T: 0.01297  C-G: 0.01297  C-T: 0.02877  G-T: 0.01297
Base frequencies:  A: 0.281  C: 0.218  G: 0.220  T: 0.281
Estimated heterozygosity: 0.0131
A slight overestimation is expected and an effect of weighted binomial sampling; see manual.
--
Empirical quantities.
Base frequencies:  A: 0.281  C: 0.218  G: 0.220  T: 0.281
Watterson's estimator of heterozygosity: 0.0064
--

Model of rate heterogeneity: Gamma with 2 categories
Gamma shape alpha: 54.2018

 Category  Relative_rate  Proportion
  1         0.8919         0.5000
  2         1.1081         0.5000
Relative rates are computed as MEAN of the portion of the Gamma distribution falling in the category.

WARNING: Numerical underflow for lh-derivative
Iteration 20 / LogL: -23778.4963 / Time: 0h:1m:18s
Finish initializing candidate tree set (6)
Current best tree score: -23778.4948 / CPU time: 69.1731
Number of iterations: 20
--------------------------------------------------------------------
|               OPTIMIZING CANDIDATE TREE SET                      |
--------------------------------------------------------------------
Iteration 30 / LogL: -23783.8937 / Time: 0h:1m:33s (0h:3m:48s left)
Iteration 40 / LogL: -23827.4972 / Time: 0h:1m:51s (0h:2m:53s left)
Iteration 50 / LogL: -23778.4974 / Time: 0h:2m:8s (0h:2m:14s left)
Iteration 60 / LogL: -23790.3744 / Time: 0h:2m:26s (0h:1m:41s left)
Iteration 70 / LogL: -23789.8595 / Time: 0h:2m:43s (0h:1m:13s left)
Iteration 80 / LogL: -23778.5068 / Time: 0h:2m:56s (0h:0m:46s left)
Iteration 90 / LogL: -23783.8363 / Time: 0h:3m:14s (0h:0m:24s left)
Iteration 100 / LogL: -23778.5500 / Time: 0h:3m:30s (0h:0m:2s left)
TREE SEARCH COMPLETED AFTER 102 ITERATIONS / Time: 0h:3m:34s

--------------------------------------------------------------------
|                    FINALIZING TREE SEARCH                        |
--------------------------------------------------------------------
Performs final model parameters optimization
Estimate model parameters (epsilon = 0.0100)
1. Initial log-likelihood: -23778.4948
Gamma shape alpha: 54.2059
Optimal log-likelihood: -23778.4948
PoMo with N=7 and HKY (Hasegawa, Kishino and Yano, 1985) mutation model; Sampling method: Weighted binomial; 40 states in total;Gamma with 2 categories

--
Model parameters.
Mutation    rates:  A-C: 0.00282  A-G: 0.00634  A-T: 0.00364  C-G: 0.00286  C-T: 0.00808  G-T: 0.00364
Exchangeabilities:  A-C: 0.01297  A-G: 0.02878  A-T: 0.01297  C-G: 0.01297  C-T: 0.02878  G-T: 0.01297
Base frequencies:  A: 0.281  C: 0.218  G: 0.220  T: 0.281
Estimated heterozygosity: 0.0131
A slight overestimation is expected and an effect of weighted binomial sampling; see manual.
--
Empirical quantities.
Base frequencies:  A: 0.281  C: 0.218  G: 0.220  T: 0.281
Watterson's estimator of heterozygosity: 0.0064
--

Model of rate heterogeneity: Gamma with 2 categories
Gamma shape alpha: 54.2059

 Category  Relative_rate  Proportion
  1         0.8919         0.5000
  2         1.1081         0.5000
Relative rates are computed as MEAN of the portion of the Gamma distribution falling in the category.

Parameters optimization took 1 rounds (1.7759 sec)
BEST SCORE FOUND : -23778.4948
Total tree length: 0.3265

Total number of iterations: 102
CPU time used for tree search: 813.0098 sec (0h:13m:33s)
Wall-clock time used for tree search: 205.2900 sec (0h:3m:25s)
Total CPU time used: 855.7543 sec (0h:14m:15s)
Total wall-clock time used: 216.1004 sec (0h:3m:36s)

Analysis results written to: 
  IQ-TREE report:                fruit_flies_10000.cf.HKY+F+P+N07+G2.iqtree
  Maximum-likelihood tree:       fruit_flies_10000.cf.HKY+F+P+N07+G2.treefile
  Likelihood distances:          fruit_flies_10000.cf.HKY+F+P+N07+G2.mldist
  Screen log file:               fruit_flies_10000.cf.HKY+F+P+N07+G2.log

Date and Time: Thu Feb 11 15:28:35 2021
