IQ-TREE multicore version 2.1.2 COVID-edition for Linux 64-bit built Oct 22 2020
Developed by Bui Quang Minh, James Barbetti, Nguyen Lam Tung,
Olga Chernomor, Heiko Schmidt, Dominik Schrempf, Michael Woodhams.

Host:    meganeura (AVX2, FMA3, 31 GB RAM)
Command: iqtree2 -nt 4 -redo -s ../data/fruit_flies_1000.cf -m HKY+F+P+N07 -pre fruit_flies_1000.cf.HKY+F+P+N07
Seed:    768072 (Using SPRNG - Scalable Parallel Random Number Generator)
Time:    Thu Feb 11 15:15:15 2021
Kernel:  AVX+FMA - 4 threads (16 CPU cores detected)

Reading alignment file ../data/fruit_flies_1000.cf ... Counts format (PoMo) detected

----------------------------------------------------------------------
Number of populations:     9
Number of sites:           1000
---
Normal sites:              1000
Sites with unknown states: 0
Total sites read:          1000
Fails:                     0
---
Compound states:           446
----------------------------------------------------------------------

The average number of samples is 18.989
Alignment has 9 sequences with 1000 columns, 949 distinct patterns
0 parsimony-informative, 43 singleton sites, 957 constant sites
NOTE: The composition test for PoMo only tests the proportion of fixed states!
     Gap/Ambiguity  Composition  p-value
   1  NTH    0.00%    passed     99.96%
   2  EG     0.00%    passed     99.83%
   3  FR     0.00%    passed     99.98%
   4  GA     0.00%    passed     99.95%
   5  GU     0.00%    passed     99.89%
   6  EF     0.00%    passed     99.84%
   7  KN     0.00%    passed     99.81%
   8  SB     0.00%    passed     99.87%
   9  SP     0.00%    passed    100.00%
****  TOTAL    0.00%  0 sequences failed composition chi2 test (p-value<5%; df=3)
NOTE: minimal branch length is increased to 0.000049000000 because PoMo infers number of mutations and frequency shifts
NOTE: maximal branch length is increased to 490.0 because PoMo infers number of mutations and frequency shifts
Creating fast initial parsimony tree by random order stepwise addition...
0.001 seconds, parsimony score: 2 (based on 43 sites)

NOTE: 2 MB RAM (0 GB) is required!
Estimate model parameters (epsilon = 0.100)
1. Initial log-likelihood: -2865.730
2. Current log-likelihood: -2285.578
3. Current log-likelihood: -2282.893
4. Current log-likelihood: -2282.704
Optimal log-likelihood: -2282.681
PoMo with N=7 and HKY (Hasegawa, Kishino and Yano, 1985) mutation model; Sampling method: Weighted binomial; 40 states in total;

--
Model parameters.
Mutation    rates:  A-C: 0.00286  A-G: 0.00472  A-T: 0.00429  C-G: 0.00297  C-T: 0.00682  G-T: 0.00429
Exchangeabilities:  A-C: 0.01420  A-G: 0.02257  A-T: 0.01420  C-G: 0.01420  C-T: 0.02257  G-T: 0.01420
Base frequencies:  A: 0.287  C: 0.202  G: 0.209  T: 0.302
Estimated heterozygosity: 0.0122
A slight overestimation is expected and an effect of weighted binomial sampling; see manual.
--
Empirical quantities.
Base frequencies:  A: 0.287  C: 0.202  G: 0.209  T: 0.302
Watterson's estimator of heterozygosity: 0.0065
--

Parameters optimization took 4 rounds (0.6639 sec)
Computing ML distances based on estimated model parameters...
Computing ML distances took 0.005238 sec (of wall-clock time) 0.020883 sec(of CPU time)
Computing RapidNJ tree took 0.000484 sec (of wall-clock time) 0.001584 sec (of CPU time)
Log-likelihood of RapidNJ tree: -2274.587
--------------------------------------------------------------------
|             INITIALIZING CANDIDATE TREE SET                      |
--------------------------------------------------------------------
Generating 98 parsimony trees... 0.011 second
Computing log-likelihood of 98 initial trees ... 1.227 seconds
Current best score: -2274.587

Do NNI search on 20 best initial trees
Estimate model parameters (epsilon = 0.100)
BETTER TREE FOUND at iteration 1: -2270.143
Estimate model parameters (epsilon = 0.100)
BETTER TREE FOUND at iteration 2: -2270.106
UPDATE BEST LOG-LIKELIHOOD: -2270.106
Iteration 10 / LogL: -2270.107 / Time: 0h:0m:4s
Iteration 20 / LogL: -2270.106 / Time: 0h:0m:7s
Finish initializing candidate tree set (2)
Current best tree score: -2270.106 / CPU time: 6.721
Number of iterations: 20
--------------------------------------------------------------------
|               OPTIMIZING CANDIDATE TREE SET                      |
--------------------------------------------------------------------
Iteration 30 / LogL: -2270.142 / Time: 0h:0m:8s (0h:0m:21s left)
Iteration 40 / LogL: -2270.110 / Time: 0h:0m:9s (0h:0m:15s left)
Iteration 50 / LogL: -2270.106 / Time: 0h:0m:10s (0h:0m:11s left)
UPDATE BEST LOG-LIKELIHOOD: -2270.106
Iteration 60 / LogL: -2270.108 / Time: 0h:0m:12s (0h:0m:8s left)
Iteration 70 / LogL: -2270.108 / Time: 0h:0m:13s (0h:0m:6s left)
Iteration 80 / LogL: -2270.110 / Time: 0h:0m:14s (0h:0m:3s left)
Iteration 90 / LogL: -2270.107 / Time: 0h:0m:15s (0h:0m:2s left)
Iteration 100 / LogL: -2270.171 / Time: 0h:0m:17s (0h:0m:0s left)
TREE SEARCH COMPLETED AFTER 103 ITERATIONS / Time: 0h:0m:17s

--------------------------------------------------------------------
|                    FINALIZING TREE SEARCH                        |
--------------------------------------------------------------------
Performs final model parameters optimization
Estimate model parameters (epsilon = 0.010)
1. Initial log-likelihood: -2270.106
Optimal log-likelihood: -2270.106
PoMo with N=7 and HKY (Hasegawa, Kishino and Yano, 1985) mutation model; Sampling method: Weighted binomial; 40 states in total;

--
Model parameters.
Mutation    rates:  A-C: 0.00297  A-G: 0.00498  A-T: 0.00445  C-G: 0.00308  C-T: 0.00719  G-T: 0.00445
Exchangeabilities:  A-C: 0.01474  A-G: 0.02381  A-T: 0.01474  C-G: 0.01474  C-T: 0.02381  G-T: 0.01474
Base frequencies:  A: 0.287  C: 0.202  G: 0.209  T: 0.302
Estimated heterozygosity: 0.0127
A slight overestimation is expected and an effect of weighted binomial sampling; see manual.
--
Empirical quantities.
Base frequencies:  A: 0.287  C: 0.202  G: 0.209  T: 0.302
Watterson's estimator of heterozygosity: 0.0065
--

Parameters optimization took 1 rounds (0.0931 sec)
BEST SCORE FOUND : -2270.1059
Total tree length: 0.2344

Total number of iterations: 103
CPU time used for tree search: 66.1627 sec (0h:1m:6s)
Wall-clock time used for tree search: 16.7062 sec (0h:0m:16s)
Total CPU time used: 69.4606 sec (0h:1m:9s)
Total wall-clock time used: 17.5477 sec (0h:0m:17s)

Analysis results written to: 
  IQ-TREE report:                fruit_flies_1000.cf.HKY+F+P+N07.iqtree
  Maximum-likelihood tree:       fruit_flies_1000.cf.HKY+F+P+N07.treefile
  Likelihood distances:          fruit_flies_1000.cf.HKY+F+P+N07.mldist
  Screen log file:               fruit_flies_1000.cf.HKY+F+P+N07.log

Date and Time: Thu Feb 11 15:15:33 2021
