IQ-TREE multicore version 2.1.2 COVID-edition for Linux 64-bit built Oct 22 2020
Developed by Bui Quang Minh, James Barbetti, Nguyen Lam Tung,
Olga Chernomor, Heiko Schmidt, Dominik Schrempf, Michael Woodhams.

Host:    meganeura (AVX2, FMA3, 31 GB RAM)
Command: iqtree2 -nt 4 -redo -s ../data/fruit_flies_1000.cf -m HKY+F+P+N07 -B 1000 -pre fruit_flies_1000.cf.HKY+F+P+N07.ufboot
Seed:    164561 (Using SPRNG - Scalable Parallel Random Number Generator)
Time:    Thu Feb 11 16:10:22 2021
Kernel:  AVX+FMA - 4 threads (16 CPU cores detected)

Reading alignment file ../data/fruit_flies_1000.cf ... Counts format (PoMo) detected

----------------------------------------------------------------------
Number of populations:     9
Number of sites:           1000
---
Normal sites:              1000
Sites with unknown states: 0
Total sites read:          1000
Fails:                     0
---
Compound states:           446
----------------------------------------------------------------------

The average number of samples is 18.989
Alignment has 9 sequences with 1000 columns, 949 distinct patterns
0 parsimony-informative, 43 singleton sites, 957 constant sites
NOTE: The composition test for PoMo only tests the proportion of fixed states!
     Gap/Ambiguity  Composition  p-value
   1  NTH    0.00%    passed     99.96%
   2  EG     0.00%    passed     99.83%
   3  FR     0.00%    passed     99.98%
   4  GA     0.00%    passed     99.95%
   5  GU     0.00%    passed     99.89%
   6  EF     0.00%    passed     99.84%
   7  KN     0.00%    passed     99.81%
   8  SB     0.00%    passed     99.87%
   9  SP     0.00%    passed    100.00%
****  TOTAL    0.00%  0 sequences failed composition chi2 test (p-value<5%; df=3)
NOTE: minimal branch length is increased to 0.000049000000 because PoMo infers number of mutations and frequency shifts
NOTE: maximal branch length is increased to 490.0 because PoMo infers number of mutations and frequency shifts
Creating fast initial parsimony tree by random order stepwise addition...
0.000 seconds, parsimony score: 2 (based on 43 sites)
Generating 1000 samples for ultrafast bootstrap (seed: 164561)...

NOTE: 6 MB RAM (0 GB) is required!
Estimate model parameters (epsilon = 0.100)
1. Initial log-likelihood: -2862.099
2. Current log-likelihood: -2286.875
3. Current log-likelihood: -2283.888
4. Current log-likelihood: -2283.651
Optimal log-likelihood: -2283.621
PoMo with N=7 and HKY (Hasegawa, Kishino and Yano, 1985) mutation model; Sampling method: Weighted binomial; 40 states in total;

--
Model parameters.
Mutation    rates:  A-C: 0.00285  A-G: 0.00478  A-T: 0.00427  C-G: 0.00295  C-T: 0.00691  G-T: 0.00427
Exchangeabilities:  A-C: 0.01412  A-G: 0.02288  A-T: 0.01412  C-G: 0.01412  C-T: 0.02288  G-T: 0.01412
Base frequencies:  A: 0.287  C: 0.202  G: 0.209  T: 0.302
Estimated heterozygosity: 0.0122
A slight overestimation is expected and an effect of weighted binomial sampling; see manual.
--
Empirical quantities.
Base frequencies:  A: 0.287  C: 0.202  G: 0.209  T: 0.302
Watterson's estimator of heterozygosity: 0.0065
--

Parameters optimization took 4 rounds (0.7380 sec)
Computing ML distances based on estimated model parameters...
Computing ML distances took 0.006370 sec (of wall-clock time) 0.025507 sec(of CPU time)
Computing RapidNJ tree took 0.000133 sec (of wall-clock time) 0.000358 sec (of CPU time)
Log-likelihood of RapidNJ tree: -2276.916
--------------------------------------------------------------------
|             INITIALIZING CANDIDATE TREE SET                      |
--------------------------------------------------------------------
Generating 98 parsimony trees... 0.011 second
Computing log-likelihood of 98 initial trees ... 1.275 seconds
Current best score: -2276.916

Do NNI search on 20 best initial trees
Estimate model parameters (epsilon = 0.100)
BETTER TREE FOUND at iteration 1: -2270.109
UPDATE BEST LOG-LIKELIHOOD: -2270.109
WARNING: NNI search needs unusual large number of steps (9) to converge!
Iteration 10 / LogL: -2270.111 / Time: 0h:0m:5s
UPDATE BEST LOG-LIKELIHOOD: -2270.109
WARNING: NNI search needs unusual large number of steps (9) to converge!
Iteration 20 / LogL: -2270.112 / Time: 0h:0m:8s
Finish initializing candidate tree set (2)
Current best tree score: -2270.109 / CPU time: 7.558
Number of iterations: 20
--------------------------------------------------------------------
|               OPTIMIZING CANDIDATE TREE SET                      |
--------------------------------------------------------------------
UPDATE BEST LOG-LIKELIHOOD: -2270.109
Iteration 30 / LogL: -2270.130 / Time: 0h:0m:9s (0h:0m:23s left)
Iteration 40 / LogL: -2270.119 / Time: 0h:0m:10s (0h:0m:16s left)
Iteration 50 / LogL: -2270.121 / Time: 0h:0m:11s (0h:0m:12s left)
Log-likelihood cutoff on original alignment: -2291.553
UPDATE BEST LOG-LIKELIHOOD: -2270.109
Iteration 60 / LogL: -2270.112 / Time: 0h:0m:13s (0h:0m:9s left)
UPDATE BEST LOG-LIKELIHOOD: -2270.109
Iteration 70 / LogL: -2270.124 / Time: 0h:0m:14s (0h:0m:6s left)
Iteration 80 / LogL: -2270.109 / Time: 0h:0m:15s (0h:0m:4s left)
Iteration 90 / LogL: -2270.129 / Time: 0h:0m:17s (0h:0m:2s left)
Iteration 100 / LogL: -2270.109 / Time: 0h:0m:18s (0h:0m:0s left)
Log-likelihood cutoff on original alignment: -2292.551
NOTE: Bootstrap correlation coefficient of split occurrence frequencies: 0.999
TREE SEARCH COMPLETED AFTER 102 ITERATIONS / Time: 0h:0m:18s

--------------------------------------------------------------------
|                    FINALIZING TREE SEARCH                        |
--------------------------------------------------------------------
Performs final model parameters optimization
Estimate model parameters (epsilon = 0.010)
1. Initial log-likelihood: -2270.109
Optimal log-likelihood: -2270.106
PoMo with N=7 and HKY (Hasegawa, Kishino and Yano, 1985) mutation model; Sampling method: Weighted binomial; 40 states in total;

--
Model parameters.
Mutation    rates:  A-C: 0.00297  A-G: 0.00497  A-T: 0.00444  C-G: 0.00308  C-T: 0.00718  G-T: 0.00444
Exchangeabilities:  A-C: 0.01471  A-G: 0.02376  A-T: 0.01471  C-G: 0.01471  C-T: 0.02376  G-T: 0.01471
Base frequencies:  A: 0.287  C: 0.202  G: 0.209  T: 0.302
Estimated heterozygosity: 0.0127
A slight overestimation is expected and an effect of weighted binomial sampling; see manual.
--
Empirical quantities.
Base frequencies:  A: 0.287  C: 0.202  G: 0.209  T: 0.302
Watterson's estimator of heterozygosity: 0.0065
--

Parameters optimization took 1 rounds (0.1035 sec)
BEST SCORE FOUND : -2270.1062
Creating bootstrap support values...
Split supports printed to NEXUS file fruit_flies_1000.cf.HKY+F+P+N07.ufboot.splits.nex
Total tree length: 0.2343

Total number of iterations: 102
CPU time used for tree search: 71.2858 sec (0h:1m:11s)
Wall-clock time used for tree search: 17.9706 sec (0h:0m:17s)
Total CPU time used: 75.1261 sec (0h:1m:15s)
Total wall-clock time used: 18.9343 sec (0h:0m:18s)

Computing bootstrap consensus tree...
Reading input file fruit_flies_1000.cf.HKY+F+P+N07.ufboot.splits.nex...
9 taxa and 134 splits.
Consensus tree written to fruit_flies_1000.cf.HKY+F+P+N07.ufboot.contree
Reading input trees file fruit_flies_1000.cf.HKY+F+P+N07.ufboot.contree
Log-likelihood of consensus tree: -2270.1391

Analysis results written to: 
  IQ-TREE report:                fruit_flies_1000.cf.HKY+F+P+N07.ufboot.iqtree
  Maximum-likelihood tree:       fruit_flies_1000.cf.HKY+F+P+N07.ufboot.treefile
  Likelihood distances:          fruit_flies_1000.cf.HKY+F+P+N07.ufboot.mldist

Ultrafast bootstrap approximation results written to:
  Split support values:          fruit_flies_1000.cf.HKY+F+P+N07.ufboot.splits.nex
  Consensus tree:                fruit_flies_1000.cf.HKY+F+P+N07.ufboot.contree
  Screen log file:               fruit_flies_1000.cf.HKY+F+P+N07.ufboot.log

Date and Time: Thu Feb 11 16:10:41 2021
