IQ-TREE multicore version 2.1.2 COVID-edition for Linux 64-bit built Oct 22 2020
Developed by Bui Quang Minh, James Barbetti, Nguyen Lam Tung,
Olga Chernomor, Heiko Schmidt, Dominik Schrempf, Michael Woodhams.

Host:    meganeura (AVX2, FMA3, 31 GB RAM)
Command: iqtree2 -nt 4 -redo -s ../data/fruit_flies_1000.cf -m HKY+F+P+N19+G2 -B 1000 -pre fruit_flies_1000.cf.HKY+F+P+N19+G2.ufboot
Seed:    714137 (Using SPRNG - Scalable Parallel Random Number Generator)
Time:    Thu Feb 11 16:13:13 2021
Kernel:  AVX+FMA - 4 threads (16 CPU cores detected)

Reading alignment file ../data/fruit_flies_1000.cf ... Counts format (PoMo) detected

----------------------------------------------------------------------
Number of populations:     9
Number of sites:           1000
---
Normal sites:              1000
Sites with unknown states: 0
Total sites read:          1000
Fails:                     0
---
Compound states:           446
----------------------------------------------------------------------

The average number of samples is 18.989
Alignment has 9 sequences with 1000 columns, 949 distinct patterns
0 parsimony-informative, 56 singleton sites, 944 constant sites
NOTE: The composition test for PoMo only tests the proportion of fixed states!
     Gap/Ambiguity  Composition  p-value
   1  NTH    0.00%    passed     99.95%
   2  EG     0.00%    passed     99.76%
   3  FR     0.00%    passed     99.99%
   4  GA     0.00%    passed     99.97%
   5  GU     0.00%    passed     99.95%
   6  EF     0.00%    passed    100.00%
   7  KN     0.00%    passed     99.94%
   8  SB     0.00%    passed     99.66%
   9  SP     0.00%    passed     99.82%
****  TOTAL    0.00%  0 sequences failed composition chi2 test (p-value<5%; df=3)
NOTE: minimal branch length is increased to 0.000361000000 because PoMo infers number of mutations and frequency shifts
NOTE: maximal branch length is increased to 3610.0 because PoMo infers number of mutations and frequency shifts
Creating fast initial parsimony tree by random order stepwise addition...
0.002 seconds, parsimony score: 2 (based on 56 sites)
Generating 1000 samples for ultrafast bootstrap (seed: 714137)...

NOTE: 22 MB RAM (0 GB) is required!
Estimate model parameters (epsilon = 0.100)
1. Initial log-likelihood: -2772.102
Gamma shape alpha: 0.050
2. Current log-likelihood: -2203.848
Gamma shape alpha: 0.050
3. Current log-likelihood: -2146.244
Gamma shape alpha: 0.050
4. Current log-likelihood: -2131.238
Gamma shape alpha: 0.050
5. Current log-likelihood: -2130.143
Gamma shape alpha: 0.050
Optimal log-likelihood: -2130.075
PoMo with N=19 and HKY (Hasegawa, Kishino and Yano, 1985) mutation model; Sampling method: Weighted binomial; 112 states in total;Gamma with 2 categories

--
Model parameters.
Mutation    rates:  A-C: 0.00023  A-G: 0.00263  A-T: 0.00034  C-G: 0.00024  C-T: 0.00381  G-T: 0.00034
Exchangeabilities:  A-C: 0.00114  A-G: 0.01260  A-T: 0.00114  C-G: 0.00114  C-T: 0.01260  G-T: 0.00114
Base frequencies:  A: 0.287  C: 0.202  G: 0.209  T: 0.302
Estimated heterozygosity: 0.0036
A slight overestimation is expected and an effect of weighted binomial sampling; see manual.
--
Empirical quantities.
Base frequencies:  A: 0.287  C: 0.202  G: 0.209  T: 0.302
Watterson's estimator of heterozygosity: 0.0065
--

Model of rate heterogeneity: Gamma with 2 categories
Gamma shape alpha: 0.0500

 Category  Relative_rate  Proportion
  1         0.0000         0.5000
  2         2.0000         0.5000
Relative rates are computed as MEAN of the portion of the Gamma distribution falling in the category.

Parameters optimization took 5 rounds (27.7051 sec)
Computing ML distances based on estimated model parameters...
Computing ML distances took 0.314116 sec (of wall-clock time) 1.231628 sec(of CPU time)
WARNING: Some pairwise ML distances are too long (saturated)
Computing RapidNJ tree took 0.000550 sec (of wall-clock time) 0.002159 sec (of CPU time)
Log-likelihood of RapidNJ tree: -2129.610
--------------------------------------------------------------------
|             INITIALIZING CANDIDATE TREE SET                      |
--------------------------------------------------------------------
Generating 98 parsimony trees... 0.012 second
Computing log-likelihood of 98 initial trees ... 18.891 seconds
Current best score: -2129.610

Do NNI search on 20 best initial trees
Estimate model parameters (epsilon = 0.100)
Gamma shape alpha: 0.050
BETTER TREE FOUND at iteration 1: -2119.347
WARNING: NNI search needs unusual large number of steps (9) to converge!
WARNING: NNI search needs unusual large number of steps (9) to converge!
Iteration 10 / LogL: -2119.349 / Time: 0h:1m:42s
UPDATE BEST LOG-LIKELIHOOD: -2119.346
Iteration 20 / LogL: -2119.347 / Time: 0h:2m:26s
Finish initializing candidate tree set (2)
Current best tree score: -2119.346 / CPU time: 117.211
Number of iterations: 20
--------------------------------------------------------------------
|               OPTIMIZING CANDIDATE TREE SET                      |
--------------------------------------------------------------------
UPDATE BEST LOG-LIKELIHOOD: -2119.345
UPDATE BEST LOG-LIKELIHOOD: -2119.345
UPDATE BEST LOG-LIKELIHOOD: -2119.345
Iteration 30 / LogL: -2119.604 / Time: 0h:2m:45s (0h:6m:44s left)
Iteration 40 / LogL: -2119.348 / Time: 0h:3m:5s (0h:4m:49s left)
UPDATE BEST LOG-LIKELIHOOD: -2119.345
Iteration 50 / LogL: -2119.363 / Time: 0h:3m:24s (0h:3m:32s left)
Log-likelihood cutoff on original alignment: -2135.083
UPDATE BEST LOG-LIKELIHOOD: -2119.345
Iteration 60 / LogL: -2119.603 / Time: 0h:3m:49s (0h:2m:39s left)
Iteration 70 / LogL: -2119.603 / Time: 0h:4m:13s (0h:1m:54s left)
Iteration 80 / LogL: -2119.345 / Time: 0h:4m:37s (0h:1m:13s left)
Iteration 90 / LogL: -2119.345 / Time: 0h:4m:57s (0h:0m:36s left)
Iteration 100 / LogL: -2119.346 / Time: 0h:5m:21s (0h:0m:3s left)
Log-likelihood cutoff on original alignment: -2135.497
NOTE: Bootstrap correlation coefficient of split occurrence frequencies: 0.994
TREE SEARCH COMPLETED AFTER 102 ITERATIONS / Time: 0h:5m:24s

--------------------------------------------------------------------
|                    FINALIZING TREE SEARCH                        |
--------------------------------------------------------------------
Performs final model parameters optimization
Estimate model parameters (epsilon = 0.010)
1. Initial log-likelihood: -2119.345
Gamma shape alpha: 0.050
2. Current log-likelihood: -2116.330
Gamma shape alpha: 0.050
3. Current log-likelihood: -2116.186
WARNING: The shape parameter of the gamma rate heterogeneity is hitting the lower boundary.
Gamma shape alpha: 0.050
4. Current log-likelihood: -2115.286
WARNING: The shape parameter of the gamma rate heterogeneity is hitting the lower boundary.
Gamma shape alpha: 0.050
Optimal log-likelihood: -2115.286
PoMo with N=19 and HKY (Hasegawa, Kishino and Yano, 1985) mutation model; Sampling method: Weighted binomial; 112 states in total;Gamma with 2 categories

--
Model parameters.
Mutation    rates:  A-C: 0.00022  A-G: 0.00238  A-T: 0.00034  C-G: 0.00023  C-T: 0.00344  G-T: 0.00034
Exchangeabilities:  A-C: 0.00111  A-G: 0.01138  A-T: 0.00111  C-G: 0.00111  C-T: 0.01138  G-T: 0.00111
Base frequencies:  A: 0.287  C: 0.202  G: 0.209  T: 0.302
Estimated heterozygosity: 0.0033
A slight overestimation is expected and an effect of weighted binomial sampling; see manual.
--
Empirical quantities.
Base frequencies:  A: 0.287  C: 0.202  G: 0.209  T: 0.302
Watterson's estimator of heterozygosity: 0.0065
--

Model of rate heterogeneity: Gamma with 2 categories
Gamma shape alpha: 0.0500

 Category  Relative_rate  Proportion
  1         0.0000         0.5000
  2         2.0000         0.5000
Relative rates are computed as MEAN of the portion of the Gamma distribution falling in the category.

Parameters optimization took 4 rounds (16.5535 sec)
BEST SCORE FOUND : -2115.2855
Creating bootstrap support values...
Split supports printed to NEXUS file fruit_flies_1000.cf.HKY+F+P+N19+G2.ufboot.splits.nex
Total tree length: 0.9356

Total number of iterations: 102
CPU time used for tree search: 1167.8447 sec (0h:19m:27s)
Wall-clock time used for tree search: 295.1100 sec (0h:4m:55s)
Total CPU time used: 1347.7422 sec (0h:22m:27s)
Total wall-clock time used: 340.7686 sec (0h:5m:40s)

Computing bootstrap consensus tree...
Reading input file fruit_flies_1000.cf.HKY+F+P+N19+G2.ufboot.splits.nex...
9 taxa and 109 splits.
Consensus tree written to fruit_flies_1000.cf.HKY+F+P+N19+G2.ufboot.contree
Reading input trees file fruit_flies_1000.cf.HKY+F+P+N19+G2.ufboot.contree
Log-likelihood of consensus tree: -2115.2865

Analysis results written to: 
  IQ-TREE report:                fruit_flies_1000.cf.HKY+F+P+N19+G2.ufboot.iqtree
  Maximum-likelihood tree:       fruit_flies_1000.cf.HKY+F+P+N19+G2.ufboot.treefile
  Likelihood distances:          fruit_flies_1000.cf.HKY+F+P+N19+G2.ufboot.mldist

Ultrafast bootstrap approximation results written to:
  Split support values:          fruit_flies_1000.cf.HKY+F+P+N19+G2.ufboot.splits.nex
  Consensus tree:                fruit_flies_1000.cf.HKY+F+P+N19+G2.ufboot.contree
  Screen log file:               fruit_flies_1000.cf.HKY+F+P+N19+G2.ufboot.log

Date and Time: Thu Feb 11 16:18:55 2021
