IQ-TREE multicore version 2.1.2 COVID-edition for Linux 64-bit built Oct 22 2020
Developed by Bui Quang Minh, James Barbetti, Nguyen Lam Tung,
Olga Chernomor, Heiko Schmidt, Dominik Schrempf, Michael Woodhams.

Host:    meganeura (AVX2, FMA3, 31 GB RAM)
Command: iqtree2 -nt 4 -redo -s ../data/fruit_flies_10000.cf -m HKY+F+P+N09 -B 1000 -pre fruit_flies_10000.cf.HKY+F+P+N09.ufboot
Seed:    73265 (Using SPRNG - Scalable Parallel Random Number Generator)
Time:    Thu Feb 11 17:27:28 2021
Kernel:  AVX+FMA - 4 threads (16 CPU cores detected)

Reading alignment file ../data/fruit_flies_10000.cf ... Counts format (PoMo) detected

----------------------------------------------------------------------
Number of populations:     9
Number of sites:           10000
---
Normal sites:              10000
Sites with unknown states: 0
Total sites read:          10000
Fails:                     0
---
Compound states:           1346
----------------------------------------------------------------------

The average number of samples is 18.998
Alignment has 9 sequences with 10000 columns, 7463 distinct patterns
0 parsimony-informative, 475 singleton sites, 9525 constant sites
NOTE: The composition test for PoMo only tests the proportion of fixed states!
     Gap/Ambiguity  Composition  p-value
   1  NTH    0.00%    passed    100.00%
   2  EG     0.00%    passed     99.95%
   3  FR     0.00%    passed     99.81%
   4  GA     0.00%    passed     99.56%
   5  GU     0.00%    passed     99.62%
   6  EF     0.00%    passed     99.91%
   7  KN     0.00%    passed     99.98%
   8  SB     0.00%    passed     99.94%
   9  SP     0.00%    passed     99.41%
****  TOTAL    0.00%  0 sequences failed composition chi2 test (p-value<5%; df=3)
NOTE: minimal branch length is increased to 0.000081000000 because PoMo infers number of mutations and frequency shifts
NOTE: maximal branch length is increased to 810.0 because PoMo infers number of mutations and frequency shifts
Creating fast initial parsimony tree by random order stepwise addition...
0.001 seconds, parsimony score: 29 (based on 475 sites)
Generating 1000 samples for ultrafast bootstrap (seed: 73265)...

NOTE: 56 MB RAM (0 GB) is required!
Estimate model parameters (epsilon = 0.100)
1. Initial log-likelihood: -29121.422
2. Current log-likelihood: -23448.914
3. Current log-likelihood: -23377.241
4. Current log-likelihood: -23377.033
Optimal log-likelihood: -23377.014
PoMo with N=9 and HKY (Hasegawa, Kishino and Yano, 1985) mutation model; Sampling method: Weighted binomial; 52 states in total;

--
Model parameters.
Mutation    rates:  A-C: 0.00254  A-G: 0.00570  A-T: 0.00327  C-G: 0.00257  C-T: 0.00726  G-T: 0.00327
Exchangeabilities:  A-C: 0.01165  A-G: 0.02586  A-T: 0.01165  C-G: 0.01165  C-T: 0.02586  G-T: 0.01165
Base frequencies:  A: 0.281  C: 0.218  G: 0.220  T: 0.281
Estimated heterozygosity: 0.0118
A slight overestimation is expected and an effect of weighted binomial sampling; see manual.
--
Empirical quantities.
Base frequencies:  A: 0.281  C: 0.218  G: 0.220  T: 0.281
Watterson's estimator of heterozygosity: 0.0064
--

Parameters optimization took 4 rounds (6.6899 sec)
Computing ML distances based on estimated model parameters...
Computing ML distances took 0.015050 sec (of wall-clock time) 0.051999 sec(of CPU time)
Computing RapidNJ tree took 0.000123 sec (of wall-clock time) 0.000298 sec (of CPU time)
Log-likelihood of RapidNJ tree: -23342.024
--------------------------------------------------------------------
|             INITIALIZING CANDIDATE TREE SET                      |
--------------------------------------------------------------------
Generating 98 parsimony trees... 0.019 second
Computing log-likelihood of 93 initial trees ... 6.874 seconds
Current best score: -23342.024

Do NNI search on 20 best initial trees
Estimate model parameters (epsilon = 0.100)
BETTER TREE FOUND at iteration 1: -23339.508
Iteration 10 / LogL: -23339.567 / Time: 0h:0m:30s
Iteration 20 / LogL: -23352.519 / Time: 0h:0m:39s
Finish initializing candidate tree set (7)
Current best tree score: -23339.508 / CPU time: 31.789
Number of iterations: 20
--------------------------------------------------------------------
|               OPTIMIZING CANDIDATE TREE SET                      |
--------------------------------------------------------------------
Iteration 30 / LogL: -23436.500 / Time: 0h:0m:45s (0h:1m:51s left)
Iteration 40 / LogL: -23339.880 / Time: 0h:0m:50s (0h:1m:19s left)
Iteration 50 / LogL: -23340.150 / Time: 0h:0m:56s (0h:0m:59s left)
Log-likelihood cutoff on original alignment: -23372.905
Iteration 60 / LogL: -23344.615 / Time: 0h:1m:4s (0h:0m:44s left)
Iteration 70 / LogL: -23339.526 / Time: 0h:1m:12s (0h:0m:32s left)
Iteration 80 / LogL: -23339.521 / Time: 0h:1m:19s (0h:0m:21s left)
Iteration 90 / LogL: -23339.567 / Time: 0h:1m:27s (0h:0m:10s left)
Iteration 100 / LogL: -23345.463 / Time: 0h:1m:34s (0h:0m:0s left)
Log-likelihood cutoff on original alignment: -23372.699
NOTE: Bootstrap correlation coefficient of split occurrence frequencies: 1.000
TREE SEARCH COMPLETED AFTER 102 ITERATIONS / Time: 0h:1m:37s

--------------------------------------------------------------------
|                    FINALIZING TREE SEARCH                        |
--------------------------------------------------------------------
Performs final model parameters optimization
Estimate model parameters (epsilon = 0.010)
1. Initial log-likelihood: -23339.508
Optimal log-likelihood: -23339.505
PoMo with N=9 and HKY (Hasegawa, Kishino and Yano, 1985) mutation model; Sampling method: Weighted binomial; 52 states in total;

--
Model parameters.
Mutation    rates:  A-C: 0.00256  A-G: 0.00575  A-T: 0.00330  C-G: 0.00259  C-T: 0.00733  G-T: 0.00330
Exchangeabilities:  A-C: 0.01176  A-G: 0.02608  A-T: 0.01176  C-G: 0.01176  C-T: 0.02608  G-T: 0.01176
Base frequencies:  A: 0.281  C: 0.218  G: 0.220  T: 0.281
Estimated heterozygosity: 0.0119
A slight overestimation is expected and an effect of weighted binomial sampling; see manual.
--
Empirical quantities.
Base frequencies:  A: 0.281  C: 0.218  G: 0.220  T: 0.281
Watterson's estimator of heterozygosity: 0.0064
--

Parameters optimization took 1 rounds (1.4947 sec)
BEST SCORE FOUND : -23339.5052
Creating bootstrap support values...
Split supports printed to NEXUS file fruit_flies_10000.cf.HKY+F+P+N09.ufboot.splits.nex
Total tree length: 0.4502

Total number of iterations: 102
CPU time used for tree search: 356.0929 sec (0h:5m:56s)
Wall-clock time used for tree search: 90.1513 sec (0h:1m:30s)
Total CPU time used: 391.0161 sec (0h:6m:31s)
Total wall-clock time used: 98.9967 sec (0h:1m:38s)

Computing bootstrap consensus tree...
Reading input file fruit_flies_10000.cf.HKY+F+P+N09.ufboot.splits.nex...
9 taxa and 39 splits.
Consensus tree written to fruit_flies_10000.cf.HKY+F+P+N09.ufboot.contree
Reading input trees file fruit_flies_10000.cf.HKY+F+P+N09.ufboot.contree
Log-likelihood of consensus tree: -23339.5053

Analysis results written to: 
  IQ-TREE report:                fruit_flies_10000.cf.HKY+F+P+N09.ufboot.iqtree
  Maximum-likelihood tree:       fruit_flies_10000.cf.HKY+F+P+N09.ufboot.treefile
  Likelihood distances:          fruit_flies_10000.cf.HKY+F+P+N09.ufboot.mldist

Ultrafast bootstrap approximation results written to:
  Split support values:          fruit_flies_10000.cf.HKY+F+P+N09.ufboot.splits.nex
  Consensus tree:                fruit_flies_10000.cf.HKY+F+P+N09.ufboot.contree
  Screen log file:               fruit_flies_10000.cf.HKY+F+P+N09.ufboot.log

Date and Time: Thu Feb 11 17:29:07 2021
