IQ-TREE multicore version 2.1.2 COVID-edition for Linux 64-bit built Oct 22 2020
Developed by Bui Quang Minh, James Barbetti, Nguyen Lam Tung,
Olga Chernomor, Heiko Schmidt, Dominik Schrempf, Michael Woodhams.

Host:    meganeura (AVX2, FMA3, 31 GB RAM)
Command: iqtree2 -nt 4 -redo -s ../data/fruit_flies_1000.cf -m HKY+F+P+N15 -pre fruit_flies_1000.cf.HKY+F+P+N15
Seed:    470236 (Using SPRNG - Scalable Parallel Random Number Generator)
Time:    Thu Feb 11 15:16:05 2021
Kernel:  AVX+FMA - 4 threads (16 CPU cores detected)

Reading alignment file ../data/fruit_flies_1000.cf ... Counts format (PoMo) detected

----------------------------------------------------------------------
Number of populations:     9
Number of sites:           1000
---
Normal sites:              1000
Sites with unknown states: 0
Total sites read:          1000
Fails:                     0
---
Compound states:           446
----------------------------------------------------------------------

The average number of samples is 18.989
Alignment has 9 sequences with 1000 columns, 949 distinct patterns
0 parsimony-informative, 53 singleton sites, 947 constant sites
NOTE: The composition test for PoMo only tests the proportion of fixed states!
     Gap/Ambiguity  Composition  p-value
   1  NTH    0.00%    passed     99.93%
   2  EG     0.00%    passed     99.73%
   3  FR     0.00%    passed    100.00%
   4  GA     0.00%    passed     99.97%
   5  GU     0.00%    passed     99.95%
   6  EF     0.00%    passed     99.89%
   7  KN     0.00%    passed     99.90%
   8  SB     0.00%    passed     99.74%
   9  SP     0.00%    passed     99.81%
****  TOTAL    0.00%  0 sequences failed composition chi2 test (p-value<5%; df=3)
NOTE: minimal branch length is increased to 0.000225000000 because PoMo infers number of mutations and frequency shifts
NOTE: maximal branch length is increased to 2250.0 because PoMo infers number of mutations and frequency shifts
Creating fast initial parsimony tree by random order stepwise addition...
0.000 seconds, parsimony score: 2 (based on 53 sites)

NOTE: 6 MB RAM (0 GB) is required!
Estimate model parameters (epsilon = 0.100)
1. Initial log-likelihood: -2874.925
2. Current log-likelihood: -2219.681
3. Current log-likelihood: -2218.743
4. Current log-likelihood: -2218.641
Optimal log-likelihood: -2218.631
PoMo with N=15 and HKY (Hasegawa, Kishino and Yano, 1985) mutation model; Sampling method: Weighted binomial; 88 states in total;

--
Model parameters.
Mutation    rates:  A-C: 0.00215  A-G: 0.00357  A-T: 0.00322  C-G: 0.00223  C-T: 0.00515  G-T: 0.00322
Exchangeabilities:  A-C: 0.01065  A-G: 0.01705  A-T: 0.01065  C-G: 0.01065  C-T: 0.01705  G-T: 0.01065
Base frequencies:  A: 0.287  C: 0.202  G: 0.209  T: 0.302
Estimated heterozygosity: 0.0092
A slight overestimation is expected and an effect of weighted binomial sampling; see manual.
--
Empirical quantities.
Base frequencies:  A: 0.287  C: 0.202  G: 0.209  T: 0.302
Watterson's estimator of heterozygosity: 0.0065
--

Parameters optimization took 4 rounds (2.8111 sec)
Computing ML distances based on estimated model parameters...
Computing ML distances took 0.050798 sec (of wall-clock time) 0.194563 sec(of CPU time)
Computing RapidNJ tree took 0.040886 sec (of wall-clock time) 0.163424 sec (of CPU time)
Log-likelihood of RapidNJ tree: -2203.983
--------------------------------------------------------------------
|             INITIALIZING CANDIDATE TREE SET                      |
--------------------------------------------------------------------
Generating 98 parsimony trees... 0.011 second
Computing log-likelihood of 98 initial trees ... 4.888 seconds
Current best score: -2203.983

Do NNI search on 20 best initial trees
Estimate model parameters (epsilon = 0.100)
BETTER TREE FOUND at iteration 1: -2201.506
Iteration 10 / LogL: -2201.527 / Time: 0h:0m:20s
WARNING: NNI search needs unusual large number of steps (9) to converge!
UPDATE BEST LOG-LIKELIHOOD: -2201.505
WARNING: NNI search needs unusual large number of steps (9) to converge!
Iteration 20 / LogL: -2201.534 / Time: 0h:0m:34s
Finish initializing candidate tree set (4)
Current best tree score: -2201.505 / CPU time: 30.867
Number of iterations: 20
--------------------------------------------------------------------
|               OPTIMIZING CANDIDATE TREE SET                      |
--------------------------------------------------------------------
UPDATE BEST LOG-LIKELIHOOD: -2201.505
Iteration 30 / LogL: -2201.529 / Time: 0h:0m:40s (0h:1m:39s left)
Iteration 40 / LogL: -2201.505 / Time: 0h:0m:47s (0h:1m:13s left)
Iteration 50 / LogL: -2201.513 / Time: 0h:0m:53s (0h:0m:56s left)
Iteration 60 / LogL: -2201.512 / Time: 0h:1m:1s (0h:0m:42s left)
Iteration 70 / LogL: -2201.506 / Time: 0h:1m:8s (0h:0m:30s left)
Iteration 80 / LogL: -2201.656 / Time: 0h:1m:14s (0h:0m:19s left)
Iteration 90 / LogL: -2201.708 / Time: 0h:1m:20s (0h:0m:10s left)
Iteration 100 / LogL: -2201.515 / Time: 0h:1m:27s (0h:0m:0s left)
TREE SEARCH COMPLETED AFTER 102 ITERATIONS / Time: 0h:1m:28s

--------------------------------------------------------------------
|                    FINALIZING TREE SEARCH                        |
--------------------------------------------------------------------
Performs final model parameters optimization
Estimate model parameters (epsilon = 0.010)
1. Initial log-likelihood: -2201.505
Optimal log-likelihood: -2201.501
PoMo with N=15 and HKY (Hasegawa, Kishino and Yano, 1985) mutation model; Sampling method: Weighted binomial; 88 states in total;

--
Model parameters.
Mutation    rates:  A-C: 0.00222  A-G: 0.00371  A-T: 0.00332  C-G: 0.00230  C-T: 0.00536  G-T: 0.00332
Exchangeabilities:  A-C: 0.01099  A-G: 0.01773  A-T: 0.01099  C-G: 0.01099  C-T: 0.01773  G-T: 0.01099
Base frequencies:  A: 0.287  C: 0.202  G: 0.209  T: 0.302
Estimated heterozygosity: 0.0095
A slight overestimation is expected and an effect of weighted binomial sampling; see manual.
--
Empirical quantities.
Base frequencies:  A: 0.287  C: 0.202  G: 0.209  T: 0.302
Watterson's estimator of heterozygosity: 0.0065
--

Parameters optimization took 1 rounds (0.5327 sec)
BEST SCORE FOUND : -2201.5012
Total tree length: 0.6830

Total number of iterations: 102
CPU time used for tree search: 337.4229 sec (0h:5m:37s)
Wall-clock time used for tree search: 85.4587 sec (0h:1m:25s)
Total CPU time used: 352.4741 sec (0h:5m:52s)
Total wall-clock time used: 89.2822 sec (0h:1m:29s)

Analysis results written to: 
  IQ-TREE report:                fruit_flies_1000.cf.HKY+F+P+N15.iqtree
  Maximum-likelihood tree:       fruit_flies_1000.cf.HKY+F+P+N15.treefile
  Likelihood distances:          fruit_flies_1000.cf.HKY+F+P+N15.mldist
  Screen log file:               fruit_flies_1000.cf.HKY+F+P+N15.log

Date and Time: Thu Feb 11 15:17:34 2021
