IQ-TREE multicore version 2.1.2 COVID-edition for Linux 64-bit built Oct 22 2020
Developed by Bui Quang Minh, James Barbetti, Nguyen Lam Tung,
Olga Chernomor, Heiko Schmidt, Dominik Schrempf, Michael Woodhams.

Host:    meganeura (AVX2, FMA3, 31 GB RAM)
Command: iqtree2 -nt 4 -redo -s ../data/fruit_flies_10000.cf -m HKY+F+P+N07+G2 -B 1000 -pre fruit_flies_10000.cf.HKY+F+P+N07+G2.ufboot
Seed:    583773 (Using SPRNG - Scalable Parallel Random Number Generator)
Time:    Thu Feb 11 17:25:23 2021
Kernel:  AVX+FMA - 4 threads (16 CPU cores detected)

Reading alignment file ../data/fruit_flies_10000.cf ... Counts format (PoMo) detected

----------------------------------------------------------------------
Number of populations:     9
Number of sites:           10000
---
Normal sites:              10000
Sites with unknown states: 0
Total sites read:          10000
Fails:                     0
---
Compound states:           1346
----------------------------------------------------------------------

The average number of samples is 18.998
Alignment has 9 sequences with 10000 columns, 7463 distinct patterns
0 parsimony-informative, 444 singleton sites, 9556 constant sites
NOTE: The composition test for PoMo only tests the proportion of fixed states!
     Gap/Ambiguity  Composition  p-value
   1  NTH    0.00%    passed    100.00%
   2  EG     0.00%    passed     99.95%
   3  FR     0.00%    passed     99.55%
   4  GA     0.00%    passed     99.42%
   5  GU     0.00%    passed     99.64%
   6  EF     0.00%    passed     99.90%
   7  KN     0.00%    passed     99.99%
   8  SB     0.00%    passed     99.94%
   9  SP     0.00%    passed     99.49%
****  TOTAL    0.00%  0 sequences failed composition chi2 test (p-value<5%; df=3)
NOTE: minimal branch length is increased to 0.000049000000 because PoMo infers number of mutations and frequency shifts
NOTE: maximal branch length is increased to 490.0 because PoMo infers number of mutations and frequency shifts
Creating fast initial parsimony tree by random order stepwise addition...
0.001 seconds, parsimony score: 30 (based on 444 sites)
Generating 1000 samples for ultrafast bootstrap (seed: 583773)...

NOTE: 71 MB RAM (0 GB) is required!
Estimate model parameters (epsilon = 0.100)
1. Initial log-likelihood: -27760.276
Gamma shape alpha: 49.981
2. Current log-likelihood: -23854.087
Gamma shape alpha: 49.992
3. Current log-likelihood: -23826.427
Gamma shape alpha: 49.992
4. Current log-likelihood: -23825.494
Gamma shape alpha: 49.992
Optimal log-likelihood: -23825.391
PoMo with N=7 and HKY (Hasegawa, Kishino and Yano, 1985) mutation model; Sampling method: Weighted binomial; 40 states in total;Gamma with 2 categories

--
Model parameters.
Mutation    rates:  A-C: 0.00278  A-G: 0.00623  A-T: 0.00358  C-G: 0.00281  C-T: 0.00795  G-T: 0.00358
Exchangeabilities:  A-C: 0.01275  A-G: 0.02829  A-T: 0.01275  C-G: 0.01275  C-T: 0.02829  G-T: 0.01275
Base frequencies:  A: 0.281  C: 0.218  G: 0.220  T: 0.281
Estimated heterozygosity: 0.0129
A slight overestimation is expected and an effect of weighted binomial sampling; see manual.
--
Empirical quantities.
Base frequencies:  A: 0.281  C: 0.218  G: 0.220  T: 0.281
Watterson's estimator of heterozygosity: 0.0064
--

Model of rate heterogeneity: Gamma with 2 categories
Gamma shape alpha: 49.9917

 Category  Relative_rate  Proportion
  1         0.8875         0.5000
  2         1.1125         0.5000
Relative rates are computed as MEAN of the portion of the Gamma distribution falling in the category.

Parameters optimization took 4 rounds (7.6364 sec)
Computing ML distances based on estimated model parameters...
Computing ML distances took 0.004312 sec (of wall-clock time) 0.016284 sec(of CPU time)
Computing RapidNJ tree took 0.000113 sec (of wall-clock time) 0.000111 sec (of CPU time)
Log-likelihood of RapidNJ tree: -23792.504
--------------------------------------------------------------------
|             INITIALIZING CANDIDATE TREE SET                      |
--------------------------------------------------------------------
Generating 98 parsimony trees... 0.018 second
Computing log-likelihood of 97 initial trees ... 6.518 seconds
Current best score: -23792.504

Do NNI search on 20 best initial trees
Estimate model parameters (epsilon = 0.100)
Gamma shape alpha: 49.997
Gamma shape alpha: 50.002
BETTER TREE FOUND at iteration 1: -23778.514
Iteration 10 / LogL: -23778.518 / Time: 0h:0m:29s
Iteration 20 / LogL: -23790.121 / Time: 0h:0m:40s
Finish initializing candidate tree set (4)
Current best tree score: -23778.514 / CPU time: 32.517
Number of iterations: 20
--------------------------------------------------------------------
|               OPTIMIZING CANDIDATE TREE SET                      |
--------------------------------------------------------------------
Iteration 30 / LogL: -23778.538 / Time: 0h:0m:47s (0h:1m:57s left)
Iteration 40 / LogL: -23831.627 / Time: 0h:0m:53s (0h:1m:24s left)
Iteration 50 / LogL: -23784.640 / Time: 0h:1m:1s (0h:1m:4s left)
Log-likelihood cutoff on original alignment: -23820.596
Iteration 60 / LogL: -23784.701 / Time: 0h:1m:9s (0h:0m:48s left)
Iteration 70 / LogL: -23778.528 / Time: 0h:1m:22s (0h:0m:36s left)
Iteration 80 / LogL: -23789.901 / Time: 0h:1m:30s (0h:0m:23s left)
Iteration 90 / LogL: -23778.551 / Time: 0h:1m:37s (0h:0m:12s left)
Iteration 100 / LogL: -23778.523 / Time: 0h:1m:47s (0h:0m:1s left)
Log-likelihood cutoff on original alignment: -23820.596
NOTE: Bootstrap correlation coefficient of split occurrence frequencies: 1.000
TREE SEARCH COMPLETED AFTER 102 ITERATIONS / Time: 0h:1m:50s

--------------------------------------------------------------------
|                    FINALIZING TREE SEARCH                        |
--------------------------------------------------------------------
Performs final model parameters optimization
Estimate model parameters (epsilon = 0.010)
1. Initial log-likelihood: -23778.514
Gamma shape alpha: 50.007
Optimal log-likelihood: -23778.514
PoMo with N=7 and HKY (Hasegawa, Kishino and Yano, 1985) mutation model; Sampling method: Weighted binomial; 40 states in total;Gamma with 2 categories

--
Model parameters.
Mutation    rates:  A-C: 0.00282  A-G: 0.00634  A-T: 0.00364  C-G: 0.00286  C-T: 0.00808  G-T: 0.00364
Exchangeabilities:  A-C: 0.01297  A-G: 0.02877  A-T: 0.01297  C-G: 0.01297  C-T: 0.02877  G-T: 0.01297
Base frequencies:  A: 0.281  C: 0.218  G: 0.220  T: 0.281
Estimated heterozygosity: 0.0131
A slight overestimation is expected and an effect of weighted binomial sampling; see manual.
--
Empirical quantities.
Base frequencies:  A: 0.281  C: 0.218  G: 0.220  T: 0.281
Watterson's estimator of heterozygosity: 0.0064
--

Model of rate heterogeneity: Gamma with 2 categories
Gamma shape alpha: 50.0072

 Category  Relative_rate  Proportion
  1         0.8875         0.5000
  2         1.1125         0.5000
Relative rates are computed as MEAN of the portion of the Gamma distribution falling in the category.

Parameters optimization took 1 rounds (1.1234 sec)
BEST SCORE FOUND : -23778.5142
Creating bootstrap support values...
Split supports printed to NEXUS file fruit_flies_10000.cf.HKY+F+P+N07+G2.ufboot.splits.nex
Total tree length: 0.3266

Total number of iterations: 102
CPU time used for tree search: 405.0957 sec (0h:6m:45s)
Wall-clock time used for tree search: 102.2863 sec (0h:1m:42s)
Total CPU time used: 441.9951 sec (0h:7m:21s)
Total wall-clock time used: 111.6054 sec (0h:1m:51s)

Computing bootstrap consensus tree...
Reading input file fruit_flies_10000.cf.HKY+F+P+N07+G2.ufboot.splits.nex...
9 taxa and 39 splits.
Consensus tree written to fruit_flies_10000.cf.HKY+F+P+N07+G2.ufboot.contree
Reading input trees file fruit_flies_10000.cf.HKY+F+P+N07+G2.ufboot.contree
Log-likelihood of consensus tree: -23778.5142

Analysis results written to: 
  IQ-TREE report:                fruit_flies_10000.cf.HKY+F+P+N07+G2.ufboot.iqtree
  Maximum-likelihood tree:       fruit_flies_10000.cf.HKY+F+P+N07+G2.ufboot.treefile
  Likelihood distances:          fruit_flies_10000.cf.HKY+F+P+N07+G2.ufboot.mldist

Ultrafast bootstrap approximation results written to:
  Split support values:          fruit_flies_10000.cf.HKY+F+P+N07+G2.ufboot.splits.nex
  Consensus tree:                fruit_flies_10000.cf.HKY+F+P+N07+G2.ufboot.contree
  Screen log file:               fruit_flies_10000.cf.HKY+F+P+N07+G2.ufboot.log

Date and Time: Thu Feb 11 17:27:15 2021
