IQ-TREE multicore version 2.1.2 COVID-edition for Linux 64-bit built Oct 22 2020
Developed by Bui Quang Minh, James Barbetti, Nguyen Lam Tung,
Olga Chernomor, Heiko Schmidt, Dominik Schrempf, Michael Woodhams.

Host:    meganeura (AVX2, FMA3, 31 GB RAM)
Command: iqtree2 -nt 4 -redo -s ../data/fruit_flies_10000.cf -m HKY+F+P+N09+G4 -pre fruit_flies_10000.cf.HKY+F+P+N09+G4
Seed:    296982 (Using SPRNG - Scalable Parallel Random Number Generator)
Time:    Thu Feb 11 15:30:14 2021
Kernel:  AVX+FMA - 4 threads (16 CPU cores detected)

Reading alignment file ../data/fruit_flies_10000.cf ... Counts format (PoMo) detected

----------------------------------------------------------------------
Number of populations:     9
Number of sites:           10000
---
Normal sites:              10000
Sites with unknown states: 0
Total sites read:          10000
Fails:                     0
---
Compound states:           1346
----------------------------------------------------------------------

The average number of samples is 18.998
Alignment has 9 sequences with 10000 columns, 7463 distinct patterns
0 parsimony-informative, 475 singleton sites, 9525 constant sites
NOTE: The composition test for PoMo only tests the proportion of fixed states!
     Gap/Ambiguity  Composition  p-value
   1  NTH    0.00%    passed    100.00%
   2  EG     0.00%    passed     99.95%
   3  FR     0.00%    passed     99.81%
   4  GA     0.00%    passed     99.56%
   5  GU     0.00%    passed     99.62%
   6  EF     0.00%    passed     99.91%
   7  KN     0.00%    passed     99.98%
   8  SB     0.00%    passed     99.94%
   9  SP     0.00%    passed     99.41%
****  TOTAL    0.00%  0 sequences failed composition chi2 test (p-value<5%; df=3)
NOTE: minimal branch length is increased to 0.000081000000 because PoMo infers number of mutations and frequency shifts
NOTE: maximal branch length is increased to 810.0 because PoMo infers number of mutations and frequency shifts
Creating fast initial parsimony tree by random order stepwise addition...
0.001 seconds, parsimony score: 29 (based on 475 sites)

NOTE: 110 MB RAM (0 GB) is required!
Estimate model parameters (epsilon = 0.100)
1. Initial log-likelihood: -26995.271
Gamma shape alpha: 43.094
2. Current log-likelihood: -23401.643
Gamma shape alpha: 43.094
3. Current log-likelihood: -23379.085
Gamma shape alpha: 43.088
Optimal log-likelihood: -23379.020
PoMo with N=9 and HKY (Hasegawa, Kishino and Yano, 1985) mutation model; Sampling method: Weighted binomial; 52 states in total;Gamma with 4 categories

--
Model parameters.
Mutation    rates:  A-C: 0.00253  A-G: 0.00570  A-T: 0.00326  C-G: 0.00256  C-T: 0.00727  G-T: 0.00326
Exchangeabilities:  A-C: 0.01161  A-G: 0.02588  A-T: 0.01161  C-G: 0.01161  C-T: 0.02588  G-T: 0.01161
Base frequencies:  A: 0.281  C: 0.218  G: 0.220  T: 0.281
Estimated heterozygosity: 0.0118
A slight overestimation is expected and an effect of weighted binomial sampling; see manual.
--
Empirical quantities.
Base frequencies:  A: 0.281  C: 0.218  G: 0.220  T: 0.281
Watterson's estimator of heterozygosity: 0.0064
--

Model of rate heterogeneity: Gamma with 4 categories
Gamma shape alpha: 43.0884

 Category  Relative_rate  Proportion
  1         0.8135         0.2500
  2         0.9441         0.2500
  3         1.0426         0.2500
  4         1.1997         0.2500
Relative rates are computed as MEAN of the portion of the Gamma distribution falling in the category.

Parameters optimization took 3 rounds (25.7840 sec)
Computing ML distances based on estimated model parameters...
Computing ML distances took 0.016849 sec (of wall-clock time) 0.055465 sec(of CPU time)
Computing RapidNJ tree took 0.000552 sec (of wall-clock time) 0.001089 sec (of CPU time)
Log-likelihood of RapidNJ tree: -23339.200
--------------------------------------------------------------------
|             INITIALIZING CANDIDATE TREE SET                      |
--------------------------------------------------------------------
Generating 98 parsimony trees... 0.029 second
Computing log-likelihood of 98 initial trees ... 48.546 seconds
Current best score: -23339.200

Do NNI search on 20 best initial trees
Estimate model parameters (epsilon = 0.100)
Gamma shape alpha: 43.087
BETTER TREE FOUND at iteration 1: -23339.165
PoMo with N=9 and HKY (Hasegawa, Kishino and Yano, 1985) mutation model; Sampling method: Weighted binomial; 52 states in total;Gamma with 4 categories

--
Model parameters.
Mutation    rates:  A-C: 0.00256  A-G: 0.00573  A-T: 0.00330  C-G: 0.00259  C-T: 0.00731  G-T: 0.00330
Exchangeabilities:  A-C: 0.01174  A-G: 0.02603  A-T: 0.01174  C-G: 0.01174  C-T: 0.02603  G-T: 0.01174
Base frequencies:  A: 0.281  C: 0.218  G: 0.220  T: 0.281
Estimated heterozygosity: 0.0119
A slight overestimation is expected and an effect of weighted binomial sampling; see manual.
--
Empirical quantities.
Base frequencies:  A: 0.281  C: 0.218  G: 0.220  T: 0.281
Watterson's estimator of heterozygosity: 0.0064
--

Model of rate heterogeneity: Gamma with 4 categories
Gamma shape alpha: 43.0871

 Category  Relative_rate  Proportion
  1         0.8135         0.2500
  2         0.9441         0.2500
  3         1.0426         0.2500
  4         1.1997         0.2500
Relative rates are computed as MEAN of the portion of the Gamma distribution falling in the category.

WARNING: Numerical underflow for lh-derivative
Iteration 10 / LogL: -23339.2442 / Time: 0h:2m:49s
Iteration 20 / LogL: -23344.9766 / Time: 0h:4m:8s
Finish initializing candidate tree set (5)
Current best tree score: -23339.1651 / CPU time: 220.0493
Number of iterations: 20
--------------------------------------------------------------------
|               OPTIMIZING CANDIDATE TREE SET                      |
--------------------------------------------------------------------
Iteration 30 / LogL: -23463.6691 / Time: 0h:4m:51s (0h:11m:54s left)
Iteration 40 / LogL: -23339.2754 / Time: 0h:5m:52s (0h:9m:11s left)
Iteration 50 / LogL: -23339.1664 / Time: 0h:6m:44s (0h:7m:1s left)
Iteration 60 / LogL: -23345.3527 / Time: 0h:7m:39s (0h:5m:19s left)
Iteration 70 / LogL: -23339.1681 / Time: 0h:8m:34s (0h:3m:51s left)
Iteration 80 / LogL: -23339.3388 / Time: 0h:9m:25s (0h:2m:30s left)
Iteration 90 / LogL: -23345.5731 / Time: 0h:10m:24s (0h:1m:17s left)
Iteration 100 / LogL: -23339.2243 / Time: 0h:11m:19s (0h:0m:6s left)
TREE SEARCH COMPLETED AFTER 102 ITERATIONS / Time: 0h:11m:25s

--------------------------------------------------------------------
|                    FINALIZING TREE SEARCH                        |
--------------------------------------------------------------------
Performs final model parameters optimization
Estimate model parameters (epsilon = 0.0100)
1. Initial log-likelihood: -23339.1651
Gamma shape alpha: 43.0871
Optimal log-likelihood: -23339.1626
PoMo with N=9 and HKY (Hasegawa, Kishino and Yano, 1985) mutation model; Sampling method: Weighted binomial; 52 states in total;Gamma with 4 categories

--
Model parameters.
Mutation    rates:  A-C: 0.00256  A-G: 0.00575  A-T: 0.00331  C-G: 0.00259  C-T: 0.00732  G-T: 0.00331
Exchangeabilities:  A-C: 0.01177  A-G: 0.02608  A-T: 0.01177  C-G: 0.01177  C-T: 0.02608  G-T: 0.01177
Base frequencies:  A: 0.281  C: 0.218  G: 0.220  T: 0.281
Estimated heterozygosity: 0.0119
A slight overestimation is expected and an effect of weighted binomial sampling; see manual.
--
Empirical quantities.
Base frequencies:  A: 0.281  C: 0.218  G: 0.220  T: 0.281
Watterson's estimator of heterozygosity: 0.0064
--

Model of rate heterogeneity: Gamma with 4 categories
Gamma shape alpha: 43.0871

 Category  Relative_rate  Proportion
  1         0.8135         0.2500
  2         0.9441         0.2500
  3         1.0426         0.2500
  4         1.1997         0.2500
Relative rates are computed as MEAN of the portion of the Gamma distribution falling in the category.

Parameters optimization took 1 rounds (6.4251 sec)
BEST SCORE FOUND : -23339.1626
Total tree length: 0.4510

Total number of iterations: 102
CPU time used for tree search: 2605.6567 sec (0h:43m:25s)
Wall-clock time used for tree search: 656.6407 sec (0h:10m:56s)
Total CPU time used: 2743.8689 sec (0h:45m:43s)
Total wall-clock time used: 691.4921 sec (0h:11m:31s)

Analysis results written to: 
  IQ-TREE report:                fruit_flies_10000.cf.HKY+F+P+N09+G4.iqtree
  Maximum-likelihood tree:       fruit_flies_10000.cf.HKY+F+P+N09+G4.treefile
  Likelihood distances:          fruit_flies_10000.cf.HKY+F+P+N09+G4.mldist
  Screen log file:               fruit_flies_10000.cf.HKY+F+P+N09+G4.log

Date and Time: Thu Feb 11 15:41:45 2021
