IQ-TREE multicore version 2.1.2 COVID-edition for Linux 64-bit built Oct 22 2020
Developed by Bui Quang Minh, James Barbetti, Nguyen Lam Tung,
Olga Chernomor, Heiko Schmidt, Dominik Schrempf, Michael Woodhams.

Host:    meganeura (AVX2, FMA3, 31 GB RAM)
Command: iqtree2 -nt 4 -redo -s ../data/fruit_flies_1000.cf -m HKY+F+P+N05+G4 -B 1000 -pre fruit_flies_1000.cf.HKY+F+P+N05+G4.ufboot
Seed:    438725 (Using SPRNG - Scalable Parallel Random Number Generator)
Time:    Thu Feb 11 16:10:20 2021
Kernel:  AVX+FMA - 4 threads (16 CPU cores detected)

Reading alignment file ../data/fruit_flies_1000.cf ... Counts format (PoMo) detected

----------------------------------------------------------------------
Number of populations:     9
Number of sites:           1000
---
Normal sites:              1000
Sites with unknown states: 0
Total sites read:          1000
Fails:                     0
---
Compound states:           446
----------------------------------------------------------------------

The average number of samples is 18.989
Alignment has 9 sequences with 1000 columns, 949 distinct patterns
0 parsimony-informative, 39 singleton sites, 961 constant sites
NOTE: The composition test for PoMo only tests the proportion of fixed states!
     Gap/Ambiguity  Composition  p-value
   1  NTH    0.00%    passed     99.99%
   2  EG     0.00%    passed     99.98%
   3  FR     0.00%    passed     99.99%
   4  GA     0.00%    passed     99.96%
   5  GU     0.00%    passed     99.90%
   6  EF     0.00%    passed     99.95%
   7  KN     0.00%    passed     99.78%
   8  SB     0.00%    passed     99.88%
   9  SP     0.00%    passed     99.99%
****  TOTAL    0.00%  0 sequences failed composition chi2 test (p-value<5%; df=3)
NOTE: minimal branch length is increased to 0.000025000000 because PoMo infers number of mutations and frequency shifts
NOTE: maximal branch length is increased to 250.0 because PoMo infers number of mutations and frequency shifts
Creating fast initial parsimony tree by random order stepwise addition...
0.000 seconds, parsimony score: 2 (based on 39 sites)
Generating 1000 samples for ultrafast bootstrap (seed: 438725)...

NOTE: 11 MB RAM (0 GB) is required!
Estimate model parameters (epsilon = 0.100)
1. Initial log-likelihood: -2673.060
Gamma shape alpha: 5.871
2. Current log-likelihood: -2374.982
Gamma shape alpha: 5.910
3. Current log-likelihood: -2373.467
Gamma shape alpha: 5.941
Optimal log-likelihood: -2373.400
PoMo with N=5 and HKY (Hasegawa, Kishino and Yano, 1985) mutation model; Sampling method: Weighted binomial; 28 states in total;Gamma with 4 categories

--
Model parameters.
Mutation    rates:  A-C: 0.00324  A-G: 0.00526  A-T: 0.00485  C-G: 0.00336  C-T: 0.00760  G-T: 0.00485
Exchangeabilities:  A-C: 0.01607  A-G: 0.02516  A-T: 0.01607  C-G: 0.01607  C-T: 0.02516  G-T: 0.01607
Base frequencies:  A: 0.287  C: 0.202  G: 0.209  T: 0.302
Estimated heterozygosity: 0.0137
A slight overestimation is expected and an effect of weighted binomial sampling; see manual.
--
Empirical quantities.
Base frequencies:  A: 0.287  C: 0.202  G: 0.209  T: 0.302
Watterson's estimator of heterozygosity: 0.0065
--

Model of rate heterogeneity: Gamma with 4 categories
Gamma shape alpha: 5.9412

 Category  Relative_rate  Proportion
  1         0.5370         0.2500
  2         0.8235         0.2500
  3         1.0814         0.2500
  4         1.5581         0.2500
Relative rates are computed as MEAN of the portion of the Gamma distribution falling in the category.

Parameters optimization took 3 rounds (0.9778 sec)
Computing ML distances based on estimated model parameters...
Computing ML distances took 0.002141 sec (of wall-clock time) 0.008575 sec(of CPU time)
Computing RapidNJ tree took 0.000483 sec (of wall-clock time) 0.001907 sec (of CPU time)
Log-likelihood of RapidNJ tree: -2357.562
--------------------------------------------------------------------
|             INITIALIZING CANDIDATE TREE SET                      |
--------------------------------------------------------------------
Generating 98 parsimony trees... 0.012 second
Computing log-likelihood of 98 initial trees ... 2.436 seconds
Current best score: -2357.562

Do NNI search on 20 best initial trees
Estimate model parameters (epsilon = 0.100)
Gamma shape alpha: 25.057
Gamma shape alpha: 25.065
BETTER TREE FOUND at iteration 1: -2352.114
Estimate model parameters (epsilon = 0.100)
Gamma shape alpha: 25.073
BETTER TREE FOUND at iteration 2: -2352.082
Iteration 10 / LogL: -2352.082 / Time: 0h:0m:10s
Iteration 20 / LogL: -2352.083 / Time: 0h:0m:17s
Finish initializing candidate tree set (2)
Current best tree score: -2352.082 / CPU time: 15.955
Number of iterations: 20
--------------------------------------------------------------------
|               OPTIMIZING CANDIDATE TREE SET                      |
--------------------------------------------------------------------
Iteration 30 / LogL: -2352.114 / Time: 0h:0m:19s (0h:0m:49s left)
UPDATE BEST LOG-LIKELIHOOD: -2352.082
Iteration 40 / LogL: -2352.082 / Time: 0h:0m:22s (0h:0m:36s left)
UPDATE BEST LOG-LIKELIHOOD: -2352.082
Iteration 50 / LogL: -2352.083 / Time: 0h:0m:25s (0h:0m:26s left)
Log-likelihood cutoff on original alignment: -2376.249
Iteration 60 / LogL: -2352.082 / Time: 0h:0m:28s (0h:0m:19s left)
Iteration 70 / LogL: -2352.115 / Time: 0h:0m:30s (0h:0m:14s left)
Iteration 80 / LogL: -2352.091 / Time: 0h:0m:33s (0h:0m:9s left)
Iteration 90 / LogL: -2352.082 / Time: 0h:0m:36s (0h:0m:4s left)
Iteration 100 / LogL: -2352.082 / Time: 0h:0m:39s (0h:0m:0s left)
Log-likelihood cutoff on original alignment: -2376.249
NOTE: Bootstrap correlation coefficient of split occurrence frequencies: 0.999
TREE SEARCH COMPLETED AFTER 103 ITERATIONS / Time: 0h:0m:40s

--------------------------------------------------------------------
|                    FINALIZING TREE SEARCH                        |
--------------------------------------------------------------------
Performs final model parameters optimization
Estimate model parameters (epsilon = 0.010)
1. Initial log-likelihood: -2352.082
Gamma shape alpha: 25.081
Optimal log-likelihood: -2352.082
PoMo with N=5 and HKY (Hasegawa, Kishino and Yano, 1985) mutation model; Sampling method: Weighted binomial; 28 states in total;Gamma with 4 categories

--
Model parameters.
Mutation    rates:  A-C: 0.00335  A-G: 0.00562  A-T: 0.00502  C-G: 0.00347  C-T: 0.00812  G-T: 0.00502
Exchangeabilities:  A-C: 0.01661  A-G: 0.02688  A-T: 0.01661  C-G: 0.01661  C-T: 0.02688  G-T: 0.01661
Base frequencies:  A: 0.287  C: 0.202  G: 0.209  T: 0.302
Estimated heterozygosity: 0.0144
A slight overestimation is expected and an effect of weighted binomial sampling; see manual.
--
Empirical quantities.
Base frequencies:  A: 0.287  C: 0.202  G: 0.209  T: 0.302
Watterson's estimator of heterozygosity: 0.0065
--

Model of rate heterogeneity: Gamma with 4 categories
Gamma shape alpha: 25.0809

 Category  Relative_rate  Proportion
  1         0.7588         0.2500
  2         0.9243         0.2500
  3         1.0530         0.2500
  4         1.2639         0.2500
Relative rates are computed as MEAN of the portion of the Gamma distribution falling in the category.

Parameters optimization took 1 rounds (0.2193 sec)
BEST SCORE FOUND : -2352.0819
Creating bootstrap support values...
Split supports printed to NEXUS file fruit_flies_1000.cf.HKY+F+P+N05+G4.ufboot.splits.nex
Total tree length: 0.1625

Total number of iterations: 103
CPU time used for tree search: 156.0829 sec (0h:2m:36s)
Wall-clock time used for tree search: 39.5244 sec (0h:0m:39s)
Total CPU time used: 161.4661 sec (0h:2m:41s)
Total wall-clock time used: 40.8911 sec (0h:0m:40s)

Computing bootstrap consensus tree...
Reading input file fruit_flies_1000.cf.HKY+F+P+N05+G4.ufboot.splits.nex...
9 taxa and 126 splits.
Consensus tree written to fruit_flies_1000.cf.HKY+F+P+N05+G4.ufboot.contree
Reading input trees file fruit_flies_1000.cf.HKY+F+P+N05+G4.ufboot.contree
Log-likelihood of consensus tree: -2352.0819

Analysis results written to: 
  IQ-TREE report:                fruit_flies_1000.cf.HKY+F+P+N05+G4.ufboot.iqtree
  Maximum-likelihood tree:       fruit_flies_1000.cf.HKY+F+P+N05+G4.ufboot.treefile
  Likelihood distances:          fruit_flies_1000.cf.HKY+F+P+N05+G4.ufboot.mldist

Ultrafast bootstrap approximation results written to:
  Split support values:          fruit_flies_1000.cf.HKY+F+P+N05+G4.ufboot.splits.nex
  Consensus tree:                fruit_flies_1000.cf.HKY+F+P+N05+G4.ufboot.contree
  Screen log file:               fruit_flies_1000.cf.HKY+F+P+N05+G4.ufboot.log

Date and Time: Thu Feb 11 16:11:01 2021
