IQ-TREE multicore version 2.1.2 COVID-edition for Linux 64-bit built Oct 22 2020
Developed by Bui Quang Minh, James Barbetti, Nguyen Lam Tung,
Olga Chernomor, Heiko Schmidt, Dominik Schrempf, Michael Woodhams.

Host:    meganeura (AVX2, FMA3, 31 GB RAM)
Command: iqtree2 -nt 4 -redo -s ../data/fruit_flies_10000.cf -m HKY+F+P+N05+G4 -pre fruit_flies_10000.cf.HKY+F+P+N05+G4
Seed:    701456 (Using SPRNG - Scalable Parallel Random Number Generator)
Time:    Thu Feb 11 15:23:40 2021
Kernel:  AVX+FMA - 4 threads (16 CPU cores detected)

Reading alignment file ../data/fruit_flies_10000.cf ... Counts format (PoMo) detected

----------------------------------------------------------------------
Number of populations:     9
Number of sites:           10000
---
Normal sites:              10000
Sites with unknown states: 0
Total sites read:          10000
Fails:                     0
---
Compound states:           1346
----------------------------------------------------------------------

The average number of samples is 18.998
Alignment has 9 sequences with 10000 columns, 7463 distinct patterns
0 parsimony-informative, 400 singleton sites, 9600 constant sites
NOTE: The composition test for PoMo only tests the proportion of fixed states!
     Gap/Ambiguity  Composition  p-value
   1  NTH    0.00%    passed    100.00%
   2  EG     0.00%    passed     99.87%
   3  FR     0.00%    passed     99.86%
   4  GA     0.00%    passed     99.75%
   5  GU     0.00%    passed     99.55%
   6  EF     0.00%    passed     99.94%
   7  KN     0.00%    passed     99.99%
   8  SB     0.00%    passed     99.96%
   9  SP     0.00%    passed     99.68%
****  TOTAL    0.00%  0 sequences failed composition chi2 test (p-value<5%; df=3)
NOTE: minimal branch length is increased to 0.000025000000 because PoMo infers number of mutations and frequency shifts
NOTE: maximal branch length is increased to 250.0 because PoMo infers number of mutations and frequency shifts
Creating fast initial parsimony tree by random order stepwise addition...
0.001 seconds, parsimony score: 29 (based on 400 sites)

NOTE: 59 MB RAM (0 GB) is required!
Estimate model parameters (epsilon = 0.100)
1. Initial log-likelihood: -27405.684
Gamma shape alpha: 58.832
2. Current log-likelihood: -24842.318
Gamma shape alpha: 58.843
3. Current log-likelihood: -24830.823
Gamma shape alpha: 58.853
4. Current log-likelihood: -24829.933
Gamma shape alpha: 58.862
Optimal log-likelihood: -24829.834
PoMo with N=5 and HKY (Hasegawa, Kishino and Yano, 1985) mutation model; Sampling method: Weighted binomial; 28 states in total;Gamma with 4 categories

--
Model parameters.
Mutation    rates:  A-C: 0.00318  A-G: 0.00721  A-T: 0.00410  C-G: 0.00321  C-T: 0.00919  G-T: 0.00410
Exchangeabilities:  A-C: 0.01459  A-G: 0.03272  A-T: 0.01459  C-G: 0.01459  C-T: 0.03272  G-T: 0.01459
Base frequencies:  A: 0.281  C: 0.218  G: 0.220  T: 0.281
Estimated heterozygosity: 0.0149
A slight overestimation is expected and an effect of weighted binomial sampling; see manual.
--
Empirical quantities.
Base frequencies:  A: 0.281  C: 0.218  G: 0.220  T: 0.281
Watterson's estimator of heterozygosity: 0.0064
--

Model of rate heterogeneity: Gamma with 4 categories
Gamma shape alpha: 58.8621

 Category  Relative_rate  Proportion
  1         0.8395         0.2500
  2         0.9530         0.2500
  3         1.0373         0.2500
  4         1.1702         0.2500
Relative rates are computed as MEAN of the portion of the Gamma distribution falling in the category.

Parameters optimization took 4 rounds (8.5991 sec)
Computing ML distances based on estimated model parameters...
Computing ML distances took 0.005117 sec (of wall-clock time) 0.018184 sec(of CPU time)
Computing RapidNJ tree took 0.000861 sec (of wall-clock time) 0.003427 sec (of CPU time)
Log-likelihood of RapidNJ tree: -24802.041
--------------------------------------------------------------------
|             INITIALIZING CANDIDATE TREE SET                      |
--------------------------------------------------------------------
Generating 98 parsimony trees... 0.024 second
Computing log-likelihood of 96 initial trees ... 15.810 seconds
Current best score: -24802.041

Do NNI search on 20 best initial trees
Estimate model parameters (epsilon = 0.100)
Gamma shape alpha: 58.872
BETTER TREE FOUND at iteration 1: -24792.471
Iteration 10 / LogL: -24792.473 / Time: 0h:0m:53s
Iteration 20 / LogL: -24792.473 / Time: 0h:1m:19s
Finish initializing candidate tree set (6)
Current best tree score: -24792.471 / CPU time: 70.477
Number of iterations: 20
--------------------------------------------------------------------
|               OPTIMIZING CANDIDATE TREE SET                      |
--------------------------------------------------------------------
UPDATE BEST LOG-LIKELIHOOD: -24792.470
Iteration 30 / LogL: -24792.540 / Time: 0h:1m:41s (0h:4m:8s left)
Iteration 40 / LogL: -24792.491 / Time: 0h:1m:56s (0h:3m:2s left)
Iteration 50 / LogL: -24792.558 / Time: 0h:2m:14s (0h:2m:19s left)
Iteration 60 / LogL: -24887.692 / Time: 0h:2m:34s (0h:1m:47s left)
Iteration 70 / LogL: -24801.443 / Time: 0h:2m:53s (0h:1m:18s left)
Iteration 80 / LogL: -24798.104 / Time: 0h:3m:11s (0h:0m:50s left)
Iteration 90 / LogL: -24801.138 / Time: 0h:3m:29s (0h:0m:25s left)
Iteration 100 / LogL: -24792.798 / Time: 0h:3m:50s (0h:0m:2s left)
TREE SEARCH COMPLETED AFTER 102 ITERATIONS / Time: 0h:3m:53s

--------------------------------------------------------------------
|                    FINALIZING TREE SEARCH                        |
--------------------------------------------------------------------
Performs final model parameters optimization
Estimate model parameters (epsilon = 0.010)
1. Initial log-likelihood: -24792.470
Gamma shape alpha: 58.882
Optimal log-likelihood: -24792.466
PoMo with N=5 and HKY (Hasegawa, Kishino and Yano, 1985) mutation model; Sampling method: Weighted binomial; 28 states in total;Gamma with 4 categories

--
Model parameters.
Mutation    rates:  A-C: 0.00322  A-G: 0.00728  A-T: 0.00416  C-G: 0.00326  C-T: 0.00929  G-T: 0.00416
Exchangeabilities:  A-C: 0.01480  A-G: 0.03306  A-T: 0.01480  C-G: 0.01480  C-T: 0.03306  G-T: 0.01480
Base frequencies:  A: 0.281  C: 0.218  G: 0.220  T: 0.281
Estimated heterozygosity: 0.0151
A slight overestimation is expected and an effect of weighted binomial sampling; see manual.
--
Empirical quantities.
Base frequencies:  A: 0.281  C: 0.218  G: 0.220  T: 0.281
Watterson's estimator of heterozygosity: 0.0064
--

Model of rate heterogeneity: Gamma with 4 categories
Gamma shape alpha: 58.8825

 Category  Relative_rate  Proportion
  1         0.8396         0.2500
  2         0.9530         0.2500
  3         1.0373         0.2500
  4         1.1701         0.2500
Relative rates are computed as MEAN of the portion of the Gamma distribution falling in the category.

Parameters optimization took 1 rounds (1.5235 sec)
BEST SCORE FOUND : -24792.4665
Total tree length: 0.2233

Total number of iterations: 102
CPU time used for tree search: 889.8859 sec (0h:14m:49s)
Wall-clock time used for tree search: 224.3423 sec (0h:3m:44s)
Total CPU time used: 933.0975 sec (0h:15m:33s)
Total wall-clock time used: 235.2193 sec (0h:3m:55s)

Analysis results written to: 
  IQ-TREE report:                fruit_flies_10000.cf.HKY+F+P+N05+G4.iqtree
  Maximum-likelihood tree:       fruit_flies_10000.cf.HKY+F+P+N05+G4.treefile
  Likelihood distances:          fruit_flies_10000.cf.HKY+F+P+N05+G4.mldist
  Screen log file:               fruit_flies_10000.cf.HKY+F+P+N05+G4.log

Date and Time: Thu Feb 11 15:27:36 2021
