IQ-TREE multicore version 2.1.2 COVID-edition for Linux 64-bit built Oct 22 2020
Developed by Bui Quang Minh, James Barbetti, Nguyen Lam Tung,
Olga Chernomor, Heiko Schmidt, Dominik Schrempf, Michael Woodhams.

Host:    meganeura (AVX2, FMA3, 31 GB RAM)
Command: iqtree2 -nt 4 -redo -s ../data/fruit_flies_1000.cf -m HKY+F+P+N03 -B 1000 -pre fruit_flies_1000.cf.HKY+F+P+N03.ufboot
Seed:    282355 (Using SPRNG - Scalable Parallel Random Number Generator)
Time:    Thu Feb 11 16:10:11 2021
Kernel:  AVX+FMA - 4 threads (16 CPU cores detected)

Reading alignment file ../data/fruit_flies_1000.cf ... Counts format (PoMo) detected

----------------------------------------------------------------------
Number of populations:     9
Number of sites:           1000
---
Normal sites:              1000
Sites with unknown states: 0
Total sites read:          1000
Fails:                     0
---
Compound states:           446
----------------------------------------------------------------------

The average number of samples is 18.989
Alignment has 9 sequences with 1000 columns, 949 distinct patterns
0 parsimony-informative, 32 singleton sites, 968 constant sites
NOTE: The composition test for PoMo only tests the proportion of fixed states!
     Gap/Ambiguity  Composition  p-value
   1  NTH    0.00%    passed    100.00%
   2  EG     0.00%    passed     99.99%
   3  FR     0.00%    passed    100.00%
   4  GA     0.00%    passed     99.99%
   5  GU     0.00%    passed     99.99%
   6  EF     0.00%    passed     99.94%
   7  KN     0.00%    passed     99.61%
   8  SB     0.00%    passed     99.96%
   9  SP     0.00%    passed     99.65%
****  TOTAL    0.00%  0 sequences failed composition chi2 test (p-value<5%; df=3)
NOTE: minimal branch length is increased to 0.000009000000 because PoMo infers number of mutations and frequency shifts
NOTE: maximal branch length is increased to 90.0 because PoMo infers number of mutations and frequency shifts
Creating fast initial parsimony tree by random order stepwise addition...
0.000 seconds, parsimony score: 2 (based on 32 sites)
Generating 1000 samples for ultrafast bootstrap (seed: 282355)...

NOTE: 4 MB RAM (0 GB) is required!
Estimate model parameters (epsilon = 0.100)
1. Initial log-likelihood: -2994.100
2. Current log-likelihood: -2673.689
3. Current log-likelihood: -2667.028
4. Current log-likelihood: -2666.255
Optimal log-likelihood: -2666.165
PoMo with N=3 and HKY (Hasegawa, Kishino and Yano, 1985) mutation model; Sampling method: Weighted binomial; 16 states in total;

--
Model parameters.
Mutation    rates:  A-C: 0.00395  A-G: 0.00695  A-T: 0.00592  C-G: 0.00410  C-T: 0.01004  G-T: 0.00592
Exchangeabilities:  A-C: 0.01960  A-G: 0.03323  A-T: 0.01960  C-G: 0.01960  C-T: 0.03323  G-T: 0.01960
Base frequencies:  A: 0.287  C: 0.202  G: 0.209  T: 0.302
Estimated heterozygosity: 0.0174
A slight overestimation is expected and an effect of weighted binomial sampling; see manual.
--
Empirical quantities.
Base frequencies:  A: 0.287  C: 0.202  G: 0.209  T: 0.302
Watterson's estimator of heterozygosity: 0.0065
--

Parameters optimization took 4 rounds (0.1365 sec)
Computing ML distances based on estimated model parameters...
Computing ML distances took 0.000746 sec (of wall-clock time) 0.002987 sec(of CPU time)
Computing RapidNJ tree took 0.000727 sec (of wall-clock time) 0.002468 sec (of CPU time)
Log-likelihood of RapidNJ tree: -2657.650
--------------------------------------------------------------------
|             INITIALIZING CANDIDATE TREE SET                      |
--------------------------------------------------------------------
Generating 98 parsimony trees... 0.010 second
Computing log-likelihood of 98 initial trees ... 0.294 seconds
Current best score: -2657.074

Do NNI search on 20 best initial trees
Estimate model parameters (epsilon = 0.100)
BETTER TREE FOUND at iteration 1: -2643.865
UPDATE BEST LOG-LIKELIHOOD: -2643.865
Iteration 10 / LogL: -2643.865 / Time: 0h:0m:1s
UPDATE BEST LOG-LIKELIHOOD: -2643.865
Iteration 20 / LogL: -2643.866 / Time: 0h:0m:1s
Finish initializing candidate tree set (2)
Current best tree score: -2643.865 / CPU time: 1.525
Number of iterations: 20
--------------------------------------------------------------------
|               OPTIMIZING CANDIDATE TREE SET                      |
--------------------------------------------------------------------
UPDATE BEST LOG-LIKELIHOOD: -2643.865
Iteration 30 / LogL: -2643.869 / Time: 0h:0m:2s (0h:0m:5s left)
Iteration 40 / LogL: -2646.670 / Time: 0h:0m:2s (0h:0m:3s left)
Iteration 50 / LogL: -2643.865 / Time: 0h:0m:3s (0h:0m:3s left)
Log-likelihood cutoff on original alignment: -2666.278
UPDATE BEST LOG-LIKELIHOOD: -2643.865
Iteration 60 / LogL: -2643.865 / Time: 0h:0m:3s (0h:0m:2s left)
Iteration 70 / LogL: -2643.879 / Time: 0h:0m:3s (0h:0m:1s left)
Iteration 80 / LogL: -2646.670 / Time: 0h:0m:4s (0h:0m:1s left)
UPDATE BEST LOG-LIKELIHOOD: -2643.865
Iteration 90 / LogL: -2643.883 / Time: 0h:0m:4s (0h:0m:0s left)
Iteration 100 / LogL: -2646.671 / Time: 0h:0m:5s (0h:0m:0s left)
Log-likelihood cutoff on original alignment: -2666.651
NOTE: Bootstrap correlation coefficient of split occurrence frequencies: 0.999
TREE SEARCH COMPLETED AFTER 102 ITERATIONS / Time: 0h:0m:5s

--------------------------------------------------------------------
|                    FINALIZING TREE SEARCH                        |
--------------------------------------------------------------------
Performs final model parameters optimization
Estimate model parameters (epsilon = 0.010)
1. Initial log-likelihood: -2643.865
Optimal log-likelihood: -2643.857
PoMo with N=3 and HKY (Hasegawa, Kishino and Yano, 1985) mutation model; Sampling method: Weighted binomial; 16 states in total;

--
Model parameters.
Mutation    rates:  A-C: 0.00430  A-G: 0.00734  A-T: 0.00645  C-G: 0.00446  C-T: 0.01060  G-T: 0.00645
Exchangeabilities:  A-C: 0.02133  A-G: 0.03508  A-T: 0.02133  C-G: 0.02133  C-T: 0.03508  G-T: 0.02133
Base frequencies:  A: 0.287  C: 0.202  G: 0.209  T: 0.302
Estimated heterozygosity: 0.0186
A slight overestimation is expected and an effect of weighted binomial sampling; see manual.
--
Empirical quantities.
Base frequencies:  A: 0.287  C: 0.202  G: 0.209  T: 0.302
Watterson's estimator of heterozygosity: 0.0065
--

Parameters optimization took 1 rounds (0.0262 sec)
BEST SCORE FOUND : -2643.8566
Creating bootstrap support values...
Split supports printed to NEXUS file fruit_flies_1000.cf.HKY+F+P+N03.ufboot.splits.nex
Total tree length: 0.1039

Total number of iterations: 102
CPU time used for tree search: 19.7344 sec (0h:0m:19s)
Wall-clock time used for tree search: 4.9892 sec (0h:0m:4s)
Total CPU time used: 20.6302 sec (0h:0m:20s)
Total wall-clock time used: 5.2184 sec (0h:0m:5s)

Computing bootstrap consensus tree...
Reading input file fruit_flies_1000.cf.HKY+F+P+N03.ufboot.splits.nex...
9 taxa and 127 splits.
Consensus tree written to fruit_flies_1000.cf.HKY+F+P+N03.ufboot.contree
Reading input trees file fruit_flies_1000.cf.HKY+F+P+N03.ufboot.contree
Log-likelihood of consensus tree: -2643.8566

Analysis results written to: 
  IQ-TREE report:                fruit_flies_1000.cf.HKY+F+P+N03.ufboot.iqtree
  Maximum-likelihood tree:       fruit_flies_1000.cf.HKY+F+P+N03.ufboot.treefile
  Likelihood distances:          fruit_flies_1000.cf.HKY+F+P+N03.ufboot.mldist

Ultrafast bootstrap approximation results written to:
  Split support values:          fruit_flies_1000.cf.HKY+F+P+N03.ufboot.splits.nex
  Consensus tree:                fruit_flies_1000.cf.HKY+F+P+N03.ufboot.contree
  Screen log file:               fruit_flies_1000.cf.HKY+F+P+N03.ufboot.log

Date and Time: Thu Feb 11 16:10:16 2021
