IQ-TREE multicore version 2.1.2 COVID-edition for Linux 64-bit built Oct 22 2020
Developed by Bui Quang Minh, James Barbetti, Nguyen Lam Tung,
Olga Chernomor, Heiko Schmidt, Dominik Schrempf, Michael Woodhams.

Host:    meganeura (AVX2, FMA3, 31 GB RAM)
Command: iqtree2 -nt 4 -redo -s ../data/fruit_flies_10000.cf -m HKY+F+P+N15+G4 -B 1000 -pre fruit_flies_10000.cf.HKY+F+P+N15+G4.ufboot -safe
Seed:    658186 (Using SPRNG - Scalable Parallel Random Number Generator)
Time:    Thu Feb 11 17:43:30 2021
Kernel:  Safe AVX+FMA - 4 threads (16 CPU cores detected)

Reading alignment file ../data/fruit_flies_10000.cf ... Counts format (PoMo) detected

----------------------------------------------------------------------
Number of populations:     9
Number of sites:           10000
---
Normal sites:              10000
Sites with unknown states: 0
Total sites read:          10000
Fails:                     0
---
Compound states:           1346
----------------------------------------------------------------------

The average number of samples is 18.998
Alignment has 9 sequences with 10000 columns, 7463 distinct patterns
0 parsimony-informative, 569 singleton sites, 9431 constant sites
NOTE: The composition test for PoMo only tests the proportion of fixed states!
     Gap/Ambiguity  Composition  p-value
   1  NTH    0.00%    passed     99.99%
   2  EG     0.00%    passed     99.96%
   3  FR     0.00%    passed     99.92%
   4  GA     0.00%    passed     99.85%
   5  GU     0.00%    passed     99.58%
   6  EF     0.00%    passed     99.97%
   7  KN     0.00%    passed     99.89%
   8  SB     0.00%    passed     99.84%
   9  SP     0.00%    passed     98.64%
****  TOTAL    0.00%  0 sequences failed composition chi2 test (p-value<5%; df=3)
NOTE: minimal branch length is increased to 0.000225000000 because PoMo infers number of mutations and frequency shifts
NOTE: maximal branch length is increased to 2250.0 because PoMo infers number of mutations and frequency shifts
Creating fast initial parsimony tree by random order stepwise addition...
0.001 seconds, parsimony score: 30 (based on 569 sites)
Generating 1000 samples for ultrafast bootstrap (seed: 658186)...

NOTE: 216 MB RAM (0 GB) is required!
Estimate model parameters (epsilon = 0.100)
1. Initial log-likelihood: -27277.239
Gamma shape alpha: 29.523
2. Current log-likelihood: -23001.821
Gamma shape alpha: 20.098
3. Current log-likelihood: -22980.237
Gamma shape alpha: 19.878
Optimal log-likelihood: -22980.203
PoMo with N=15 and HKY (Hasegawa, Kishino and Yano, 1985) mutation model; Sampling method: Weighted binomial; 88 states in total;Gamma with 4 categories

--
Model parameters.
Mutation    rates:  A-C: 0.00210  A-G: 0.00473  A-T: 0.00271  C-G: 0.00213  C-T: 0.00602  G-T: 0.00271
Exchangeabilities:  A-C: 0.00966  A-G: 0.02145  A-T: 0.00966  C-G: 0.00966  C-T: 0.02145  G-T: 0.00966
Base frequencies:  A: 0.281  C: 0.218  G: 0.220  T: 0.281
Estimated heterozygosity: 0.0098
A slight overestimation is expected and an effect of weighted binomial sampling; see manual.
--
Empirical quantities.
Base frequencies:  A: 0.281  C: 0.218  G: 0.220  T: 0.281
Watterson's estimator of heterozygosity: 0.0064
--

Model of rate heterogeneity: Gamma with 4 categories
Gamma shape alpha: 19.8780

 Category  Relative_rate  Proportion
  1         0.7310         0.2500
  2         0.9135         0.2500
  3         1.0578         0.2500
  4         1.2976         0.2500
Relative rates are computed as MEAN of the portion of the Gamma distribution falling in the category.

Parameters optimization took 3 rounds (65.3833 sec)
Computing ML distances based on estimated model parameters...
Computing ML distances took 0.064273 sec (of wall-clock time) 0.257008 sec(of CPU time)
Computing RapidNJ tree took 0.000122 sec (of wall-clock time) 0.000243 sec (of CPU time)
Log-likelihood of RapidNJ tree: -22896.203
--------------------------------------------------------------------
|             INITIALIZING CANDIDATE TREE SET                      |
--------------------------------------------------------------------
Generating 98 parsimony trees... 0.024 second
Computing log-likelihood of 98 initial trees ... 110.085 seconds
Current best score: -22896.203

Do NNI search on 20 best initial trees
Estimate model parameters (epsilon = 0.100)
Gamma shape alpha: 19.712
BETTER TREE FOUND at iteration 1: -22894.865
Estimate model parameters (epsilon = 0.100)
Gamma shape alpha: 19.478
Gamma shape alpha: 19.478
BETTER TREE FOUND at iteration 3: -22889.872
PoMo with N=15 and HKY (Hasegawa, Kishino and Yano, 1985) mutation model; Sampling method: Weighted binomial; 88 states in total;Gamma with 4 categories

--
Model parameters.
Mutation    rates:  A-C: 0.00214  A-G: 0.00480  A-T: 0.00276  C-G: 0.00217  C-T: 0.00612  G-T: 0.00276
Exchangeabilities:  A-C: 0.00983  A-G: 0.02180  A-T: 0.00983  C-G: 0.00983  C-T: 0.02180  G-T: 0.00983
Base frequencies:  A: 0.281  C: 0.218  G: 0.220  T: 0.281
Estimated heterozygosity: 0.0099
A slight overestimation is expected and an effect of weighted binomial sampling; see manual.
--
Empirical quantities.
Base frequencies:  A: 0.281  C: 0.218  G: 0.220  T: 0.281
Watterson's estimator of heterozygosity: 0.0064
--

Model of rate heterogeneity: Gamma with 4 categories
Gamma shape alpha: 19.4783

 Category  Relative_rate  Proportion
  1         0.7285         0.2500
  2         0.9125         0.2500
  3         1.0582         0.2500
  4         1.3008         0.2500
Relative rates are computed as MEAN of the portion of the Gamma distribution falling in the category.

WARNING: Numerical underflow for lh-derivative
Iteration 10 / LogL: -22902.9686 / Time: 0h:6m:42s
PoMo with N=15 and HKY (Hasegawa, Kishino and Yano, 1985) mutation model; Sampling method: Weighted binomial; 88 states in total;Gamma with 4 categories

--
Model parameters.
Mutation    rates:  A-C: 0.00214  A-G: 0.00480  A-T: 0.00276  C-G: 0.00217  C-T: 0.00612  G-T: 0.00276
Exchangeabilities:  A-C: 0.00983  A-G: 0.02180  A-T: 0.00983  C-G: 0.00983  C-T: 0.02180  G-T: 0.00983
Base frequencies:  A: 0.281  C: 0.218  G: 0.220  T: 0.281
Estimated heterozygosity: 0.0099
A slight overestimation is expected and an effect of weighted binomial sampling; see manual.
--
Empirical quantities.
Base frequencies:  A: 0.281  C: 0.218  G: 0.220  T: 0.281
Watterson's estimator of heterozygosity: 0.0064
--

Model of rate heterogeneity: Gamma with 4 categories
Gamma shape alpha: 19.4783

 Category  Relative_rate  Proportion
  1         0.7285         0.2500
  2         0.9125         0.2500
  3         1.0582         0.2500
  4         1.3008         0.2500
Relative rates are computed as MEAN of the portion of the Gamma distribution falling in the category.

WARNING: Numerical underflow for lh-derivative
PoMo with N=15 and HKY (Hasegawa, Kishino and Yano, 1985) mutation model; Sampling method: Weighted binomial; 88 states in total;Gamma with 4 categories

--
Model parameters.
Mutation    rates:  A-C: 0.00214  A-G: 0.00480  A-T: 0.00276  C-G: 0.00217  C-T: 0.00612  G-T: 0.00276
Exchangeabilities:  A-C: 0.00983  A-G: 0.02180  A-T: 0.00983  C-G: 0.00983  C-T: 0.02180  G-T: 0.00983
Base frequencies:  A: 0.281  C: 0.218  G: 0.220  T: 0.281
Estimated heterozygosity: 0.0099
A slight overestimation is expected and an effect of weighted binomial sampling; see manual.
--
Empirical quantities.
Base frequencies:  A: 0.281  C: 0.218  G: 0.220  T: 0.281
Watterson's estimator of heterozygosity: 0.0064
--

Model of rate heterogeneity: Gamma with 4 categories
Gamma shape alpha: 19.4783

 Category  Relative_rate  Proportion
  1         0.7285         0.2500
  2         0.9125         0.2500
  3         1.0582         0.2500
  4         1.3008         0.2500
Relative rates are computed as MEAN of the portion of the Gamma distribution falling in the category.

WARNING: Numerical underflow for lh-derivative
PoMo with N=15 and HKY (Hasegawa, Kishino and Yano, 1985) mutation model; Sampling method: Weighted binomial; 88 states in total;Gamma with 4 categories

--
Model parameters.
Mutation    rates:  A-C: 0.00214  A-G: 0.00480  A-T: 0.00276  C-G: 0.00217  C-T: 0.00612  G-T: 0.00276
Exchangeabilities:  A-C: 0.00983  A-G: 0.02180  A-T: 0.00983  C-G: 0.00983  C-T: 0.02180  G-T: 0.00983
Base frequencies:  A: 0.281  C: 0.218  G: 0.220  T: 0.281
Estimated heterozygosity: 0.0099
A slight overestimation is expected and an effect of weighted binomial sampling; see manual.
--
Empirical quantities.
Base frequencies:  A: 0.281  C: 0.218  G: 0.220  T: 0.281
Watterson's estimator of heterozygosity: 0.0064
--

Model of rate heterogeneity: Gamma with 4 categories
Gamma shape alpha: 19.4783

 Category  Relative_rate  Proportion
  1         0.7285         0.2500
  2         0.9125         0.2500
  3         1.0582         0.2500
  4         1.3008         0.2500
Relative rates are computed as MEAN of the portion of the Gamma distribution falling in the category.

WARNING: Numerical underflow for lh-derivative
Iteration 20 / LogL: -22895.4637 / Time: 0h:9m:49s
Finish initializing candidate tree set (5)
Current best tree score: -22889.8722 / CPU time: 518.0948
Number of iterations: 20
--------------------------------------------------------------------
|               OPTIMIZING CANDIDATE TREE SET                      |
--------------------------------------------------------------------
Iteration 30 / LogL: -22893.9347 / Time: 0h:11m:56s (0h:30m:2s left)
Iteration 40 / LogL: -22889.8942 / Time: 0h:13m:6s (0h:21m:10s left)
PoMo with N=15 and HKY (Hasegawa, Kishino and Yano, 1985) mutation model; Sampling method: Weighted binomial; 88 states in total;Gamma with 4 categories

--
Model parameters.
Mutation    rates:  A-C: 0.00214  A-G: 0.00480  A-T: 0.00276  C-G: 0.00217  C-T: 0.00612  G-T: 0.00276
Exchangeabilities:  A-C: 0.00983  A-G: 0.02180  A-T: 0.00983  C-G: 0.00983  C-T: 0.02180  G-T: 0.00983
Base frequencies:  A: 0.281  C: 0.218  G: 0.220  T: 0.281
Estimated heterozygosity: 0.0099
A slight overestimation is expected and an effect of weighted binomial sampling; see manual.
--
Empirical quantities.
Base frequencies:  A: 0.281  C: 0.218  G: 0.220  T: 0.281
Watterson's estimator of heterozygosity: 0.0064
--

Model of rate heterogeneity: Gamma with 4 categories
Gamma shape alpha: 19.4783

 Category  Relative_rate  Proportion
  1         0.7285         0.2500
  2         0.9125         0.2500
  3         1.0582         0.2500
  4         1.3008         0.2500
Relative rates are computed as MEAN of the portion of the Gamma distribution falling in the category.

WARNING: Numerical underflow for lh-derivative
Iteration 50 / LogL: -22889.9290 / Time: 0h:14m:45s (0h:15m:58s left)
Log-likelihood cutoff on original alignment: -22920.6644
Iteration 60 / LogL: -22890.0450 / Time: 0h:16m:15s (0h:11m:50s left)
Iteration 70 / LogL: -22893.9341 / Time: 0h:17m:26s (0h:8m:20s left)
Iteration 80 / LogL: -22890.1827 / Time: 0h:18m:31s (0h:5m:23s left)
Iteration 90 / LogL: -22894.8575 / Time: 0h:19m:55s (0h:2m:54s left)
Iteration 100 / LogL: -22895.0850 / Time: 0h:21m:37s (0h:0m:39s left)
Log-likelihood cutoff on original alignment: -22920.6644
NOTE: Bootstrap correlation coefficient of split occurrence frequencies: 0.9999
TREE SEARCH COMPLETED AFTER 104 ITERATIONS / Time: 0h:22m:17s

--------------------------------------------------------------------
|                    FINALIZING TREE SEARCH                        |
--------------------------------------------------------------------
Performs final model parameters optimization
Estimate model parameters (epsilon = 0.0100)
1. Initial log-likelihood: -22889.8722
Gamma shape alpha: 19.3923
Optimal log-likelihood: -22889.8622
PoMo with N=15 and HKY (Hasegawa, Kishino and Yano, 1985) mutation model; Sampling method: Weighted binomial; 88 states in total;Gamma with 4 categories

--
Model parameters.
Mutation    rates:  A-C: 0.00214  A-G: 0.00480  A-T: 0.00276  C-G: 0.00217  C-T: 0.00612  G-T: 0.00276
Exchangeabilities:  A-C: 0.00983  A-G: 0.02180  A-T: 0.00983  C-G: 0.00983  C-T: 0.02180  G-T: 0.00983
Base frequencies:  A: 0.281  C: 0.218  G: 0.220  T: 0.281
Estimated heterozygosity: 0.0099
A slight overestimation is expected and an effect of weighted binomial sampling; see manual.
--
Empirical quantities.
Base frequencies:  A: 0.281  C: 0.218  G: 0.220  T: 0.281
Watterson's estimator of heterozygosity: 0.0064
--

Model of rate heterogeneity: Gamma with 4 categories
Gamma shape alpha: 19.3923

 Category  Relative_rate  Proportion
  1         0.7279         0.2500
  2         0.9123         0.2500
  3         1.0583         0.2500
  4         1.3015         0.2500
Relative rates are computed as MEAN of the portion of the Gamma distribution falling in the category.

Parameters optimization took 1 rounds (7.2956 sec)
BEST SCORE FOUND : -22889.8622
Creating bootstrap support values...
Split supports printed to NEXUS file fruit_flies_10000.cf.HKY+F+P+N15+G4.ufboot.splits.nex
Total tree length: 0.9484

Total number of iterations: 104
CPU time used for tree search: 5000.4488 sec (1h:23m:20s)
Wall-clock time used for tree search: 1266.0919 sec (0h:21m:6s)
Total CPU time used: 5312.4879 sec (1h:28m:32s)
Total wall-clock time used: 1345.0411 sec (0h:22m:25s)

Computing bootstrap consensus tree...
Reading input file fruit_flies_10000.cf.HKY+F+P+N15+G4.ufboot.splits.nex...
9 taxa and 37 splits.
Consensus tree written to fruit_flies_10000.cf.HKY+F+P+N15+G4.ufboot.contree
Reading input trees file fruit_flies_10000.cf.HKY+F+P+N15+G4.ufboot.contree
Log-likelihood of consensus tree: -22889.8626

Analysis results written to: 
  IQ-TREE report:                fruit_flies_10000.cf.HKY+F+P+N15+G4.ufboot.iqtree
  Maximum-likelihood tree:       fruit_flies_10000.cf.HKY+F+P+N15+G4.ufboot.treefile
  Likelihood distances:          fruit_flies_10000.cf.HKY+F+P+N15+G4.ufboot.mldist

Ultrafast bootstrap approximation results written to:
  Split support values:          fruit_flies_10000.cf.HKY+F+P+N15+G4.ufboot.splits.nex
  Consensus tree:                fruit_flies_10000.cf.HKY+F+P+N15+G4.ufboot.contree
  Screen log file:               fruit_flies_10000.cf.HKY+F+P+N15+G4.ufboot.log

Date and Time: Thu Feb 11 18:06:00 2021
