IQ-TREE multicore version 2.1.2 COVID-edition for Linux 64-bit built Oct 22 2020
Developed by Bui Quang Minh, James Barbetti, Nguyen Lam Tung,
Olga Chernomor, Heiko Schmidt, Dominik Schrempf, Michael Woodhams.

Host:    meganeura (AVX2, FMA3, 31 GB RAM)
Command: iqtree2 -nt 4 -redo -s ../data/fruit_flies_1000.cf -m HKY+F+P+N09+G2 -pre fruit_flies_1000.cf.HKY+F+P+N09+G2
Seed:    51749 (Using SPRNG - Scalable Parallel Random Number Generator)
Time:    Thu Feb 11 15:15:51 2021
Kernel:  AVX+FMA - 4 threads (16 CPU cores detected)

Reading alignment file ../data/fruit_flies_1000.cf ... Counts format (PoMo) detected

----------------------------------------------------------------------
Number of populations:     9
Number of sites:           1000
---
Normal sites:              1000
Sites with unknown states: 0
Total sites read:          1000
Fails:                     0
---
Compound states:           446
----------------------------------------------------------------------

The average number of samples is 18.989
Alignment has 9 sequences with 1000 columns, 949 distinct patterns
0 parsimony-informative, 48 singleton sites, 952 constant sites
NOTE: The composition test for PoMo only tests the proportion of fixed states!
     Gap/Ambiguity  Composition  p-value
   1  NTH    0.00%    passed     99.91%
   2  EG     0.00%    passed     99.78%
   3  FR     0.00%    passed     99.98%
   4  GA     0.00%    passed     99.98%
   5  GU     0.00%    passed     99.93%
   6  EF     0.00%    passed     99.82%
   7  KN     0.00%    passed     99.84%
   8  SB     0.00%    passed     99.81%
   9  SP     0.00%    passed    100.00%
****  TOTAL    0.00%  0 sequences failed composition chi2 test (p-value<5%; df=3)
NOTE: minimal branch length is increased to 0.000081000000 because PoMo infers number of mutations and frequency shifts
NOTE: maximal branch length is increased to 810.0 because PoMo infers number of mutations and frequency shifts
Creating fast initial parsimony tree by random order stepwise addition...
0.000 seconds, parsimony score: 2 (based on 48 sites)

NOTE: 7 MB RAM (0 GB) is required!
Estimate model parameters (epsilon = 0.100)
1. Initial log-likelihood: -2723.296
Gamma shape alpha: 5.858
2. Current log-likelihood: -2257.060
Gamma shape alpha: 5.873
3. Current log-likelihood: -2256.518
Gamma shape alpha: 5.884
Optimal log-likelihood: -2256.481
PoMo with N=9 and HKY (Hasegawa, Kishino and Yano, 1985) mutation model; Sampling method: Weighted binomial; 52 states in total;Gamma with 2 categories

--
Model parameters.
Mutation    rates:  A-C: 0.00254  A-G: 0.00423  A-T: 0.00381  C-G: 0.00264  C-T: 0.00611  G-T: 0.00381
Exchangeabilities:  A-C: 0.01260  A-G: 0.02021  A-T: 0.01260  C-G: 0.01260  C-T: 0.02021  G-T: 0.01260
Base frequencies:  A: 0.287  C: 0.202  G: 0.209  T: 0.302
Estimated heterozygosity: 0.0109
A slight overestimation is expected and an effect of weighted binomial sampling; see manual.
--
Empirical quantities.
Base frequencies:  A: 0.287  C: 0.202  G: 0.209  T: 0.302
Watterson's estimator of heterozygosity: 0.0065
--

Model of rate heterogeneity: Gamma with 2 categories
Gamma shape alpha: 5.8838

 Category  Relative_rate  Proportion
  1         0.6788         0.5000
  2         1.3212         0.5000
Relative rates are computed as MEAN of the portion of the Gamma distribution falling in the category.

Parameters optimization took 3 rounds (1.9298 sec)
Computing ML distances based on estimated model parameters...
Computing ML distances took 0.012300 sec (of wall-clock time) 0.049180 sec(of CPU time)
Computing RapidNJ tree took 0.000570 sec (of wall-clock time) 0.002277 sec (of CPU time)
Log-likelihood of RapidNJ tree: -2239.611
--------------------------------------------------------------------
|             INITIALIZING CANDIDATE TREE SET                      |
--------------------------------------------------------------------
Generating 98 parsimony trees... 0.011 second
Computing log-likelihood of 98 initial trees ... 4.037 seconds
Current best score: -2239.611

Do NNI search on 20 best initial trees
Estimate model parameters (epsilon = 0.100)
Gamma shape alpha: 10.255
Gamma shape alpha: 10.275
BETTER TREE FOUND at iteration 1: -2235.418
Estimate model parameters (epsilon = 0.100)
Gamma shape alpha: 10.295
BETTER TREE FOUND at iteration 2: -2235.385
WARNING: NNI search needs unusual large number of steps (9) to converge!
Iteration 10 / LogL: -2235.386 / Time: 0h:0m:18s
Iteration 20 / LogL: -2235.429 / Time: 0h:0m:29s
Finish initializing candidate tree set (2)
Current best tree score: -2235.385 / CPU time: 27.419
Number of iterations: 20
--------------------------------------------------------------------
|               OPTIMIZING CANDIDATE TREE SET                      |
--------------------------------------------------------------------
UPDATE BEST LOG-LIKELIHOOD: -2235.385
Iteration 30 / LogL: -2235.388 / Time: 0h:0m:34s (0h:1m:24s left)
Iteration 40 / LogL: -2235.385 / Time: 0h:0m:38s (0h:1m:1s left)
Iteration 50 / LogL: -2235.418 / Time: 0h:0m:43s (0h:0m:46s left)
Iteration 60 / LogL: -2235.453 / Time: 0h:0m:47s (0h:0m:33s left)
Iteration 70 / LogL: -2235.408 / Time: 0h:0m:51s (0h:0m:23s left)
Iteration 80 / LogL: -2235.625 / Time: 0h:0m:56s (0h:0m:15s left)
UPDATE BEST LOG-LIKELIHOOD: -2235.385
Iteration 90 / LogL: -2235.396 / Time: 0h:1m:1s (0h:0m:8s left)
UPDATE BEST LOG-LIKELIHOOD: -2235.385
UPDATE BEST LOG-LIKELIHOOD: -2235.385
Iteration 100 / LogL: -2235.558 / Time: 0h:1m:5s (0h:0m:1s left)
TREE SEARCH COMPLETED AFTER 103 ITERATIONS / Time: 0h:1m:6s

--------------------------------------------------------------------
|                    FINALIZING TREE SEARCH                        |
--------------------------------------------------------------------
Performs final model parameters optimization
Estimate model parameters (epsilon = 0.010)
1. Initial log-likelihood: -2235.385
Gamma shape alpha: 10.315
Optimal log-likelihood: -2235.384
PoMo with N=9 and HKY (Hasegawa, Kishino and Yano, 1985) mutation model; Sampling method: Weighted binomial; 52 states in total;Gamma with 2 categories

--
Model parameters.
Mutation    rates:  A-C: 0.00269  A-G: 0.00451  A-T: 0.00403  C-G: 0.00279  C-T: 0.00652  G-T: 0.00403
Exchangeabilities:  A-C: 0.01335  A-G: 0.02157  A-T: 0.01335  C-G: 0.01335  C-T: 0.02157  G-T: 0.01335
Base frequencies:  A: 0.287  C: 0.202  G: 0.209  T: 0.302
Estimated heterozygosity: 0.0115
A slight overestimation is expected and an effect of weighted binomial sampling; see manual.
--
Empirical quantities.
Base frequencies:  A: 0.287  C: 0.202  G: 0.209  T: 0.302
Watterson's estimator of heterozygosity: 0.0065
--

Model of rate heterogeneity: Gamma with 2 categories
Gamma shape alpha: 10.3152

 Category  Relative_rate  Proportion
  1         0.7549         0.5000
  2         1.2451         0.5000
Relative rates are computed as MEAN of the portion of the Gamma distribution falling in the category.

Parameters optimization took 1 rounds (0.3437 sec)
BEST SCORE FOUND : -2235.3843
Total tree length: 0.3277

Total number of iterations: 103
CPU time used for tree search: 254.2924 sec (0h:4m:14s)
Wall-clock time used for tree search: 64.5126 sec (0h:1m:4s)
Total CPU time used: 264.3632 sec (0h:4m:24s)
Total wall-clock time used: 67.0695 sec (0h:1m:7s)

Analysis results written to: 
  IQ-TREE report:                fruit_flies_1000.cf.HKY+F+P+N09+G2.iqtree
  Maximum-likelihood tree:       fruit_flies_1000.cf.HKY+F+P+N09+G2.treefile
  Likelihood distances:          fruit_flies_1000.cf.HKY+F+P+N09+G2.mldist
  Screen log file:               fruit_flies_1000.cf.HKY+F+P+N09+G2.log

Date and Time: Thu Feb 11 15:16:58 2021
