IQ-TREE multicore version 2.1.2 COVID-edition for Linux 64-bit built Oct 22 2020
Developed by Bui Quang Minh, James Barbetti, Nguyen Lam Tung,
Olga Chernomor, Heiko Schmidt, Dominik Schrempf, Michael Woodhams.

Host:    meganeura (AVX2, FMA3, 31 GB RAM)
Command: iqtree2 -nt 4 -redo -s ../data/fruit_flies_10000.cf -m HKY+F+P+N05 -B 1000 -pre fruit_flies_10000.cf.HKY+F+P+N05.ufboot
Seed:    165457 (Using SPRNG - Scalable Parallel Random Number Generator)
Time:    Thu Feb 11 16:17:09 2021
Kernel:  AVX+FMA - 4 threads (16 CPU cores detected)

Reading alignment file ../data/fruit_flies_10000.cf ... Counts format (PoMo) detected

----------------------------------------------------------------------
Number of populations:     9
Number of sites:           10000
---
Normal sites:              10000
Sites with unknown states: 0
Total sites read:          10000
Fails:                     0
---
Compound states:           1346
----------------------------------------------------------------------

The average number of samples is 18.998
Alignment has 9 sequences with 10000 columns, 7463 distinct patterns
0 parsimony-informative, 400 singleton sites, 9600 constant sites
NOTE: The composition test for PoMo only tests the proportion of fixed states!
     Gap/Ambiguity  Composition  p-value
   1  NTH    0.00%    passed    100.00%
   2  EG     0.00%    passed     99.87%
   3  FR     0.00%    passed     99.86%
   4  GA     0.00%    passed     99.75%
   5  GU     0.00%    passed     99.55%
   6  EF     0.00%    passed     99.94%
   7  KN     0.00%    passed     99.99%
   8  SB     0.00%    passed     99.96%
   9  SP     0.00%    passed     99.68%
****  TOTAL    0.00%  0 sequences failed composition chi2 test (p-value<5%; df=3)
NOTE: minimal branch length is increased to 0.000025000000 because PoMo infers number of mutations and frequency shifts
NOTE: maximal branch length is increased to 250.0 because PoMo infers number of mutations and frequency shifts
Creating fast initial parsimony tree by random order stepwise addition...
0.001 seconds, parsimony score: 29 (based on 400 sites)
Generating 1000 samples for ultrafast bootstrap (seed: 165457)...

NOTE: 43 MB RAM (0 GB) is required!
Estimate model parameters (epsilon = 0.100)
1. Initial log-likelihood: -29427.417
2. Current log-likelihood: -24932.032
3. Current log-likelihood: -24880.887
4. Current log-likelihood: -24876.465
5. Current log-likelihood: -24876.018
Optimal log-likelihood: -24875.969
PoMo with N=5 and HKY (Hasegawa, Kishino and Yano, 1985) mutation model; Sampling method: Weighted binomial; 28 states in total;

--
Model parameters.
Mutation    rates:  A-C: 0.00316  A-G: 0.00712  A-T: 0.00408  C-G: 0.00320  C-T: 0.00907  G-T: 0.00408
Exchangeabilities:  A-C: 0.01453  A-G: 0.03230  A-T: 0.01453  C-G: 0.01453  C-T: 0.03230  G-T: 0.01453
Base frequencies:  A: 0.281  C: 0.218  G: 0.220  T: 0.281
Estimated heterozygosity: 0.0147
A slight overestimation is expected and an effect of weighted binomial sampling; see manual.
--
Empirical quantities.
Base frequencies:  A: 0.281  C: 0.218  G: 0.220  T: 0.281
Watterson's estimator of heterozygosity: 0.0064
--

Parameters optimization took 5 rounds (2.3945 sec)
Computing ML distances based on estimated model parameters...
Computing ML distances took 0.005539 sec (of wall-clock time) 0.018368 sec(of CPU time)
Computing RapidNJ tree took 0.000530 sec (of wall-clock time) 0.001571 sec (of CPU time)
Log-likelihood of RapidNJ tree: -24792.043
--------------------------------------------------------------------
|             INITIALIZING CANDIDATE TREE SET                      |
--------------------------------------------------------------------
Generating 98 parsimony trees... 0.023 second
Computing log-likelihood of 98 initial trees ... 4.207 seconds
Current best score: -24792.043

Do NNI search on 20 best initial trees
Estimate model parameters (epsilon = 0.100)
BETTER TREE FOUND at iteration 1: -24791.947
Estimate model parameters (epsilon = 0.100)
BETTER TREE FOUND at iteration 3: -24791.901
Iteration 10 / LogL: -24800.920 / Time: 0h:0m:14s
Iteration 20 / LogL: -24791.966 / Time: 0h:0m:21s
Finish initializing candidate tree set (6)
Current best tree score: -24791.901 / CPU time: 18.396
Number of iterations: 20
--------------------------------------------------------------------
|               OPTIMIZING CANDIDATE TREE SET                      |
--------------------------------------------------------------------
UPDATE BEST LOG-LIKELIHOOD: -24791.901
Iteration 30 / LogL: -24837.346 / Time: 0h:0m:25s (0h:1m:3s left)
Iteration 40 / LogL: -24791.904 / Time: 0h:0m:30s (0h:0m:48s left)
Iteration 50 / LogL: -24791.956 / Time: 0h:0m:34s (0h:0m:37s left)
Log-likelihood cutoff on original alignment: -24833.149
WARNING: NNI search needs unusual large number of steps (9) to converge!
Iteration 60 / LogL: -24837.222 / Time: 0h:0m:41s (0h:0m:30s left)
Iteration 70 / LogL: -24800.644 / Time: 0h:0m:46s (0h:0m:22s left)
Iteration 80 / LogL: -24791.904 / Time: 0h:0m:52s (0h:0m:15s left)
Iteration 90 / LogL: -24791.905 / Time: 0h:0m:59s (0h:0m:8s left)
Iteration 100 / LogL: -24887.429 / Time: 0h:1m:3s (0h:0m:1s left)
Log-likelihood cutoff on original alignment: -24833.170
NOTE: Bootstrap correlation coefficient of split occurrence frequencies: 1.000
TREE SEARCH COMPLETED AFTER 104 ITERATIONS / Time: 0h:1m:6s

--------------------------------------------------------------------
|                    FINALIZING TREE SEARCH                        |
--------------------------------------------------------------------
Performs final model parameters optimization
Estimate model parameters (epsilon = 0.010)
1. Initial log-likelihood: -24791.901
Optimal log-likelihood: -24791.900
PoMo with N=5 and HKY (Hasegawa, Kishino and Yano, 1985) mutation model; Sampling method: Weighted binomial; 28 states in total;

--
Model parameters.
Mutation    rates:  A-C: 0.00323  A-G: 0.00729  A-T: 0.00416  C-G: 0.00327  C-T: 0.00930  G-T: 0.00416
Exchangeabilities:  A-C: 0.01482  A-G: 0.03310  A-T: 0.01482  C-G: 0.01482  C-T: 0.03310  G-T: 0.01482
Base frequencies:  A: 0.281  C: 0.218  G: 0.220  T: 0.281
Estimated heterozygosity: 0.0151
A slight overestimation is expected and an effect of weighted binomial sampling; see manual.
--
Empirical quantities.
Base frequencies:  A: 0.281  C: 0.218  G: 0.220  T: 0.281
Watterson's estimator of heterozygosity: 0.0064
--

Parameters optimization took 1 rounds (0.2978 sec)
BEST SCORE FOUND : -24791.8996
Creating bootstrap support values...
Split supports printed to NEXUS file fruit_flies_10000.cf.HKY+F+P+N05.ufboot.splits.nex
Total tree length: 0.2227

Total number of iterations: 104
CPU time used for tree search: 250.9490 sec (0h:4m:10s)
Wall-clock time used for tree search: 63.2148 sec (0h:1m:3s)
Total CPU time used: 263.4168 sec (0h:4m:23s)
Total wall-clock time used: 66.3685 sec (0h:1m:6s)

Computing bootstrap consensus tree...
Reading input file fruit_flies_10000.cf.HKY+F+P+N05.ufboot.splits.nex...
9 taxa and 42 splits.
Consensus tree written to fruit_flies_10000.cf.HKY+F+P+N05.ufboot.contree
Reading input trees file fruit_flies_10000.cf.HKY+F+P+N05.ufboot.contree
Log-likelihood of consensus tree: -24791.8994

Analysis results written to: 
  IQ-TREE report:                fruit_flies_10000.cf.HKY+F+P+N05.ufboot.iqtree
  Maximum-likelihood tree:       fruit_flies_10000.cf.HKY+F+P+N05.ufboot.treefile
  Likelihood distances:          fruit_flies_10000.cf.HKY+F+P+N05.ufboot.mldist

Ultrafast bootstrap approximation results written to:
  Split support values:          fruit_flies_10000.cf.HKY+F+P+N05.ufboot.splits.nex
  Consensus tree:                fruit_flies_10000.cf.HKY+F+P+N05.ufboot.contree
  Screen log file:               fruit_flies_10000.cf.HKY+F+P+N05.ufboot.log

Date and Time: Thu Feb 11 16:18:15 2021
