IQ-TREE multicore version 2.1.2 COVID-edition for Linux 64-bit built Oct 22 2020
Developed by Bui Quang Minh, James Barbetti, Nguyen Lam Tung,
Olga Chernomor, Heiko Schmidt, Dominik Schrempf, Michael Woodhams.

Host:    meganeura (AVX2, FMA3, 31 GB RAM)
Command: iqtree2 -nt 4 -redo -s ../data/fruit_flies_10000.cf -m HKY+F+P+N19+G4 -B 1000 -pre fruit_flies_10000.cf.HKY+F+P+N19+G4.ufboot
Seed:    830055 (Using SPRNG - Scalable Parallel Random Number Generator)
Time:    Thu Feb 11 17:43:27 2021
Kernel:  AVX+FMA - 4 threads (16 CPU cores detected)

Reading alignment file ../data/fruit_flies_10000.cf ... Counts format (PoMo) detected

----------------------------------------------------------------------
Number of populations:     9
Number of sites:           10000
---
Normal sites:              10000
Sites with unknown states: 0
Total sites read:          10000
Fails:                     0
---
Compound states:           1346
----------------------------------------------------------------------

The average number of samples is 18.998
Alignment has 9 sequences with 10000 columns, 7463 distinct patterns
0 parsimony-informative, 594 singleton sites, 9406 constant sites
NOTE: The composition test for PoMo only tests the proportion of fixed states!
     Gap/Ambiguity  Composition  p-value
   1  NTH    0.00%    passed     99.97%
   2  EG     0.00%    passed     99.95%
   3  FR     0.00%    passed     99.82%
   4  GA     0.00%    passed     99.90%
   5  GU     0.00%    passed     99.62%
   6  EF     0.00%    passed     99.87%
   7  KN     0.00%    passed     99.81%
   8  SB     0.00%    passed     99.74%
   9  SP     0.00%    passed     98.77%
****  TOTAL    0.00%  0 sequences failed composition chi2 test (p-value<5%; df=3)
NOTE: minimal branch length is increased to 0.000361000000 because PoMo infers number of mutations and frequency shifts
NOTE: maximal branch length is increased to 3610.0 because PoMo infers number of mutations and frequency shifts
Creating fast initial parsimony tree by random order stepwise addition...
0.001 seconds, parsimony score: 30 (based on 594 sites)
Generating 1000 samples for ultrafast bootstrap (seed: 830055)...

NOTE: 268 MB RAM (0 GB) is required!
Estimate model parameters (epsilon = 0.100)
1. Initial log-likelihood: -27448.222
Gamma shape alpha: 1.918
2. Current log-likelihood: -22986.837
Gamma shape alpha: 3.564
3. Current log-likelihood: -22963.512
Gamma shape alpha: 3.564
4. Current log-likelihood: -22962.755
Gamma shape alpha: 3.663
Optimal log-likelihood: -22962.745
PoMo with N=19 and HKY (Hasegawa, Kishino and Yano, 1985) mutation model; Sampling method: Weighted binomial; 112 states in total;Gamma with 4 categories

--
Model parameters.
Mutation    rates:  A-C: 0.00193  A-G: 0.00441  A-T: 0.00250  C-G: 0.00196  C-T: 0.00563  G-T: 0.00250
Exchangeabilities:  A-C: 0.00889  A-G: 0.02004  A-T: 0.00889  C-G: 0.00889  C-T: 0.02004  G-T: 0.00889
Base frequencies:  A: 0.281  C: 0.218  G: 0.220  T: 0.281
Estimated heterozygosity: 0.0091
A slight overestimation is expected and an effect of weighted binomial sampling; see manual.
--
Empirical quantities.
Base frequencies:  A: 0.281  C: 0.218  G: 0.220  T: 0.281
Watterson's estimator of heterozygosity: 0.0064
--

Model of rate heterogeneity: Gamma with 4 categories
Gamma shape alpha: 3.6634

 Category  Relative_rate  Proportion
  1         0.4349         0.2500
  2         0.7627         0.2500
  3         1.0843         0.2500
  4         1.7182         0.2500
Relative rates are computed as MEAN of the portion of the Gamma distribution falling in the category.

Parameters optimization took 4 rounds (96.3932 sec)
Computing ML distances based on estimated model parameters...
Computing ML distances took 0.129537 sec (of wall-clock time) 0.513837 sec(of CPU time)
Computing RapidNJ tree took 0.000152 sec (of wall-clock time) 0.000150 sec (of CPU time)
Log-likelihood of RapidNJ tree: -22796.342
--------------------------------------------------------------------
|             INITIALIZING CANDIDATE TREE SET                      |
--------------------------------------------------------------------
Generating 98 parsimony trees... 0.040 second
Computing log-likelihood of 97 initial trees ... 173.258 seconds
Current best score: -22796.342

Do NNI search on 20 best initial trees
Estimate model parameters (epsilon = 0.100)
Gamma shape alpha: 4.315
Gamma shape alpha: 4.377
BETTER TREE FOUND at iteration 1: -22794.800
Estimate model parameters (epsilon = 0.100)
Gamma shape alpha: 4.478
Gamma shape alpha: 4.495
BETTER TREE FOUND at iteration 3: -22790.358
Iteration 10 / LogL: -22790.403 / Time: 0h:11m:16s
Iteration 20 / LogL: -22841.444 / Time: 0h:14m:38s
Finish initializing candidate tree set (11)
Current best tree score: -22790.358 / CPU time: 772.666
Number of iterations: 20
--------------------------------------------------------------------
|               OPTIMIZING CANDIDATE TREE SET                      |
--------------------------------------------------------------------
Iteration 30 / LogL: -22794.475 / Time: 0h:17m:43s (0h:44m:37s left)
Iteration 40 / LogL: -22794.365 / Time: 0h:20m:25s (0h:33m:0s left)
Iteration 50 / LogL: -22794.306 / Time: 0h:23m:13s (0h:25m:6s left)
Log-likelihood cutoff on original alignment: -22818.641
Iteration 60 / LogL: -22839.273 / Time: 0h:25m:6s (0h:18m:17s left)
Iteration 70 / LogL: -22794.826 / Time: 0h:26m:47s (0h:12m:48s left)
Iteration 80 / LogL: -22794.477 / Time: 0h:28m:25s (0h:8m:16s left)
Iteration 90 / LogL: -22795.082 / Time: 0h:30m:15s (0h:4m:25s left)
UPDATE BEST LOG-LIKELIHOOD: -22790.358
Iteration 100 / LogL: -22790.359 / Time: 0h:32m:3s (0h:0m:58s left)
Log-likelihood cutoff on original alignment: -22818.745
NOTE: Bootstrap correlation coefficient of split occurrence frequencies: 1.000
TREE SEARCH COMPLETED AFTER 104 ITERATIONS / Time: 0h:32m:48s

--------------------------------------------------------------------
|                    FINALIZING TREE SEARCH                        |
--------------------------------------------------------------------
Performs final model parameters optimization
Estimate model parameters (epsilon = 0.010)
1. Initial log-likelihood: -22790.358
Gamma shape alpha: 4.516
Optimal log-likelihood: -22790.357
PoMo with N=19 and HKY (Hasegawa, Kishino and Yano, 1985) mutation model; Sampling method: Weighted binomial; 112 states in total;Gamma with 4 categories

--
Model parameters.
Mutation    rates:  A-C: 0.00201  A-G: 0.00450  A-T: 0.00259  C-G: 0.00204  C-T: 0.00574  G-T: 0.00259
Exchangeabilities:  A-C: 0.00924  A-G: 0.02044  A-T: 0.00924  C-G: 0.00924  C-T: 0.02044  G-T: 0.00924
Base frequencies:  A: 0.281  C: 0.218  G: 0.220  T: 0.281
Estimated heterozygosity: 0.0093
A slight overestimation is expected and an effect of weighted binomial sampling; see manual.
--
Empirical quantities.
Base frequencies:  A: 0.281  C: 0.218  G: 0.220  T: 0.281
Watterson's estimator of heterozygosity: 0.0064
--

Model of rate heterogeneity: Gamma with 4 categories
Gamma shape alpha: 4.5160

 Category  Relative_rate  Proportion
  1         0.4806         0.2500
  2         0.7914         0.2500
  3         1.0840         0.2500
  4         1.6440         0.2500
Relative rates are computed as MEAN of the portion of the Gamma distribution falling in the category.

Parameters optimization took 1 rounds (11.7740 sec)
BEST SCORE FOUND : -22790.3575
Creating bootstrap support values...
Split supports printed to NEXUS file fruit_flies_10000.cf.HKY+F+P+N19+G4.ufboot.splits.nex
Total tree length: 1.4006

Total number of iterations: 104
CPU time used for tree search: 7349.1942 sec (2h:2m:29s)
Wall-clock time used for tree search: 1862.1537 sec (0h:31m:2s)
Total CPU time used: 7811.2472 sec (2h:10m:11s)
Total wall-clock time used: 1980.1299 sec (0h:33m:0s)

Computing bootstrap consensus tree...
Reading input file fruit_flies_10000.cf.HKY+F+P+N19+G4.ufboot.splits.nex...
9 taxa and 40 splits.
Consensus tree written to fruit_flies_10000.cf.HKY+F+P+N19+G4.ufboot.contree
Reading input trees file fruit_flies_10000.cf.HKY+F+P+N19+G4.ufboot.contree
Log-likelihood of consensus tree: -22790.3573

Analysis results written to: 
  IQ-TREE report:                fruit_flies_10000.cf.HKY+F+P+N19+G4.ufboot.iqtree
  Maximum-likelihood tree:       fruit_flies_10000.cf.HKY+F+P+N19+G4.ufboot.treefile
  Likelihood distances:          fruit_flies_10000.cf.HKY+F+P+N19+G4.ufboot.mldist

Ultrafast bootstrap approximation results written to:
  Split support values:          fruit_flies_10000.cf.HKY+F+P+N19+G4.ufboot.splits.nex
  Consensus tree:                fruit_flies_10000.cf.HKY+F+P+N19+G4.ufboot.contree
  Screen log file:               fruit_flies_10000.cf.HKY+F+P+N19+G4.ufboot.log

Date and Time: Thu Feb 11 18:16:32 2021
