IQ-TREE multicore version 2.1.2 COVID-edition for Linux 64-bit built Oct 22 2020
Developed by Bui Quang Minh, James Barbetti, Nguyen Lam Tung,
Olga Chernomor, Heiko Schmidt, Dominik Schrempf, Michael Woodhams.

Host:    meganeura (AVX2, FMA3, 31 GB RAM)
Command: iqtree2 -nt 4 -redo -s ../data/fruit_flies_1000.cf -m HKY+F+P+N15+G4 -pre fruit_flies_1000.cf.HKY+F+P+N15+G4
Seed:    146843 (Using SPRNG - Scalable Parallel Random Number Generator)
Time:    Thu Feb 11 15:16:58 2021
Kernel:  AVX+FMA - 4 threads (16 CPU cores detected)

Reading alignment file ../data/fruit_flies_1000.cf ... Counts format (PoMo) detected

----------------------------------------------------------------------
Number of populations:     9
Number of sites:           1000
---
Normal sites:              1000
Sites with unknown states: 0
Total sites read:          1000
Fails:                     0
---
Compound states:           446
----------------------------------------------------------------------

The average number of samples is 18.989
Alignment has 9 sequences with 1000 columns, 949 distinct patterns
0 parsimony-informative, 53 singleton sites, 947 constant sites
NOTE: The composition test for PoMo only tests the proportion of fixed states!
     Gap/Ambiguity  Composition  p-value
   1  NTH    0.00%    passed     99.93%
   2  EG     0.00%    passed     99.73%
   3  FR     0.00%    passed    100.00%
   4  GA     0.00%    passed     99.97%
   5  GU     0.00%    passed     99.95%
   6  EF     0.00%    passed     99.89%
   7  KN     0.00%    passed     99.90%
   8  SB     0.00%    passed     99.74%
   9  SP     0.00%    passed     99.81%
****  TOTAL    0.00%  0 sequences failed composition chi2 test (p-value<5%; df=3)
NOTE: minimal branch length is increased to 0.000225000000 because PoMo infers number of mutations and frequency shifts
NOTE: maximal branch length is increased to 2250.0 because PoMo infers number of mutations and frequency shifts
Creating fast initial parsimony tree by random order stepwise addition...
0.001 seconds, parsimony score: 2 (based on 53 sites)

NOTE: 27 MB RAM (0 GB) is required!
Estimate model parameters (epsilon = 0.100)
1. Initial log-likelihood: -2663.709
Gamma shape alpha: 3.329
2. Current log-likelihood: -2215.282
Gamma shape alpha: 4.593
3. Current log-likelihood: -2213.772
Gamma shape alpha: 4.618
Optimal log-likelihood: -2213.765
PoMo with N=15 and HKY (Hasegawa, Kishino and Yano, 1985) mutation model; Sampling method: Weighted binomial; 88 states in total;Gamma with 4 categories

--
Model parameters.
Mutation    rates:  A-C: 0.00218  A-G: 0.00366  A-T: 0.00327  C-G: 0.00226  C-T: 0.00529  G-T: 0.00327
Exchangeabilities:  A-C: 0.01082  A-G: 0.01751  A-T: 0.01082  C-G: 0.01082  C-T: 0.01751  G-T: 0.01082
Base frequencies:  A: 0.287  C: 0.202  G: 0.209  T: 0.302
Estimated heterozygosity: 0.0094
A slight overestimation is expected and an effect of weighted binomial sampling; see manual.
--
Empirical quantities.
Base frequencies:  A: 0.287  C: 0.202  G: 0.209  T: 0.302
Watterson's estimator of heterozygosity: 0.0065
--

Model of rate heterogeneity: Gamma with 4 categories
Gamma shape alpha: 4.6183

 Category  Relative_rate  Proportion
  1         0.4854         0.2500
  2         0.7942         0.2500
  3         1.0839         0.2500
  4         1.6365         0.2500
Relative rates are computed as MEAN of the portion of the Gamma distribution falling in the category.

Parameters optimization took 3 rounds (9.8976 sec)
Computing ML distances based on estimated model parameters...
Computing ML distances took 0.047750 sec (of wall-clock time) 0.190877 sec(of CPU time)
Computing RapidNJ tree took 0.000562 sec (of wall-clock time) 0.002208 sec (of CPU time)
Log-likelihood of RapidNJ tree: -2206.285
--------------------------------------------------------------------
|             INITIALIZING CANDIDATE TREE SET                      |
--------------------------------------------------------------------
Generating 98 parsimony trees... 0.011 second
Computing log-likelihood of 98 initial trees ... 19.859 seconds
Current best score: -2206.285

Do NNI search on 20 best initial trees
Estimate model parameters (epsilon = 0.100)
Gamma shape alpha: 5.741
BETTER TREE FOUND at iteration 1: -2201.328
Estimate model parameters (epsilon = 0.100)
Gamma shape alpha: 5.765
BETTER TREE FOUND at iteration 2: -2201.302
Iteration 10 / LogL: -2201.307 / Time: 0h:1m:21s
WARNING: NNI search needs unusual large number of steps (9) to converge!
WARNING: NNI search needs unusual large number of steps (9) to converge!
Iteration 20 / LogL: -2201.354 / Time: 0h:2m:12s
Finish initializing candidate tree set (4)
Current best tree score: -2201.302 / CPU time: 120.897
Number of iterations: 20
--------------------------------------------------------------------
|               OPTIMIZING CANDIDATE TREE SET                      |
--------------------------------------------------------------------
Iteration 30 / LogL: -2201.371 / Time: 0h:2m:37s (0h:6m:31s left)
Iteration 40 / LogL: -2201.343 / Time: 0h:3m:11s (0h:5m:4s left)
UPDATE BEST LOG-LIKELIHOOD: -2201.302
Iteration 50 / LogL: -2201.352 / Time: 0h:3m:41s (0h:3m:54s left)
UPDATE BEST LOG-LIKELIHOOD: -2201.302
Iteration 60 / LogL: -2201.348 / Time: 0h:4m:9s (0h:2m:57s left)
UPDATE BEST LOG-LIKELIHOOD: -2201.302
Iteration 70 / LogL: -2201.333 / Time: 0h:4m:38s (0h:2m:9s left)
Iteration 80 / LogL: -2201.305 / Time: 0h:5m:6s (0h:1m:25s left)
Iteration 90 / LogL: -2201.309 / Time: 0h:5m:31s (0h:0m:44s left)
Iteration 100 / LogL: -2201.350 / Time: 0h:5m:57s (0h:0m:7s left)
TREE SEARCH COMPLETED AFTER 103 ITERATIONS / Time: 0h:6m:5s

--------------------------------------------------------------------
|                    FINALIZING TREE SEARCH                        |
--------------------------------------------------------------------
Performs final model parameters optimization
Estimate model parameters (epsilon = 0.010)
1. Initial log-likelihood: -2201.302
Gamma shape alpha: 5.790
Optimal log-likelihood: -2201.301
PoMo with N=15 and HKY (Hasegawa, Kishino and Yano, 1985) mutation model; Sampling method: Weighted binomial; 88 states in total;Gamma with 4 categories

--
Model parameters.
Mutation    rates:  A-C: 0.00225  A-G: 0.00375  A-T: 0.00337  C-G: 0.00233  C-T: 0.00542  G-T: 0.00337
Exchangeabilities:  A-C: 0.01115  A-G: 0.01793  A-T: 0.01115  C-G: 0.01115  C-T: 0.01793  G-T: 0.01115
Base frequencies:  A: 0.287  C: 0.202  G: 0.209  T: 0.302
Estimated heterozygosity: 0.0096
A slight overestimation is expected and an effect of weighted binomial sampling; see manual.
--
Empirical quantities.
Base frequencies:  A: 0.287  C: 0.202  G: 0.209  T: 0.302
Watterson's estimator of heterozygosity: 0.0065
--

Model of rate heterogeneity: Gamma with 4 categories
Gamma shape alpha: 5.7902

 Category  Relative_rate  Proportion
  1         0.5319         0.2500
  2         0.8207         0.2500
  3         1.0817         0.2500
  4         1.5656         0.2500
Relative rates are computed as MEAN of the portion of the Gamma distribution falling in the category.

Parameters optimization took 1 rounds (1.8924 sec)
BEST SCORE FOUND : -2201.3014
Total tree length: 0.6905

Total number of iterations: 103
CPU time used for tree search: 1397.2315 sec (0h:23m:17s)
Wall-clock time used for tree search: 354.3341 sec (0h:5m:54s)
Total CPU time used: 1448.9406 sec (0h:24m:8s)
Total wall-clock time used: 367.4565 sec (0h:6m:7s)

Analysis results written to: 
  IQ-TREE report:                fruit_flies_1000.cf.HKY+F+P+N15+G4.iqtree
  Maximum-likelihood tree:       fruit_flies_1000.cf.HKY+F+P+N15+G4.treefile
  Likelihood distances:          fruit_flies_1000.cf.HKY+F+P+N15+G4.mldist
  Screen log file:               fruit_flies_1000.cf.HKY+F+P+N15+G4.log

Date and Time: Thu Feb 11 15:23:05 2021
