IQ-TREE multicore version 2.1.2 COVID-edition for Linux 64-bit built Oct 22 2020
Developed by Bui Quang Minh, James Barbetti, Nguyen Lam Tung,
Olga Chernomor, Heiko Schmidt, Dominik Schrempf, Michael Woodhams.

Host:    meganeura (AVX2, FMA3, 31 GB RAM)
Command: iqtree2 -nt 4 -redo -s ../data/fruit_flies_10000.cf -m HKY+F+P+N09 -pre fruit_flies_10000.cf.HKY+F+P+N09
Seed:    45755 (Using SPRNG - Scalable Parallel Random Number Generator)
Time:    Thu Feb 11 15:27:36 2021
Kernel:  AVX+FMA - 4 threads (16 CPU cores detected)

Reading alignment file ../data/fruit_flies_10000.cf ... Counts format (PoMo) detected

----------------------------------------------------------------------
Number of populations:     9
Number of sites:           10000
---
Normal sites:              10000
Sites with unknown states: 0
Total sites read:          10000
Fails:                     0
---
Compound states:           1346
----------------------------------------------------------------------

The average number of samples is 18.998
Alignment has 9 sequences with 10000 columns, 7463 distinct patterns
0 parsimony-informative, 475 singleton sites, 9525 constant sites
NOTE: The composition test for PoMo only tests the proportion of fixed states!
     Gap/Ambiguity  Composition  p-value
   1  NTH    0.00%    passed    100.00%
   2  EG     0.00%    passed     99.95%
   3  FR     0.00%    passed     99.81%
   4  GA     0.00%    passed     99.56%
   5  GU     0.00%    passed     99.62%
   6  EF     0.00%    passed     99.91%
   7  KN     0.00%    passed     99.98%
   8  SB     0.00%    passed     99.94%
   9  SP     0.00%    passed     99.41%
****  TOTAL    0.00%  0 sequences failed composition chi2 test (p-value<5%; df=3)
NOTE: minimal branch length is increased to 0.000081000000 because PoMo infers number of mutations and frequency shifts
NOTE: maximal branch length is increased to 810.0 because PoMo infers number of mutations and frequency shifts
Creating fast initial parsimony tree by random order stepwise addition...
0.001 seconds, parsimony score: 30 (based on 475 sites)

NOTE: 27 MB RAM (0 GB) is required!
Estimate model parameters (epsilon = 0.100)
1. Initial log-likelihood: -29175.347
2. Current log-likelihood: -23503.301
3. Current log-likelihood: -23472.027
4. Current log-likelihood: -23470.105
5. Current log-likelihood: -23469.865
Optimal log-likelihood: -23469.833
PoMo with N=9 and HKY (Hasegawa, Kishino and Yano, 1985) mutation model; Sampling method: Weighted binomial; 52 states in total;

--
Model parameters.
Mutation    rates:  A-C: 0.00246  A-G: 0.00555  A-T: 0.00317  C-G: 0.00249  C-T: 0.00707  G-T: 0.00317
Exchangeabilities:  A-C: 0.01129  A-G: 0.02518  A-T: 0.01129  C-G: 0.01129  C-T: 0.02518  G-T: 0.01129
Base frequencies:  A: 0.281  C: 0.218  G: 0.220  T: 0.281
Estimated heterozygosity: 0.0115
A slight overestimation is expected and an effect of weighted binomial sampling; see manual.
--
Empirical quantities.
Base frequencies:  A: 0.281  C: 0.218  G: 0.220  T: 0.281
Watterson's estimator of heterozygosity: 0.0064
--

Parameters optimization took 5 rounds (8.9372 sec)
Computing ML distances based on estimated model parameters...
Computing ML distances took 0.015372 sec (of wall-clock time) 0.061484 sec(of CPU time)
Computing RapidNJ tree took 0.000746 sec (of wall-clock time) 0.002561 sec (of CPU time)
Log-likelihood of RapidNJ tree: -23342.375
--------------------------------------------------------------------
|             INITIALIZING CANDIDATE TREE SET                      |
--------------------------------------------------------------------
Generating 98 parsimony trees... 0.027 second
Computing log-likelihood of 98 initial trees ... 12.284 seconds
Current best score: -23342.375

Do NNI search on 20 best initial trees
Estimate model parameters (epsilon = 0.100)
BETTER TREE FOUND at iteration 1: -23339.505
Iteration 10 / LogL: -23345.952 / Time: 0h:0m:43s
Iteration 20 / LogL: -23345.607 / Time: 0h:1m:4s
Finish initializing candidate tree set (5)
Current best tree score: -23339.505 / CPU time: 54.504
Number of iterations: 20
--------------------------------------------------------------------
|               OPTIMIZING CANDIDATE TREE SET                      |
--------------------------------------------------------------------
Iteration 30 / LogL: -23345.401 / Time: 0h:1m:17s (0h:3m:10s left)
Iteration 40 / LogL: -23374.885 / Time: 0h:1m:35s (0h:2m:29s left)
Iteration 50 / LogL: -23385.282 / Time: 0h:1m:47s (0h:1m:51s left)
Iteration 60 / LogL: -23345.398 / Time: 0h:1m:58s (0h:1m:22s left)
Iteration 70 / LogL: -23339.596 / Time: 0h:2m:11s (0h:0m:58s left)
Iteration 80 / LogL: -23345.825 / Time: 0h:2m:27s (0h:0m:39s left)
Iteration 90 / LogL: -23352.420 / Time: 0h:2m:43s (0h:0m:20s left)
Iteration 100 / LogL: -23339.518 / Time: 0h:2m:58s (0h:0m:1s left)
TREE SEARCH COMPLETED AFTER 102 ITERATIONS / Time: 0h:3m:1s

--------------------------------------------------------------------
|                    FINALIZING TREE SEARCH                        |
--------------------------------------------------------------------
Performs final model parameters optimization
Estimate model parameters (epsilon = 0.010)
1. Initial log-likelihood: -23339.505
Optimal log-likelihood: -23339.505
PoMo with N=9 and HKY (Hasegawa, Kishino and Yano, 1985) mutation model; Sampling method: Weighted binomial; 52 states in total;

--
Model parameters.
Mutation    rates:  A-C: 0.00256  A-G: 0.00574  A-T: 0.00331  C-G: 0.00259  C-T: 0.00732  G-T: 0.00331
Exchangeabilities:  A-C: 0.01177  A-G: 0.02607  A-T: 0.01177  C-G: 0.01177  C-T: 0.02607  G-T: 0.01177
Base frequencies:  A: 0.281  C: 0.218  G: 0.220  T: 0.281
Estimated heterozygosity: 0.0119
A slight overestimation is expected and an effect of weighted binomial sampling; see manual.
--
Empirical quantities.
Base frequencies:  A: 0.281  C: 0.218  G: 0.220  T: 0.281
Watterson's estimator of heterozygosity: 0.0064
--

Parameters optimization took 1 rounds (0.7937 sec)
BEST SCORE FOUND : -23339.5052
Total tree length: 0.4503

Total number of iterations: 102
CPU time used for tree search: 679.7971 sec (0h:11m:19s)
Wall-clock time used for tree search: 171.5248 sec (0h:2m:51s)
Total CPU time used: 720.7440 sec (0h:12m:0s)
Total wall-clock time used: 181.8441 sec (0h:3m:1s)

Analysis results written to: 
  IQ-TREE report:                fruit_flies_10000.cf.HKY+F+P+N09.iqtree
  Maximum-likelihood tree:       fruit_flies_10000.cf.HKY+F+P+N09.treefile
  Likelihood distances:          fruit_flies_10000.cf.HKY+F+P+N09.mldist
  Screen log file:               fruit_flies_10000.cf.HKY+F+P+N09.log

Date and Time: Thu Feb 11 15:30:38 2021
