IQ-TREE multicore version 2.1.2 COVID-edition for Linux 64-bit built Oct 22 2020
Developed by Bui Quang Minh, James Barbetti, Nguyen Lam Tung,
Olga Chernomor, Heiko Schmidt, Dominik Schrempf, Michael Woodhams.

Host:    meganeura (AVX2, FMA3, 31 GB RAM)
Command: iqtree2 -nt 4 -redo -s ../data/fruit_flies_1000.cf -m HKY+F+P+N09 -B 1000 -pre fruit_flies_1000.cf.HKY+F+P+N09.ufboot
Seed:    176068 (Using SPRNG - Scalable Parallel Random Number Generator)
Time:    Thu Feb 11 16:10:41 2021
Kernel:  AVX+FMA - 4 threads (16 CPU cores detected)

Reading alignment file ../data/fruit_flies_1000.cf ... Counts format (PoMo) detected

----------------------------------------------------------------------
Number of populations:     9
Number of sites:           1000
---
Normal sites:              1000
Sites with unknown states: 0
Total sites read:          1000
Fails:                     0
---
Compound states:           446
----------------------------------------------------------------------

The average number of samples is 18.989
Alignment has 9 sequences with 1000 columns, 949 distinct patterns
0 parsimony-informative, 48 singleton sites, 952 constant sites
NOTE: The composition test for PoMo only tests the proportion of fixed states!
     Gap/Ambiguity  Composition  p-value
   1  NTH    0.00%    passed     99.91%
   2  EG     0.00%    passed     99.78%
   3  FR     0.00%    passed     99.98%
   4  GA     0.00%    passed     99.98%
   5  GU     0.00%    passed     99.93%
   6  EF     0.00%    passed     99.82%
   7  KN     0.00%    passed     99.84%
   8  SB     0.00%    passed     99.81%
   9  SP     0.00%    passed    100.00%
****  TOTAL    0.00%  0 sequences failed composition chi2 test (p-value<5%; df=3)
NOTE: minimal branch length is increased to 0.000081000000 because PoMo infers number of mutations and frequency shifts
NOTE: maximal branch length is increased to 810.0 because PoMo infers number of mutations and frequency shifts
Creating fast initial parsimony tree by random order stepwise addition...
0.001 seconds, parsimony score: 2 (based on 48 sites)
Generating 1000 samples for ultrafast bootstrap (seed: 176068)...

NOTE: 7 MB RAM (0 GB) is required!
Estimate model parameters (epsilon = 0.100)
1. Initial log-likelihood: -2874.036
2. Current log-likelihood: -2260.892
3. Current log-likelihood: -2258.604
4. Current log-likelihood: -2258.326
Optimal log-likelihood: -2258.289
PoMo with N=9 and HKY (Hasegawa, Kishino and Yano, 1985) mutation model; Sampling method: Weighted binomial; 52 states in total;

--
Model parameters.
Mutation    rates:  A-C: 0.00259  A-G: 0.00421  A-T: 0.00388  C-G: 0.00268  C-T: 0.00609  G-T: 0.00388
Exchangeabilities:  A-C: 0.01283  A-G: 0.02014  A-T: 0.01283  C-G: 0.01283  C-T: 0.02014  G-T: 0.01283
Base frequencies:  A: 0.287  C: 0.202  G: 0.209  T: 0.302
Estimated heterozygosity: 0.0110
A slight overestimation is expected and an effect of weighted binomial sampling; see manual.
--
Empirical quantities.
Base frequencies:  A: 0.287  C: 0.202  G: 0.209  T: 0.302
Watterson's estimator of heterozygosity: 0.0065
--

Parameters optimization took 4 rounds (1.1312 sec)
Computing ML distances based on estimated model parameters...
Computing ML distances took 0.012796 sec (of wall-clock time) 0.051153 sec(of CPU time)
Computing RapidNJ tree took 0.000812 sec (of wall-clock time) 0.003016 sec (of CPU time)
Log-likelihood of RapidNJ tree: -2239.506
--------------------------------------------------------------------
|             INITIALIZING CANDIDATE TREE SET                      |
--------------------------------------------------------------------
Generating 98 parsimony trees... 0.011 second
Computing log-likelihood of 98 initial trees ... 2.067 seconds
Current best score: -2239.506

Do NNI search on 20 best initial trees
Estimate model parameters (epsilon = 0.100)
BETTER TREE FOUND at iteration 1: -2235.227
UPDATE BEST LOG-LIKELIHOOD: -2235.227
Iteration 10 / LogL: -2235.236 / Time: 0h:0m:8s
WARNING: NNI search needs unusual large number of steps (9) to converge!
UPDATE BEST LOG-LIKELIHOOD: -2235.227
Iteration 20 / LogL: -2235.258 / Time: 0h:0m:14s
Finish initializing candidate tree set (2)
Current best tree score: -2235.227 / CPU time: 12.803
Number of iterations: 20
--------------------------------------------------------------------
|               OPTIMIZING CANDIDATE TREE SET                      |
--------------------------------------------------------------------
UPDATE BEST LOG-LIKELIHOOD: -2235.227
UPDATE BEST LOG-LIKELIHOOD: -2235.227
Iteration 30 / LogL: -2235.227 / Time: 0h:0m:15s (0h:0m:39s left)
Iteration 40 / LogL: -2235.258 / Time: 0h:0m:18s (0h:0m:28s left)
Iteration 50 / LogL: -2235.238 / Time: 0h:0m:20s (0h:0m:21s left)
Log-likelihood cutoff on original alignment: -2254.542
Iteration 60 / LogL: -2235.227 / Time: 0h:0m:22s (0h:0m:15s left)
Iteration 70 / LogL: -2235.236 / Time: 0h:0m:25s (0h:0m:11s left)
Iteration 80 / LogL: -2235.233 / Time: 0h:0m:27s (0h:0m:7s left)
Iteration 90 / LogL: -2235.267 / Time: 0h:0m:29s (0h:0m:3s left)
Iteration 100 / LogL: -2235.227 / Time: 0h:0m:32s (0h:0m:0s left)
Log-likelihood cutoff on original alignment: -2254.542
NOTE: Bootstrap correlation coefficient of split occurrence frequencies: 0.998
TREE SEARCH COMPLETED AFTER 102 ITERATIONS / Time: 0h:0m:32s

--------------------------------------------------------------------
|                    FINALIZING TREE SEARCH                        |
--------------------------------------------------------------------
Performs final model parameters optimization
Estimate model parameters (epsilon = 0.010)
1. Initial log-likelihood: -2235.227
Optimal log-likelihood: -2235.222
PoMo with N=9 and HKY (Hasegawa, Kishino and Yano, 1985) mutation model; Sampling method: Weighted binomial; 52 states in total;

--
Model parameters.
Mutation    rates:  A-C: 0.00268  A-G: 0.00448  A-T: 0.00401  C-G: 0.00278  C-T: 0.00648  G-T: 0.00401
Exchangeabilities:  A-C: 0.01328  A-G: 0.02143  A-T: 0.01328  C-G: 0.01328  C-T: 0.02143  G-T: 0.01328
Base frequencies:  A: 0.287  C: 0.202  G: 0.209  T: 0.302
Estimated heterozygosity: 0.0115
A slight overestimation is expected and an effect of weighted binomial sampling; see manual.
--
Empirical quantities.
Base frequencies:  A: 0.287  C: 0.202  G: 0.209  T: 0.302
Watterson's estimator of heterozygosity: 0.0065
--

Parameters optimization took 1 rounds (0.2065 sec)
BEST SCORE FOUND : -2235.2222
Creating bootstrap support values...
Split supports printed to NEXUS file fruit_flies_1000.cf.HKY+F+P+N09.ufboot.splits.nex
Total tree length: 0.3253

Total number of iterations: 102
CPU time used for tree search: 123.4214 sec (0h:2m:3s)
Wall-clock time used for tree search: 31.2231 sec (0h:0m:31s)
Total CPU time used: 129.5202 sec (0h:2m:9s)
Total wall-clock time used: 32.7694 sec (0h:0m:32s)

Computing bootstrap consensus tree...
Reading input file fruit_flies_1000.cf.HKY+F+P+N09.ufboot.splits.nex...
9 taxa and 123 splits.
Consensus tree written to fruit_flies_1000.cf.HKY+F+P+N09.ufboot.contree
Reading input trees file fruit_flies_1000.cf.HKY+F+P+N09.ufboot.contree
Log-likelihood of consensus tree: -2235.2521

Analysis results written to: 
  IQ-TREE report:                fruit_flies_1000.cf.HKY+F+P+N09.ufboot.iqtree
  Maximum-likelihood tree:       fruit_flies_1000.cf.HKY+F+P+N09.ufboot.treefile
  Likelihood distances:          fruit_flies_1000.cf.HKY+F+P+N09.ufboot.mldist

Ultrafast bootstrap approximation results written to:
  Split support values:          fruit_flies_1000.cf.HKY+F+P+N09.ufboot.splits.nex
  Consensus tree:                fruit_flies_1000.cf.HKY+F+P+N09.ufboot.contree
  Screen log file:               fruit_flies_1000.cf.HKY+F+P+N09.ufboot.log

Date and Time: Thu Feb 11 16:11:14 2021
