IQ-TREE multicore version 2.1.2 COVID-edition for Linux 64-bit built Oct 22 2020
Developed by Bui Quang Minh, James Barbetti, Nguyen Lam Tung,
Olga Chernomor, Heiko Schmidt, Dominik Schrempf, Michael Woodhams.

Host:    meganeura (AVX2, FMA3, 31 GB RAM)
Command: iqtree2 -nt 4 -redo -s ../data/fruit_flies_1000.cf -m HKY+F+P+N05+G4 -pre fruit_flies_1000.cf.HKY+F+P+N05+G4
Seed:    806908 (Using SPRNG - Scalable Parallel Random Number Generator)
Time:    Thu Feb 11 15:15:13 2021
Kernel:  AVX+FMA - 4 threads (16 CPU cores detected)

Reading alignment file ../data/fruit_flies_1000.cf ... Counts format (PoMo) detected

----------------------------------------------------------------------
Number of populations:     9
Number of sites:           1000
---
Normal sites:              1000
Sites with unknown states: 0
Total sites read:          1000
Fails:                     0
---
Compound states:           446
----------------------------------------------------------------------

The average number of samples is 18.989
Alignment has 9 sequences with 1000 columns, 949 distinct patterns
0 parsimony-informative, 39 singleton sites, 961 constant sites
NOTE: The composition test for PoMo only tests the proportion of fixed states!
     Gap/Ambiguity  Composition  p-value
   1  NTH    0.00%    passed     99.99%
   2  EG     0.00%    passed     99.98%
   3  FR     0.00%    passed     99.99%
   4  GA     0.00%    passed     99.96%
   5  GU     0.00%    passed     99.90%
   6  EF     0.00%    passed     99.95%
   7  KN     0.00%    passed     99.78%
   8  SB     0.00%    passed     99.88%
   9  SP     0.00%    passed     99.99%
****  TOTAL    0.00%  0 sequences failed composition chi2 test (p-value<5%; df=3)
NOTE: minimal branch length is increased to 0.000025000000 because PoMo infers number of mutations and frequency shifts
NOTE: maximal branch length is increased to 250.0 because PoMo infers number of mutations and frequency shifts
Creating fast initial parsimony tree by random order stepwise addition...
0.000 seconds, parsimony score: 2 (based on 39 sites)

NOTE: 8 MB RAM (0 GB) is required!
Estimate model parameters (epsilon = 0.100)
1. Initial log-likelihood: -2656.663
Gamma shape alpha: 6.515
2. Current log-likelihood: -2381.478
Gamma shape alpha: 10.995
3. Current log-likelihood: -2379.691
Gamma shape alpha: 11.014
Optimal log-likelihood: -2379.598
PoMo with N=5 and HKY (Hasegawa, Kishino and Yano, 1985) mutation model; Sampling method: Weighted binomial; 28 states in total;Gamma with 4 categories

--
Model parameters.
Mutation    rates:  A-C: 0.00324  A-G: 0.00554  A-T: 0.00485  C-G: 0.00336  C-T: 0.00800  G-T: 0.00485
Exchangeabilities:  A-C: 0.01606  A-G: 0.02648  A-T: 0.01606  C-G: 0.01606  C-T: 0.02648  G-T: 0.01606
Base frequencies:  A: 0.287  C: 0.202  G: 0.209  T: 0.302
Estimated heterozygosity: 0.0140
A slight overestimation is expected and an effect of weighted binomial sampling; see manual.
--
Empirical quantities.
Base frequencies:  A: 0.287  C: 0.202  G: 0.209  T: 0.302
Watterson's estimator of heterozygosity: 0.0065
--

Model of rate heterogeneity: Gamma with 4 categories
Gamma shape alpha: 11.0142

 Category  Relative_rate  Proportion
  1         0.6472         0.2500
  2         0.8781         0.2500
  3         1.0704         0.2500
  4         1.4044         0.2500
Relative rates are computed as MEAN of the portion of the Gamma distribution falling in the category.

Parameters optimization took 3 rounds (1.0054 sec)
Computing ML distances based on estimated model parameters...
Computing ML distances took 0.002256 sec (of wall-clock time) 0.006850 sec(of CPU time)
Computing RapidNJ tree took 0.001066 sec (of wall-clock time) 0.004233 sec (of CPU time)
Log-likelihood of RapidNJ tree: -2357.324
--------------------------------------------------------------------
|             INITIALIZING CANDIDATE TREE SET                      |
--------------------------------------------------------------------
Generating 98 parsimony trees... 0.011 second
Computing log-likelihood of 98 initial trees ... 2.333 seconds
Current best score: -2357.324

Do NNI search on 20 best initial trees
Estimate model parameters (epsilon = 0.100)
Gamma shape alpha: 27.079
Gamma shape alpha: 27.086
BETTER TREE FOUND at iteration 1: -2352.098
Estimate model parameters (epsilon = 0.100)
Gamma shape alpha: 27.093
BETTER TREE FOUND at iteration 2: -2352.067
Iteration 10 / LogL: -2352.103 / Time: 0h:0m:9s
WARNING: NNI search needs unusual large number of steps (9) to converge!
WARNING: NNI search needs unusual large number of steps (9) to converge!
Iteration 20 / LogL: -2352.099 / Time: 0h:0m:15s
Finish initializing candidate tree set (2)
Current best tree score: -2352.067 / CPU time: 14.432
Number of iterations: 20
--------------------------------------------------------------------
|               OPTIMIZING CANDIDATE TREE SET                      |
--------------------------------------------------------------------
UPDATE BEST LOG-LIKELIHOOD: -2352.067
Iteration 30 / LogL: -2352.073 / Time: 0h:0m:18s (0h:0m:45s left)
Iteration 40 / LogL: -2352.069 / Time: 0h:0m:20s (0h:0m:32s left)
Iteration 50 / LogL: -2352.068 / Time: 0h:0m:22s (0h:0m:24s left)
Iteration 60 / LogL: -2352.068 / Time: 0h:0m:24s (0h:0m:17s left)
Iteration 70 / LogL: -2352.067 / Time: 0h:0m:28s (0h:0m:13s left)
Iteration 80 / LogL: -2352.067 / Time: 0h:0m:30s (0h:0m:8s left)
Iteration 90 / LogL: -2352.068 / Time: 0h:0m:33s (0h:0m:4s left)
Iteration 100 / LogL: -2352.069 / Time: 0h:0m:36s (0h:0m:0s left)
TREE SEARCH COMPLETED AFTER 103 ITERATIONS / Time: 0h:0m:37s

--------------------------------------------------------------------
|                    FINALIZING TREE SEARCH                        |
--------------------------------------------------------------------
Performs final model parameters optimization
Estimate model parameters (epsilon = 0.010)
1. Initial log-likelihood: -2352.067
Gamma shape alpha: 27.099
Optimal log-likelihood: -2352.067
PoMo with N=5 and HKY (Hasegawa, Kishino and Yano, 1985) mutation model; Sampling method: Weighted binomial; 28 states in total;Gamma with 4 categories

--
Model parameters.
Mutation    rates:  A-C: 0.00335  A-G: 0.00562  A-T: 0.00502  C-G: 0.00347  C-T: 0.00813  G-T: 0.00502
Exchangeabilities:  A-C: 0.01662  A-G: 0.02689  A-T: 0.01662  C-G: 0.01662  C-T: 0.02689  G-T: 0.01662
Base frequencies:  A: 0.287  C: 0.202  G: 0.209  T: 0.302
Estimated heterozygosity: 0.0144
A slight overestimation is expected and an effect of weighted binomial sampling; see manual.
--
Empirical quantities.
Base frequencies:  A: 0.287  C: 0.202  G: 0.209  T: 0.302
Watterson's estimator of heterozygosity: 0.0065
--

Model of rate heterogeneity: Gamma with 4 categories
Gamma shape alpha: 27.0993

 Category  Relative_rate  Proportion
  1         0.7675         0.2500
  2         0.9275         0.2500
  3         1.0514         0.2500
  4         1.2536         0.2500
Relative rates are computed as MEAN of the portion of the Gamma distribution falling in the category.

Parameters optimization took 1 rounds (0.1828 sec)
BEST SCORE FOUND : -2352.0673
Total tree length: 0.1625

Total number of iterations: 103
CPU time used for tree search: 142.2612 sec (0h:2m:22s)
Wall-clock time used for tree search: 35.9057 sec (0h:0m:35s)
Total CPU time used: 147.4410 sec (0h:2m:27s)
Total wall-clock time used: 37.2227 sec (0h:0m:37s)

Analysis results written to: 
  IQ-TREE report:                fruit_flies_1000.cf.HKY+F+P+N05+G4.iqtree
  Maximum-likelihood tree:       fruit_flies_1000.cf.HKY+F+P+N05+G4.treefile
  Likelihood distances:          fruit_flies_1000.cf.HKY+F+P+N05+G4.mldist
  Screen log file:               fruit_flies_1000.cf.HKY+F+P+N05+G4.log

Date and Time: Thu Feb 11 15:15:51 2021
