IQ-TREE multicore version 2.1.2 COVID-edition for Linux 64-bit built Oct 22 2020
Developed by Bui Quang Minh, James Barbetti, Nguyen Lam Tung,
Olga Chernomor, Heiko Schmidt, Dominik Schrempf, Michael Woodhams.

Host:    meganeura (AVX2, FMA3, 31 GB RAM)
Command: iqtree2 -nt 4 -redo -s ../data/fruit_flies_10000.cf -m HKY+F+P+N03 -pre fruit_flies_10000.cf.HKY+F+P+N03
Seed:    642233 (Using SPRNG - Scalable Parallel Random Number Generator)
Time:    Thu Feb 11 15:20:07 2021
Kernel:  AVX+FMA - 4 threads (16 CPU cores detected)

Reading alignment file ../data/fruit_flies_10000.cf ... Counts format (PoMo) detected

----------------------------------------------------------------------
Number of populations:     9
Number of sites:           10000
---
Normal sites:              10000
Sites with unknown states: 0
Total sites read:          10000
Fails:                     0
---
Compound states:           1346
----------------------------------------------------------------------

The average number of samples is 18.998
Alignment has 9 sequences with 10000 columns, 7463 distinct patterns
0 parsimony-informative, 302 singleton sites, 9698 constant sites
NOTE: The composition test for PoMo only tests the proportion of fixed states!
     Gap/Ambiguity  Composition  p-value
   1  NTH    0.00%    passed     99.98%
   2  EG     0.00%    passed     99.93%
   3  FR     0.00%    passed     99.94%
   4  GA     0.00%    passed     99.98%
   5  GU     0.00%    passed     99.73%
   6  EF     0.00%    passed     99.87%
   7  KN     0.00%    passed     99.91%
   8  SB     0.00%    passed     99.92%
   9  SP     0.00%    passed     99.51%
****  TOTAL    0.00%  0 sequences failed composition chi2 test (p-value<5%; df=3)
NOTE: minimal branch length is increased to 0.000009000000 because PoMo infers number of mutations and frequency shifts
NOTE: maximal branch length is increased to 90.0 because PoMo infers number of mutations and frequency shifts
Creating fast initial parsimony tree by random order stepwise addition...
0.001 seconds, parsimony score: 30 (based on 302 sites)

NOTE: 8 MB RAM (0 GB) is required!
Estimate model parameters (epsilon = 0.100)
1. Initial log-likelihood: -31071.042
2. Current log-likelihood: -28363.135
3. Current log-likelihood: -28282.691
4. Current log-likelihood: -28272.266
5. Current log-likelihood: -28271.208
6. Current log-likelihood: -28271.103
Optimal log-likelihood: -28271.096
PoMo with N=3 and HKY (Hasegawa, Kishino and Yano, 1985) mutation model; Sampling method: Weighted binomial; 16 states in total;

--
Model parameters.
Mutation    rates:  A-C: 0.00386  A-G: 0.00864  A-T: 0.00497  C-G: 0.00390  C-T: 0.01101  G-T: 0.00497
Exchangeabilities:  A-C: 0.01771  A-G: 0.03921  A-T: 0.01771  C-G: 0.01771  C-T: 0.03921  G-T: 0.01771
Base frequencies:  A: 0.281  C: 0.218  G: 0.220  T: 0.281
Estimated heterozygosity: 0.0180
A slight overestimation is expected and an effect of weighted binomial sampling; see manual.
--
Empirical quantities.
Base frequencies:  A: 0.281  C: 0.218  G: 0.220  T: 0.281
Watterson's estimator of heterozygosity: 0.0064
--

Parameters optimization took 6 rounds (1.0738 sec)
Computing ML distances based on estimated model parameters...
Computing ML distances took 0.003318 sec (of wall-clock time) 0.012679 sec(of CPU time)
Computing RapidNJ tree took 0.000555 sec (of wall-clock time) 0.002071 sec (of CPU time)
Log-likelihood of RapidNJ tree: -28202.252
--------------------------------------------------------------------
|             INITIALIZING CANDIDATE TREE SET                      |
--------------------------------------------------------------------
Generating 98 parsimony trees... 0.023 second
Computing log-likelihood of 96 initial trees ... 1.687 seconds
Current best score: -28202.252

Do NNI search on 20 best initial trees
Estimate model parameters (epsilon = 0.100)
BETTER TREE FOUND at iteration 1: -28195.066
Iteration 10 / LogL: -28197.709 / Time: 0h:0m:4s
Iteration 20 / LogL: -28195.110 / Time: 0h:0m:7s
Finish initializing candidate tree set (2)
Current best tree score: -28195.066 / CPU time: 5.911
Number of iterations: 20
--------------------------------------------------------------------
|               OPTIMIZING CANDIDATE TREE SET                      |
--------------------------------------------------------------------
Iteration 30 / LogL: -28197.721 / Time: 0h:0m:8s (0h:0m:21s left)
Iteration 40 / LogL: -28195.071 / Time: 0h:0m:10s (0h:0m:16s left)
Iteration 50 / LogL: -28197.679 / Time: 0h:0m:12s (0h:0m:12s left)
UPDATE BEST LOG-LIKELIHOOD: -28195.065
Iteration 60 / LogL: -28283.862 / Time: 0h:0m:14s (0h:0m:9s left)
UPDATE BEST LOG-LIKELIHOOD: -28195.065
Iteration 70 / LogL: -28197.677 / Time: 0h:0m:15s (0h:0m:7s left)
Iteration 80 / LogL: -28195.122 / Time: 0h:0m:17s (0h:0m:4s left)
Iteration 90 / LogL: -28197.676 / Time: 0h:0m:19s (0h:0m:2s left)
Iteration 100 / LogL: -28283.976 / Time: 0h:0m:21s (0h:0m:0s left)
TREE SEARCH COMPLETED AFTER 102 ITERATIONS / Time: 0h:0m:21s

--------------------------------------------------------------------
|                    FINALIZING TREE SEARCH                        |
--------------------------------------------------------------------
Performs final model parameters optimization
Estimate model parameters (epsilon = 0.010)
1. Initial log-likelihood: -28195.065
Optimal log-likelihood: -28195.064
PoMo with N=3 and HKY (Hasegawa, Kishino and Yano, 1985) mutation model; Sampling method: Weighted binomial; 16 states in total;

--
Model parameters.
Mutation    rates:  A-C: 0.00397  A-G: 0.00904  A-T: 0.00512  C-G: 0.00402  C-T: 0.01153  G-T: 0.00512
Exchangeabilities:  A-C: 0.01824  A-G: 0.04104  A-T: 0.01824  C-G: 0.01824  C-T: 0.04104  G-T: 0.01824
Base frequencies:  A: 0.281  C: 0.218  G: 0.220  T: 0.281
Estimated heterozygosity: 0.0187
A slight overestimation is expected and an effect of weighted binomial sampling; see manual.
--
Empirical quantities.
Base frequencies:  A: 0.281  C: 0.218  G: 0.220  T: 0.281
Watterson's estimator of heterozygosity: 0.0064
--

Parameters optimization took 1 rounds (0.1356 sec)
BEST SCORE FOUND : -28195.0642
Total tree length: 0.1405

Total number of iterations: 102
CPU time used for tree search: 81.4578 sec (0h:1m:21s)
Wall-clock time used for tree search: 20.5953 sec (0h:0m:20s)
Total CPU time used: 86.6058 sec (0h:1m:26s)
Total wall-clock time used: 21.9024 sec (0h:0m:21s)

Analysis results written to: 
  IQ-TREE report:                fruit_flies_10000.cf.HKY+F+P+N03.iqtree
  Maximum-likelihood tree:       fruit_flies_10000.cf.HKY+F+P+N03.treefile
  Likelihood distances:          fruit_flies_10000.cf.HKY+F+P+N03.mldist
  Screen log file:               fruit_flies_10000.cf.HKY+F+P+N03.log

Date and Time: Thu Feb 11 15:20:29 2021
