IQ-TREE multicore version 2.1.2 COVID-edition for Linux 64-bit built Oct 22 2020
Developed by Bui Quang Minh, James Barbetti, Nguyen Lam Tung,
Olga Chernomor, Heiko Schmidt, Dominik Schrempf, Michael Woodhams.

Host:    meganeura (AVX2, FMA3, 31 GB RAM)
Command: iqtree2 -nt 4 -redo -s ../data/fruit_flies_1000.cf -m HKY+F+P+N03+G2 -B 1000 -pre fruit_flies_1000.cf.HKY+F+P+N03+G2.ufboot
Seed:    287321 (Using SPRNG - Scalable Parallel Random Number Generator)
Time:    Thu Feb 11 16:10:11 2021
Kernel:  AVX+FMA - 4 threads (16 CPU cores detected)

Reading alignment file ../data/fruit_flies_1000.cf ... Counts format (PoMo) detected

----------------------------------------------------------------------
Number of populations:     9
Number of sites:           1000
---
Normal sites:              1000
Sites with unknown states: 0
Total sites read:          1000
Fails:                     0
---
Compound states:           446
----------------------------------------------------------------------

The average number of samples is 18.989
Alignment has 9 sequences with 1000 columns, 949 distinct patterns
0 parsimony-informative, 32 singleton sites, 968 constant sites
NOTE: The composition test for PoMo only tests the proportion of fixed states!
     Gap/Ambiguity  Composition  p-value
   1  NTH    0.00%    passed    100.00%
   2  EG     0.00%    passed     99.99%
   3  FR     0.00%    passed    100.00%
   4  GA     0.00%    passed     99.99%
   5  GU     0.00%    passed     99.99%
   6  EF     0.00%    passed     99.94%
   7  KN     0.00%    passed     99.61%
   8  SB     0.00%    passed     99.96%
   9  SP     0.00%    passed     99.65%
****  TOTAL    0.00%  0 sequences failed composition chi2 test (p-value<5%; df=3)
NOTE: minimal branch length is increased to 0.000009000000 because PoMo infers number of mutations and frequency shifts
NOTE: maximal branch length is increased to 90.0 because PoMo infers number of mutations and frequency shifts
Creating fast initial parsimony tree by random order stepwise addition...
0.000 seconds, parsimony score: 2 (based on 32 sites)
Generating 1000 samples for ultrafast bootstrap (seed: 287321)...

NOTE: 5 MB RAM (0 GB) is required!
Estimate model parameters (epsilon = 0.100)
1. Initial log-likelihood: -2871.753
Gamma shape alpha: 6.555
2. Current log-likelihood: -2680.270
Gamma shape alpha: 9.469
3. Current log-likelihood: -2675.738
Gamma shape alpha: 9.489
4. Current log-likelihood: -2675.225
Gamma shape alpha: 9.507
Optimal log-likelihood: -2675.192
PoMo with N=3 and HKY (Hasegawa, Kishino and Yano, 1985) mutation model; Sampling method: Weighted binomial; 16 states in total;Gamma with 2 categories

--
Model parameters.
Mutation    rates:  A-C: 0.00447  A-G: 0.00762  A-T: 0.00670  C-G: 0.00464  C-T: 0.01101  G-T: 0.00670
Exchangeabilities:  A-C: 0.02216  A-G: 0.03643  A-T: 0.02216  C-G: 0.02216  C-T: 0.03643  G-T: 0.02216
Base frequencies:  A: 0.287  C: 0.202  G: 0.209  T: 0.302
Estimated heterozygosity: 0.0193
A slight overestimation is expected and an effect of weighted binomial sampling; see manual.
--
Empirical quantities.
Base frequencies:  A: 0.287  C: 0.202  G: 0.209  T: 0.302
Watterson's estimator of heterozygosity: 0.0065
--

Model of rate heterogeneity: Gamma with 2 categories
Gamma shape alpha: 9.5073

 Category  Relative_rate  Proportion
  1         0.7450         0.5000
  2         1.2550         0.5000
Relative rates are computed as MEAN of the portion of the Gamma distribution falling in the category.

Parameters optimization took 4 rounds (0.2704 sec)
Computing ML distances based on estimated model parameters...
Computing ML distances took 0.000887 sec (of wall-clock time) 0.003319 sec(of CPU time)
Computing RapidNJ tree took 0.000146 sec (of wall-clock time) 0.000282 sec (of CPU time)
Log-likelihood of RapidNJ tree: -2657.958
--------------------------------------------------------------------
|             INITIALIZING CANDIDATE TREE SET                      |
--------------------------------------------------------------------
Generating 98 parsimony trees... 0.011 second
Computing log-likelihood of 98 initial trees ... 0.639 seconds
Current best score: -2657.958

Do NNI search on 20 best initial trees
Estimate model parameters (epsilon = 0.100)
Gamma shape alpha: 14.089
Gamma shape alpha: 14.102
BETTER TREE FOUND at iteration 1: -2644.044
Iteration 10 / LogL: -2644.046 / Time: 0h:0m:2s
WARNING: NNI search needs unusual large number of steps (9) to converge!
Iteration 20 / LogL: -2644.044 / Time: 0h:0m:3s
Finish initializing candidate tree set (2)
Current best tree score: -2644.044 / CPU time: 3.320
Number of iterations: 20
--------------------------------------------------------------------
|               OPTIMIZING CANDIDATE TREE SET                      |
--------------------------------------------------------------------
Iteration 30 / LogL: -2644.044 / Time: 0h:0m:4s (0h:0m:10s left)
Iteration 40 / LogL: -2644.064 / Time: 0h:0m:4s (0h:0m:7s left)
Iteration 50 / LogL: -2646.844 / Time: 0h:0m:5s (0h:0m:5s left)
Log-likelihood cutoff on original alignment: -2668.539
Iteration 60 / LogL: -2644.046 / Time: 0h:0m:6s (0h:0m:4s left)
Iteration 70 / LogL: -2646.843 / Time: 0h:0m:6s (0h:0m:3s left)
Iteration 80 / LogL: -2644.045 / Time: 0h:0m:7s (0h:0m:1s left)
Iteration 90 / LogL: -2644.062 / Time: 0h:0m:8s (0h:0m:1s left)
Iteration 100 / LogL: -2644.059 / Time: 0h:0m:8s (0h:0m:0s left)
Log-likelihood cutoff on original alignment: -2667.245
NOTE: Bootstrap correlation coefficient of split occurrence frequencies: 0.999
TREE SEARCH COMPLETED AFTER 102 ITERATIONS / Time: 0h:0m:9s

--------------------------------------------------------------------
|                    FINALIZING TREE SEARCH                        |
--------------------------------------------------------------------
Performs final model parameters optimization
Estimate model parameters (epsilon = 0.010)
1. Initial log-likelihood: -2644.044
Gamma shape alpha: 14.116
Optimal log-likelihood: -2644.043
PoMo with N=3 and HKY (Hasegawa, Kishino and Yano, 1985) mutation model; Sampling method: Weighted binomial; 16 states in total;Gamma with 2 categories

--
Model parameters.
Mutation    rates:  A-C: 0.00432  A-G: 0.00734  A-T: 0.00647  C-G: 0.00448  C-T: 0.01060  G-T: 0.00647
Exchangeabilities:  A-C: 0.02141  A-G: 0.03510  A-T: 0.02141  C-G: 0.02141  C-T: 0.03510  G-T: 0.02141
Base frequencies:  A: 0.287  C: 0.202  G: 0.209  T: 0.302
Estimated heterozygosity: 0.0187
A slight overestimation is expected and an effect of weighted binomial sampling; see manual.
--
Empirical quantities.
Base frequencies:  A: 0.287  C: 0.202  G: 0.209  T: 0.302
Watterson's estimator of heterozygosity: 0.0065
--

Model of rate heterogeneity: Gamma with 2 categories
Gamma shape alpha: 14.1156

 Category  Relative_rate  Proportion
  1         0.7897         0.5000
  2         1.2103         0.5000
Relative rates are computed as MEAN of the portion of the Gamma distribution falling in the category.

Parameters optimization took 1 rounds (0.0461 sec)
BEST SCORE FOUND : -2644.0433
Creating bootstrap support values...
Split supports printed to NEXUS file fruit_flies_1000.cf.HKY+F+P+N03+G2.ufboot.splits.nex
Total tree length: 0.1047

Total number of iterations: 102
CPU time used for tree search: 34.2758 sec (0h:0m:34s)
Wall-clock time used for tree search: 8.6988 sec (0h:0m:8s)
Total CPU time used: 35.8023 sec (0h:0m:35s)
Total wall-clock time used: 9.0938 sec (0h:0m:9s)

Computing bootstrap consensus tree...
Reading input file fruit_flies_1000.cf.HKY+F+P+N03+G2.ufboot.splits.nex...
9 taxa and 127 splits.
Consensus tree written to fruit_flies_1000.cf.HKY+F+P+N03+G2.ufboot.contree
Reading input trees file fruit_flies_1000.cf.HKY+F+P+N03+G2.ufboot.contree
Log-likelihood of consensus tree: -2646.2812

Analysis results written to: 
  IQ-TREE report:                fruit_flies_1000.cf.HKY+F+P+N03+G2.ufboot.iqtree
  Maximum-likelihood tree:       fruit_flies_1000.cf.HKY+F+P+N03+G2.ufboot.treefile
  Likelihood distances:          fruit_flies_1000.cf.HKY+F+P+N03+G2.ufboot.mldist

Ultrafast bootstrap approximation results written to:
  Split support values:          fruit_flies_1000.cf.HKY+F+P+N03+G2.ufboot.splits.nex
  Consensus tree:                fruit_flies_1000.cf.HKY+F+P+N03+G2.ufboot.contree
  Screen log file:               fruit_flies_1000.cf.HKY+F+P+N03+G2.ufboot.log

Date and Time: Thu Feb 11 16:10:20 2021
