IQ-TREE multicore version 2.1.2 COVID-edition for Linux 64-bit built Oct 22 2020
Developed by Bui Quang Minh, James Barbetti, Nguyen Lam Tung,
Olga Chernomor, Heiko Schmidt, Dominik Schrempf, Michael Woodhams.

Host:    meganeura (AVX2, FMA3, 31 GB RAM)
Command: iqtree2 -nt 4 -redo -s ../data/fruit_flies_10000.cf -m HKY+F+P+N05+G2 -pre fruit_flies_10000.cf.HKY+F+P+N05+G2
Seed:    626128 (Using SPRNG - Scalable Parallel Random Number Generator)
Time:    Thu Feb 11 15:23:05 2021
Kernel:  AVX+FMA - 4 threads (16 CPU cores detected)

Reading alignment file ../data/fruit_flies_10000.cf ... Counts format (PoMo) detected

----------------------------------------------------------------------
Number of populations:     9
Number of sites:           10000
---
Normal sites:              10000
Sites with unknown states: 0
Total sites read:          10000
Fails:                     0
---
Compound states:           1346
----------------------------------------------------------------------

The average number of samples is 18.998
Alignment has 9 sequences with 10000 columns, 7463 distinct patterns
0 parsimony-informative, 400 singleton sites, 9600 constant sites
NOTE: The composition test for PoMo only tests the proportion of fixed states!
     Gap/Ambiguity  Composition  p-value
   1  NTH    0.00%    passed    100.00%
   2  EG     0.00%    passed     99.87%
   3  FR     0.00%    passed     99.86%
   4  GA     0.00%    passed     99.75%
   5  GU     0.00%    passed     99.55%
   6  EF     0.00%    passed     99.94%
   7  KN     0.00%    passed     99.99%
   8  SB     0.00%    passed     99.96%
   9  SP     0.00%    passed     99.68%
****  TOTAL    0.00%  0 sequences failed composition chi2 test (p-value<5%; df=3)
NOTE: minimal branch length is increased to 0.000025000000 because PoMo infers number of mutations and frequency shifts
NOTE: maximal branch length is increased to 250.0 because PoMo infers number of mutations and frequency shifts
Creating fast initial parsimony tree by random order stepwise addition...
0.001 seconds, parsimony score: 30 (based on 400 sites)

NOTE: 29 MB RAM (0 GB) is required!
Estimate model parameters (epsilon = 0.100)
1. Initial log-likelihood: -28143.740
Gamma shape alpha: 64.157
2. Current log-likelihood: -25007.254
Gamma shape alpha: 64.154
3. Current log-likelihood: -24985.712
Gamma shape alpha: 64.151
4. Current log-likelihood: -24984.330
Gamma shape alpha: 64.147
5. Current log-likelihood: -24984.160
Gamma shape alpha: 64.144
Optimal log-likelihood: -24984.140
PoMo with N=5 and HKY (Hasegawa, Kishino and Yano, 1985) mutation model; Sampling method: Weighted binomial; 28 states in total;Gamma with 2 categories

--
Model parameters.
Mutation    rates:  A-C: 0.00304  A-G: 0.00684  A-T: 0.00392  C-G: 0.00308  C-T: 0.00872  G-T: 0.00392
Exchangeabilities:  A-C: 0.01396  A-G: 0.03105  A-T: 0.01396  C-G: 0.01396  C-T: 0.03105  G-T: 0.01396
Base frequencies:  A: 0.281  C: 0.218  G: 0.220  T: 0.281
Estimated heterozygosity: 0.0142
A slight overestimation is expected and an effect of weighted binomial sampling; see manual.
--
Empirical quantities.
Base frequencies:  A: 0.281  C: 0.218  G: 0.220  T: 0.281
Watterson's estimator of heterozygosity: 0.0064
--

Model of rate heterogeneity: Gamma with 2 categories
Gamma shape alpha: 64.1438

 Category  Relative_rate  Proportion
  1         0.9006         0.5000
  2         1.0994         0.5000
Relative rates are computed as MEAN of the portion of the Gamma distribution falling in the category.

Parameters optimization took 5 rounds (4.6016 sec)
Computing ML distances based on estimated model parameters...
Computing ML distances took 0.005128 sec (of wall-clock time) 0.017112 sec(of CPU time)
Computing RapidNJ tree took 0.000135 sec (of wall-clock time) 0.000134 sec (of CPU time)
Log-likelihood of RapidNJ tree: -24798.757
--------------------------------------------------------------------
|             INITIALIZING CANDIDATE TREE SET                      |
--------------------------------------------------------------------
Generating 98 parsimony trees... 0.024 second
Computing log-likelihood of 97 initial trees ... 7.968 seconds
Current best score: -24798.757

Do NNI search on 20 best initial trees
Estimate model parameters (epsilon = 0.100)
Gamma shape alpha: 64.150
Gamma shape alpha: 64.157
Gamma shape alpha: 64.163
BETTER TREE FOUND at iteration 1: -24792.280
Iteration 10 / LogL: -24843.212 / Time: 0h:0m:27s
Iteration 20 / LogL: -24792.329 / Time: 0h:0m:39s
Finish initializing candidate tree set (8)
Current best tree score: -24792.280 / CPU time: 34.777
Number of iterations: 20
--------------------------------------------------------------------
|               OPTIMIZING CANDIDATE TREE SET                      |
--------------------------------------------------------------------
Iteration 30 / LogL: -24792.291 / Time: 0h:0m:48s (0h:1m:59s left)
Iteration 40 / LogL: -24833.353 / Time: 0h:0m:56s (0h:1m:27s left)
Iteration 50 / LogL: -24792.349 / Time: 0h:1m:4s (0h:1m:6s left)
Iteration 60 / LogL: -24792.280 / Time: 0h:1m:12s (0h:0m:50s left)
Iteration 70 / LogL: -24792.403 / Time: 0h:1m:21s (0h:0m:36s left)
Iteration 80 / LogL: -24800.974 / Time: 0h:1m:31s (0h:0m:24s left)
Iteration 90 / LogL: -24792.345 / Time: 0h:1m:42s (0h:0m:12s left)
Iteration 100 / LogL: -24833.195 / Time: 0h:1m:50s (0h:0m:1s left)
TREE SEARCH COMPLETED AFTER 102 ITERATIONS / Time: 0h:1m:53s

--------------------------------------------------------------------
|                    FINALIZING TREE SEARCH                        |
--------------------------------------------------------------------
Performs final model parameters optimization
Estimate model parameters (epsilon = 0.010)
1. Initial log-likelihood: -24792.280
Gamma shape alpha: 64.169
Optimal log-likelihood: -24792.279
PoMo with N=5 and HKY (Hasegawa, Kishino and Yano, 1985) mutation model; Sampling method: Weighted binomial; 28 states in total;Gamma with 2 categories

--
Model parameters.
Mutation    rates:  A-C: 0.00323  A-G: 0.00729  A-T: 0.00416  C-G: 0.00326  C-T: 0.00929  G-T: 0.00416
Exchangeabilities:  A-C: 0.01482  A-G: 0.03309  A-T: 0.01482  C-G: 0.01482  C-T: 0.03309  G-T: 0.01482
Base frequencies:  A: 0.281  C: 0.218  G: 0.220  T: 0.281
Estimated heterozygosity: 0.0151
A slight overestimation is expected and an effect of weighted binomial sampling; see manual.
--
Empirical quantities.
Base frequencies:  A: 0.281  C: 0.218  G: 0.220  T: 0.281
Watterson's estimator of heterozygosity: 0.0064
--

Model of rate heterogeneity: Gamma with 2 categories
Gamma shape alpha: 64.1689

 Category  Relative_rate  Proportion
  1         0.9006         0.5000
  2         1.0994         0.5000
Relative rates are computed as MEAN of the portion of the Gamma distribution falling in the category.

Parameters optimization took 1 rounds (0.8072 sec)
BEST SCORE FOUND : -24792.2792
Total tree length: 0.2231

Total number of iterations: 102
CPU time used for tree search: 428.3209 sec (0h:7m:8s)
Wall-clock time used for tree search: 108.0044 sec (0h:1m:48s)
Total CPU time used: 451.5762 sec (0h:7m:31s)
Total wall-clock time used: 113.8717 sec (0h:1m:53s)

Analysis results written to: 
  IQ-TREE report:                fruit_flies_10000.cf.HKY+F+P+N05+G2.iqtree
  Maximum-likelihood tree:       fruit_flies_10000.cf.HKY+F+P+N05+G2.treefile
  Likelihood distances:          fruit_flies_10000.cf.HKY+F+P+N05+G2.mldist
  Screen log file:               fruit_flies_10000.cf.HKY+F+P+N05+G2.log

Date and Time: Thu Feb 11 15:24:59 2021
