IQ-TREE multicore version 2.1.2 COVID-edition for Linux 64-bit built Oct 22 2020
Developed by Bui Quang Minh, James Barbetti, Nguyen Lam Tung,
Olga Chernomor, Heiko Schmidt, Dominik Schrempf, Michael Woodhams.

Host:    meganeura (AVX2, FMA3, 31 GB RAM)
Command: iqtree2 -nt 4 -redo -s ../data/fruit_flies_1000.cf -m HKY+F+P+N15+G2 -pre fruit_flies_1000.cf.HKY+F+P+N15+G2
Seed:    446557 (Using SPRNG - Scalable Parallel Random Number Generator)
Time:    Thu Feb 11 15:16:45 2021
Kernel:  AVX+FMA - 4 threads (16 CPU cores detected)

Reading alignment file ../data/fruit_flies_1000.cf ... Counts format (PoMo) detected

----------------------------------------------------------------------
Number of populations:     9
Number of sites:           1000
---
Normal sites:              1000
Sites with unknown states: 0
Total sites read:          1000
Fails:                     0
---
Compound states:           446
----------------------------------------------------------------------

The average number of samples is 18.989
Alignment has 9 sequences with 1000 columns, 949 distinct patterns
0 parsimony-informative, 53 singleton sites, 947 constant sites
NOTE: The composition test for PoMo only tests the proportion of fixed states!
     Gap/Ambiguity  Composition  p-value
   1  NTH    0.00%    passed     99.93%
   2  EG     0.00%    passed     99.73%
   3  FR     0.00%    passed    100.00%
   4  GA     0.00%    passed     99.97%
   5  GU     0.00%    passed     99.95%
   6  EF     0.00%    passed     99.89%
   7  KN     0.00%    passed     99.90%
   8  SB     0.00%    passed     99.74%
   9  SP     0.00%    passed     99.81%
****  TOTAL    0.00%  0 sequences failed composition chi2 test (p-value<5%; df=3)
NOTE: minimal branch length is increased to 0.000225000000 because PoMo infers number of mutations and frequency shifts
NOTE: maximal branch length is increased to 2250.0 because PoMo infers number of mutations and frequency shifts
Creating fast initial parsimony tree by random order stepwise addition...
0.000 seconds, parsimony score: 2 (based on 53 sites)

NOTE: 13 MB RAM (0 GB) is required!
Estimate model parameters (epsilon = 0.100)
1. Initial log-likelihood: -2748.043
Gamma shape alpha: 4.162
2. Current log-likelihood: -2215.131
Gamma shape alpha: 4.144
3. Current log-likelihood: -2214.126
Gamma shape alpha: 4.125
Optimal log-likelihood: -2214.123
PoMo with N=15 and HKY (Hasegawa, Kishino and Yano, 1985) mutation model; Sampling method: Weighted binomial; 88 states in total;Gamma with 2 categories

--
Model parameters.
Mutation    rates:  A-C: 0.00218  A-G: 0.00361  A-T: 0.00326  C-G: 0.00225  C-T: 0.00522  G-T: 0.00326
Exchangeabilities:  A-C: 0.01078  A-G: 0.01727  A-T: 0.01078  C-G: 0.01078  C-T: 0.01727  G-T: 0.01078
Base frequencies:  A: 0.287  C: 0.202  G: 0.209  T: 0.302
Estimated heterozygosity: 0.0093
A slight overestimation is expected and an effect of weighted binomial sampling; see manual.
--
Empirical quantities.
Base frequencies:  A: 0.287  C: 0.202  G: 0.209  T: 0.302
Watterson's estimator of heterozygosity: 0.0065
--

Model of rate heterogeneity: Gamma with 2 categories
Gamma shape alpha: 4.1253

 Category  Relative_rate  Proportion
  1         0.6203         0.5000
  2         1.3797         0.5000
Relative rates are computed as MEAN of the portion of the Gamma distribution falling in the category.

Parameters optimization took 3 rounds (5.1240 sec)
Computing ML distances based on estimated model parameters...
Computing ML distances took 0.058134 sec (of wall-clock time) 0.228538 sec(of CPU time)
Computing RapidNJ tree took 0.001239 sec (of wall-clock time) 0.004942 sec (of CPU time)
Log-likelihood of RapidNJ tree: -2204.271
--------------------------------------------------------------------
|             INITIALIZING CANDIDATE TREE SET                      |
--------------------------------------------------------------------
Generating 98 parsimony trees... 0.011 second
Computing log-likelihood of 98 initial trees ... 9.992 seconds
Current best score: -2204.271

Do NNI search on 20 best initial trees
Estimate model parameters (epsilon = 0.100)
Gamma shape alpha: 4.164
BETTER TREE FOUND at iteration 1: -2201.323
Estimate model parameters (epsilon = 0.100)
Gamma shape alpha: 4.201
BETTER TREE FOUND at iteration 4: -2201.297
WARNING: NNI search needs unusual large number of steps (9) to converge!
WARNING: NNI search needs unusual large number of steps (9) to converge!
Iteration 10 / LogL: -2201.320 / Time: 0h:0m:45s
Iteration 20 / LogL: -2201.362 / Time: 0h:1m:10s
Finish initializing candidate tree set (4)
Current best tree score: -2201.297 / CPU time: 64.984
Number of iterations: 20
--------------------------------------------------------------------
|               OPTIMIZING CANDIDATE TREE SET                      |
--------------------------------------------------------------------
UPDATE BEST LOG-LIKELIHOOD: -2201.297
Iteration 30 / LogL: -2201.328 / Time: 0h:1m:24s (0h:3m:35s left)
Iteration 40 / LogL: -2201.344 / Time: 0h:1m:34s (0h:2m:35s left)
Iteration 50 / LogL: -2201.334 / Time: 0h:1m:47s (0h:1m:58s left)
UPDATE BEST LOG-LIKELIHOOD: -2201.297
Iteration 60 / LogL: -2201.297 / Time: 0h:1m:57s (0h:1m:27s left)
Iteration 70 / LogL: -2201.297 / Time: 0h:2m:9s (0h:1m:3s left)
Iteration 80 / LogL: -2201.309 / Time: 0h:2m:20s (0h:0m:42s left)
Iteration 90 / LogL: -2201.309 / Time: 0h:2m:32s (0h:0m:23s left)
Iteration 100 / LogL: -2201.334 / Time: 0h:2m:43s (0h:0m:6s left)
TREE SEARCH COMPLETED AFTER 105 ITERATIONS / Time: 0h:2m:50s

--------------------------------------------------------------------
|                    FINALIZING TREE SEARCH                        |
--------------------------------------------------------------------
Performs final model parameters optimization
Estimate model parameters (epsilon = 0.010)
1. Initial log-likelihood: -2201.297
Gamma shape alpha: 4.236
Optimal log-likelihood: -2201.296
PoMo with N=15 and HKY (Hasegawa, Kishino and Yano, 1985) mutation model; Sampling method: Weighted binomial; 88 states in total;Gamma with 2 categories

--
Model parameters.
Mutation    rates:  A-C: 0.00225  A-G: 0.00375  A-T: 0.00336  C-G: 0.00233  C-T: 0.00542  G-T: 0.00336
Exchangeabilities:  A-C: 0.01113  A-G: 0.01794  A-T: 0.01113  C-G: 0.01113  C-T: 0.01794  G-T: 0.01113
Base frequencies:  A: 0.287  C: 0.202  G: 0.209  T: 0.302
Estimated heterozygosity: 0.0096
A slight overestimation is expected and an effect of weighted binomial sampling; see manual.
--
Empirical quantities.
Base frequencies:  A: 0.287  C: 0.202  G: 0.209  T: 0.302
Watterson's estimator of heterozygosity: 0.0065
--

Model of rate heterogeneity: Gamma with 2 categories
Gamma shape alpha: 4.2358

 Category  Relative_rate  Proportion
  1         0.6249         0.5000
  2         1.3751         0.5000
Relative rates are computed as MEAN of the portion of the Gamma distribution falling in the category.

Parameters optimization took 1 rounds (0.9898 sec)
BEST SCORE FOUND : -2201.2959
Total tree length: 0.6902

Total number of iterations: 105
CPU time used for tree search: 650.9750 sec (0h:10m:50s)
Wall-clock time used for tree search: 164.8324 sec (0h:2m:44s)
Total CPU time used: 677.9390 sec (0h:11m:17s)
Total wall-clock time used: 171.6608 sec (0h:2m:51s)

Analysis results written to: 
  IQ-TREE report:                fruit_flies_1000.cf.HKY+F+P+N15+G2.iqtree
  Maximum-likelihood tree:       fruit_flies_1000.cf.HKY+F+P+N15+G2.treefile
  Likelihood distances:          fruit_flies_1000.cf.HKY+F+P+N15+G2.mldist
  Screen log file:               fruit_flies_1000.cf.HKY+F+P+N15+G2.log

Date and Time: Thu Feb 11 15:19:37 2021
