IQ-TREE multicore version 2.1.2 COVID-edition for Linux 64-bit built Oct 22 2020
Developed by Bui Quang Minh, James Barbetti, Nguyen Lam Tung,
Olga Chernomor, Heiko Schmidt, Dominik Schrempf, Michael Woodhams.

Host:    meganeura (AVX2, FMA3, 31 GB RAM)
Command: iqtree2 -nt 4 -redo -s ../data/fruit_flies_1000.cf -m HKY+F+P+N19 -pre fruit_flies_1000.cf.HKY+F+P+N19
Seed:    783783 (Using SPRNG - Scalable Parallel Random Number Generator)
Time:    Thu Feb 11 15:17:34 2021
Kernel:  AVX+FMA - 4 threads (16 CPU cores detected)

Reading alignment file ../data/fruit_flies_1000.cf ... Counts format (PoMo) detected

----------------------------------------------------------------------
Number of populations:     9
Number of sites:           1000
---
Normal sites:              1000
Sites with unknown states: 0
Total sites read:          1000
Fails:                     0
---
Compound states:           446
----------------------------------------------------------------------

The average number of samples is 18.989
Alignment has 9 sequences with 1000 columns, 949 distinct patterns
0 parsimony-informative, 56 singleton sites, 944 constant sites
NOTE: The composition test for PoMo only tests the proportion of fixed states!
     Gap/Ambiguity  Composition  p-value
   1  NTH    0.00%    passed     99.95%
   2  EG     0.00%    passed     99.76%
   3  FR     0.00%    passed     99.99%
   4  GA     0.00%    passed     99.97%
   5  GU     0.00%    passed     99.95%
   6  EF     0.00%    passed    100.00%
   7  KN     0.00%    passed     99.94%
   8  SB     0.00%    passed     99.66%
   9  SP     0.00%    passed     99.82%
****  TOTAL    0.00%  0 sequences failed composition chi2 test (p-value<5%; df=3)
NOTE: minimal branch length is increased to 0.000361000000 because PoMo infers number of mutations and frequency shifts
NOTE: maximal branch length is increased to 3610.0 because PoMo infers number of mutations and frequency shifts
Creating fast initial parsimony tree by random order stepwise addition...
0.000 seconds, parsimony score: 2 (based on 56 sites)

NOTE: 8 MB RAM (0 GB) is required!
Estimate model parameters (epsilon = 0.100)
1. Initial log-likelihood: -2890.167
2. Current log-likelihood: -2205.263
3. Current log-likelihood: -2203.643
Optimal log-likelihood: -2203.619
PoMo with N=19 and HKY (Hasegawa, Kishino and Yano, 1985) mutation model; Sampling method: Weighted binomial; 112 states in total;

--
Model parameters.
Mutation    rates:  A-C: 0.00201  A-G: 0.00335  A-T: 0.00301  C-G: 0.00209  C-T: 0.00484  G-T: 0.00301
Exchangeabilities:  A-C: 0.00997  A-G: 0.01603  A-T: 0.00997  C-G: 0.00997  C-T: 0.01603  G-T: 0.00997
Base frequencies:  A: 0.287  C: 0.202  G: 0.209  T: 0.302
Estimated heterozygosity: 0.0086
A slight overestimation is expected and an effect of weighted binomial sampling; see manual.
--
Empirical quantities.
Base frequencies:  A: 0.287  C: 0.202  G: 0.209  T: 0.302
Watterson's estimator of heterozygosity: 0.0065
--

Parameters optimization took 3 rounds (3.6150 sec)
Computing ML distances based on estimated model parameters...
Computing ML distances took 0.128441 sec (of wall-clock time) 0.513262 sec(of CPU time)
Computing RapidNJ tree took 0.000493 sec (of wall-clock time) 0.001952 sec (of CPU time)
Log-likelihood of RapidNJ tree: -2197.147
--------------------------------------------------------------------
|             INITIALIZING CANDIDATE TREE SET                      |
--------------------------------------------------------------------
Generating 98 parsimony trees... 0.012 second
Computing log-likelihood of 98 initial trees ... 8.030 seconds
Current best score: -2197.147

Do NNI search on 20 best initial trees
Estimate model parameters (epsilon = 0.100)
BETTER TREE FOUND at iteration 1: -2194.904
Iteration 10 / LogL: -2195.007 / Time: 0h:0m:36s
Iteration 20 / LogL: -2194.919 / Time: 0h:0m:59s
Finish initializing candidate tree set (3)
Current best tree score: -2194.904 / CPU time: 55.256
Number of iterations: 20
--------------------------------------------------------------------
|               OPTIMIZING CANDIDATE TREE SET                      |
--------------------------------------------------------------------
Iteration 30 / LogL: -2194.909 / Time: 0h:1m:10s (0h:2m:53s left)
Iteration 40 / LogL: -2194.906 / Time: 0h:1m:23s (0h:2m:11s left)
Iteration 50 / LogL: -2194.908 / Time: 0h:1m:34s (0h:1m:38s left)
Iteration 60 / LogL: -2194.907 / Time: 0h:1m:45s (0h:1m:13s left)
Iteration 70 / LogL: -2194.911 / Time: 0h:1m:57s (0h:0m:52s left)
Iteration 80 / LogL: -2194.921 / Time: 0h:2m:9s (0h:0m:34s left)
Iteration 90 / LogL: -2194.992 / Time: 0h:2m:18s (0h:0m:17s left)
UPDATE BEST LOG-LIKELIHOOD: -2194.903
Iteration 100 / LogL: -2194.906 / Time: 0h:2m:29s (0h:0m:1s left)
TREE SEARCH COMPLETED AFTER 102 ITERATIONS / Time: 0h:2m:31s

--------------------------------------------------------------------
|                    FINALIZING TREE SEARCH                        |
--------------------------------------------------------------------
Performs final model parameters optimization
Estimate model parameters (epsilon = 0.010)
1. Initial log-likelihood: -2194.903
Optimal log-likelihood: -2194.900
PoMo with N=19 and HKY (Hasegawa, Kishino and Yano, 1985) mutation model; Sampling method: Weighted binomial; 112 states in total;

--
Model parameters.
Mutation    rates:  A-C: 0.00207  A-G: 0.00345  A-T: 0.00309  C-G: 0.00214  C-T: 0.00498  G-T: 0.00309
Exchangeabilities:  A-C: 0.01024  A-G: 0.01648  A-T: 0.01024  C-G: 0.01024  C-T: 0.01648  G-T: 0.01024
Base frequencies:  A: 0.287  C: 0.202  G: 0.209  T: 0.302
Estimated heterozygosity: 0.0088
A slight overestimation is expected and an effect of weighted binomial sampling; see manual.
--
Empirical quantities.
Base frequencies:  A: 0.287  C: 0.202  G: 0.209  T: 0.302
Watterson's estimator of heterozygosity: 0.0065
--

Parameters optimization took 1 rounds (1.0115 sec)
BEST SCORE FOUND : -2194.9005
Total tree length: 0.9865

Total number of iterations: 102
CPU time used for tree search: 581.8855 sec (0h:9m:41s)
Wall-clock time used for tree search: 147.5366 sec (0h:2m:27s)
Total CPU time used: 602.7806 sec (0h:10m:2s)
Total wall-clock time used: 152.8144 sec (0h:2m:32s)

Analysis results written to: 
  IQ-TREE report:                fruit_flies_1000.cf.HKY+F+P+N19.iqtree
  Maximum-likelihood tree:       fruit_flies_1000.cf.HKY+F+P+N19.treefile
  Likelihood distances:          fruit_flies_1000.cf.HKY+F+P+N19.mldist
  Screen log file:               fruit_flies_1000.cf.HKY+F+P+N19.log

Date and Time: Thu Feb 11 15:20:07 2021
