IQ-TREE multicore version 2.1.2 COVID-edition for Linux 64-bit built Oct 22 2020
Developed by Bui Quang Minh, James Barbetti, Nguyen Lam Tung,
Olga Chernomor, Heiko Schmidt, Dominik Schrempf, Michael Woodhams.

Host:    meganeura (AVX2, FMA3, 31 GB RAM)
Command: iqtree2 -nt 4 -redo -s ../data/fruit_flies_10000.cf -m HKY+F+P+N15+G2 -B 1000 -pre fruit_flies_10000.cf.HKY+F+P+N15+G2.ufboot
Seed:    5867 (Using SPRNG - Scalable Parallel Random Number Generator)
Time:    Thu Feb 11 16:24:42 2021
Kernel:  AVX+FMA - 4 threads (16 CPU cores detected)

Reading alignment file ../data/fruit_flies_10000.cf ... Counts format (PoMo) detected

----------------------------------------------------------------------
Number of populations:     9
Number of sites:           10000
---
Normal sites:              10000
Sites with unknown states: 0
Total sites read:          10000
Fails:                     0
---
Compound states:           1346
----------------------------------------------------------------------

The average number of samples is 18.998
Alignment has 9 sequences with 10000 columns, 7463 distinct patterns
0 parsimony-informative, 569 singleton sites, 9431 constant sites
NOTE: The composition test for PoMo only tests the proportion of fixed states!
     Gap/Ambiguity  Composition  p-value
   1  NTH    0.00%    passed     99.99%
   2  EG     0.00%    passed     99.96%
   3  FR     0.00%    passed     99.92%
   4  GA     0.00%    passed     99.85%
   5  GU     0.00%    passed     99.58%
   6  EF     0.00%    passed     99.97%
   7  KN     0.00%    passed     99.89%
   8  SB     0.00%    passed     99.84%
   9  SP     0.00%    passed     98.64%
****  TOTAL    0.00%  0 sequences failed composition chi2 test (p-value<5%; df=3)
NOTE: minimal branch length is increased to 0.000225000000 because PoMo infers number of mutations and frequency shifts
NOTE: maximal branch length is increased to 2250.0 because PoMo infers number of mutations and frequency shifts
Creating fast initial parsimony tree by random order stepwise addition...
0.001 seconds, parsimony score: 30 (based on 569 sites)
Generating 1000 samples for ultrafast bootstrap (seed: 5867)...

NOTE: 122 MB RAM (0 GB) is required!
Estimate model parameters (epsilon = 0.100)
1. Initial log-likelihood: -27985.885
Gamma shape alpha: 19.838
2. Current log-likelihood: -23173.694
Gamma shape alpha: 19.838
3. Current log-likelihood: -23157.480
Gamma shape alpha: 19.838
Optimal log-likelihood: -23157.289
PoMo with N=15 and HKY (Hasegawa, Kishino and Yano, 1985) mutation model; Sampling method: Weighted binomial; 88 states in total;Gamma with 2 categories

--
Model parameters.
Mutation    rates:  A-C: 0.00194  A-G: 0.00436  A-T: 0.00250  C-G: 0.00196  C-T: 0.00556  G-T: 0.00250
Exchangeabilities:  A-C: 0.00890  A-G: 0.01980  A-T: 0.00890  C-G: 0.00890  C-T: 0.01980  G-T: 0.00890
Base frequencies:  A: 0.281  C: 0.218  G: 0.220  T: 0.281
Estimated heterozygosity: 0.0090
A slight overestimation is expected and an effect of weighted binomial sampling; see manual.
--
Empirical quantities.
Base frequencies:  A: 0.281  C: 0.218  G: 0.220  T: 0.281
Watterson's estimator of heterozygosity: 0.0064
--

Model of rate heterogeneity: Gamma with 2 categories
Gamma shape alpha: 19.8382

 Category  Relative_rate  Proportion
  1         0.8221         0.5000
  2         1.1779         0.5000
Relative rates are computed as MEAN of the portion of the Gamma distribution falling in the category.

Parameters optimization took 3 rounds (44.0761 sec)
Computing ML distances based on estimated model parameters...
Computing ML distances took 0.065873 sec (of wall-clock time) 0.263169 sec(of CPU time)
Computing RapidNJ tree took 0.001549 sec (of wall-clock time) 0.006163 sec (of CPU time)
Log-likelihood of RapidNJ tree: -22899.539
--------------------------------------------------------------------
|             INITIALIZING CANDIDATE TREE SET                      |
--------------------------------------------------------------------
Generating 98 parsimony trees... 0.036 second
Computing log-likelihood of 98 initial trees ... 62.708 seconds
Current best score: -22899.539

Do NNI search on 20 best initial trees
Estimate model parameters (epsilon = 0.100)
Gamma shape alpha: 18.316
Gamma shape alpha: 17.621
Gamma shape alpha: 16.892
Gamma shape alpha: 16.423
BETTER TREE FOUND at iteration 1: -22895.616
Estimate model parameters (epsilon = 0.100)
Gamma shape alpha: 14.436
Gamma shape alpha: 14.096
BETTER TREE FOUND at iteration 5: -22890.348
Iteration 10 / LogL: -22890.376 / Time: 0h:4m:47s
PoMo with N=15 and HKY (Hasegawa, Kishino and Yano, 1985) mutation model; Sampling method: Weighted binomial; 88 states in total;Gamma with 2 categories

--
Model parameters.
Mutation    rates:  A-C: 0.00214  A-G: 0.00480  A-T: 0.00276  C-G: 0.00216  C-T: 0.00612  G-T: 0.00276
Exchangeabilities:  A-C: 0.00982  A-G: 0.02180  A-T: 0.00982  C-G: 0.00982  C-T: 0.02180  G-T: 0.00982
Base frequencies:  A: 0.281  C: 0.218  G: 0.220  T: 0.281
Estimated heterozygosity: 0.0099
A slight overestimation is expected and an effect of weighted binomial sampling; see manual.
--
Empirical quantities.
Base frequencies:  A: 0.281  C: 0.218  G: 0.220  T: 0.281
Watterson's estimator of heterozygosity: 0.0064
--

Model of rate heterogeneity: Gamma with 2 categories
Gamma shape alpha: 14.0960

 Category  Relative_rate  Proportion
  1         0.7896         0.5000
  2         1.2104         0.5000
Relative rates are computed as MEAN of the portion of the Gamma distribution falling in the category.

WARNING: Numerical underflow for lh-derivative
PoMo with N=15 and HKY (Hasegawa, Kishino and Yano, 1985) mutation model; Sampling method: Weighted binomial; 88 states in total;Gamma with 2 categories

--
Model parameters.
Mutation    rates:  A-C: 0.00214  A-G: 0.00480  A-T: 0.00276  C-G: 0.00216  C-T: 0.00612  G-T: 0.00276
Exchangeabilities:  A-C: 0.00982  A-G: 0.02180  A-T: 0.00982  C-G: 0.00982  C-T: 0.02180  G-T: 0.00982
Base frequencies:  A: 0.281  C: 0.218  G: 0.220  T: 0.281
Estimated heterozygosity: 0.0099
A slight overestimation is expected and an effect of weighted binomial sampling; see manual.
--
Empirical quantities.
Base frequencies:  A: 0.281  C: 0.218  G: 0.220  T: 0.281
Watterson's estimator of heterozygosity: 0.0064
--

Model of rate heterogeneity: Gamma with 2 categories
Gamma shape alpha: 14.0960

 Category  Relative_rate  Proportion
  1         0.7896         0.5000
  2         1.2104         0.5000
Relative rates are computed as MEAN of the portion of the Gamma distribution falling in the category.

WARNING: Numerical underflow for lh-derivative
WARNING: NNI search needs unusual large number of steps (9) to converge!
Iteration 20 / LogL: -22907.6501 / Time: 0h:6m:40s
Finish initializing candidate tree set (8)
Current best tree score: -22890.3479 / CPU time: 352.7085
Number of iterations: 20
--------------------------------------------------------------------
|               OPTIMIZING CANDIDATE TREE SET                      |
--------------------------------------------------------------------
UPDATE BEST LOG-LIKELIHOOD: -22890.3479
Iteration 30 / LogL: -22890.4843 / Time: 0h:8m:1s (0h:20m:45s left)
Iteration 40 / LogL: -22907.6576 / Time: 0h:9m:29s (0h:15m:48s left)
Iteration 50 / LogL: -22895.1522 / Time: 0h:10m:41s (0h:12m:0s left)
Log-likelihood cutoff on original alignment: -22914.3120
PoMo with N=15 and HKY (Hasegawa, Kishino and Yano, 1985) mutation model; Sampling method: Weighted binomial; 88 states in total;Gamma with 2 categories

--
Model parameters.
Mutation    rates:  A-C: 0.00214  A-G: 0.00480  A-T: 0.00276  C-G: 0.00216  C-T: 0.00612  G-T: 0.00276
Exchangeabilities:  A-C: 0.00982  A-G: 0.02180  A-T: 0.00982  C-G: 0.00982  C-T: 0.02180  G-T: 0.00982
Base frequencies:  A: 0.281  C: 0.218  G: 0.220  T: 0.281
Estimated heterozygosity: 0.0099
A slight overestimation is expected and an effect of weighted binomial sampling; see manual.
--
Empirical quantities.
Base frequencies:  A: 0.281  C: 0.218  G: 0.220  T: 0.281
Watterson's estimator of heterozygosity: 0.0064
--

Model of rate heterogeneity: Gamma with 2 categories
Gamma shape alpha: 14.0960

 Category  Relative_rate  Proportion
  1         0.7896         0.5000
  2         1.2104         0.5000
Relative rates are computed as MEAN of the portion of the Gamma distribution falling in the category.

WARNING: Numerical underflow for lh-derivative
Iteration 60 / LogL: -22890.3821 / Time: 0h:11m:48s (0h:9m:0s left)
Iteration 70 / LogL: -22895.3827 / Time: 0h:13m:20s (0h:6m:46s left)
Iteration 80 / LogL: -22890.3699 / Time: 0h:14m:30s (0h:4m:35s left)
Iteration 90 / LogL: -22894.9404 / Time: 0h:15m:58s (0h:2m:41s left)
Iteration 100 / LogL: -22890.3785 / Time: 0h:16m:55s (0h:0m:51s left)
Log-likelihood cutoff on original alignment: -22915.1426
NOTE: Bootstrap correlation coefficient of split occurrence frequencies: 0.9999
TREE SEARCH COMPLETED AFTER 106 ITERATIONS / Time: 0h:17m:21s

--------------------------------------------------------------------
|                    FINALIZING TREE SEARCH                        |
--------------------------------------------------------------------
Performs final model parameters optimization
Estimate model parameters (epsilon = 0.0100)
1. Initial log-likelihood: -22890.3479
Gamma shape alpha: 14.0823
Optimal log-likelihood: -22890.3462
PoMo with N=15 and HKY (Hasegawa, Kishino and Yano, 1985) mutation model; Sampling method: Weighted binomial; 88 states in total;Gamma with 2 categories

--
Model parameters.
Mutation    rates:  A-C: 0.00214  A-G: 0.00480  A-T: 0.00276  C-G: 0.00216  C-T: 0.00612  G-T: 0.00276
Exchangeabilities:  A-C: 0.00982  A-G: 0.02180  A-T: 0.00982  C-G: 0.00982  C-T: 0.02180  G-T: 0.00982
Base frequencies:  A: 0.281  C: 0.218  G: 0.220  T: 0.281
Estimated heterozygosity: 0.0099
A slight overestimation is expected and an effect of weighted binomial sampling; see manual.
--
Empirical quantities.
Base frequencies:  A: 0.281  C: 0.218  G: 0.220  T: 0.281
Watterson's estimator of heterozygosity: 0.0064
--

Model of rate heterogeneity: Gamma with 2 categories
Gamma shape alpha: 14.0823

 Category  Relative_rate  Proportion
  1         0.7895         0.5000
  2         1.2105         0.5000
Relative rates are computed as MEAN of the portion of the Gamma distribution falling in the category.

Parameters optimization took 1 rounds (3.2198 sec)
BEST SCORE FOUND : -22890.3462
Creating bootstrap support values...
Split supports printed to NEXUS file fruit_flies_10000.cf.HKY+F+P+N15+G2.ufboot.splits.nex
Total tree length: 0.9487

Total number of iterations: 106
CPU time used for tree search: 3924.2749 sec (1h:5m:24s)
Wall-clock time used for tree search: 994.1561 sec (0h:16m:34s)
Total CPU time used: 4126.0571 sec (1h:8m:46s)
Total wall-clock time used: 1045.1399 sec (0h:17m:25s)

Computing bootstrap consensus tree...
Reading input file fruit_flies_10000.cf.HKY+F+P+N15+G2.ufboot.splits.nex...
9 taxa and 41 splits.
Consensus tree written to fruit_flies_10000.cf.HKY+F+P+N15+G2.ufboot.contree
Reading input trees file fruit_flies_10000.cf.HKY+F+P+N15+G2.ufboot.contree
Log-likelihood of consensus tree: -22890.3465

Analysis results written to: 
  IQ-TREE report:                fruit_flies_10000.cf.HKY+F+P+N15+G2.ufboot.iqtree
  Maximum-likelihood tree:       fruit_flies_10000.cf.HKY+F+P+N15+G2.ufboot.treefile
  Likelihood distances:          fruit_flies_10000.cf.HKY+F+P+N15+G2.ufboot.mldist

Ultrafast bootstrap approximation results written to:
  Split support values:          fruit_flies_10000.cf.HKY+F+P+N15+G2.ufboot.splits.nex
  Consensus tree:                fruit_flies_10000.cf.HKY+F+P+N15+G2.ufboot.contree
  Screen log file:               fruit_flies_10000.cf.HKY+F+P+N15+G2.ufboot.log

Date and Time: Thu Feb 11 16:42:09 2021
