IQ-TREE multicore version 2.1.2 COVID-edition for Linux 64-bit built Oct 22 2020
Developed by Bui Quang Minh, James Barbetti, Nguyen Lam Tung,
Olga Chernomor, Heiko Schmidt, Dominik Schrempf, Michael Woodhams.

Host:    meganeura (AVX2, FMA3, 31 GB RAM)
Command: iqtree2 -nt 4 -redo -s ../data/fruit_flies_1000.cf -m HKY+F+P+N19+G4 -pre fruit_flies_1000.cf.HKY+F+P+N19+G4
Seed:    181549 (Using SPRNG - Scalable Parallel Random Number Generator)
Time:    Thu Feb 11 15:19:37 2021
Kernel:  AVX+FMA - 4 threads (16 CPU cores detected)

Reading alignment file ../data/fruit_flies_1000.cf ... Counts format (PoMo) detected

----------------------------------------------------------------------
Number of populations:     9
Number of sites:           1000
---
Normal sites:              1000
Sites with unknown states: 0
Total sites read:          1000
Fails:                     0
---
Compound states:           446
----------------------------------------------------------------------

The average number of samples is 18.989
Alignment has 9 sequences with 1000 columns, 949 distinct patterns
0 parsimony-informative, 56 singleton sites, 944 constant sites
NOTE: The composition test for PoMo only tests the proportion of fixed states!
     Gap/Ambiguity  Composition  p-value
   1  NTH    0.00%    passed     99.95%
   2  EG     0.00%    passed     99.76%
   3  FR     0.00%    passed     99.99%
   4  GA     0.00%    passed     99.97%
   5  GU     0.00%    passed     99.95%
   6  EF     0.00%    passed    100.00%
   7  KN     0.00%    passed     99.94%
   8  SB     0.00%    passed     99.66%
   9  SP     0.00%    passed     99.82%
****  TOTAL    0.00%  0 sequences failed composition chi2 test (p-value<5%; df=3)
NOTE: minimal branch length is increased to 0.000361000000 because PoMo infers number of mutations and frequency shifts
NOTE: maximal branch length is increased to 3610.0 because PoMo infers number of mutations and frequency shifts
Creating fast initial parsimony tree by random order stepwise addition...
0.000 seconds, parsimony score: 2 (based on 56 sites)

NOTE: 36 MB RAM (0 GB) is required!
Estimate model parameters (epsilon = 0.100)
1. Initial log-likelihood: -2692.362
Gamma shape alpha: 3.357
2. Current log-likelihood: -2211.521
Gamma shape alpha: 4.126
3. Current log-likelihood: -2210.606
Gamma shape alpha: 4.168
Optimal log-likelihood: -2210.582
PoMo with N=19 and HKY (Hasegawa, Kishino and Yano, 1985) mutation model; Sampling method: Weighted binomial; 112 states in total;Gamma with 4 categories

--
Model parameters.
Mutation    rates:  A-C: 0.00201  A-G: 0.00334  A-T: 0.00301  C-G: 0.00208  C-T: 0.00483  G-T: 0.00301
Exchangeabilities:  A-C: 0.00995  A-G: 0.01597  A-T: 0.00995  C-G: 0.00995  C-T: 0.01597  G-T: 0.00995
Base frequencies:  A: 0.287  C: 0.202  G: 0.209  T: 0.302
Estimated heterozygosity: 0.0086
A slight overestimation is expected and an effect of weighted binomial sampling; see manual.
--
Empirical quantities.
Base frequencies:  A: 0.287  C: 0.202  G: 0.209  T: 0.302
Watterson's estimator of heterozygosity: 0.0065
--

Model of rate heterogeneity: Gamma with 4 categories
Gamma shape alpha: 4.1680

 Category  Relative_rate  Proportion
  1         0.4634         0.2500
  2         0.7808         0.2500
  3         1.0843         0.2500
  4         1.6715         0.2500
Relative rates are computed as MEAN of the portion of the Gamma distribution falling in the category.

Parameters optimization took 3 rounds (17.5617 sec)
Computing ML distances based on estimated model parameters...
Computing ML distances took 0.122388 sec (of wall-clock time) 0.485264 sec(of CPU time)
Computing RapidNJ tree took 0.000767 sec (of wall-clock time) 0.003017 sec (of CPU time)
Log-likelihood of RapidNJ tree: -2196.822
--------------------------------------------------------------------
|             INITIALIZING CANDIDATE TREE SET                      |
--------------------------------------------------------------------
Generating 98 parsimony trees... 0.012 second
Computing log-likelihood of 98 initial trees ... 36.652 seconds
Current best score: -2196.822

Do NNI search on 20 best initial trees
Estimate model parameters (epsilon = 0.100)
Gamma shape alpha: 4.952
BETTER TREE FOUND at iteration 1: -2194.473
Iteration 10 / LogL: -2194.518 / Time: 0h:2m:36s
WARNING: NNI search needs unusual large number of steps (9) to converge!
Iteration 20 / LogL: -2194.548 / Time: 0h:4m:13s
Finish initializing candidate tree set (2)
Current best tree score: -2194.473 / CPU time: 233.660
Number of iterations: 20
--------------------------------------------------------------------
|               OPTIMIZING CANDIDATE TREE SET                      |
--------------------------------------------------------------------
Iteration 30 / LogL: -2194.517 / Time: 0h:4m:57s (0h:12m:8s left)
Iteration 40 / LogL: -2194.483 / Time: 0h:5m:38s (0h:8m:49s left)
UPDATE BEST LOG-LIKELIHOOD: -2194.472
Iteration 50 / LogL: -2194.475 / Time: 0h:6m:23s (0h:6m:38s left)
Iteration 60 / LogL: -2194.481 / Time: 0h:7m:5s (0h:4m:55s left)
UPDATE BEST LOG-LIKELIHOOD: -2194.472
UPDATE BEST LOG-LIKELIHOOD: -2194.472
Iteration 70 / LogL: -2194.472 / Time: 0h:7m:43s (0h:3m:28s left)
Iteration 80 / LogL: -2194.520 / Time: 0h:8m:37s (0h:2m:17s left)
Iteration 90 / LogL: -2194.494 / Time: 0h:9m:32s (0h:1m:10s left)
Iteration 100 / LogL: -2194.477 / Time: 0h:10m:19s (0h:0m:6s left)
TREE SEARCH COMPLETED AFTER 102 ITERATIONS / Time: 0h:10m:33s

--------------------------------------------------------------------
|                    FINALIZING TREE SEARCH                        |
--------------------------------------------------------------------
Performs final model parameters optimization
Estimate model parameters (epsilon = 0.010)
1. Initial log-likelihood: -2194.472
Gamma shape alpha: 4.970
Optimal log-likelihood: -2194.471
PoMo with N=19 and HKY (Hasegawa, Kishino and Yano, 1985) mutation model; Sampling method: Weighted binomial; 112 states in total;Gamma with 4 categories

--
Model parameters.
Mutation    rates:  A-C: 0.00209  A-G: 0.00349  A-T: 0.00314  C-G: 0.00217  C-T: 0.00504  G-T: 0.00314
Exchangeabilities:  A-C: 0.01038  A-G: 0.01670  A-T: 0.01038  C-G: 0.01038  C-T: 0.01670  G-T: 0.01038
Base frequencies:  A: 0.287  C: 0.202  G: 0.209  T: 0.302
Estimated heterozygosity: 0.0089
A slight overestimation is expected and an effect of weighted binomial sampling; see manual.
--
Empirical quantities.
Base frequencies:  A: 0.287  C: 0.202  G: 0.209  T: 0.302
Watterson's estimator of heterozygosity: 0.0065
--

Model of rate heterogeneity: Gamma with 4 categories
Gamma shape alpha: 4.9701

 Category  Relative_rate  Proportion
  1         0.5008         0.2500
  2         0.8032         0.2500
  3         1.0834         0.2500
  4         1.6126         0.2500
Relative rates are computed as MEAN of the portion of the Gamma distribution falling in the category.

Parameters optimization took 1 rounds (3.9511 sec)
BEST SCORE FOUND : -2194.4705
Total tree length: 0.9932

Total number of iterations: 102
CPU time used for tree search: 2421.3393 sec (0h:40m:21s)
Wall-clock time used for tree search: 613.4983 sec (0h:10m:13s)
Total CPU time used: 2514.2795 sec (0h:41m:54s)
Total wall-clock time used: 637.0605 sec (0h:10m:37s)

Analysis results written to: 
  IQ-TREE report:                fruit_flies_1000.cf.HKY+F+P+N19+G4.iqtree
  Maximum-likelihood tree:       fruit_flies_1000.cf.HKY+F+P+N19+G4.treefile
  Likelihood distances:          fruit_flies_1000.cf.HKY+F+P+N19+G4.mldist
  Screen log file:               fruit_flies_1000.cf.HKY+F+P+N19+G4.log

Date and Time: Thu Feb 11 15:30:14 2021
