IQ-TREE multicore version 2.1.2 COVID-edition for Linux 64-bit built Oct 22 2020
Developed by Bui Quang Minh, James Barbetti, Nguyen Lam Tung,
Olga Chernomor, Heiko Schmidt, Dominik Schrempf, Michael Woodhams.

Host:    meganeura (AVX2, FMA3, 31 GB RAM)
Command: iqtree2 -nt 4 -redo -s ../data/fruit_flies_10000.cf -m HKY+F+P+N09+G4 -B 1000 -pre fruit_flies_10000.cf.HKY+F+P+N09+G4.ufboot
Seed:    170219 (Using SPRNG - Scalable Parallel Random Number Generator)
Time:    Thu Feb 11 17:26:33 2021
Kernel:  AVX+FMA - 4 threads (16 CPU cores detected)

Reading alignment file ../data/fruit_flies_10000.cf ... Counts format (PoMo) detected

----------------------------------------------------------------------
Number of populations:     9
Number of sites:           10000
---
Normal sites:              10000
Sites with unknown states: 0
Total sites read:          10000
Fails:                     0
---
Compound states:           1346
----------------------------------------------------------------------

The average number of samples is 18.998
Alignment has 9 sequences with 10000 columns, 7463 distinct patterns
0 parsimony-informative, 475 singleton sites, 9525 constant sites
NOTE: The composition test for PoMo only tests the proportion of fixed states!
     Gap/Ambiguity  Composition  p-value
   1  NTH    0.00%    passed    100.00%
   2  EG     0.00%    passed     99.95%
   3  FR     0.00%    passed     99.81%
   4  GA     0.00%    passed     99.56%
   5  GU     0.00%    passed     99.62%
   6  EF     0.00%    passed     99.91%
   7  KN     0.00%    passed     99.98%
   8  SB     0.00%    passed     99.94%
   9  SP     0.00%    passed     99.41%
****  TOTAL    0.00%  0 sequences failed composition chi2 test (p-value<5%; df=3)
NOTE: minimal branch length is increased to 0.000081000000 because PoMo infers number of mutations and frequency shifts
NOTE: maximal branch length is increased to 810.0 because PoMo infers number of mutations and frequency shifts
Creating fast initial parsimony tree by random order stepwise addition...
0.001 seconds, parsimony score: 29 (based on 475 sites)
Generating 1000 samples for ultrafast bootstrap (seed: 170219)...

NOTE: 139 MB RAM (0 GB) is required!
Estimate model parameters (epsilon = 0.100)
1. Initial log-likelihood: -27014.926
Gamma shape alpha: 48.934
2. Current log-likelihood: -23404.022
Gamma shape alpha: 48.927
3. Current log-likelihood: -23379.579
Gamma shape alpha: 48.927
4. Current log-likelihood: -23379.433
Gamma shape alpha: 48.927
Optimal log-likelihood: -23379.419
PoMo with N=9 and HKY (Hasegawa, Kishino and Yano, 1985) mutation model; Sampling method: Weighted binomial; 52 states in total;Gamma with 4 categories

--
Model parameters.
Mutation    rates:  A-C: 0.00254  A-G: 0.00571  A-T: 0.00327  C-G: 0.00257  C-T: 0.00728  G-T: 0.00327
Exchangeabilities:  A-C: 0.01165  A-G: 0.02592  A-T: 0.01165  C-G: 0.01165  C-T: 0.02592  G-T: 0.01165
Base frequencies:  A: 0.281  C: 0.218  G: 0.220  T: 0.281
Estimated heterozygosity: 0.0118
A slight overestimation is expected and an effect of weighted binomial sampling; see manual.
--
Empirical quantities.
Base frequencies:  A: 0.281  C: 0.218  G: 0.220  T: 0.281
Watterson's estimator of heterozygosity: 0.0064
--

Model of rate heterogeneity: Gamma with 4 categories
Gamma shape alpha: 48.9273

 Category  Relative_rate  Proportion
  1         0.8246         0.2500
  2         0.9479         0.2500
  3         1.0404         0.2500
  4         1.1871         0.2500
Relative rates are computed as MEAN of the portion of the Gamma distribution falling in the category.

Parameters optimization took 4 rounds (17.5087 sec)
Computing ML distances based on estimated model parameters...
Computing ML distances took 0.012468 sec (of wall-clock time) 0.051349 sec(of CPU time)
Computing RapidNJ tree took 0.000113 sec (of wall-clock time) 0.000111 sec (of CPU time)
Log-likelihood of RapidNJ tree: -23361.575
--------------------------------------------------------------------
|             INITIALIZING CANDIDATE TREE SET                      |
--------------------------------------------------------------------
Generating 98 parsimony trees... 0.020 second
Computing log-likelihood of 97 initial trees ... 25.356 seconds
Current best score: -23361.575

Do NNI search on 20 best initial trees
Estimate model parameters (epsilon = 0.100)
Gamma shape alpha: 48.922
BETTER TREE FOUND at iteration 1: -23339.187
Iteration 10 / LogL: -23396.023 / Time: 0h:1m:31s
Iteration 20 / LogL: -23358.334 / Time: 0h:2m:24s
Finish initializing candidate tree set (10)
Current best tree score: -23339.187 / CPU time: 125.889
Number of iterations: 20
--------------------------------------------------------------------
|               OPTIMIZING CANDIDATE TREE SET                      |
--------------------------------------------------------------------
Iteration 30 / LogL: -23339.193 / Time: 0h:2m:48s (0h:6m:53s left)
Iteration 40 / LogL: -23344.452 / Time: 0h:3m:27s (0h:5m:23s left)
Iteration 50 / LogL: -23344.302 / Time: 0h:4m:1s (0h:4m:11s left)
Log-likelihood cutoff on original alignment: -23375.034
Iteration 60 / LogL: -23339.276 / Time: 0h:4m:40s (0h:3m:15s left)
Iteration 70 / LogL: -23339.940 / Time: 0h:5m:10s (0h:2m:19s left)
Iteration 80 / LogL: -23339.254 / Time: 0h:5m:45s (0h:1m:31s left)
Iteration 90 / LogL: -23339.201 / Time: 0h:6m:24s (0h:0m:47s left)
Iteration 100 / LogL: -23339.620 / Time: 0h:6m:59s (0h:0m:4s left)
Log-likelihood cutoff on original alignment: -23374.637
NOTE: Bootstrap correlation coefficient of split occurrence frequencies: 1.000
TREE SEARCH COMPLETED AFTER 102 ITERATIONS / Time: 0h:7m:5s

--------------------------------------------------------------------
|                    FINALIZING TREE SEARCH                        |
--------------------------------------------------------------------
Performs final model parameters optimization
Estimate model parameters (epsilon = 0.010)
1. Initial log-likelihood: -23339.187
Gamma shape alpha: 48.915
Optimal log-likelihood: -23339.185
PoMo with N=9 and HKY (Hasegawa, Kishino and Yano, 1985) mutation model; Sampling method: Weighted binomial; 52 states in total;Gamma with 4 categories

--
Model parameters.
Mutation    rates:  A-C: 0.00256  A-G: 0.00575  A-T: 0.00331  C-G: 0.00259  C-T: 0.00732  G-T: 0.00331
Exchangeabilities:  A-C: 0.01177  A-G: 0.02608  A-T: 0.01177  C-G: 0.01177  C-T: 0.02608  G-T: 0.01177
Base frequencies:  A: 0.281  C: 0.218  G: 0.220  T: 0.281
Estimated heterozygosity: 0.0119
A slight overestimation is expected and an effect of weighted binomial sampling; see manual.
--
Empirical quantities.
Base frequencies:  A: 0.281  C: 0.218  G: 0.220  T: 0.281
Watterson's estimator of heterozygosity: 0.0064
--

Model of rate heterogeneity: Gamma with 4 categories
Gamma shape alpha: 48.9149

 Category  Relative_rate  Proportion
  1         0.8246         0.2500
  2         0.9479         0.2500
  3         1.0404         0.2500
  4         1.1871         0.2500
Relative rates are computed as MEAN of the portion of the Gamma distribution falling in the category.

Parameters optimization took 1 rounds (2.5404 sec)
BEST SCORE FOUND : -23339.1848
Creating bootstrap support values...
Split supports printed to NEXUS file fruit_flies_10000.cf.HKY+F+P+N09+G4.ufboot.splits.nex
Total tree length: 0.4511

Total number of iterations: 102
CPU time used for tree search: 1603.6165 sec (0h:26m:43s)
Wall-clock time used for tree search: 406.4171 sec (0h:6m:46s)
Total CPU time used: 1688.0630 sec (0h:28m:8s)
Total wall-clock time used: 427.8035 sec (0h:7m:7s)

Computing bootstrap consensus tree...
Reading input file fruit_flies_10000.cf.HKY+F+P+N09+G4.ufboot.splits.nex...
9 taxa and 37 splits.
Consensus tree written to fruit_flies_10000.cf.HKY+F+P+N09+G4.ufboot.contree
Reading input trees file fruit_flies_10000.cf.HKY+F+P+N09+G4.ufboot.contree
Log-likelihood of consensus tree: -23339.1850

Analysis results written to: 
  IQ-TREE report:                fruit_flies_10000.cf.HKY+F+P+N09+G4.ufboot.iqtree
  Maximum-likelihood tree:       fruit_flies_10000.cf.HKY+F+P+N09+G4.ufboot.treefile
  Likelihood distances:          fruit_flies_10000.cf.HKY+F+P+N09+G4.ufboot.mldist

Ultrafast bootstrap approximation results written to:
  Split support values:          fruit_flies_10000.cf.HKY+F+P+N09+G4.ufboot.splits.nex
  Consensus tree:                fruit_flies_10000.cf.HKY+F+P+N09+G4.ufboot.contree
  Screen log file:               fruit_flies_10000.cf.HKY+F+P+N09+G4.ufboot.log

Date and Time: Thu Feb 11 17:33:42 2021
