IQ-TREE multicore version 2.1.2 COVID-edition for Linux 64-bit built Oct 22 2020
Developed by Bui Quang Minh, James Barbetti, Nguyen Lam Tung,
Olga Chernomor, Heiko Schmidt, Dominik Schrempf, Michael Woodhams.

Host:    meganeura (AVX2, FMA3, 31 GB RAM)
Command: iqtree2 -nt 4 -redo -s ../data/fruit_flies_1000.cf -m HKY+F+P+N15+G2 -B 1000 -pre fruit_flies_1000.cf.HKY+F+P+N15+G2.ufboot
Seed:    959988 (Using SPRNG - Scalable Parallel Random Number Generator)
Time:    Thu Feb 11 16:11:16 2021
Kernel:  AVX+FMA - 4 threads (16 CPU cores detected)

Reading alignment file ../data/fruit_flies_1000.cf ... Counts format (PoMo) detected

----------------------------------------------------------------------
Number of populations:     9
Number of sites:           1000
---
Normal sites:              1000
Sites with unknown states: 0
Total sites read:          1000
Fails:                     0
---
Compound states:           446
----------------------------------------------------------------------

The average number of samples is 18.989
Alignment has 9 sequences with 1000 columns, 949 distinct patterns
0 parsimony-informative, 53 singleton sites, 947 constant sites
NOTE: The composition test for PoMo only tests the proportion of fixed states!
     Gap/Ambiguity  Composition  p-value
   1  NTH    0.00%    passed     99.93%
   2  EG     0.00%    passed     99.73%
   3  FR     0.00%    passed    100.00%
   4  GA     0.00%    passed     99.97%
   5  GU     0.00%    passed     99.95%
   6  EF     0.00%    passed     99.89%
   7  KN     0.00%    passed     99.90%
   8  SB     0.00%    passed     99.74%
   9  SP     0.00%    passed     99.81%
****  TOTAL    0.00%  0 sequences failed composition chi2 test (p-value<5%; df=3)
NOTE: minimal branch length is increased to 0.000225000000 because PoMo infers number of mutations and frequency shifts
NOTE: maximal branch length is increased to 2250.0 because PoMo infers number of mutations and frequency shifts
Creating fast initial parsimony tree by random order stepwise addition...
0.001 seconds, parsimony score: 2 (based on 53 sites)
Generating 1000 samples for ultrafast bootstrap (seed: 959988)...

NOTE: 17 MB RAM (0 GB) is required!
Estimate model parameters (epsilon = 0.100)
1. Initial log-likelihood: -2742.664
Gamma shape alpha: 3.675
2. Current log-likelihood: -2212.467
Gamma shape alpha: 3.733
3. Current log-likelihood: -2211.187
Gamma shape alpha: 3.787
Optimal log-likelihood: -2211.182
PoMo with N=15 and HKY (Hasegawa, Kishino and Yano, 1985) mutation model; Sampling method: Weighted binomial; 88 states in total;Gamma with 2 categories

--
Model parameters.
Mutation    rates:  A-C: 0.00219  A-G: 0.00366  A-T: 0.00328  C-G: 0.00227  C-T: 0.00528  G-T: 0.00328
Exchangeabilities:  A-C: 0.01087  A-G: 0.01748  A-T: 0.01087  C-G: 0.01087  C-T: 0.01748  G-T: 0.01087
Base frequencies:  A: 0.287  C: 0.202  G: 0.209  T: 0.302
Estimated heterozygosity: 0.0094
A slight overestimation is expected and an effect of weighted binomial sampling; see manual.
--
Empirical quantities.
Base frequencies:  A: 0.287  C: 0.202  G: 0.209  T: 0.302
Watterson's estimator of heterozygosity: 0.0065
--

Model of rate heterogeneity: Gamma with 2 categories
Gamma shape alpha: 3.7865

 Category  Relative_rate  Proportion
  1         0.6049         0.5000
  2         1.3951         0.5000
Relative rates are computed as MEAN of the portion of the Gamma distribution falling in the category.

Parameters optimization took 3 rounds (4.2313 sec)
Computing ML distances based on estimated model parameters...
Computing ML distances took 0.057042 sec (of wall-clock time) 0.224836 sec(of CPU time)
Computing RapidNJ tree took 0.000119 sec (of wall-clock time) 0.000118 sec (of CPU time)
Log-likelihood of RapidNJ tree: -2204.284
--------------------------------------------------------------------
|             INITIALIZING CANDIDATE TREE SET                      |
--------------------------------------------------------------------
Generating 98 parsimony trees... 0.011 second
Computing log-likelihood of 98 initial trees ... 9.915 seconds
Current best score: -2204.284

Do NNI search on 20 best initial trees
Estimate model parameters (epsilon = 0.100)
Gamma shape alpha: 3.844
BETTER TREE FOUND at iteration 1: -2201.335
Estimate model parameters (epsilon = 0.100)
Gamma shape alpha: 3.899
BETTER TREE FOUND at iteration 3: -2201.310
Iteration 10 / LogL: -2201.319 / Time: 0h:0m:41s
WARNING: NNI search needs unusual large number of steps (9) to converge!
WARNING: NNI search needs unusual large number of steps (9) to converge!
Iteration 20 / LogL: -2201.359 / Time: 0h:1m:10s
Finish initializing candidate tree set (3)
Current best tree score: -2201.310 / CPU time: 65.932
Number of iterations: 20
--------------------------------------------------------------------
|               OPTIMIZING CANDIDATE TREE SET                      |
--------------------------------------------------------------------
UPDATE BEST LOG-LIKELIHOOD: -2201.310
Iteration 30 / LogL: -2201.314 / Time: 0h:1m:21s (0h:3m:26s left)
Iteration 40 / LogL: -2201.310 / Time: 0h:1m:32s (0h:2m:29s left)
Iteration 50 / LogL: -2201.322 / Time: 0h:1m:46s (0h:1m:54s left)
Log-likelihood cutoff on original alignment: -2218.097
Iteration 60 / LogL: -2201.344 / Time: 0h:2m:0s (0h:1m:27s left)
Iteration 70 / LogL: -2201.360 / Time: 0h:2m:13s (0h:1m:3s left)
Iteration 80 / LogL: -2201.325 / Time: 0h:2m:26s (0h:0m:42s left)
Iteration 90 / LogL: -2201.336 / Time: 0h:2m:40s (0h:0m:23s left)
Iteration 100 / LogL: -2201.313 / Time: 0h:2m:55s (0h:0m:5s left)
Log-likelihood cutoff on original alignment: -2218.119
NOTE: Bootstrap correlation coefficient of split occurrence frequencies: 0.997
TREE SEARCH COMPLETED AFTER 104 ITERATIONS / Time: 0h:3m:0s

--------------------------------------------------------------------
|                    FINALIZING TREE SEARCH                        |
--------------------------------------------------------------------
Performs final model parameters optimization
Estimate model parameters (epsilon = 0.010)
1. Initial log-likelihood: -2201.310
Gamma shape alpha: 3.950
Optimal log-likelihood: -2201.307
PoMo with N=15 and HKY (Hasegawa, Kishino and Yano, 1985) mutation model; Sampling method: Weighted binomial; 88 states in total;Gamma with 2 categories

--
Model parameters.
Mutation    rates:  A-C: 0.00225  A-G: 0.00376  A-T: 0.00337  C-G: 0.00233  C-T: 0.00543  G-T: 0.00337
Exchangeabilities:  A-C: 0.01114  A-G: 0.01796  A-T: 0.01114  C-G: 0.01114  C-T: 0.01796  G-T: 0.01114
Base frequencies:  A: 0.287  C: 0.202  G: 0.209  T: 0.302
Estimated heterozygosity: 0.0096
A slight overestimation is expected and an effect of weighted binomial sampling; see manual.
--
Empirical quantities.
Base frequencies:  A: 0.287  C: 0.202  G: 0.209  T: 0.302
Watterson's estimator of heterozygosity: 0.0065
--

Model of rate heterogeneity: Gamma with 2 categories
Gamma shape alpha: 3.9496

 Category  Relative_rate  Proportion
  1         0.6125         0.5000
  2         1.3875         0.5000
Relative rates are computed as MEAN of the portion of the Gamma distribution falling in the category.

Parameters optimization took 1 rounds (1.6228 sec)
BEST SCORE FOUND : -2201.3073
Creating bootstrap support values...
Split supports printed to NEXUS file fruit_flies_1000.cf.HKY+F+P+N15+G2.ufboot.splits.nex
Total tree length: 0.6909

Total number of iterations: 104
CPU time used for tree search: 692.5172 sec (0h:11m:32s)
Wall-clock time used for tree search: 175.2527 sec (0h:2m:55s)
Total CPU time used: 718.8297 sec (0h:11m:58s)
Total wall-clock time used: 181.8840 sec (0h:3m:1s)

Computing bootstrap consensus tree...
Reading input file fruit_flies_1000.cf.HKY+F+P+N15+G2.ufboot.splits.nex...
9 taxa and 115 splits.
Consensus tree written to fruit_flies_1000.cf.HKY+F+P+N15+G2.ufboot.contree
Reading input trees file fruit_flies_1000.cf.HKY+F+P+N15+G2.ufboot.contree
Log-likelihood of consensus tree: -2201.3073

Analysis results written to: 
  IQ-TREE report:                fruit_flies_1000.cf.HKY+F+P+N15+G2.ufboot.iqtree
  Maximum-likelihood tree:       fruit_flies_1000.cf.HKY+F+P+N15+G2.ufboot.treefile
  Likelihood distances:          fruit_flies_1000.cf.HKY+F+P+N15+G2.ufboot.mldist

Ultrafast bootstrap approximation results written to:
  Split support values:          fruit_flies_1000.cf.HKY+F+P+N15+G2.ufboot.splits.nex
  Consensus tree:                fruit_flies_1000.cf.HKY+F+P+N15+G2.ufboot.contree
  Screen log file:               fruit_flies_1000.cf.HKY+F+P+N15+G2.ufboot.log

Date and Time: Thu Feb 11 16:14:19 2021
